[1.935s] Invoking command in '/home/pavithra/Intelligence_ABAJA-26/ros2_ws/build/abaja_dbw': AMENT_PREFIX_PATH=/home/pavithra/Intelligence_ABAJA-26/ros2_ws/install/abaja_interfaces:${AMENT_PREFIX_PATH} CMAKE_PREFIX_PATH=/home/pavithra/Intelligence_ABAJA-26/ros2_ws/install/abaja_interfaces:${CMAKE_PREFIX_PATH} DEBUGINFOD_URLS=https://debuginfod.ubuntu.com LD_LIBRARY_PATH=/home/pavithra/Intelligence_ABAJA-26/ros2_ws/install/abaja_interfaces/lib:${LD_LIBRARY_PATH} PYTHONPATH=/home/pavithra/Intelligence_ABAJA-26/ros2_ws/build/abaja_dbw/prefix_override:/usr/lib/python3/dist-packages/colcon_core/task/python/colcon_distutils_commands:/home/pavithra/Intelligence_ABAJA-26/ros2_ws/install/abaja_dbw/lib/python3.12/site-packages:/home/pavithra/Intelligence_ABAJA-26/ros2_ws/install/abaja_interfaces/lib/python3.12/site-packages:${PYTHONPATH} /usr/bin/python3 -W ignore:setup.py install is deprecated -W ignore:easy_install command is deprecated setup.py develop --editable --build-directory /home/pavithra/Intelligence_ABAJA-26/ros2_ws/build/abaja_dbw/build --no-deps symlink_data
[2.286s] running develop
[2.481s] running egg_info
[2.482s] creating abaja_dbw.egg-info
[2.498s] writing abaja_dbw.egg-info/PKG-INFO
[2.498s] writing dependency_links to abaja_dbw.egg-info/dependency_links.txt
[2.499s] writing entry points to abaja_dbw.egg-info/entry_points.txt
[2.499s] writing requirements to abaja_dbw.egg-info/requires.txt
[2.499s] writing top-level names to abaja_dbw.egg-info/top_level.txt
[2.499s] writing manifest file 'abaja_dbw.egg-info/SOURCES.txt'
[2.536s] reading manifest file 'abaja_dbw.egg-info/SOURCES.txt'
[2.537s] writing manifest file 'abaja_dbw.egg-info/SOURCES.txt'
[2.570s] running build_ext
[2.570s] Creating /home/pavithra/Intelligence_ABAJA-26/ros2_ws/install/abaja_dbw/lib/python3.12/site-packages/abaja-dbw.egg-link (link to .)
[2.570s] Installing brake_by_wire_node script to /home/pavithra/Intelligence_ABAJA-26/ros2_ws/install/abaja_dbw/lib/abaja_dbw
[2.570s] Installing cmd_vel_to_dbw_node script to /home/pavithra/Intelligence_ABAJA-26/ros2_ws/install/abaja_dbw/lib/abaja_dbw
[2.571s] Installing dbw_manager_node script to /home/pavithra/Intelligence_ABAJA-26/ros2_ws/install/abaja_dbw/lib/abaja_dbw
[2.571s] Installing steer_by_wire_node script to /home/pavithra/Intelligence_ABAJA-26/ros2_ws/install/abaja_dbw/lib/abaja_dbw
[2.571s] Installing throttle_by_wire_node script to /home/pavithra/Intelligence_ABAJA-26/ros2_ws/install/abaja_dbw/lib/abaja_dbw
[2.574s] 
[2.574s] Installed /home/pavithra/Intelligence_ABAJA-26/ros2_ws/build/abaja_dbw
[2.577s] running symlink_data
[2.577s] creating /home/pavithra/Intelligence_ABAJA-26/ros2_ws/install/abaja_dbw/share/ament_index
[2.577s] creating /home/pavithra/Intelligence_ABAJA-26/ros2_ws/install/abaja_dbw/share/ament_index/resource_index
[2.577s] creating /home/pavithra/Intelligence_ABAJA-26/ros2_ws/install/abaja_dbw/share/ament_index/resource_index/packages
[2.577s] symbolically linking /home/pavithra/Intelligence_ABAJA-26/ros2_ws/build/abaja_dbw/resource/abaja_dbw -> /home/pavithra/Intelligence_ABAJA-26/ros2_ws/install/abaja_dbw/share/ament_index/resource_index/packages
[2.578s] symbolically linking /home/pavithra/Intelligence_ABAJA-26/ros2_ws/build/abaja_dbw/package.xml -> /home/pavithra/Intelligence_ABAJA-26/ros2_ws/install/abaja_dbw/share/abaja_dbw
[2.662s] Invoked command in '/home/pavithra/Intelligence_ABAJA-26/ros2_ws/build/abaja_dbw' returned '0': AMENT_PREFIX_PATH=/home/pavithra/Intelligence_ABAJA-26/ros2_ws/install/abaja_interfaces:${AMENT_PREFIX_PATH} CMAKE_PREFIX_PATH=/home/pavithra/Intelligence_ABAJA-26/ros2_ws/install/abaja_interfaces:${CMAKE_PREFIX_PATH} DEBUGINFOD_URLS=https://debuginfod.ubuntu.com LD_LIBRARY_PATH=/home/pavithra/Intelligence_ABAJA-26/ros2_ws/install/abaja_interfaces/lib:${LD_LIBRARY_PATH} PYTHONPATH=/home/pavithra/Intelligence_ABAJA-26/ros2_ws/build/abaja_dbw/prefix_override:/usr/lib/python3/dist-packages/colcon_core/task/python/colcon_distutils_commands:/home/pavithra/Intelligence_ABAJA-26/ros2_ws/install/abaja_dbw/lib/python3.12/site-packages:/home/pavithra/Intelligence_ABAJA-26/ros2_ws/install/abaja_interfaces/lib/python3.12/site-packages:${PYTHONPATH} /usr/bin/python3 -W ignore:setup.py install is deprecated -W ignore:easy_install command is deprecated setup.py develop --editable --build-directory /home/pavithra/Intelligence_ABAJA-26/ros2_ws/build/abaja_dbw/build --no-deps symlink_data
