[3.604s] Invoking command in '/home/pavithra/ros2_ws/build/abaja_dbw': DEBUGINFOD_URLS=https://debuginfod.ubuntu.com PYTHONPATH=/home/pavithra/ros2_ws/build/abaja_dbw/prefix_override:/usr/lib/python3/dist-packages/colcon_core/task/python/colcon_distutils_commands:/home/pavithra/ros2_ws/install/abaja_dbw/lib/python3.12/site-packages:/home/pavithra/ros2_ws/install/abaja_interfaces/lib/python3.12/site-packages:/home/pavithra/ros2_ws/build/abaja_vehicle_state:/home/pavithra/ros2_ws/install/abaja_vehicle_state/lib/python3.12/site-packages:/home/pavithra/ros2_ws/build/abaja_bringup:/home/pavithra/ros2_ws/build/abaja_teleop:/home/pavithra/ros2_ws/build/abaja_safety:/home/pavithra/ros2_ws/install/abaja_safety/lib/python3.12/site-packages:/home/pavithra/ros2_ws/build/abaja_planning:/home/pavithra/ros2_ws/install/abaja_planning/lib/python3.12/site-packages:/home/pavithra/ros2_ws/build/abaja_perception:/home/pavithra/ros2_ws/install/abaja_perception/lib/python3.12/site-packages:/home/pavithra/ros2_ws/build/abaja_logging:/home/pavithra/ros2_ws/install/abaja_logging/lib/python3.12/site-packages:/home/pavithra/ros2_ws/build/abaja_lane_detection:/home/pavithra/ros2_ws/install/abaja_lane_detection/lib/python3.12/site-packages:/home/pavithra/ros2_ws/build/abaja_dbw:/home/pavithra/ros2_ws/install/abaja_dbw/lib/python3.12/site-packages:/home/pavithra/ros2_ws/build/abaja_control:/home/pavithra/ros2_ws/install/abaja_control/lib/python3.12/site-packages:/home/pavithra/ros2_ws/build/abaja_dbw_bridge:/home/pavithra/ros2_ws/install/abaja_dbw_bridge/lib/python3.12/site-packages:/home/pavithra/ros2_ws/install/abaja_bringup/lib/python3.12/site-packages:/home/pavithra/ros2_ws/install/abaja_teleop/lib/python3.12/site-packages:/opt/ros/jazzy/lib/python3.12/site-packages /usr/bin/python3 -W ignore:setup.py install is deprecated -W ignore:easy_install command is deprecated setup.py develop --editable --build-directory /home/pavithra/ros2_ws/build/abaja_dbw/build --no-deps symlink_data
[3.997s] running develop
[4.209s] running egg_info
[4.228s] writing abaja_dbw.egg-info/PKG-INFO
[4.229s] writing dependency_links to abaja_dbw.egg-info/dependency_links.txt
[4.229s] writing entry points to abaja_dbw.egg-info/entry_points.txt
[4.229s] writing requirements to abaja_dbw.egg-info/requires.txt
[4.229s] writing top-level names to abaja_dbw.egg-info/top_level.txt
[4.266s] reading manifest file 'abaja_dbw.egg-info/SOURCES.txt'
[4.267s] writing manifest file 'abaja_dbw.egg-info/SOURCES.txt'
[4.288s] running build_ext
[4.288s] Creating /home/pavithra/ros2_ws/install/abaja_dbw/lib/python3.12/site-packages/abaja-dbw.egg-link (link to .)
[4.288s] Installing brake_by_wire_node script to /home/pavithra/ros2_ws/install/abaja_dbw/lib/abaja_dbw
[4.289s] Installing cmd_vel_to_dbw_node script to /home/pavithra/ros2_ws/install/abaja_dbw/lib/abaja_dbw
[4.289s] Installing dbw_manager_node script to /home/pavithra/ros2_ws/install/abaja_dbw/lib/abaja_dbw
[4.289s] Installing steer_by_wire_node script to /home/pavithra/ros2_ws/install/abaja_dbw/lib/abaja_dbw
[4.289s] Installing throttle_by_wire_node script to /home/pavithra/ros2_ws/install/abaja_dbw/lib/abaja_dbw
[4.289s] 
[4.289s] Installed /home/pavithra/ros2_ws/build/abaja_dbw
[4.289s] running symlink_data
[4.327s] Invoked command in '/home/pavithra/ros2_ws/build/abaja_dbw' returned '0': DEBUGINFOD_URLS=https://debuginfod.ubuntu.com PYTHONPATH=/home/pavithra/ros2_ws/build/abaja_dbw/prefix_override:/usr/lib/python3/dist-packages/colcon_core/task/python/colcon_distutils_commands:/home/pavithra/ros2_ws/install/abaja_dbw/lib/python3.12/site-packages:/home/pavithra/ros2_ws/install/abaja_interfaces/lib/python3.12/site-packages:/home/pavithra/ros2_ws/build/abaja_vehicle_state:/home/pavithra/ros2_ws/install/abaja_vehicle_state/lib/python3.12/site-packages:/home/pavithra/ros2_ws/build/abaja_bringup:/home/pavithra/ros2_ws/build/abaja_teleop:/home/pavithra/ros2_ws/build/abaja_safety:/home/pavithra/ros2_ws/install/abaja_safety/lib/python3.12/site-packages:/home/pavithra/ros2_ws/build/abaja_planning:/home/pavithra/ros2_ws/install/abaja_planning/lib/python3.12/site-packages:/home/pavithra/ros2_ws/build/abaja_perception:/home/pavithra/ros2_ws/install/abaja_perception/lib/python3.12/site-packages:/home/pavithra/ros2_ws/build/abaja_logging:/home/pavithra/ros2_ws/install/abaja_logging/lib/python3.12/site-packages:/home/pavithra/ros2_ws/build/abaja_lane_detection:/home/pavithra/ros2_ws/install/abaja_lane_detection/lib/python3.12/site-packages:/home/pavithra/ros2_ws/build/abaja_dbw:/home/pavithra/ros2_ws/install/abaja_dbw/lib/python3.12/site-packages:/home/pavithra/ros2_ws/build/abaja_control:/home/pavithra/ros2_ws/install/abaja_control/lib/python3.12/site-packages:/home/pavithra/ros2_ws/build/abaja_dbw_bridge:/home/pavithra/ros2_ws/install/abaja_dbw_bridge/lib/python3.12/site-packages:/home/pavithra/ros2_ws/install/abaja_bringup/lib/python3.12/site-packages:/home/pavithra/ros2_ws/install/abaja_teleop/lib/python3.12/site-packages:/opt/ros/jazzy/lib/python3.12/site-packages /usr/bin/python3 -W ignore:setup.py install is deprecated -W ignore:easy_install command is deprecated setup.py develop --editable --build-directory /home/pavithra/ros2_ws/build/abaja_dbw/build --no-deps symlink_data
