/home/pavithra/Intelligence_ABAJA-26/ros2_ws/install/abaja_lane_detection/lib/python3.12/site-packages/abaja_lane_detection/lane_detection_node.py
/home/pavithra/Intelligence_ABAJA-26/ros2_ws/install/abaja_lane_detection/lib/python3.12/site-packages/abaja_lane_detection/lane_detector_node.py
/home/pavithra/Intelligence_ABAJA-26/ros2_ws/install/abaja_lane_detection/lib/python3.12/site-packages/abaja_lane_detection/__init__.py
/home/pavithra/Intelligence_ABAJA-26/ros2_ws/install/abaja_lane_detection/lib/python3.12/site-packages/abaja_lane_detection/lane_tracker_node.py
/home/pavithra/Intelligence_ABAJA-26/ros2_ws/install/abaja_lane_detection/lib/python3.12/site-packages/abaja_lane_detection/lka_controller_node.py
/home/pavithra/Intelligence_ABAJA-26/ros2_ws/install/abaja_lane_detection/lib/python3.12/site-packages/abaja_lane_detection/__pycache__/lane_detection_node.cpython-312.pyc
/home/pavithra/Intelligence_ABAJA-26/ros2_ws/install/abaja_lane_detection/lib/python3.12/site-packages/abaja_lane_detection/__pycache__/lane_detector_node.cpython-312.pyc
/home/pavithra/Intelligence_ABAJA-26/ros2_ws/install/abaja_lane_detection/lib/python3.12/site-packages/abaja_lane_detection/__pycache__/__init__.cpython-312.pyc
/home/pavithra/Intelligence_ABAJA-26/ros2_ws/install/abaja_lane_detection/lib/python3.12/site-packages/abaja_lane_detection/__pycache__/lane_tracker_node.cpython-312.pyc
/home/pavithra/Intelligence_ABAJA-26/ros2_ws/install/abaja_lane_detection/lib/python3.12/site-packages/abaja_lane_detection/__pycache__/lka_controller_node.cpython-312.pyc
/home/pavithra/Intelligence_ABAJA-26/ros2_ws/install/abaja_lane_detection/share/ament_index/resource_index/packages/abaja_lane_detection
/home/pavithra/Intelligence_ABAJA-26/ros2_ws/install/abaja_lane_detection/share/abaja_lane_detection/package.xml
/home/pavithra/Intelligence_ABAJA-26/ros2_ws/install/abaja_lane_detection/lib/python3.12/site-packages/abaja_lane_detection-0.0.0-py3.12.egg-info/entry_points.txt
/home/pavithra/Intelligence_ABAJA-26/ros2_ws/install/abaja_lane_detection/lib/python3.12/site-packages/abaja_lane_detection-0.0.0-py3.12.egg-info/zip-safe
/home/pavithra/Intelligence_ABAJA-26/ros2_ws/install/abaja_lane_detection/lib/python3.12/site-packages/abaja_lane_detection-0.0.0-py3.12.egg-info/top_level.txt
/home/pavithra/Intelligence_ABAJA-26/ros2_ws/install/abaja_lane_detection/lib/python3.12/site-packages/abaja_lane_detection-0.0.0-py3.12.egg-info/requires.txt
/home/pavithra/Intelligence_ABAJA-26/ros2_ws/install/abaja_lane_detection/lib/python3.12/site-packages/abaja_lane_detection-0.0.0-py3.12.egg-info/dependency_links.txt
/home/pavithra/Intelligence_ABAJA-26/ros2_ws/install/abaja_lane_detection/lib/python3.12/site-packages/abaja_lane_detection-0.0.0-py3.12.egg-info/PKG-INFO
/home/pavithra/Intelligence_ABAJA-26/ros2_ws/install/abaja_lane_detection/lib/python3.12/site-packages/abaja_lane_detection-0.0.0-py3.12.egg-info/SOURCES.txt
/home/pavithra/Intelligence_ABAJA-26/ros2_ws/install/abaja_lane_detection/lib/abaja_lane_detection/lane_detection_node
/home/pavithra/Intelligence_ABAJA-26/ros2_ws/install/abaja_lane_detection/lib/abaja_lane_detection/lane_tracker_node
/home/pavithra/Intelligence_ABAJA-26/ros2_ws/install/abaja_lane_detection/lib/abaja_lane_detection/lka_controller_node
