[  1%] Built target abaja_interfaces__rs
[  1%] Built target abaja_interfaces__rosidl_generator_type_description
[  1%] Built target ament_cmake_python_symlink_abaja_interfaces
[  1%] Built target abaja_interfaces__cpp
[ 27%] Built target abaja_interfaces__rosidl_generator_c
[ 46%] Built target abaja_interfaces__rosidl_typesupport_introspection_c
[ 46%] Built target abaja_interfaces__rosidl_typesupport_c
[ 62%] Built target abaja_interfaces__rosidl_typesupport_cpp
[ 66%] Built target abaja_interfaces__rosidl_typesupport_introspection_cpp
[ 85%] Built target abaja_interfaces__rosidl_typesupport_fastrtps_c
[ 85%] Built target abaja_interfaces__rosidl_typesupport_fastrtps_cpp
[ 85%] Built target abaja_interfaces
[ 86%] Built target abaja_interfaces__py
[ 95%] Built target abaja_interfaces__rosidl_generator_py
[ 98%] Built target abaja_interfaces_s__rosidl_typesupport_c
[100%] Built target abaja_interfaces_s__rosidl_typesupport_introspection_c
[100%] Built target abaja_interfaces_s__rosidl_typesupport_fastrtps_c
running egg_info
writing abaja_interfaces.egg-info/PKG-INFO
writing dependency_links to abaja_interfaces.egg-info/dependency_links.txt
writing top-level names to abaja_interfaces.egg-info/top_level.txt
reading manifest file 'abaja_interfaces.egg-info/SOURCES.txt'
writing manifest file 'abaja_interfaces.egg-info/SOURCES.txt'
[100%] Built target ament_cmake_python_build_abaja_interfaces_egg
-- Install configuration: ""
-- Execute custom install script
-- Up-to-date symlink: /home/pavithra/ros2_ws/install/abaja_interfaces/share/ament_index/resource_index/rosidl_interfaces/abaja_interfaces
-- Up-to-date symlink: /home/pavithra/ros2_ws/install/abaja_interfaces/share/abaja_interfaces/msg/ControlCmd.json
-- Up-to-date symlink: /home/pavithra/ros2_ws/install/abaja_interfaces/share/abaja_interfaces/msg/VehicleState.json
-- Up-to-date symlink: /home/pavithra/ros2_ws/install/abaja_interfaces/share/abaja_interfaces/msg/WheelSpeed.json
-- Up-to-date symlink: /home/pavithra/ros2_ws/install/abaja_interfaces/share/abaja_interfaces/msg/SteeringFeedback.json
-- Up-to-date symlink: /home/pavithra/ros2_ws/install/abaja_interfaces/share/abaja_interfaces/msg/BatteryStatus.json
-- Up-to-date symlink: /home/pavithra/ros2_ws/install/abaja_interfaces/share/abaja_interfaces/msg/ModeStatus.json
-- Up-to-date symlink: /home/pavithra/ros2_ws/install/abaja_interfaces/share/abaja_interfaces/msg/DbwCmd.json
-- Up-to-date symlink: /home/pavithra/ros2_ws/install/abaja_interfaces/share/abaja_interfaces/msg/DbwStatus.json
-- Up-to-date symlink: /home/pavithra/ros2_ws/install/abaja_interfaces/share/abaja_interfaces/msg/DetectedObject.json
-- Up-to-date symlink: /home/pavithra/ros2_ws/install/abaja_interfaces/share/abaja_interfaces/msg/DetectedObjectArray.json
-- Up-to-date symlink: /home/pavithra/ros2_ws/install/abaja_interfaces/include/abaja_interfaces/abaja_interfaces/msg/battery_status.h
-- Up-to-date symlink: /home/pavithra/ros2_ws/install/abaja_interfaces/include/abaja_interfaces/abaja_interfaces/msg/control_cmd.h
-- Up-to-date symlink: /home/pavithra/ros2_ws/install/abaja_interfaces/include/abaja_interfaces/abaja_interfaces/msg/dbw_cmd.h
-- Up-to-date symlink: /home/pavithra/ros2_ws/install/abaja_interfaces/include/abaja_interfaces/abaja_interfaces/msg/dbw_status.h
-- Up-to-date symlink: /home/pavithra/ros2_ws/install/abaja_interfaces/include/abaja_interfaces/abaja_interfaces/msg/detail/battery_status__functions.h
-- Up-to-date symlink: /home/pavithra/ros2_ws/install/abaja_interfaces/include/abaja_interfaces/abaja_interfaces/msg/detail/battery_status__struct.h
-- Up-to-date symlink: /home/pavithra/ros2_ws/install/abaja_interfaces/include/abaja_interfaces/abaja_interfaces/msg/detail/battery_status__type_support.h
-- Up-to-date symlink: /home/pavithra/ros2_ws/install/abaja_interfaces/include/abaja_interfaces/abaja_interfaces/msg/detail/control_cmd__functions.h
-- Up-to-date symlink: /home/pavithra/ros2_ws/install/abaja_interfaces/include/abaja_interfaces/abaja_interfaces/msg/detail/control_cmd__struct.h
-- Up-to-date symlink: /home/pavithra/ros2_ws/install/abaja_interfaces/include/abaja_interfaces/abaja_interfaces/msg/detail/control_cmd__type_support.h
-- Up-to-date symlink: /home/pavithra/ros2_ws/install/abaja_interfaces/include/abaja_interfaces/abaja_interfaces/msg/detail/dbw_cmd__functions.h
-- Up-to-date symlink: /home/pavithra/ros2_ws/install/abaja_interfaces/include/abaja_interfaces/abaja_interfaces/msg/detail/dbw_cmd__struct.h
-- Up-to-date symlink: /home/pavithra/ros2_ws/install/abaja_interfaces/include/abaja_interfaces/abaja_interfaces/msg/detail/dbw_cmd__type_support.h
-- Up-to-date symlink: /home/pavithra/ros2_ws/install/abaja_interfaces/include/abaja_interfaces/abaja_interfaces/msg/detail/dbw_status__functions.h
-- Up-to-date symlink: /home/pavithra/ros2_ws/install/abaja_interfaces/include/abaja_interfaces/abaja_interfaces/msg/detail/dbw_status__struct.h
-- Up-to-date symlink: /home/pavithra/ros2_ws/install/abaja_interfaces/include/abaja_interfaces/abaja_interfaces/msg/detail/dbw_status__type_support.h
-- Up-to-date symlink: /home/pavithra/ros2_ws/install/abaja_interfaces/include/abaja_interfaces/abaja_interfaces/msg/detail/detected_object__functions.h
-- Up-to-date symlink: /home/pavithra/ros2_ws/install/abaja_interfaces/include/abaja_interfaces/abaja_interfaces/msg/detail/detected_object__struct.h
-- Up-to-date symlink: /home/pavithra/ros2_ws/install/abaja_interfaces/include/abaja_interfaces/abaja_interfaces/msg/detail/detected_object__type_support.h
-- Up-to-date symlink: /home/pavithra/ros2_ws/install/abaja_interfaces/include/abaja_interfaces/abaja_interfaces/msg/detail/detected_object_array__functions.h
-- Up-to-date symlink: /home/pavithra/ros2_ws/install/abaja_interfaces/include/abaja_interfaces/abaja_interfaces/msg/detail/detected_object_array__struct.h
-- Up-to-date symlink: /home/pavithra/ros2_ws/install/abaja_interfaces/include/abaja_interfaces/abaja_interfaces/msg/detail/detected_object_array__type_support.h
-- Up-to-date symlink: /home/pavithra/ros2_ws/install/abaja_interfaces/include/abaja_interfaces/abaja_interfaces/msg/detail/mode_status__functions.h
-- Up-to-date symlink: /home/pavithra/ros2_ws/install/abaja_interfaces/include/abaja_interfaces/abaja_interfaces/msg/detail/mode_status__struct.h
-- Up-to-date symlink: /home/pavithra/ros2_ws/install/abaja_interfaces/include/abaja_interfaces/abaja_interfaces/msg/detail/mode_status__type_support.h
-- Up-to-date symlink: /home/pavithra/ros2_ws/install/abaja_interfaces/include/abaja_interfaces/abaja_interfaces/msg/detail/steering_feedback__functions.h
-- Up-to-date symlink: /home/pavithra/ros2_ws/install/abaja_interfaces/include/abaja_interfaces/abaja_interfaces/msg/detail/steering_feedback__struct.h
-- Up-to-date symlink: /home/pavithra/ros2_ws/install/abaja_interfaces/include/abaja_interfaces/abaja_interfaces/msg/detail/steering_feedback__type_support.h
-- Up-to-date symlink: /home/pavithra/ros2_ws/install/abaja_interfaces/include/abaja_interfaces/abaja_interfaces/msg/detail/vehicle_state__functions.h
-- Up-to-date symlink: /home/pavithra/ros2_ws/install/abaja_interfaces/include/abaja_interfaces/abaja_interfaces/msg/detail/vehicle_state__struct.h
-- Up-to-date symlink: /home/pavithra/ros2_ws/install/abaja_interfaces/include/abaja_interfaces/abaja_interfaces/msg/detail/vehicle_state__type_support.h
-- Up-to-date symlink: /home/pavithra/ros2_ws/install/abaja_interfaces/include/abaja_interfaces/abaja_interfaces/msg/detail/wheel_speed__functions.h
-- Up-to-date symlink: /home/pavithra/ros2_ws/install/abaja_interfaces/include/abaja_interfaces/abaja_interfaces/msg/detail/wheel_speed__struct.h
-- Up-to-date symlink: /home/pavithra/ros2_ws/install/abaja_interfaces/include/abaja_interfaces/abaja_interfaces/msg/detail/wheel_speed__type_support.h
-- Up-to-date symlink: /home/pavithra/ros2_ws/install/abaja_interfaces/include/abaja_interfaces/abaja_interfaces/msg/detected_object.h
-- Up-to-date symlink: /home/pavithra/ros2_ws/install/abaja_interfaces/include/abaja_interfaces/abaja_interfaces/msg/detected_object_array.h
-- Up-to-date symlink: /home/pavithra/ros2_ws/install/abaja_interfaces/include/abaja_interfaces/abaja_interfaces/msg/mode_status.h
-- Up-to-date symlink: /home/pavithra/ros2_ws/install/abaja_interfaces/include/abaja_interfaces/abaja_interfaces/msg/rosidl_generator_c__visibility_control.h
-- Up-to-date symlink: /home/pavithra/ros2_ws/install/abaja_interfaces/include/abaja_interfaces/abaja_interfaces/msg/steering_feedback.h
-- Up-to-date symlink: /home/pavithra/ros2_ws/install/abaja_interfaces/include/abaja_interfaces/abaja_interfaces/msg/vehicle_state.h
-- Up-to-date symlink: /home/pavithra/ros2_ws/install/abaja_interfaces/include/abaja_interfaces/abaja_interfaces/msg/wheel_speed.h
-- Up-to-date symlink: /home/pavithra/ros2_ws/install/abaja_interfaces/share/abaja_interfaces/environment/library_path.sh
-- Up-to-date symlink: /home/pavithra/ros2_ws/install/abaja_interfaces/share/abaja_interfaces/environment/library_path.dsv
-- Up-to-date symlink: /home/pavithra/ros2_ws/install/abaja_interfaces/include/abaja_interfaces/abaja_interfaces/msg/detail/battery_status__rosidl_typesupport_fastrtps_c.h
-- Up-to-date symlink: /home/pavithra/ros2_ws/install/abaja_interfaces/include/abaja_interfaces/abaja_interfaces/msg/detail/control_cmd__rosidl_typesupport_fastrtps_c.h
-- Up-to-date symlink: /home/pavithra/ros2_ws/install/abaja_interfaces/include/abaja_interfaces/abaja_interfaces/msg/detail/dbw_cmd__rosidl_typesupport_fastrtps_c.h
-- Up-to-date symlink: /home/pavithra/ros2_ws/install/abaja_interfaces/include/abaja_interfaces/abaja_interfaces/msg/detail/dbw_status__rosidl_typesupport_fastrtps_c.h
-- Up-to-date symlink: /home/pavithra/ros2_ws/install/abaja_interfaces/include/abaja_interfaces/abaja_interfaces/msg/detail/detected_object__rosidl_typesupport_fastrtps_c.h
-- Up-to-date symlink: /home/pavithra/ros2_ws/install/abaja_interfaces/include/abaja_interfaces/abaja_interfaces/msg/detail/detected_object_array__rosidl_typesupport_fastrtps_c.h
-- Up-to-date symlink: /home/pavithra/ros2_ws/install/abaja_interfaces/include/abaja_interfaces/abaja_interfaces/msg/detail/mode_status__rosidl_typesupport_fastrtps_c.h
-- Up-to-date symlink: /home/pavithra/ros2_ws/install/abaja_interfaces/include/abaja_interfaces/abaja_interfaces/msg/detail/steering_feedback__rosidl_typesupport_fastrtps_c.h
-- Up-to-date symlink: /home/pavithra/ros2_ws/install/abaja_interfaces/include/abaja_interfaces/abaja_interfaces/msg/detail/vehicle_state__rosidl_typesupport_fastrtps_c.h
-- Up-to-date symlink: /home/pavithra/ros2_ws/install/abaja_interfaces/include/abaja_interfaces/abaja_interfaces/msg/detail/wheel_speed__rosidl_typesupport_fastrtps_c.h
-- Up-to-date symlink: /home/pavithra/ros2_ws/install/abaja_interfaces/include/abaja_interfaces/abaja_interfaces/msg/rosidl_typesupport_fastrtps_c__visibility_control.h
-- Up-to-date symlink: /home/pavithra/ros2_ws/install/abaja_interfaces/include/abaja_interfaces/abaja_interfaces/msg/detail/battery_status__rosidl_typesupport_introspection_c.h
-- Up-to-date symlink: /home/pavithra/ros2_ws/install/abaja_interfaces/include/abaja_interfaces/abaja_interfaces/msg/detail/control_cmd__rosidl_typesupport_introspection_c.h
-- Up-to-date symlink: /home/pavithra/ros2_ws/install/abaja_interfaces/include/abaja_interfaces/abaja_interfaces/msg/detail/dbw_cmd__rosidl_typesupport_introspection_c.h
-- Up-to-date symlink: /home/pavithra/ros2_ws/install/abaja_interfaces/include/abaja_interfaces/abaja_interfaces/msg/detail/dbw_status__rosidl_typesupport_introspection_c.h
-- Up-to-date symlink: /home/pavithra/ros2_ws/install/abaja_interfaces/include/abaja_interfaces/abaja_interfaces/msg/detail/detected_object__rosidl_typesupport_introspection_c.h
-- Up-to-date symlink: /home/pavithra/ros2_ws/install/abaja_interfaces/include/abaja_interfaces/abaja_interfaces/msg/detail/detected_object_array__rosidl_typesupport_introspection_c.h
-- Up-to-date symlink: /home/pavithra/ros2_ws/install/abaja_interfaces/include/abaja_interfaces/abaja_interfaces/msg/detail/mode_status__rosidl_typesupport_introspection_c.h
-- Up-to-date symlink: /home/pavithra/ros2_ws/install/abaja_interfaces/include/abaja_interfaces/abaja_interfaces/msg/detail/steering_feedback__rosidl_typesupport_introspection_c.h
-- Up-to-date symlink: /home/pavithra/ros2_ws/install/abaja_interfaces/include/abaja_interfaces/abaja_interfaces/msg/detail/vehicle_state__rosidl_typesupport_introspection_c.h
-- Up-to-date symlink: /home/pavithra/ros2_ws/install/abaja_interfaces/include/abaja_interfaces/abaja_interfaces/msg/detail/wheel_speed__rosidl_typesupport_introspection_c.h
-- Up-to-date symlink: /home/pavithra/ros2_ws/install/abaja_interfaces/include/abaja_interfaces/abaja_interfaces/msg/rosidl_typesupport_introspection_c__visibility_control.h
-- Up-to-date symlink: /home/pavithra/ros2_ws/install/abaja_interfaces/include/abaja_interfaces/abaja_interfaces/msg/battery_status.hpp
-- Up-to-date symlink: /home/pavithra/ros2_ws/install/abaja_interfaces/include/abaja_interfaces/abaja_interfaces/msg/control_cmd.hpp
-- Up-to-date symlink: /home/pavithra/ros2_ws/install/abaja_interfaces/include/abaja_interfaces/abaja_interfaces/msg/dbw_cmd.hpp
-- Up-to-date symlink: /home/pavithra/ros2_ws/install/abaja_interfaces/include/abaja_interfaces/abaja_interfaces/msg/dbw_status.hpp
-- Up-to-date symlink: /home/pavithra/ros2_ws/install/abaja_interfaces/include/abaja_interfaces/abaja_interfaces/msg/detail/battery_status__builder.hpp
-- Up-to-date symlink: /home/pavithra/ros2_ws/install/abaja_interfaces/include/abaja_interfaces/abaja_interfaces/msg/detail/battery_status__struct.hpp
-- Up-to-date symlink: /home/pavithra/ros2_ws/install/abaja_interfaces/include/abaja_interfaces/abaja_interfaces/msg/detail/battery_status__traits.hpp
-- Up-to-date symlink: /home/pavithra/ros2_ws/install/abaja_interfaces/include/abaja_interfaces/abaja_interfaces/msg/detail/battery_status__type_support.hpp
-- Up-to-date symlink: /home/pavithra/ros2_ws/install/abaja_interfaces/include/abaja_interfaces/abaja_interfaces/msg/detail/control_cmd__builder.hpp
-- Up-to-date symlink: /home/pavithra/ros2_ws/install/abaja_interfaces/include/abaja_interfaces/abaja_interfaces/msg/detail/control_cmd__struct.hpp
-- Up-to-date symlink: /home/pavithra/ros2_ws/install/abaja_interfaces/include/abaja_interfaces/abaja_interfaces/msg/detail/control_cmd__traits.hpp
-- Up-to-date symlink: /home/pavithra/ros2_ws/install/abaja_interfaces/include/abaja_interfaces/abaja_interfaces/msg/detail/control_cmd__type_support.hpp
-- Up-to-date symlink: /home/pavithra/ros2_ws/install/abaja_interfaces/include/abaja_interfaces/abaja_interfaces/msg/detail/dbw_cmd__builder.hpp
-- Up-to-date symlink: /home/pavithra/ros2_ws/install/abaja_interfaces/include/abaja_interfaces/abaja_interfaces/msg/detail/dbw_cmd__struct.hpp
-- Up-to-date symlink: /home/pavithra/ros2_ws/install/abaja_interfaces/include/abaja_interfaces/abaja_interfaces/msg/detail/dbw_cmd__traits.hpp
-- Up-to-date symlink: /home/pavithra/ros2_ws/install/abaja_interfaces/include/abaja_interfaces/abaja_interfaces/msg/detail/dbw_cmd__type_support.hpp
-- Up-to-date symlink: /home/pavithra/ros2_ws/install/abaja_interfaces/include/abaja_interfaces/abaja_interfaces/msg/detail/dbw_status__builder.hpp
-- Up-to-date symlink: /home/pavithra/ros2_ws/install/abaja_interfaces/include/abaja_interfaces/abaja_interfaces/msg/detail/dbw_status__struct.hpp
-- Up-to-date symlink: /home/pavithra/ros2_ws/install/abaja_interfaces/include/abaja_interfaces/abaja_interfaces/msg/detail/dbw_status__traits.hpp
-- Up-to-date symlink: /home/pavithra/ros2_ws/install/abaja_interfaces/include/abaja_interfaces/abaja_interfaces/msg/detail/dbw_status__type_support.hpp
-- Up-to-date symlink: /home/pavithra/ros2_ws/install/abaja_interfaces/include/abaja_interfaces/abaja_interfaces/msg/detail/detected_object__builder.hpp
-- Up-to-date symlink: /home/pavithra/ros2_ws/install/abaja_interfaces/include/abaja_interfaces/abaja_interfaces/msg/detail/detected_object__struct.hpp
-- Up-to-date symlink: /home/pavithra/ros2_ws/install/abaja_interfaces/include/abaja_interfaces/abaja_interfaces/msg/detail/detected_object__traits.hpp
-- Up-to-date symlink: /home/pavithra/ros2_ws/install/abaja_interfaces/include/abaja_interfaces/abaja_interfaces/msg/detail/detected_object__type_support.hpp
-- Up-to-date symlink: /home/pavithra/ros2_ws/install/abaja_interfaces/include/abaja_interfaces/abaja_interfaces/msg/detail/detected_object_array__builder.hpp
-- Up-to-date symlink: /home/pavithra/ros2_ws/install/abaja_interfaces/include/abaja_interfaces/abaja_interfaces/msg/detail/detected_object_array__struct.hpp
-- Up-to-date symlink: /home/pavithra/ros2_ws/install/abaja_interfaces/include/abaja_interfaces/abaja_interfaces/msg/detail/detected_object_array__traits.hpp
-- Up-to-date symlink: /home/pavithra/ros2_ws/install/abaja_interfaces/include/abaja_interfaces/abaja_interfaces/msg/detail/detected_object_array__type_support.hpp
-- Up-to-date symlink: /home/pavithra/ros2_ws/install/abaja_interfaces/include/abaja_interfaces/abaja_interfaces/msg/detail/mode_status__builder.hpp
-- Up-to-date symlink: /home/pavithra/ros2_ws/install/abaja_interfaces/include/abaja_interfaces/abaja_interfaces/msg/detail/mode_status__struct.hpp
-- Up-to-date symlink: /home/pavithra/ros2_ws/install/abaja_interfaces/include/abaja_interfaces/abaja_interfaces/msg/detail/mode_status__traits.hpp
-- Up-to-date symlink: /home/pavithra/ros2_ws/install/abaja_interfaces/include/abaja_interfaces/abaja_interfaces/msg/detail/mode_status__type_support.hpp
-- Up-to-date symlink: /home/pavithra/ros2_ws/install/abaja_interfaces/include/abaja_interfaces/abaja_interfaces/msg/detail/steering_feedback__builder.hpp
-- Up-to-date symlink: /home/pavithra/ros2_ws/install/abaja_interfaces/include/abaja_interfaces/abaja_interfaces/msg/detail/steering_feedback__struct.hpp
-- Up-to-date symlink: /home/pavithra/ros2_ws/install/abaja_interfaces/include/abaja_interfaces/abaja_interfaces/msg/detail/steering_feedback__traits.hpp
-- Up-to-date symlink: /home/pavithra/ros2_ws/install/abaja_interfaces/include/abaja_interfaces/abaja_interfaces/msg/detail/steering_feedback__type_support.hpp
-- Up-to-date symlink: /home/pavithra/ros2_ws/install/abaja_interfaces/include/abaja_interfaces/abaja_interfaces/msg/detail/vehicle_state__builder.hpp
-- Up-to-date symlink: /home/pavithra/ros2_ws/install/abaja_interfaces/include/abaja_interfaces/abaja_interfaces/msg/detail/vehicle_state__struct.hpp
-- Up-to-date symlink: /home/pavithra/ros2_ws/install/abaja_interfaces/include/abaja_interfaces/abaja_interfaces/msg/detail/vehicle_state__traits.hpp
-- Up-to-date symlink: /home/pavithra/ros2_ws/install/abaja_interfaces/include/abaja_interfaces/abaja_interfaces/msg/detail/vehicle_state__type_support.hpp
-- Up-to-date symlink: /home/pavithra/ros2_ws/install/abaja_interfaces/include/abaja_interfaces/abaja_interfaces/msg/detail/wheel_speed__builder.hpp
-- Up-to-date symlink: /home/pavithra/ros2_ws/install/abaja_interfaces/include/abaja_interfaces/abaja_interfaces/msg/detail/wheel_speed__struct.hpp
-- Up-to-date symlink: /home/pavithra/ros2_ws/install/abaja_interfaces/include/abaja_interfaces/abaja_interfaces/msg/detail/wheel_speed__traits.hpp
-- Up-to-date symlink: /home/pavithra/ros2_ws/install/abaja_interfaces/include/abaja_interfaces/abaja_interfaces/msg/detail/wheel_speed__type_support.hpp
-- Up-to-date symlink: /home/pavithra/ros2_ws/install/abaja_interfaces/include/abaja_interfaces/abaja_interfaces/msg/detected_object.hpp
-- Up-to-date symlink: /home/pavithra/ros2_ws/install/abaja_interfaces/include/abaja_interfaces/abaja_interfaces/msg/detected_object_array.hpp
-- Up-to-date symlink: /home/pavithra/ros2_ws/install/abaja_interfaces/include/abaja_interfaces/abaja_interfaces/msg/mode_status.hpp
-- Up-to-date symlink: /home/pavithra/ros2_ws/install/abaja_interfaces/include/abaja_interfaces/abaja_interfaces/msg/rosidl_generator_cpp__visibility_control.hpp
-- Up-to-date symlink: /home/pavithra/ros2_ws/install/abaja_interfaces/include/abaja_interfaces/abaja_interfaces/msg/steering_feedback.hpp
-- Up-to-date symlink: /home/pavithra/ros2_ws/install/abaja_interfaces/include/abaja_interfaces/abaja_interfaces/msg/vehicle_state.hpp
-- Up-to-date symlink: /home/pavithra/ros2_ws/install/abaja_interfaces/include/abaja_interfaces/abaja_interfaces/msg/wheel_speed.hpp
-- Up-to-date symlink: /home/pavithra/ros2_ws/install/abaja_interfaces/include/abaja_interfaces/abaja_interfaces/msg/detail/battery_status__rosidl_typesupport_fastrtps_cpp.hpp
-- Up-to-date symlink: /home/pavithra/ros2_ws/install/abaja_interfaces/include/abaja_interfaces/abaja_interfaces/msg/detail/control_cmd__rosidl_typesupport_fastrtps_cpp.hpp
-- Up-to-date symlink: /home/pavithra/ros2_ws/install/abaja_interfaces/include/abaja_interfaces/abaja_interfaces/msg/detail/dbw_cmd__rosidl_typesupport_fastrtps_cpp.hpp
-- Up-to-date symlink: /home/pavithra/ros2_ws/install/abaja_interfaces/include/abaja_interfaces/abaja_interfaces/msg/detail/dbw_status__rosidl_typesupport_fastrtps_cpp.hpp
-- Up-to-date symlink: /home/pavithra/ros2_ws/install/abaja_interfaces/include/abaja_interfaces/abaja_interfaces/msg/detail/detected_object__rosidl_typesupport_fastrtps_cpp.hpp
-- Up-to-date symlink: /home/pavithra/ros2_ws/install/abaja_interfaces/include/abaja_interfaces/abaja_interfaces/msg/detail/detected_object_array__rosidl_typesupport_fastrtps_cpp.hpp
-- Up-to-date symlink: /home/pavithra/ros2_ws/install/abaja_interfaces/include/abaja_interfaces/abaja_interfaces/msg/detail/mode_status__rosidl_typesupport_fastrtps_cpp.hpp
-- Up-to-date symlink: /home/pavithra/ros2_ws/install/abaja_interfaces/include/abaja_interfaces/abaja_interfaces/msg/detail/steering_feedback__rosidl_typesupport_fastrtps_cpp.hpp
-- Up-to-date symlink: /home/pavithra/ros2_ws/install/abaja_interfaces/include/abaja_interfaces/abaja_interfaces/msg/detail/vehicle_state__rosidl_typesupport_fastrtps_cpp.hpp
-- Up-to-date symlink: /home/pavithra/ros2_ws/install/abaja_interfaces/include/abaja_interfaces/abaja_interfaces/msg/detail/wheel_speed__rosidl_typesupport_fastrtps_cpp.hpp
-- Up-to-date symlink: /home/pavithra/ros2_ws/install/abaja_interfaces/include/abaja_interfaces/abaja_interfaces/msg/rosidl_typesupport_fastrtps_cpp__visibility_control.h
-- Up-to-date symlink: /home/pavithra/ros2_ws/install/abaja_interfaces/include/abaja_interfaces/abaja_interfaces/msg/detail/battery_status__rosidl_typesupport_introspection_cpp.hpp
-- Up-to-date symlink: /home/pavithra/ros2_ws/install/abaja_interfaces/include/abaja_interfaces/abaja_interfaces/msg/detail/control_cmd__rosidl_typesupport_introspection_cpp.hpp
-- Up-to-date symlink: /home/pavithra/ros2_ws/install/abaja_interfaces/include/abaja_interfaces/abaja_interfaces/msg/detail/dbw_cmd__rosidl_typesupport_introspection_cpp.hpp
-- Up-to-date symlink: /home/pavithra/ros2_ws/install/abaja_interfaces/include/abaja_interfaces/abaja_interfaces/msg/detail/dbw_status__rosidl_typesupport_introspection_cpp.hpp
-- Up-to-date symlink: /home/pavithra/ros2_ws/install/abaja_interfaces/include/abaja_interfaces/abaja_interfaces/msg/detail/detected_object__rosidl_typesupport_introspection_cpp.hpp
-- Up-to-date symlink: /home/pavithra/ros2_ws/install/abaja_interfaces/include/abaja_interfaces/abaja_interfaces/msg/detail/detected_object_array__rosidl_typesupport_introspection_cpp.hpp
-- Up-to-date symlink: /home/pavithra/ros2_ws/install/abaja_interfaces/include/abaja_interfaces/abaja_interfaces/msg/detail/mode_status__rosidl_typesupport_introspection_cpp.hpp
-- Up-to-date symlink: /home/pavithra/ros2_ws/install/abaja_interfaces/include/abaja_interfaces/abaja_interfaces/msg/detail/steering_feedback__rosidl_typesupport_introspection_cpp.hpp
-- Up-to-date symlink: /home/pavithra/ros2_ws/install/abaja_interfaces/include/abaja_interfaces/abaja_interfaces/msg/detail/vehicle_state__rosidl_typesupport_introspection_cpp.hpp
-- Up-to-date symlink: /home/pavithra/ros2_ws/install/abaja_interfaces/include/abaja_interfaces/abaja_interfaces/msg/detail/wheel_speed__rosidl_typesupport_introspection_cpp.hpp
-- Up-to-date symlink: /home/pavithra/ros2_ws/install/abaja_interfaces/share/abaja_interfaces/environment/pythonpath.sh
-- Up-to-date symlink: /home/pavithra/ros2_ws/install/abaja_interfaces/share/abaja_interfaces/environment/pythonpath.dsv
-- Up-to-date symlink: /home/pavithra/ros2_ws/install/abaja_interfaces/lib/python3.12/site-packages/abaja_interfaces-0.0.0-py3.12.egg-info/PKG-INFO
-- Up-to-date symlink: /home/pavithra/ros2_ws/install/abaja_interfaces/lib/python3.12/site-packages/abaja_interfaces-0.0.0-py3.12.egg-info/SOURCES.txt
-- Up-to-date symlink: /home/pavithra/ros2_ws/install/abaja_interfaces/lib/python3.12/site-packages/abaja_interfaces-0.0.0-py3.12.egg-info/dependency_links.txt
-- Up-to-date symlink: /home/pavithra/ros2_ws/install/abaja_interfaces/lib/python3.12/site-packages/abaja_interfaces-0.0.0-py3.12.egg-info/top_level.txt
-- Up-to-date symlink: /home/pavithra/ros2_ws/install/abaja_interfaces/lib/python3.12/site-packages/abaja_interfaces/__init__.py
-- Up-to-date symlink: /home/pavithra/ros2_ws/install/abaja_interfaces/lib/python3.12/site-packages/abaja_interfaces/_abaja_interfaces_s.ep.rosidl_typesupport_c.c
-- Up-to-date symlink: /home/pavithra/ros2_ws/install/abaja_interfaces/lib/python3.12/site-packages/abaja_interfaces/_abaja_interfaces_s.ep.rosidl_typesupport_fastrtps_c.c
-- Up-to-date symlink: /home/pavithra/ros2_ws/install/abaja_interfaces/lib/python3.12/site-packages/abaja_interfaces/_abaja_interfaces_s.ep.rosidl_typesupport_introspection_c.c
-- Up-to-date symlink: /home/pavithra/ros2_ws/install/abaja_interfaces/lib/python3.12/site-packages/abaja_interfaces/abaja_interfaces_s__rosidl_typesupport_c.so
-- Up-to-date symlink: /home/pavithra/ros2_ws/install/abaja_interfaces/lib/python3.12/site-packages/abaja_interfaces/abaja_interfaces_s__rosidl_typesupport_fastrtps_c.so
-- Up-to-date symlink: /home/pavithra/ros2_ws/install/abaja_interfaces/lib/python3.12/site-packages/abaja_interfaces/abaja_interfaces_s__rosidl_typesupport_introspection_c.so
-- Up-to-date symlink: /home/pavithra/ros2_ws/install/abaja_interfaces/lib/python3.12/site-packages/abaja_interfaces/msg/__init__.py
-- Up-to-date symlink: /home/pavithra/ros2_ws/install/abaja_interfaces/lib/python3.12/site-packages/abaja_interfaces/msg/_battery_status.py
-- Up-to-date symlink: /home/pavithra/ros2_ws/install/abaja_interfaces/lib/python3.12/site-packages/abaja_interfaces/msg/_battery_status_s.c
-- Up-to-date symlink: /home/pavithra/ros2_ws/install/abaja_interfaces/lib/python3.12/site-packages/abaja_interfaces/msg/_control_cmd.py
-- Up-to-date symlink: /home/pavithra/ros2_ws/install/abaja_interfaces/lib/python3.12/site-packages/abaja_interfaces/msg/_control_cmd_s.c
-- Up-to-date symlink: /home/pavithra/ros2_ws/install/abaja_interfaces/lib/python3.12/site-packages/abaja_interfaces/msg/_dbw_cmd.py
-- Up-to-date symlink: /home/pavithra/ros2_ws/install/abaja_interfaces/lib/python3.12/site-packages/abaja_interfaces/msg/_dbw_cmd_s.c
-- Up-to-date symlink: /home/pavithra/ros2_ws/install/abaja_interfaces/lib/python3.12/site-packages/abaja_interfaces/msg/_dbw_status.py
-- Up-to-date symlink: /home/pavithra/ros2_ws/install/abaja_interfaces/lib/python3.12/site-packages/abaja_interfaces/msg/_dbw_status_s.c
-- Up-to-date symlink: /home/pavithra/ros2_ws/install/abaja_interfaces/lib/python3.12/site-packages/abaja_interfaces/msg/_detected_object.py
-- Up-to-date symlink: /home/pavithra/ros2_ws/install/abaja_interfaces/lib/python3.12/site-packages/abaja_interfaces/msg/_detected_object_array.py
-- Up-to-date symlink: /home/pavithra/ros2_ws/install/abaja_interfaces/lib/python3.12/site-packages/abaja_interfaces/msg/_detected_object_array_s.c
-- Up-to-date symlink: /home/pavithra/ros2_ws/install/abaja_interfaces/lib/python3.12/site-packages/abaja_interfaces/msg/_detected_object_s.c
-- Up-to-date symlink: /home/pavithra/ros2_ws/install/abaja_interfaces/lib/python3.12/site-packages/abaja_interfaces/msg/_mode_status.py
-- Up-to-date symlink: /home/pavithra/ros2_ws/install/abaja_interfaces/lib/python3.12/site-packages/abaja_interfaces/msg/_mode_status_s.c
-- Up-to-date symlink: /home/pavithra/ros2_ws/install/abaja_interfaces/lib/python3.12/site-packages/abaja_interfaces/msg/_steering_feedback.py
-- Up-to-date symlink: /home/pavithra/ros2_ws/install/abaja_interfaces/lib/python3.12/site-packages/abaja_interfaces/msg/_steering_feedback_s.c
-- Up-to-date symlink: /home/pavithra/ros2_ws/install/abaja_interfaces/lib/python3.12/site-packages/abaja_interfaces/msg/_vehicle_state.py
-- Up-to-date symlink: /home/pavithra/ros2_ws/install/abaja_interfaces/lib/python3.12/site-packages/abaja_interfaces/msg/_vehicle_state_s.c
-- Up-to-date symlink: /home/pavithra/ros2_ws/install/abaja_interfaces/lib/python3.12/site-packages/abaja_interfaces/msg/_wheel_speed.py
-- Up-to-date symlink: /home/pavithra/ros2_ws/install/abaja_interfaces/lib/python3.12/site-packages/abaja_interfaces/msg/_wheel_speed_s.c
-- Up-to-date symlink: /home/pavithra/ros2_ws/install/abaja_interfaces/lib/python3.12/site-packages/abaja_interfaces/abaja_interfaces_s__rosidl_typesupport_fastrtps_c.so
-- Up-to-date symlink: /home/pavithra/ros2_ws/install/abaja_interfaces/lib/python3.12/site-packages/abaja_interfaces/abaja_interfaces_s__rosidl_typesupport_introspection_c.so
-- Up-to-date symlink: /home/pavithra/ros2_ws/install/abaja_interfaces/lib/python3.12/site-packages/abaja_interfaces/abaja_interfaces_s__rosidl_typesupport_c.so
-- Up-to-date symlink: /home/pavithra/ros2_ws/install/abaja_interfaces/share/ament_index/resource_index/rust_packages/abaja_interfaces
-- Up-to-date symlink: /home/pavithra/ros2_ws/install/abaja_interfaces/share/abaja_interfaces/rust/Cargo.toml
-- Up-to-date symlink: /home/pavithra/ros2_ws/install/abaja_interfaces/share/abaja_interfaces/rust/build.rs
-- Up-to-date symlink: /home/pavithra/ros2_ws/install/abaja_interfaces/share/abaja_interfaces/rust/src/lib.rs
-- Up-to-date symlink: /home/pavithra/ros2_ws/install/abaja_interfaces/share/abaja_interfaces/rust/src/msg.rs
-- Up-to-date symlink: /home/pavithra/ros2_ws/install/abaja_interfaces/share/abaja_interfaces/rust/src/msg/rmw.rs
-- Up-to-date symlink: /home/pavithra/ros2_ws/install/abaja_interfaces/share/abaja_interfaces/msg/ControlCmd.idl
-- Up-to-date symlink: /home/pavithra/ros2_ws/install/abaja_interfaces/share/abaja_interfaces/msg/VehicleState.idl
-- Up-to-date symlink: /home/pavithra/ros2_ws/install/abaja_interfaces/share/abaja_interfaces/msg/WheelSpeed.idl
-- Up-to-date symlink: /home/pavithra/ros2_ws/install/abaja_interfaces/share/abaja_interfaces/msg/SteeringFeedback.idl
-- Up-to-date symlink: /home/pavithra/ros2_ws/install/abaja_interfaces/share/abaja_interfaces/msg/BatteryStatus.idl
-- Up-to-date symlink: /home/pavithra/ros2_ws/install/abaja_interfaces/share/abaja_interfaces/msg/ModeStatus.idl
-- Up-to-date symlink: /home/pavithra/ros2_ws/install/abaja_interfaces/share/abaja_interfaces/msg/DbwCmd.idl
-- Up-to-date symlink: /home/pavithra/ros2_ws/install/abaja_interfaces/share/abaja_interfaces/msg/DbwStatus.idl
-- Up-to-date symlink: /home/pavithra/ros2_ws/install/abaja_interfaces/share/abaja_interfaces/msg/DetectedObject.idl
-- Up-to-date symlink: /home/pavithra/ros2_ws/install/abaja_interfaces/share/abaja_interfaces/msg/DetectedObjectArray.idl
-- Up-to-date symlink: /home/pavithra/ros2_ws/install/abaja_interfaces/share/abaja_interfaces/msg/ControlCmd.msg
-- Up-to-date symlink: /home/pavithra/ros2_ws/install/abaja_interfaces/share/abaja_interfaces/msg/VehicleState.msg
-- Up-to-date symlink: /home/pavithra/ros2_ws/install/abaja_interfaces/share/abaja_interfaces/msg/WheelSpeed.msg
-- Up-to-date symlink: /home/pavithra/ros2_ws/install/abaja_interfaces/share/abaja_interfaces/msg/SteeringFeedback.msg
-- Up-to-date symlink: /home/pavithra/ros2_ws/install/abaja_interfaces/share/abaja_interfaces/msg/BatteryStatus.msg
-- Up-to-date symlink: /home/pavithra/ros2_ws/install/abaja_interfaces/share/abaja_interfaces/msg/ModeStatus.msg
-- Up-to-date symlink: /home/pavithra/ros2_ws/install/abaja_interfaces/share/abaja_interfaces/msg/DbwCmd.msg
-- Up-to-date symlink: /home/pavithra/ros2_ws/install/abaja_interfaces/share/abaja_interfaces/msg/DbwStatus.msg
-- Up-to-date symlink: /home/pavithra/ros2_ws/install/abaja_interfaces/share/abaja_interfaces/msg/DetectedObject.msg
-- Up-to-date symlink: /home/pavithra/ros2_ws/install/abaja_interfaces/share/abaja_interfaces/msg/DetectedObjectArray.msg
-- Up-to-date symlink: /home/pavithra/ros2_ws/install/abaja_interfaces/share/ament_index/resource_index/package_run_dependencies/abaja_interfaces
-- Up-to-date symlink: /home/pavithra/ros2_ws/install/abaja_interfaces/share/ament_index/resource_index/parent_prefix_path/abaja_interfaces
-- Up-to-date symlink: /home/pavithra/ros2_ws/install/abaja_interfaces/share/abaja_interfaces/environment/ament_prefix_path.sh
-- Up-to-date symlink: /home/pavithra/ros2_ws/install/abaja_interfaces/share/abaja_interfaces/environment/ament_prefix_path.dsv
-- Up-to-date symlink: /home/pavithra/ros2_ws/install/abaja_interfaces/share/abaja_interfaces/environment/path.sh
-- Up-to-date symlink: /home/pavithra/ros2_ws/install/abaja_interfaces/share/abaja_interfaces/environment/path.dsv
-- Up-to-date symlink: /home/pavithra/ros2_ws/install/abaja_interfaces/share/abaja_interfaces/local_setup.bash
-- Up-to-date symlink: /home/pavithra/ros2_ws/install/abaja_interfaces/share/abaja_interfaces/local_setup.sh
-- Up-to-date symlink: /home/pavithra/ros2_ws/install/abaja_interfaces/share/abaja_interfaces/local_setup.zsh
-- Up-to-date symlink: /home/pavithra/ros2_ws/install/abaja_interfaces/share/abaja_interfaces/local_setup.dsv
-- Symlinking: /home/pavithra/ros2_ws/install/abaja_interfaces/share/abaja_interfaces/package.dsv
-- Up-to-date symlink: /home/pavithra/ros2_ws/install/abaja_interfaces/share/ament_index/resource_index/packages/abaja_interfaces
-- Up-to-date symlink: /home/pavithra/ros2_ws/install/abaja_interfaces/share/abaja_interfaces/cmake/rosidl_cmake-extras.cmake
-- Up-to-date symlink: /home/pavithra/ros2_ws/install/abaja_interfaces/share/abaja_interfaces/cmake/ament_cmake_export_dependencies-extras.cmake
-- Up-to-date symlink: /home/pavithra/ros2_ws/install/abaja_interfaces/share/abaja_interfaces/cmake/ament_cmake_export_include_directories-extras.cmake
-- Up-to-date symlink: /home/pavithra/ros2_ws/install/abaja_interfaces/share/abaja_interfaces/cmake/ament_cmake_export_libraries-extras.cmake
-- Up-to-date symlink: /home/pavithra/ros2_ws/install/abaja_interfaces/share/abaja_interfaces/cmake/ament_cmake_export_targets-extras.cmake
-- Up-to-date symlink: /home/pavithra/ros2_ws/install/abaja_interfaces/share/abaja_interfaces/cmake/rosidl_cmake_export_typesupport_targets-extras.cmake
-- Up-to-date symlink: /home/pavithra/ros2_ws/install/abaja_interfaces/share/abaja_interfaces/cmake/rosidl_cmake_export_typesupport_libraries-extras.cmake
-- Up-to-date symlink: /home/pavithra/ros2_ws/install/abaja_interfaces/share/abaja_interfaces/cmake/abaja_interfacesConfig.cmake
-- Up-to-date symlink: /home/pavithra/ros2_ws/install/abaja_interfaces/share/abaja_interfaces/cmake/abaja_interfacesConfig-version.cmake
-- Up-to-date symlink: /home/pavithra/ros2_ws/install/abaja_interfaces/share/abaja_interfaces/package.xml
-- Up-to-date: /home/pavithra/ros2_ws/install/abaja_interfaces/lib/libabaja_interfaces__rosidl_generator_c.so
-- Up-to-date: /home/pavithra/ros2_ws/install/abaja_interfaces/lib/libabaja_interfaces__rosidl_typesupport_fastrtps_c.so
-- Up-to-date: /home/pavithra/ros2_ws/install/abaja_interfaces/lib/libabaja_interfaces__rosidl_typesupport_introspection_c.so
-- Up-to-date: /home/pavithra/ros2_ws/install/abaja_interfaces/lib/libabaja_interfaces__rosidl_typesupport_c.so
-- Up-to-date: /home/pavithra/ros2_ws/install/abaja_interfaces/lib/libabaja_interfaces__rosidl_typesupport_fastrtps_cpp.so
-- Up-to-date: /home/pavithra/ros2_ws/install/abaja_interfaces/lib/libabaja_interfaces__rosidl_typesupport_introspection_cpp.so
-- Up-to-date: /home/pavithra/ros2_ws/install/abaja_interfaces/lib/libabaja_interfaces__rosidl_typesupport_cpp.so
Listing '/home/pavithra/ros2_ws/install/abaja_interfaces/lib/python3.12/site-packages/abaja_interfaces'...
Listing '/home/pavithra/ros2_ws/install/abaja_interfaces/lib/python3.12/site-packages/abaja_interfaces/msg'...
-- Up-to-date: /home/pavithra/ros2_ws/install/abaja_interfaces/lib/libabaja_interfaces__rosidl_generator_py.so
-- Up-to-date: /home/pavithra/ros2_ws/install/abaja_interfaces/share/abaja_interfaces/cmake/export_abaja_interfaces__rosidl_generator_cExport.cmake
-- Up-to-date: /home/pavithra/ros2_ws/install/abaja_interfaces/share/abaja_interfaces/cmake/export_abaja_interfaces__rosidl_generator_cExport-noconfig.cmake
-- Up-to-date: /home/pavithra/ros2_ws/install/abaja_interfaces/share/abaja_interfaces/cmake/export_abaja_interfaces__rosidl_typesupport_fastrtps_cExport.cmake
-- Up-to-date: /home/pavithra/ros2_ws/install/abaja_interfaces/share/abaja_interfaces/cmake/export_abaja_interfaces__rosidl_typesupport_fastrtps_cExport-noconfig.cmake
-- Up-to-date: /home/pavithra/ros2_ws/install/abaja_interfaces/share/abaja_interfaces/cmake/abaja_interfaces__rosidl_typesupport_introspection_cExport.cmake
-- Up-to-date: /home/pavithra/ros2_ws/install/abaja_interfaces/share/abaja_interfaces/cmake/abaja_interfaces__rosidl_typesupport_introspection_cExport-noconfig.cmake
-- Up-to-date: /home/pavithra/ros2_ws/install/abaja_interfaces/share/abaja_interfaces/cmake/abaja_interfaces__rosidl_typesupport_cExport.cmake
-- Up-to-date: /home/pavithra/ros2_ws/install/abaja_interfaces/share/abaja_interfaces/cmake/abaja_interfaces__rosidl_typesupport_cExport-noconfig.cmake
-- Up-to-date: /home/pavithra/ros2_ws/install/abaja_interfaces/share/abaja_interfaces/cmake/export_abaja_interfaces__rosidl_generator_cppExport.cmake
-- Up-to-date: /home/pavithra/ros2_ws/install/abaja_interfaces/share/abaja_interfaces/cmake/export_abaja_interfaces__rosidl_typesupport_fastrtps_cppExport.cmake
-- Up-to-date: /home/pavithra/ros2_ws/install/abaja_interfaces/share/abaja_interfaces/cmake/export_abaja_interfaces__rosidl_typesupport_fastrtps_cppExport-noconfig.cmake
-- Up-to-date: /home/pavithra/ros2_ws/install/abaja_interfaces/share/abaja_interfaces/cmake/abaja_interfaces__rosidl_typesupport_introspection_cppExport.cmake
-- Up-to-date: /home/pavithra/ros2_ws/install/abaja_interfaces/share/abaja_interfaces/cmake/abaja_interfaces__rosidl_typesupport_introspection_cppExport-noconfig.cmake
-- Up-to-date: /home/pavithra/ros2_ws/install/abaja_interfaces/share/abaja_interfaces/cmake/abaja_interfaces__rosidl_typesupport_cppExport.cmake
-- Up-to-date: /home/pavithra/ros2_ws/install/abaja_interfaces/share/abaja_interfaces/cmake/abaja_interfaces__rosidl_typesupport_cppExport-noconfig.cmake
-- Up-to-date: /home/pavithra/ros2_ws/install/abaja_interfaces/share/abaja_interfaces/cmake/export_abaja_interfaces__rosidl_generator_pyExport.cmake
-- Up-to-date: /home/pavithra/ros2_ws/install/abaja_interfaces/share/abaja_interfaces/cmake/export_abaja_interfaces__rosidl_generator_pyExport-noconfig.cmake
