[0.055s] Invoking command in '/home/pavithra/ros2_ws/build/abaja_interfaces': CMAKE_PREFIX_PATH=${CMAKE_PREFIX_PATH}:/opt/ros/jazzy DEBUGINFOD_URLS=https://debuginfod.ubuntu.com /usr/bin/cmake --build /home/pavithra/ros2_ws/build/abaja_interfaces -- -j12 -l12
[1.150s] [  1%] Built target abaja_interfaces__rs
[1.151s] [  1%] Built target abaja_interfaces__rosidl_generator_type_description
[1.151s] [  1%] Built target ament_cmake_python_symlink_abaja_interfaces
[1.151s] [  1%] Built target abaja_interfaces__cpp
[1.152s] [ 27%] Built target abaja_interfaces__rosidl_generator_c
[1.152s] [ 46%] Built target abaja_interfaces__rosidl_typesupport_introspection_c
[1.153s] [ 46%] Built target abaja_interfaces__rosidl_typesupport_c
[1.153s] [ 62%] Built target abaja_interfaces__rosidl_typesupport_cpp
[1.153s] [ 66%] Built target abaja_interfaces__rosidl_typesupport_introspection_cpp
[1.153s] [ 85%] Built target abaja_interfaces__rosidl_typesupport_fastrtps_c
[1.153s] [ 85%] Built target abaja_interfaces__rosidl_typesupport_fastrtps_cpp
[1.154s] [ 85%] Built target abaja_interfaces
[1.154s] [ 86%] Built target abaja_interfaces__py
[1.154s] [ 95%] Built target abaja_interfaces__rosidl_generator_py
[1.154s] [ 98%] Built target abaja_interfaces_s__rosidl_typesupport_c
[1.154s] [100%] Built target abaja_interfaces_s__rosidl_typesupport_introspection_c
[1.154s] [100%] Built target abaja_interfaces_s__rosidl_typesupport_fastrtps_c
[1.154s] running egg_info
[1.154s] writing abaja_interfaces.egg-info/PKG-INFO
[1.154s] writing dependency_links to abaja_interfaces.egg-info/dependency_links.txt
[1.155s] writing top-level names to abaja_interfaces.egg-info/top_level.txt
[1.155s] reading manifest file 'abaja_interfaces.egg-info/SOURCES.txt'
[1.155s] writing manifest file 'abaja_interfaces.egg-info/SOURCES.txt'
[1.155s] [100%] Built target ament_cmake_python_build_abaja_interfaces_egg
[1.155s] Invoked command in '/home/pavithra/ros2_ws/build/abaja_interfaces' returned '0': CMAKE_PREFIX_PATH=${CMAKE_PREFIX_PATH}:/opt/ros/jazzy DEBUGINFOD_URLS=https://debuginfod.ubuntu.com /usr/bin/cmake --build /home/pavithra/ros2_ws/build/abaja_interfaces -- -j12 -l12
[1.165s] Invoking command in '/home/pavithra/ros2_ws/build/abaja_interfaces': CMAKE_PREFIX_PATH=${CMAKE_PREFIX_PATH}:/opt/ros/jazzy DEBUGINFOD_URLS=https://debuginfod.ubuntu.com /usr/bin/cmake --install /home/pavithra/ros2_ws/build/abaja_interfaces
[1.366s] -- Install configuration: ""
[1.367s] -- Execute custom install script
[1.367s] -- Up-to-date symlink: /home/pavithra/ros2_ws/install/abaja_interfaces/share/ament_index/resource_index/rosidl_interfaces/abaja_interfaces
[1.367s] -- Up-to-date symlink: /home/pavithra/ros2_ws/install/abaja_interfaces/share/abaja_interfaces/msg/ControlCmd.json
[1.368s] -- Up-to-date symlink: /home/pavithra/ros2_ws/install/abaja_interfaces/share/abaja_interfaces/msg/VehicleState.json
[1.368s] -- Up-to-date symlink: /home/pavithra/ros2_ws/install/abaja_interfaces/share/abaja_interfaces/msg/WheelSpeed.json
[1.369s] -- Up-to-date symlink: /home/pavithra/ros2_ws/install/abaja_interfaces/share/abaja_interfaces/msg/SteeringFeedback.json
[1.369s] -- Up-to-date symlink: /home/pavithra/ros2_ws/install/abaja_interfaces/share/abaja_interfaces/msg/BatteryStatus.json
[1.370s] -- Up-to-date symlink: /home/pavithra/ros2_ws/install/abaja_interfaces/share/abaja_interfaces/msg/ModeStatus.json
[1.370s] -- Up-to-date symlink: /home/pavithra/ros2_ws/install/abaja_interfaces/share/abaja_interfaces/msg/DbwCmd.json
[1.371s] -- Up-to-date symlink: /home/pavithra/ros2_ws/install/abaja_interfaces/share/abaja_interfaces/msg/DbwStatus.json
[1.371s] -- Up-to-date symlink: /home/pavithra/ros2_ws/install/abaja_interfaces/share/abaja_interfaces/msg/DetectedObject.json
[1.371s] -- Up-to-date symlink: /home/pavithra/ros2_ws/install/abaja_interfaces/share/abaja_interfaces/msg/DetectedObjectArray.json
[1.372s] -- Up-to-date symlink: /home/pavithra/ros2_ws/install/abaja_interfaces/include/abaja_interfaces/abaja_interfaces/msg/battery_status.h
[1.372s] -- Up-to-date symlink: /home/pavithra/ros2_ws/install/abaja_interfaces/include/abaja_interfaces/abaja_interfaces/msg/control_cmd.h
[1.372s] -- Up-to-date symlink: /home/pavithra/ros2_ws/install/abaja_interfaces/include/abaja_interfaces/abaja_interfaces/msg/dbw_cmd.h
[1.373s] -- Up-to-date symlink: /home/pavithra/ros2_ws/install/abaja_interfaces/include/abaja_interfaces/abaja_interfaces/msg/dbw_status.h
[1.373s] -- Up-to-date symlink: /home/pavithra/ros2_ws/install/abaja_interfaces/include/abaja_interfaces/abaja_interfaces/msg/detail/battery_status__functions.h
[1.374s] -- Up-to-date symlink: /home/pavithra/ros2_ws/install/abaja_interfaces/include/abaja_interfaces/abaja_interfaces/msg/detail/battery_status__struct.h
[1.374s] -- Up-to-date symlink: /home/pavithra/ros2_ws/install/abaja_interfaces/include/abaja_interfaces/abaja_interfaces/msg/detail/battery_status__type_support.h
[1.375s] -- Up-to-date symlink: /home/pavithra/ros2_ws/install/abaja_interfaces/include/abaja_interfaces/abaja_interfaces/msg/detail/control_cmd__functions.h
[1.376s] -- Up-to-date symlink: /home/pavithra/ros2_ws/install/abaja_interfaces/include/abaja_interfaces/abaja_interfaces/msg/detail/control_cmd__struct.h
[1.377s] -- Up-to-date symlink: /home/pavithra/ros2_ws/install/abaja_interfaces/include/abaja_interfaces/abaja_interfaces/msg/detail/control_cmd__type_support.h
[1.379s] -- Up-to-date symlink: /home/pavithra/ros2_ws/install/abaja_interfaces/include/abaja_interfaces/abaja_interfaces/msg/detail/dbw_cmd__functions.h
[1.379s] -- Up-to-date symlink: /home/pavithra/ros2_ws/install/abaja_interfaces/include/abaja_interfaces/abaja_interfaces/msg/detail/dbw_cmd__struct.h
[1.379s] -- Up-to-date symlink: /home/pavithra/ros2_ws/install/abaja_interfaces/include/abaja_interfaces/abaja_interfaces/msg/detail/dbw_cmd__type_support.h
[1.380s] -- Up-to-date symlink: /home/pavithra/ros2_ws/install/abaja_interfaces/include/abaja_interfaces/abaja_interfaces/msg/detail/dbw_status__functions.h
[1.381s] -- Up-to-date symlink: /home/pavithra/ros2_ws/install/abaja_interfaces/include/abaja_interfaces/abaja_interfaces/msg/detail/dbw_status__struct.h
[1.382s] -- Up-to-date symlink: /home/pavithra/ros2_ws/install/abaja_interfaces/include/abaja_interfaces/abaja_interfaces/msg/detail/dbw_status__type_support.h
[1.382s] -- Up-to-date symlink: /home/pavithra/ros2_ws/install/abaja_interfaces/include/abaja_interfaces/abaja_interfaces/msg/detail/detected_object__functions.h
[1.382s] -- Up-to-date symlink: /home/pavithra/ros2_ws/install/abaja_interfaces/include/abaja_interfaces/abaja_interfaces/msg/detail/detected_object__struct.h
[1.382s] -- Up-to-date symlink: /home/pavithra/ros2_ws/install/abaja_interfaces/include/abaja_interfaces/abaja_interfaces/msg/detail/detected_object__type_support.h
[1.382s] -- Up-to-date symlink: /home/pavithra/ros2_ws/install/abaja_interfaces/include/abaja_interfaces/abaja_interfaces/msg/detail/detected_object_array__functions.h
[1.383s] -- Up-to-date symlink: /home/pavithra/ros2_ws/install/abaja_interfaces/include/abaja_interfaces/abaja_interfaces/msg/detail/detected_object_array__struct.h
[1.383s] -- Up-to-date symlink: /home/pavithra/ros2_ws/install/abaja_interfaces/include/abaja_interfaces/abaja_interfaces/msg/detail/detected_object_array__type_support.h
[1.383s] -- Up-to-date symlink: /home/pavithra/ros2_ws/install/abaja_interfaces/include/abaja_interfaces/abaja_interfaces/msg/detail/mode_status__functions.h
[1.383s] -- Up-to-date symlink: /home/pavithra/ros2_ws/install/abaja_interfaces/include/abaja_interfaces/abaja_interfaces/msg/detail/mode_status__struct.h
[1.383s] -- Up-to-date symlink: /home/pavithra/ros2_ws/install/abaja_interfaces/include/abaja_interfaces/abaja_interfaces/msg/detail/mode_status__type_support.h
[1.383s] -- Up-to-date symlink: /home/pavithra/ros2_ws/install/abaja_interfaces/include/abaja_interfaces/abaja_interfaces/msg/detail/steering_feedback__functions.h
[1.383s] -- Up-to-date symlink: /home/pavithra/ros2_ws/install/abaja_interfaces/include/abaja_interfaces/abaja_interfaces/msg/detail/steering_feedback__struct.h
[1.383s] -- Up-to-date symlink: /home/pavithra/ros2_ws/install/abaja_interfaces/include/abaja_interfaces/abaja_interfaces/msg/detail/steering_feedback__type_support.h
[1.384s] -- Up-to-date symlink: /home/pavithra/ros2_ws/install/abaja_interfaces/include/abaja_interfaces/abaja_interfaces/msg/detail/vehicle_state__functions.h
[1.384s] -- Up-to-date symlink: /home/pavithra/ros2_ws/install/abaja_interfaces/include/abaja_interfaces/abaja_interfaces/msg/detail/vehicle_state__struct.h
[1.384s] -- Up-to-date symlink: /home/pavithra/ros2_ws/install/abaja_interfaces/include/abaja_interfaces/abaja_interfaces/msg/detail/vehicle_state__type_support.h
[1.384s] -- Up-to-date symlink: /home/pavithra/ros2_ws/install/abaja_interfaces/include/abaja_interfaces/abaja_interfaces/msg/detail/wheel_speed__functions.h
[1.384s] -- Up-to-date symlink: /home/pavithra/ros2_ws/install/abaja_interfaces/include/abaja_interfaces/abaja_interfaces/msg/detail/wheel_speed__struct.h
[1.384s] -- Up-to-date symlink: /home/pavithra/ros2_ws/install/abaja_interfaces/include/abaja_interfaces/abaja_interfaces/msg/detail/wheel_speed__type_support.h
[1.384s] -- Up-to-date symlink: /home/pavithra/ros2_ws/install/abaja_interfaces/include/abaja_interfaces/abaja_interfaces/msg/detected_object.h
[1.384s] -- Up-to-date symlink: /home/pavithra/ros2_ws/install/abaja_interfaces/include/abaja_interfaces/abaja_interfaces/msg/detected_object_array.h
[1.385s] -- Up-to-date symlink: /home/pavithra/ros2_ws/install/abaja_interfaces/include/abaja_interfaces/abaja_interfaces/msg/mode_status.h
[1.385s] -- Up-to-date symlink: /home/pavithra/ros2_ws/install/abaja_interfaces/include/abaja_interfaces/abaja_interfaces/msg/rosidl_generator_c__visibility_control.h
[1.385s] -- Up-to-date symlink: /home/pavithra/ros2_ws/install/abaja_interfaces/include/abaja_interfaces/abaja_interfaces/msg/steering_feedback.h
[1.385s] -- Up-to-date symlink: /home/pavithra/ros2_ws/install/abaja_interfaces/include/abaja_interfaces/abaja_interfaces/msg/vehicle_state.h
[1.385s] -- Up-to-date symlink: /home/pavithra/ros2_ws/install/abaja_interfaces/include/abaja_interfaces/abaja_interfaces/msg/wheel_speed.h
[1.385s] -- Up-to-date symlink: /home/pavithra/ros2_ws/install/abaja_interfaces/share/abaja_interfaces/environment/library_path.sh
[1.385s] -- Up-to-date symlink: /home/pavithra/ros2_ws/install/abaja_interfaces/share/abaja_interfaces/environment/library_path.dsv
[1.385s] -- Up-to-date symlink: /home/pavithra/ros2_ws/install/abaja_interfaces/include/abaja_interfaces/abaja_interfaces/msg/detail/battery_status__rosidl_typesupport_fastrtps_c.h
[1.386s] -- Up-to-date symlink: /home/pavithra/ros2_ws/install/abaja_interfaces/include/abaja_interfaces/abaja_interfaces/msg/detail/control_cmd__rosidl_typesupport_fastrtps_c.h
[1.386s] -- Up-to-date symlink: /home/pavithra/ros2_ws/install/abaja_interfaces/include/abaja_interfaces/abaja_interfaces/msg/detail/dbw_cmd__rosidl_typesupport_fastrtps_c.h
[1.390s] -- Up-to-date symlink: /home/pavithra/ros2_ws/install/abaja_interfaces/include/abaja_interfaces/abaja_interfaces/msg/detail/dbw_status__rosidl_typesupport_fastrtps_c.h
[1.390s] -- Up-to-date symlink: /home/pavithra/ros2_ws/install/abaja_interfaces/include/abaja_interfaces/abaja_interfaces/msg/detail/detected_object__rosidl_typesupport_fastrtps_c.h
[1.390s] -- Up-to-date symlink: /home/pavithra/ros2_ws/install/abaja_interfaces/include/abaja_interfaces/abaja_interfaces/msg/detail/detected_object_array__rosidl_typesupport_fastrtps_c.h
[1.390s] -- Up-to-date symlink: /home/pavithra/ros2_ws/install/abaja_interfaces/include/abaja_interfaces/abaja_interfaces/msg/detail/mode_status__rosidl_typesupport_fastrtps_c.h
[1.390s] -- Up-to-date symlink: /home/pavithra/ros2_ws/install/abaja_interfaces/include/abaja_interfaces/abaja_interfaces/msg/detail/steering_feedback__rosidl_typesupport_fastrtps_c.h
[1.390s] -- Up-to-date symlink: /home/pavithra/ros2_ws/install/abaja_interfaces/include/abaja_interfaces/abaja_interfaces/msg/detail/vehicle_state__rosidl_typesupport_fastrtps_c.h
[1.390s] -- Up-to-date symlink: /home/pavithra/ros2_ws/install/abaja_interfaces/include/abaja_interfaces/abaja_interfaces/msg/detail/wheel_speed__rosidl_typesupport_fastrtps_c.h
[1.391s] -- Up-to-date symlink: /home/pavithra/ros2_ws/install/abaja_interfaces/include/abaja_interfaces/abaja_interfaces/msg/rosidl_typesupport_fastrtps_c__visibility_control.h
[1.391s] -- Up-to-date symlink: /home/pavithra/ros2_ws/install/abaja_interfaces/include/abaja_interfaces/abaja_interfaces/msg/detail/battery_status__rosidl_typesupport_introspection_c.h
[1.391s] -- Up-to-date symlink: /home/pavithra/ros2_ws/install/abaja_interfaces/include/abaja_interfaces/abaja_interfaces/msg/detail/control_cmd__rosidl_typesupport_introspection_c.h
[1.391s] -- Up-to-date symlink: /home/pavithra/ros2_ws/install/abaja_interfaces/include/abaja_interfaces/abaja_interfaces/msg/detail/dbw_cmd__rosidl_typesupport_introspection_c.h
[1.391s] -- Up-to-date symlink: /home/pavithra/ros2_ws/install/abaja_interfaces/include/abaja_interfaces/abaja_interfaces/msg/detail/dbw_status__rosidl_typesupport_introspection_c.h
[1.391s] -- Up-to-date symlink: /home/pavithra/ros2_ws/install/abaja_interfaces/include/abaja_interfaces/abaja_interfaces/msg/detail/detected_object__rosidl_typesupport_introspection_c.h
[1.391s] -- Up-to-date symlink: /home/pavithra/ros2_ws/install/abaja_interfaces/include/abaja_interfaces/abaja_interfaces/msg/detail/detected_object_array__rosidl_typesupport_introspection_c.h
[1.391s] -- Up-to-date symlink: /home/pavithra/ros2_ws/install/abaja_interfaces/include/abaja_interfaces/abaja_interfaces/msg/detail/mode_status__rosidl_typesupport_introspection_c.h
[1.391s] -- Up-to-date symlink: /home/pavithra/ros2_ws/install/abaja_interfaces/include/abaja_interfaces/abaja_interfaces/msg/detail/steering_feedback__rosidl_typesupport_introspection_c.h
[1.391s] -- Up-to-date symlink: /home/pavithra/ros2_ws/install/abaja_interfaces/include/abaja_interfaces/abaja_interfaces/msg/detail/vehicle_state__rosidl_typesupport_introspection_c.h
[1.392s] -- Up-to-date symlink: /home/pavithra/ros2_ws/install/abaja_interfaces/include/abaja_interfaces/abaja_interfaces/msg/detail/wheel_speed__rosidl_typesupport_introspection_c.h
[1.392s] -- Up-to-date symlink: /home/pavithra/ros2_ws/install/abaja_interfaces/include/abaja_interfaces/abaja_interfaces/msg/rosidl_typesupport_introspection_c__visibility_control.h
[1.392s] -- Up-to-date symlink: /home/pavithra/ros2_ws/install/abaja_interfaces/include/abaja_interfaces/abaja_interfaces/msg/battery_status.hpp
[1.392s] -- Up-to-date symlink: /home/pavithra/ros2_ws/install/abaja_interfaces/include/abaja_interfaces/abaja_interfaces/msg/control_cmd.hpp
[1.392s] -- Up-to-date symlink: /home/pavithra/ros2_ws/install/abaja_interfaces/include/abaja_interfaces/abaja_interfaces/msg/dbw_cmd.hpp
[1.392s] -- Up-to-date symlink: /home/pavithra/ros2_ws/install/abaja_interfaces/include/abaja_interfaces/abaja_interfaces/msg/dbw_status.hpp
[1.392s] -- Up-to-date symlink: /home/pavithra/ros2_ws/install/abaja_interfaces/include/abaja_interfaces/abaja_interfaces/msg/detail/battery_status__builder.hpp
[1.392s] -- Up-to-date symlink: /home/pavithra/ros2_ws/install/abaja_interfaces/include/abaja_interfaces/abaja_interfaces/msg/detail/battery_status__struct.hpp
[1.392s] -- Up-to-date symlink: /home/pavithra/ros2_ws/install/abaja_interfaces/include/abaja_interfaces/abaja_interfaces/msg/detail/battery_status__traits.hpp
[1.392s] -- Up-to-date symlink: /home/pavithra/ros2_ws/install/abaja_interfaces/include/abaja_interfaces/abaja_interfaces/msg/detail/battery_status__type_support.hpp
[1.393s] -- Up-to-date symlink: /home/pavithra/ros2_ws/install/abaja_interfaces/include/abaja_interfaces/abaja_interfaces/msg/detail/control_cmd__builder.hpp
[1.393s] -- Up-to-date symlink: /home/pavithra/ros2_ws/install/abaja_interfaces/include/abaja_interfaces/abaja_interfaces/msg/detail/control_cmd__struct.hpp
[1.393s] -- Up-to-date symlink: /home/pavithra/ros2_ws/install/abaja_interfaces/include/abaja_interfaces/abaja_interfaces/msg/detail/control_cmd__traits.hpp
[1.393s] -- Up-to-date symlink: /home/pavithra/ros2_ws/install/abaja_interfaces/include/abaja_interfaces/abaja_interfaces/msg/detail/control_cmd__type_support.hpp
[1.393s] -- Up-to-date symlink: /home/pavithra/ros2_ws/install/abaja_interfaces/include/abaja_interfaces/abaja_interfaces/msg/detail/dbw_cmd__builder.hpp
[1.393s] -- Up-to-date symlink: /home/pavithra/ros2_ws/install/abaja_interfaces/include/abaja_interfaces/abaja_interfaces/msg/detail/dbw_cmd__struct.hpp
[1.393s] -- Up-to-date symlink: /home/pavithra/ros2_ws/install/abaja_interfaces/include/abaja_interfaces/abaja_interfaces/msg/detail/dbw_cmd__traits.hpp
[1.393s] -- Up-to-date symlink: /home/pavithra/ros2_ws/install/abaja_interfaces/include/abaja_interfaces/abaja_interfaces/msg/detail/dbw_cmd__type_support.hpp
[1.393s] -- Up-to-date symlink: /home/pavithra/ros2_ws/install/abaja_interfaces/include/abaja_interfaces/abaja_interfaces/msg/detail/dbw_status__builder.hpp
[1.394s] -- Up-to-date symlink: /home/pavithra/ros2_ws/install/abaja_interfaces/include/abaja_interfaces/abaja_interfaces/msg/detail/dbw_status__struct.hpp
[1.394s] -- Up-to-date symlink: /home/pavithra/ros2_ws/install/abaja_interfaces/include/abaja_interfaces/abaja_interfaces/msg/detail/dbw_status__traits.hpp
[1.394s] -- Up-to-date symlink: /home/pavithra/ros2_ws/install/abaja_interfaces/include/abaja_interfaces/abaja_interfaces/msg/detail/dbw_status__type_support.hpp
[1.394s] -- Up-to-date symlink: /home/pavithra/ros2_ws/install/abaja_interfaces/include/abaja_interfaces/abaja_interfaces/msg/detail/detected_object__builder.hpp
[1.394s] -- Up-to-date symlink: /home/pavithra/ros2_ws/install/abaja_interfaces/include/abaja_interfaces/abaja_interfaces/msg/detail/detected_object__struct.hpp
[1.394s] -- Up-to-date symlink: /home/pavithra/ros2_ws/install/abaja_interfaces/include/abaja_interfaces/abaja_interfaces/msg/detail/detected_object__traits.hpp
[1.394s] -- Up-to-date symlink: /home/pavithra/ros2_ws/install/abaja_interfaces/include/abaja_interfaces/abaja_interfaces/msg/detail/detected_object__type_support.hpp
[1.394s] -- Up-to-date symlink: /home/pavithra/ros2_ws/install/abaja_interfaces/include/abaja_interfaces/abaja_interfaces/msg/detail/detected_object_array__builder.hpp
[1.394s] -- Up-to-date symlink: /home/pavithra/ros2_ws/install/abaja_interfaces/include/abaja_interfaces/abaja_interfaces/msg/detail/detected_object_array__struct.hpp
[1.394s] -- Up-to-date symlink: /home/pavithra/ros2_ws/install/abaja_interfaces/include/abaja_interfaces/abaja_interfaces/msg/detail/detected_object_array__traits.hpp
[1.395s] -- Up-to-date symlink: /home/pavithra/ros2_ws/install/abaja_interfaces/include/abaja_interfaces/abaja_interfaces/msg/detail/detected_object_array__type_support.hpp
[1.395s] -- Up-to-date symlink: /home/pavithra/ros2_ws/install/abaja_interfaces/include/abaja_interfaces/abaja_interfaces/msg/detail/mode_status__builder.hpp
[1.395s] -- Up-to-date symlink: /home/pavithra/ros2_ws/install/abaja_interfaces/include/abaja_interfaces/abaja_interfaces/msg/detail/mode_status__struct.hpp
[1.395s] -- Up-to-date symlink: /home/pavithra/ros2_ws/install/abaja_interfaces/include/abaja_interfaces/abaja_interfaces/msg/detail/mode_status__traits.hpp
[1.395s] -- Up-to-date symlink: /home/pavithra/ros2_ws/install/abaja_interfaces/include/abaja_interfaces/abaja_interfaces/msg/detail/mode_status__type_support.hpp
[1.395s] -- Up-to-date symlink: /home/pavithra/ros2_ws/install/abaja_interfaces/include/abaja_interfaces/abaja_interfaces/msg/detail/steering_feedback__builder.hpp
[1.395s] -- Up-to-date symlink: /home/pavithra/ros2_ws/install/abaja_interfaces/include/abaja_interfaces/abaja_interfaces/msg/detail/steering_feedback__struct.hpp
[1.395s] -- Up-to-date symlink: /home/pavithra/ros2_ws/install/abaja_interfaces/include/abaja_interfaces/abaja_interfaces/msg/detail/steering_feedback__traits.hpp
[1.395s] -- Up-to-date symlink: /home/pavithra/ros2_ws/install/abaja_interfaces/include/abaja_interfaces/abaja_interfaces/msg/detail/steering_feedback__type_support.hpp
[1.395s] -- Up-to-date symlink: /home/pavithra/ros2_ws/install/abaja_interfaces/include/abaja_interfaces/abaja_interfaces/msg/detail/vehicle_state__builder.hpp
[1.395s] -- Up-to-date symlink: /home/pavithra/ros2_ws/install/abaja_interfaces/include/abaja_interfaces/abaja_interfaces/msg/detail/vehicle_state__struct.hpp
[1.396s] -- Up-to-date symlink: /home/pavithra/ros2_ws/install/abaja_interfaces/include/abaja_interfaces/abaja_interfaces/msg/detail/vehicle_state__traits.hpp
[1.396s] -- Up-to-date symlink: /home/pavithra/ros2_ws/install/abaja_interfaces/include/abaja_interfaces/abaja_interfaces/msg/detail/vehicle_state__type_support.hpp
[1.396s] -- Up-to-date symlink: /home/pavithra/ros2_ws/install/abaja_interfaces/include/abaja_interfaces/abaja_interfaces/msg/detail/wheel_speed__builder.hpp
[1.396s] -- Up-to-date symlink: /home/pavithra/ros2_ws/install/abaja_interfaces/include/abaja_interfaces/abaja_interfaces/msg/detail/wheel_speed__struct.hpp
[1.396s] -- Up-to-date symlink: /home/pavithra/ros2_ws/install/abaja_interfaces/include/abaja_interfaces/abaja_interfaces/msg/detail/wheel_speed__traits.hpp
[1.396s] -- Up-to-date symlink: /home/pavithra/ros2_ws/install/abaja_interfaces/include/abaja_interfaces/abaja_interfaces/msg/detail/wheel_speed__type_support.hpp
[1.396s] -- Up-to-date symlink: /home/pavithra/ros2_ws/install/abaja_interfaces/include/abaja_interfaces/abaja_interfaces/msg/detected_object.hpp
[1.396s] -- Up-to-date symlink: /home/pavithra/ros2_ws/install/abaja_interfaces/include/abaja_interfaces/abaja_interfaces/msg/detected_object_array.hpp
[1.396s] -- Up-to-date symlink: /home/pavithra/ros2_ws/install/abaja_interfaces/include/abaja_interfaces/abaja_interfaces/msg/mode_status.hpp
[1.396s] -- Up-to-date symlink: /home/pavithra/ros2_ws/install/abaja_interfaces/include/abaja_interfaces/abaja_interfaces/msg/rosidl_generator_cpp__visibility_control.hpp
[1.397s] -- Up-to-date symlink: /home/pavithra/ros2_ws/install/abaja_interfaces/include/abaja_interfaces/abaja_interfaces/msg/steering_feedback.hpp
[1.397s] -- Up-to-date symlink: /home/pavithra/ros2_ws/install/abaja_interfaces/include/abaja_interfaces/abaja_interfaces/msg/vehicle_state.hpp
[1.397s] -- Up-to-date symlink: /home/pavithra/ros2_ws/install/abaja_interfaces/include/abaja_interfaces/abaja_interfaces/msg/wheel_speed.hpp
[1.397s] -- Up-to-date symlink: /home/pavithra/ros2_ws/install/abaja_interfaces/include/abaja_interfaces/abaja_interfaces/msg/detail/battery_status__rosidl_typesupport_fastrtps_cpp.hpp
[1.397s] -- Up-to-date symlink: /home/pavithra/ros2_ws/install/abaja_interfaces/include/abaja_interfaces/abaja_interfaces/msg/detail/control_cmd__rosidl_typesupport_fastrtps_cpp.hpp
[1.397s] -- Up-to-date symlink: /home/pavithra/ros2_ws/install/abaja_interfaces/include/abaja_interfaces/abaja_interfaces/msg/detail/dbw_cmd__rosidl_typesupport_fastrtps_cpp.hpp
[1.398s] -- Up-to-date symlink: /home/pavithra/ros2_ws/install/abaja_interfaces/include/abaja_interfaces/abaja_interfaces/msg/detail/dbw_status__rosidl_typesupport_fastrtps_cpp.hpp
[1.398s] -- Up-to-date symlink: /home/pavithra/ros2_ws/install/abaja_interfaces/include/abaja_interfaces/abaja_interfaces/msg/detail/detected_object__rosidl_typesupport_fastrtps_cpp.hpp
[1.398s] -- Up-to-date symlink: /home/pavithra/ros2_ws/install/abaja_interfaces/include/abaja_interfaces/abaja_interfaces/msg/detail/detected_object_array__rosidl_typesupport_fastrtps_cpp.hpp
[1.398s] -- Up-to-date symlink: /home/pavithra/ros2_ws/install/abaja_interfaces/include/abaja_interfaces/abaja_interfaces/msg/detail/mode_status__rosidl_typesupport_fastrtps_cpp.hpp
[1.398s] -- Up-to-date symlink: /home/pavithra/ros2_ws/install/abaja_interfaces/include/abaja_interfaces/abaja_interfaces/msg/detail/steering_feedback__rosidl_typesupport_fastrtps_cpp.hpp
[1.398s] -- Up-to-date symlink: /home/pavithra/ros2_ws/install/abaja_interfaces/include/abaja_interfaces/abaja_interfaces/msg/detail/vehicle_state__rosidl_typesupport_fastrtps_cpp.hpp
[1.398s] -- Up-to-date symlink: /home/pavithra/ros2_ws/install/abaja_interfaces/include/abaja_interfaces/abaja_interfaces/msg/detail/wheel_speed__rosidl_typesupport_fastrtps_cpp.hpp
[1.399s] -- Up-to-date symlink: /home/pavithra/ros2_ws/install/abaja_interfaces/include/abaja_interfaces/abaja_interfaces/msg/rosidl_typesupport_fastrtps_cpp__visibility_control.h
[1.399s] -- Up-to-date symlink: /home/pavithra/ros2_ws/install/abaja_interfaces/include/abaja_interfaces/abaja_interfaces/msg/detail/battery_status__rosidl_typesupport_introspection_cpp.hpp
[1.399s] -- Up-to-date symlink: /home/pavithra/ros2_ws/install/abaja_interfaces/include/abaja_interfaces/abaja_interfaces/msg/detail/control_cmd__rosidl_typesupport_introspection_cpp.hpp
[1.400s] -- Up-to-date symlink: /home/pavithra/ros2_ws/install/abaja_interfaces/include/abaja_interfaces/abaja_interfaces/msg/detail/dbw_cmd__rosidl_typesupport_introspection_cpp.hpp
[1.400s] -- Up-to-date symlink: /home/pavithra/ros2_ws/install/abaja_interfaces/include/abaja_interfaces/abaja_interfaces/msg/detail/dbw_status__rosidl_typesupport_introspection_cpp.hpp
[1.400s] -- Up-to-date symlink: /home/pavithra/ros2_ws/install/abaja_interfaces/include/abaja_interfaces/abaja_interfaces/msg/detail/detected_object__rosidl_typesupport_introspection_cpp.hpp
[1.400s] -- Up-to-date symlink: /home/pavithra/ros2_ws/install/abaja_interfaces/include/abaja_interfaces/abaja_interfaces/msg/detail/detected_object_array__rosidl_typesupport_introspection_cpp.hpp
[1.400s] -- Up-to-date symlink: /home/pavithra/ros2_ws/install/abaja_interfaces/include/abaja_interfaces/abaja_interfaces/msg/detail/mode_status__rosidl_typesupport_introspection_cpp.hpp
[1.401s] -- Up-to-date symlink: /home/pavithra/ros2_ws/install/abaja_interfaces/include/abaja_interfaces/abaja_interfaces/msg/detail/steering_feedback__rosidl_typesupport_introspection_cpp.hpp
[1.402s] -- Up-to-date symlink: /home/pavithra/ros2_ws/install/abaja_interfaces/include/abaja_interfaces/abaja_interfaces/msg/detail/vehicle_state__rosidl_typesupport_introspection_cpp.hpp
[1.403s] -- Up-to-date symlink: /home/pavithra/ros2_ws/install/abaja_interfaces/include/abaja_interfaces/abaja_interfaces/msg/detail/wheel_speed__rosidl_typesupport_introspection_cpp.hpp
[1.404s] -- Up-to-date symlink: /home/pavithra/ros2_ws/install/abaja_interfaces/share/abaja_interfaces/environment/pythonpath.sh
[1.404s] -- Up-to-date symlink: /home/pavithra/ros2_ws/install/abaja_interfaces/share/abaja_interfaces/environment/pythonpath.dsv
[1.404s] -- Up-to-date symlink: /home/pavithra/ros2_ws/install/abaja_interfaces/lib/python3.12/site-packages/abaja_interfaces-0.0.0-py3.12.egg-info/PKG-INFO
[1.404s] -- Up-to-date symlink: /home/pavithra/ros2_ws/install/abaja_interfaces/lib/python3.12/site-packages/abaja_interfaces-0.0.0-py3.12.egg-info/SOURCES.txt
[1.405s] -- Up-to-date symlink: /home/pavithra/ros2_ws/install/abaja_interfaces/lib/python3.12/site-packages/abaja_interfaces-0.0.0-py3.12.egg-info/dependency_links.txt
[1.405s] -- Up-to-date symlink: /home/pavithra/ros2_ws/install/abaja_interfaces/lib/python3.12/site-packages/abaja_interfaces-0.0.0-py3.12.egg-info/top_level.txt
[1.405s] -- Up-to-date symlink: /home/pavithra/ros2_ws/install/abaja_interfaces/lib/python3.12/site-packages/abaja_interfaces/__init__.py
[1.405s] -- Up-to-date symlink: /home/pavithra/ros2_ws/install/abaja_interfaces/lib/python3.12/site-packages/abaja_interfaces/_abaja_interfaces_s.ep.rosidl_typesupport_c.c
[1.405s] -- Up-to-date symlink: /home/pavithra/ros2_ws/install/abaja_interfaces/lib/python3.12/site-packages/abaja_interfaces/_abaja_interfaces_s.ep.rosidl_typesupport_fastrtps_c.c
[1.405s] -- Up-to-date symlink: /home/pavithra/ros2_ws/install/abaja_interfaces/lib/python3.12/site-packages/abaja_interfaces/_abaja_interfaces_s.ep.rosidl_typesupport_introspection_c.c
[1.405s] -- Up-to-date symlink: /home/pavithra/ros2_ws/install/abaja_interfaces/lib/python3.12/site-packages/abaja_interfaces/abaja_interfaces_s__rosidl_typesupport_c.so
[1.406s] -- Up-to-date symlink: /home/pavithra/ros2_ws/install/abaja_interfaces/lib/python3.12/site-packages/abaja_interfaces/abaja_interfaces_s__rosidl_typesupport_fastrtps_c.so
[1.406s] -- Up-to-date symlink: /home/pavithra/ros2_ws/install/abaja_interfaces/lib/python3.12/site-packages/abaja_interfaces/abaja_interfaces_s__rosidl_typesupport_introspection_c.so
[1.406s] -- Up-to-date symlink: /home/pavithra/ros2_ws/install/abaja_interfaces/lib/python3.12/site-packages/abaja_interfaces/msg/__init__.py
[1.406s] -- Up-to-date symlink: /home/pavithra/ros2_ws/install/abaja_interfaces/lib/python3.12/site-packages/abaja_interfaces/msg/_battery_status.py
[1.406s] -- Up-to-date symlink: /home/pavithra/ros2_ws/install/abaja_interfaces/lib/python3.12/site-packages/abaja_interfaces/msg/_battery_status_s.c
[1.406s] -- Up-to-date symlink: /home/pavithra/ros2_ws/install/abaja_interfaces/lib/python3.12/site-packages/abaja_interfaces/msg/_control_cmd.py
[1.407s] -- Up-to-date symlink: /home/pavithra/ros2_ws/install/abaja_interfaces/lib/python3.12/site-packages/abaja_interfaces/msg/_control_cmd_s.c
[1.407s] -- Up-to-date symlink: /home/pavithra/ros2_ws/install/abaja_interfaces/lib/python3.12/site-packages/abaja_interfaces/msg/_dbw_cmd.py
[1.407s] -- Up-to-date symlink: /home/pavithra/ros2_ws/install/abaja_interfaces/lib/python3.12/site-packages/abaja_interfaces/msg/_dbw_cmd_s.c
[1.407s] -- Up-to-date symlink: /home/pavithra/ros2_ws/install/abaja_interfaces/lib/python3.12/site-packages/abaja_interfaces/msg/_dbw_status.py
[1.407s] -- Up-to-date symlink: /home/pavithra/ros2_ws/install/abaja_interfaces/lib/python3.12/site-packages/abaja_interfaces/msg/_dbw_status_s.c
[1.407s] -- Up-to-date symlink: /home/pavithra/ros2_ws/install/abaja_interfaces/lib/python3.12/site-packages/abaja_interfaces/msg/_detected_object.py
[1.407s] -- Up-to-date symlink: /home/pavithra/ros2_ws/install/abaja_interfaces/lib/python3.12/site-packages/abaja_interfaces/msg/_detected_object_array.py
[1.407s] -- Up-to-date symlink: /home/pavithra/ros2_ws/install/abaja_interfaces/lib/python3.12/site-packages/abaja_interfaces/msg/_detected_object_array_s.c
[1.408s] -- Up-to-date symlink: /home/pavithra/ros2_ws/install/abaja_interfaces/lib/python3.12/site-packages/abaja_interfaces/msg/_detected_object_s.c
[1.408s] -- Up-to-date symlink: /home/pavithra/ros2_ws/install/abaja_interfaces/lib/python3.12/site-packages/abaja_interfaces/msg/_mode_status.py
[1.408s] -- Up-to-date symlink: /home/pavithra/ros2_ws/install/abaja_interfaces/lib/python3.12/site-packages/abaja_interfaces/msg/_mode_status_s.c
[1.408s] -- Up-to-date symlink: /home/pavithra/ros2_ws/install/abaja_interfaces/lib/python3.12/site-packages/abaja_interfaces/msg/_steering_feedback.py
[1.408s] -- Up-to-date symlink: /home/pavithra/ros2_ws/install/abaja_interfaces/lib/python3.12/site-packages/abaja_interfaces/msg/_steering_feedback_s.c
[1.408s] -- Up-to-date symlink: /home/pavithra/ros2_ws/install/abaja_interfaces/lib/python3.12/site-packages/abaja_interfaces/msg/_vehicle_state.py
[1.408s] -- Up-to-date symlink: /home/pavithra/ros2_ws/install/abaja_interfaces/lib/python3.12/site-packages/abaja_interfaces/msg/_vehicle_state_s.c
[1.408s] -- Up-to-date symlink: /home/pavithra/ros2_ws/install/abaja_interfaces/lib/python3.12/site-packages/abaja_interfaces/msg/_wheel_speed.py
[1.408s] -- Up-to-date symlink: /home/pavithra/ros2_ws/install/abaja_interfaces/lib/python3.12/site-packages/abaja_interfaces/msg/_wheel_speed_s.c
[1.409s] -- Up-to-date symlink: /home/pavithra/ros2_ws/install/abaja_interfaces/lib/python3.12/site-packages/abaja_interfaces/abaja_interfaces_s__rosidl_typesupport_fastrtps_c.so
[1.409s] -- Up-to-date symlink: /home/pavithra/ros2_ws/install/abaja_interfaces/lib/python3.12/site-packages/abaja_interfaces/abaja_interfaces_s__rosidl_typesupport_introspection_c.so
[1.409s] -- Up-to-date symlink: /home/pavithra/ros2_ws/install/abaja_interfaces/lib/python3.12/site-packages/abaja_interfaces/abaja_interfaces_s__rosidl_typesupport_c.so
[1.409s] -- Up-to-date symlink: /home/pavithra/ros2_ws/install/abaja_interfaces/share/ament_index/resource_index/rust_packages/abaja_interfaces
[1.409s] -- Up-to-date symlink: /home/pavithra/ros2_ws/install/abaja_interfaces/share/abaja_interfaces/rust/Cargo.toml
[1.409s] -- Up-to-date symlink: /home/pavithra/ros2_ws/install/abaja_interfaces/share/abaja_interfaces/rust/build.rs
[1.409s] -- Up-to-date symlink: /home/pavithra/ros2_ws/install/abaja_interfaces/share/abaja_interfaces/rust/src/lib.rs
[1.409s] -- Up-to-date symlink: /home/pavithra/ros2_ws/install/abaja_interfaces/share/abaja_interfaces/rust/src/msg.rs
[1.413s] -- Up-to-date symlink: /home/pavithra/ros2_ws/install/abaja_interfaces/share/abaja_interfaces/rust/src/msg/rmw.rs
[1.413s] -- Up-to-date symlink: /home/pavithra/ros2_ws/install/abaja_interfaces/share/abaja_interfaces/msg/ControlCmd.idl
[1.413s] -- Up-to-date symlink: /home/pavithra/ros2_ws/install/abaja_interfaces/share/abaja_interfaces/msg/VehicleState.idl
[1.414s] -- Up-to-date symlink: /home/pavithra/ros2_ws/install/abaja_interfaces/share/abaja_interfaces/msg/WheelSpeed.idl
[1.415s] -- Up-to-date symlink: /home/pavithra/ros2_ws/install/abaja_interfaces/share/abaja_interfaces/msg/SteeringFeedback.idl
[1.415s] -- Up-to-date symlink: /home/pavithra/ros2_ws/install/abaja_interfaces/share/abaja_interfaces/msg/BatteryStatus.idl
[1.415s] -- Up-to-date symlink: /home/pavithra/ros2_ws/install/abaja_interfaces/share/abaja_interfaces/msg/ModeStatus.idl
[1.415s] -- Up-to-date symlink: /home/pavithra/ros2_ws/install/abaja_interfaces/share/abaja_interfaces/msg/DbwCmd.idl
[1.416s] -- Up-to-date symlink: /home/pavithra/ros2_ws/install/abaja_interfaces/share/abaja_interfaces/msg/DbwStatus.idl
[1.416s] -- Up-to-date symlink: /home/pavithra/ros2_ws/install/abaja_interfaces/share/abaja_interfaces/msg/DetectedObject.idl
[1.416s] -- Up-to-date symlink: /home/pavithra/ros2_ws/install/abaja_interfaces/share/abaja_interfaces/msg/DetectedObjectArray.idl
[1.416s] -- Up-to-date symlink: /home/pavithra/ros2_ws/install/abaja_interfaces/share/abaja_interfaces/msg/ControlCmd.msg
[1.417s] -- Up-to-date symlink: /home/pavithra/ros2_ws/install/abaja_interfaces/share/abaja_interfaces/msg/VehicleState.msg
[1.417s] -- Up-to-date symlink: /home/pavithra/ros2_ws/install/abaja_interfaces/share/abaja_interfaces/msg/WheelSpeed.msg
[1.417s] -- Up-to-date symlink: /home/pavithra/ros2_ws/install/abaja_interfaces/share/abaja_interfaces/msg/SteeringFeedback.msg
[1.417s] -- Up-to-date symlink: /home/pavithra/ros2_ws/install/abaja_interfaces/share/abaja_interfaces/msg/BatteryStatus.msg
[1.417s] -- Up-to-date symlink: /home/pavithra/ros2_ws/install/abaja_interfaces/share/abaja_interfaces/msg/ModeStatus.msg
[1.418s] -- Up-to-date symlink: /home/pavithra/ros2_ws/install/abaja_interfaces/share/abaja_interfaces/msg/DbwCmd.msg
[1.418s] -- Up-to-date symlink: /home/pavithra/ros2_ws/install/abaja_interfaces/share/abaja_interfaces/msg/DbwStatus.msg
[1.419s] -- Up-to-date symlink: /home/pavithra/ros2_ws/install/abaja_interfaces/share/abaja_interfaces/msg/DetectedObject.msg
[1.421s] -- Up-to-date symlink: /home/pavithra/ros2_ws/install/abaja_interfaces/share/abaja_interfaces/msg/DetectedObjectArray.msg
[1.422s] -- Up-to-date symlink: /home/pavithra/ros2_ws/install/abaja_interfaces/share/ament_index/resource_index/package_run_dependencies/abaja_interfaces
[1.422s] -- Up-to-date symlink: /home/pavithra/ros2_ws/install/abaja_interfaces/share/ament_index/resource_index/parent_prefix_path/abaja_interfaces
[1.422s] -- Up-to-date symlink: /home/pavithra/ros2_ws/install/abaja_interfaces/share/abaja_interfaces/environment/ament_prefix_path.sh
[1.423s] -- Up-to-date symlink: /home/pavithra/ros2_ws/install/abaja_interfaces/share/abaja_interfaces/environment/ament_prefix_path.dsv
[1.423s] -- Up-to-date symlink: /home/pavithra/ros2_ws/install/abaja_interfaces/share/abaja_interfaces/environment/path.sh
[1.423s] -- Up-to-date symlink: /home/pavithra/ros2_ws/install/abaja_interfaces/share/abaja_interfaces/environment/path.dsv
[1.423s] -- Up-to-date symlink: /home/pavithra/ros2_ws/install/abaja_interfaces/share/abaja_interfaces/local_setup.bash
[1.423s] -- Up-to-date symlink: /home/pavithra/ros2_ws/install/abaja_interfaces/share/abaja_interfaces/local_setup.sh
[1.423s] -- Up-to-date symlink: /home/pavithra/ros2_ws/install/abaja_interfaces/share/abaja_interfaces/local_setup.zsh
[1.423s] -- Up-to-date symlink: /home/pavithra/ros2_ws/install/abaja_interfaces/share/abaja_interfaces/local_setup.dsv
[1.424s] -- Symlinking: /home/pavithra/ros2_ws/install/abaja_interfaces/share/abaja_interfaces/package.dsv
[1.424s] -- Up-to-date symlink: /home/pavithra/ros2_ws/install/abaja_interfaces/share/ament_index/resource_index/packages/abaja_interfaces
[1.424s] -- Up-to-date symlink: /home/pavithra/ros2_ws/install/abaja_interfaces/share/abaja_interfaces/cmake/rosidl_cmake-extras.cmake
[1.425s] -- Up-to-date symlink: /home/pavithra/ros2_ws/install/abaja_interfaces/share/abaja_interfaces/cmake/ament_cmake_export_dependencies-extras.cmake
[1.425s] -- Up-to-date symlink: /home/pavithra/ros2_ws/install/abaja_interfaces/share/abaja_interfaces/cmake/ament_cmake_export_include_directories-extras.cmake
[1.425s] -- Up-to-date symlink: /home/pavithra/ros2_ws/install/abaja_interfaces/share/abaja_interfaces/cmake/ament_cmake_export_libraries-extras.cmake
[1.425s] -- Up-to-date symlink: /home/pavithra/ros2_ws/install/abaja_interfaces/share/abaja_interfaces/cmake/ament_cmake_export_targets-extras.cmake
[1.425s] -- Up-to-date symlink: /home/pavithra/ros2_ws/install/abaja_interfaces/share/abaja_interfaces/cmake/rosidl_cmake_export_typesupport_targets-extras.cmake
[1.426s] -- Up-to-date symlink: /home/pavithra/ros2_ws/install/abaja_interfaces/share/abaja_interfaces/cmake/rosidl_cmake_export_typesupport_libraries-extras.cmake
[1.426s] -- Up-to-date symlink: /home/pavithra/ros2_ws/install/abaja_interfaces/share/abaja_interfaces/cmake/abaja_interfacesConfig.cmake
[1.426s] -- Up-to-date symlink: /home/pavithra/ros2_ws/install/abaja_interfaces/share/abaja_interfaces/cmake/abaja_interfacesConfig-version.cmake
[1.426s] -- Up-to-date symlink: /home/pavithra/ros2_ws/install/abaja_interfaces/share/abaja_interfaces/package.xml
[1.426s] -- Up-to-date: /home/pavithra/ros2_ws/install/abaja_interfaces/lib/libabaja_interfaces__rosidl_generator_c.so
[1.426s] -- Up-to-date: /home/pavithra/ros2_ws/install/abaja_interfaces/lib/libabaja_interfaces__rosidl_typesupport_fastrtps_c.so
[1.426s] -- Up-to-date: /home/pavithra/ros2_ws/install/abaja_interfaces/lib/libabaja_interfaces__rosidl_typesupport_introspection_c.so
[1.426s] -- Up-to-date: /home/pavithra/ros2_ws/install/abaja_interfaces/lib/libabaja_interfaces__rosidl_typesupport_c.so
[1.427s] -- Up-to-date: /home/pavithra/ros2_ws/install/abaja_interfaces/lib/libabaja_interfaces__rosidl_typesupport_fastrtps_cpp.so
[1.427s] -- Up-to-date: /home/pavithra/ros2_ws/install/abaja_interfaces/lib/libabaja_interfaces__rosidl_typesupport_introspection_cpp.so
[1.427s] -- Up-to-date: /home/pavithra/ros2_ws/install/abaja_interfaces/lib/libabaja_interfaces__rosidl_typesupport_cpp.so
[1.468s] Listing '/home/pavithra/ros2_ws/install/abaja_interfaces/lib/python3.12/site-packages/abaja_interfaces'...
[1.468s] Listing '/home/pavithra/ros2_ws/install/abaja_interfaces/lib/python3.12/site-packages/abaja_interfaces/msg'...
[1.480s] -- Up-to-date: /home/pavithra/ros2_ws/install/abaja_interfaces/lib/libabaja_interfaces__rosidl_generator_py.so
[1.481s] -- Up-to-date: /home/pavithra/ros2_ws/install/abaja_interfaces/share/abaja_interfaces/cmake/export_abaja_interfaces__rosidl_generator_cExport.cmake
[1.481s] -- Up-to-date: /home/pavithra/ros2_ws/install/abaja_interfaces/share/abaja_interfaces/cmake/export_abaja_interfaces__rosidl_generator_cExport-noconfig.cmake
[1.481s] -- Up-to-date: /home/pavithra/ros2_ws/install/abaja_interfaces/share/abaja_interfaces/cmake/export_abaja_interfaces__rosidl_typesupport_fastrtps_cExport.cmake
[1.481s] -- Up-to-date: /home/pavithra/ros2_ws/install/abaja_interfaces/share/abaja_interfaces/cmake/export_abaja_interfaces__rosidl_typesupport_fastrtps_cExport-noconfig.cmake
[1.481s] -- Up-to-date: /home/pavithra/ros2_ws/install/abaja_interfaces/share/abaja_interfaces/cmake/abaja_interfaces__rosidl_typesupport_introspection_cExport.cmake
[1.481s] -- Up-to-date: /home/pavithra/ros2_ws/install/abaja_interfaces/share/abaja_interfaces/cmake/abaja_interfaces__rosidl_typesupport_introspection_cExport-noconfig.cmake
[1.482s] -- Up-to-date: /home/pavithra/ros2_ws/install/abaja_interfaces/share/abaja_interfaces/cmake/abaja_interfaces__rosidl_typesupport_cExport.cmake
[1.482s] -- Up-to-date: /home/pavithra/ros2_ws/install/abaja_interfaces/share/abaja_interfaces/cmake/abaja_interfaces__rosidl_typesupport_cExport-noconfig.cmake
[1.482s] -- Up-to-date: /home/pavithra/ros2_ws/install/abaja_interfaces/share/abaja_interfaces/cmake/export_abaja_interfaces__rosidl_generator_cppExport.cmake
[1.482s] -- Up-to-date: /home/pavithra/ros2_ws/install/abaja_interfaces/share/abaja_interfaces/cmake/export_abaja_interfaces__rosidl_typesupport_fastrtps_cppExport.cmake
[1.483s] -- Up-to-date: /home/pavithra/ros2_ws/install/abaja_interfaces/share/abaja_interfaces/cmake/export_abaja_interfaces__rosidl_typesupport_fastrtps_cppExport-noconfig.cmake
[1.483s] -- Up-to-date: /home/pavithra/ros2_ws/install/abaja_interfaces/share/abaja_interfaces/cmake/abaja_interfaces__rosidl_typesupport_introspection_cppExport.cmake
[1.483s] -- Up-to-date: /home/pavithra/ros2_ws/install/abaja_interfaces/share/abaja_interfaces/cmake/abaja_interfaces__rosidl_typesupport_introspection_cppExport-noconfig.cmake
[1.484s] -- Up-to-date: /home/pavithra/ros2_ws/install/abaja_interfaces/share/abaja_interfaces/cmake/abaja_interfaces__rosidl_typesupport_cppExport.cmake
[1.484s] -- Up-to-date: /home/pavithra/ros2_ws/install/abaja_interfaces/share/abaja_interfaces/cmake/abaja_interfaces__rosidl_typesupport_cppExport-noconfig.cmake
[1.484s] -- Up-to-date: /home/pavithra/ros2_ws/install/abaja_interfaces/share/abaja_interfaces/cmake/export_abaja_interfaces__rosidl_generator_pyExport.cmake
[1.484s] -- Up-to-date: /home/pavithra/ros2_ws/install/abaja_interfaces/share/abaja_interfaces/cmake/export_abaja_interfaces__rosidl_generator_pyExport-noconfig.cmake
[1.486s] Invoked command in '/home/pavithra/ros2_ws/build/abaja_interfaces' returned '0': CMAKE_PREFIX_PATH=${CMAKE_PREFIX_PATH}:/opt/ros/jazzy DEBUGINFOD_URLS=https://debuginfod.ubuntu.com /usr/bin/cmake --install /home/pavithra/ros2_ws/build/abaja_interfaces
