running develop
Removing /home/pavithra/Intelligence_ABAJA-26/ros2_ws/install/abaja_teleop/lib/python3.12/site-packages/abaja-teleop.egg-link (link to .)
running egg_info
writing ../../build/abaja_teleop/abaja_teleop.egg-info/PKG-INFO
writing dependency_links to ../../build/abaja_teleop/abaja_teleop.egg-info/dependency_links.txt
writing entry points to ../../build/abaja_teleop/abaja_teleop.egg-info/entry_points.txt
writing requirements to ../../build/abaja_teleop/abaja_teleop.egg-info/requires.txt
writing top-level names to ../../build/abaja_teleop/abaja_teleop.egg-info/top_level.txt
reading manifest file '../../build/abaja_teleop/abaja_teleop.egg-info/SOURCES.txt'
writing manifest file '../../build/abaja_teleop/abaja_teleop.egg-info/SOURCES.txt'
running build
running build_py
creating /home/pavithra/Intelligence_ABAJA-26/ros2_ws/build/abaja_teleop/build
creating /home/pavithra/Intelligence_ABAJA-26/ros2_ws/build/abaja_teleop/build/lib
creating /home/pavithra/Intelligence_ABAJA-26/ros2_ws/build/abaja_teleop/build/lib/abaja_teleop
copying abaja_teleop/__init__.py -> /home/pavithra/Intelligence_ABAJA-26/ros2_ws/build/abaja_teleop/build/lib/abaja_teleop
copying abaja_teleop/sim_controller.py -> /home/pavithra/Intelligence_ABAJA-26/ros2_ws/build/abaja_teleop/build/lib/abaja_teleop
copying abaja_teleop/keyboard_teleop.py -> /home/pavithra/Intelligence_ABAJA-26/ros2_ws/build/abaja_teleop/build/lib/abaja_teleop
running install
running install_lib
creating /home/pavithra/Intelligence_ABAJA-26/ros2_ws/install/abaja_teleop/lib/python3.12/site-packages/abaja_teleop
copying /home/pavithra/Intelligence_ABAJA-26/ros2_ws/build/abaja_teleop/build/lib/abaja_teleop/__init__.py -> /home/pavithra/Intelligence_ABAJA-26/ros2_ws/install/abaja_teleop/lib/python3.12/site-packages/abaja_teleop
copying /home/pavithra/Intelligence_ABAJA-26/ros2_ws/build/abaja_teleop/build/lib/abaja_teleop/sim_controller.py -> /home/pavithra/Intelligence_ABAJA-26/ros2_ws/install/abaja_teleop/lib/python3.12/site-packages/abaja_teleop
copying /home/pavithra/Intelligence_ABAJA-26/ros2_ws/build/abaja_teleop/build/lib/abaja_teleop/keyboard_teleop.py -> /home/pavithra/Intelligence_ABAJA-26/ros2_ws/install/abaja_teleop/lib/python3.12/site-packages/abaja_teleop
byte-compiling /home/pavithra/Intelligence_ABAJA-26/ros2_ws/install/abaja_teleop/lib/python3.12/site-packages/abaja_teleop/__init__.py to __init__.cpython-312.pyc
byte-compiling /home/pavithra/Intelligence_ABAJA-26/ros2_ws/install/abaja_teleop/lib/python3.12/site-packages/abaja_teleop/sim_controller.py to sim_controller.cpython-312.pyc
byte-compiling /home/pavithra/Intelligence_ABAJA-26/ros2_ws/install/abaja_teleop/lib/python3.12/site-packages/abaja_teleop/keyboard_teleop.py to keyboard_teleop.cpython-312.pyc
running install_data
copying resource/abaja_teleop -> /home/pavithra/Intelligence_ABAJA-26/ros2_ws/install/abaja_teleop/share/ament_index/resource_index/packages
copying package.xml -> /home/pavithra/Intelligence_ABAJA-26/ros2_ws/install/abaja_teleop/share/abaja_teleop
copying launch/teleop.launch.py -> /home/pavithra/Intelligence_ABAJA-26/ros2_ws/install/abaja_teleop/share/abaja_teleop/launch
running install_egg_info
Copying ../../build/abaja_teleop/abaja_teleop.egg-info to /home/pavithra/Intelligence_ABAJA-26/ros2_ws/install/abaja_teleop/lib/python3.12/site-packages/abaja_teleop-0.1.0-py3.12.egg-info
running install_scripts
Installing keyboard_teleop script to /home/pavithra/Intelligence_ABAJA-26/ros2_ws/install/abaja_teleop/lib/abaja_teleop
Installing sim_controller script to /home/pavithra/Intelligence_ABAJA-26/ros2_ws/install/abaja_teleop/lib/abaja_teleop
writing list of installed files to '/home/pavithra/Intelligence_ABAJA-26/ros2_ws/build/abaja_teleop/install.log'
