[2.454s] Invoking command in '/home/pavithra/Intelligence_ABAJA-26/ros2_ws/build/abaja_teleop': DEBUGINFOD_URLS=https://debuginfod.ubuntu.com PYTHONPATH=/home/pavithra/Intelligence_ABAJA-26/ros2_ws/build/abaja_teleop/prefix_override:/usr/lib/python3/dist-packages/colcon_core/task/python/colcon_distutils_commands:/home/pavithra/Intelligence_ABAJA-26/ros2_ws/install/abaja_teleop/lib/python3.12/site-packages:${PYTHONPATH} /usr/bin/python3 -W ignore:setup.py install is deprecated -W ignore:easy_install command is deprecated setup.py develop --uninstall --editable --build-directory /home/pavithra/Intelligence_ABAJA-26/ros2_ws/build/abaja_teleop/build
[3.024s] running develop
[3.426s] Removing /home/pavithra/Intelligence_ABAJA-26/ros2_ws/install/abaja_teleop/lib/python3.12/site-packages/abaja-teleop.egg-link (link to .)
[3.506s] Invoked command in '/home/pavithra/Intelligence_ABAJA-26/ros2_ws/build/abaja_teleop' returned '0': DEBUGINFOD_URLS=https://debuginfod.ubuntu.com PYTHONPATH=/home/pavithra/Intelligence_ABAJA-26/ros2_ws/build/abaja_teleop/prefix_override:/usr/lib/python3/dist-packages/colcon_core/task/python/colcon_distutils_commands:/home/pavithra/Intelligence_ABAJA-26/ros2_ws/install/abaja_teleop/lib/python3.12/site-packages:${PYTHONPATH} /usr/bin/python3 -W ignore:setup.py install is deprecated -W ignore:easy_install command is deprecated setup.py develop --uninstall --editable --build-directory /home/pavithra/Intelligence_ABAJA-26/ros2_ws/build/abaja_teleop/build
[3.508s] Invoking command in '/home/pavithra/Intelligence_ABAJA-26/ros2_ws/src/abaja_teleop': DEBUGINFOD_URLS=https://debuginfod.ubuntu.com PYTHONPATH=/home/pavithra/Intelligence_ABAJA-26/ros2_ws/build/abaja_teleop/prefix_override:/usr/lib/python3/dist-packages/colcon_core/task/python/colcon_distutils_commands:/home/pavithra/Intelligence_ABAJA-26/ros2_ws/install/abaja_teleop/lib/python3.12/site-packages:${PYTHONPATH} /usr/bin/python3 -W ignore:setup.py install is deprecated -W ignore:easy_install command is deprecated setup.py egg_info --egg-base ../../build/abaja_teleop build --build-base /home/pavithra/Intelligence_ABAJA-26/ros2_ws/build/abaja_teleop/build install --record /home/pavithra/Intelligence_ABAJA-26/ros2_ws/build/abaja_teleop/install.log --install-scripts $base/lib/abaja_teleop --single-version-externally-managed install_data --force
[3.995s] running egg_info
[4.030s] writing ../../build/abaja_teleop/abaja_teleop.egg-info/PKG-INFO
[4.030s] writing dependency_links to ../../build/abaja_teleop/abaja_teleop.egg-info/dependency_links.txt
[4.031s] writing entry points to ../../build/abaja_teleop/abaja_teleop.egg-info/entry_points.txt
[4.031s] writing requirements to ../../build/abaja_teleop/abaja_teleop.egg-info/requires.txt
[4.031s] writing top-level names to ../../build/abaja_teleop/abaja_teleop.egg-info/top_level.txt
[4.108s] reading manifest file '../../build/abaja_teleop/abaja_teleop.egg-info/SOURCES.txt'
[4.109s] writing manifest file '../../build/abaja_teleop/abaja_teleop.egg-info/SOURCES.txt'
[4.109s] running build
[4.110s] running build_py
[4.110s] creating /home/pavithra/Intelligence_ABAJA-26/ros2_ws/build/abaja_teleop/build
[4.110s] creating /home/pavithra/Intelligence_ABAJA-26/ros2_ws/build/abaja_teleop/build/lib
[4.110s] creating /home/pavithra/Intelligence_ABAJA-26/ros2_ws/build/abaja_teleop/build/lib/abaja_teleop
[4.110s] copying abaja_teleop/__init__.py -> /home/pavithra/Intelligence_ABAJA-26/ros2_ws/build/abaja_teleop/build/lib/abaja_teleop
[4.111s] copying abaja_teleop/sim_controller.py -> /home/pavithra/Intelligence_ABAJA-26/ros2_ws/build/abaja_teleop/build/lib/abaja_teleop
[4.111s] copying abaja_teleop/keyboard_teleop.py -> /home/pavithra/Intelligence_ABAJA-26/ros2_ws/build/abaja_teleop/build/lib/abaja_teleop
[4.111s] running install
[4.121s] running install_lib
[4.148s] creating /home/pavithra/Intelligence_ABAJA-26/ros2_ws/install/abaja_teleop/lib/python3.12/site-packages/abaja_teleop
[4.148s] copying /home/pavithra/Intelligence_ABAJA-26/ros2_ws/build/abaja_teleop/build/lib/abaja_teleop/__init__.py -> /home/pavithra/Intelligence_ABAJA-26/ros2_ws/install/abaja_teleop/lib/python3.12/site-packages/abaja_teleop
[4.148s] copying /home/pavithra/Intelligence_ABAJA-26/ros2_ws/build/abaja_teleop/build/lib/abaja_teleop/sim_controller.py -> /home/pavithra/Intelligence_ABAJA-26/ros2_ws/install/abaja_teleop/lib/python3.12/site-packages/abaja_teleop
[4.149s] copying /home/pavithra/Intelligence_ABAJA-26/ros2_ws/build/abaja_teleop/build/lib/abaja_teleop/keyboard_teleop.py -> /home/pavithra/Intelligence_ABAJA-26/ros2_ws/install/abaja_teleop/lib/python3.12/site-packages/abaja_teleop
[4.150s] byte-compiling /home/pavithra/Intelligence_ABAJA-26/ros2_ws/install/abaja_teleop/lib/python3.12/site-packages/abaja_teleop/__init__.py to __init__.cpython-312.pyc
[4.150s] byte-compiling /home/pavithra/Intelligence_ABAJA-26/ros2_ws/install/abaja_teleop/lib/python3.12/site-packages/abaja_teleop/sim_controller.py to sim_controller.cpython-312.pyc
[4.152s] byte-compiling /home/pavithra/Intelligence_ABAJA-26/ros2_ws/install/abaja_teleop/lib/python3.12/site-packages/abaja_teleop/keyboard_teleop.py to keyboard_teleop.cpython-312.pyc
[4.155s] running install_data
[4.155s] copying resource/abaja_teleop -> /home/pavithra/Intelligence_ABAJA-26/ros2_ws/install/abaja_teleop/share/ament_index/resource_index/packages
[4.155s] copying package.xml -> /home/pavithra/Intelligence_ABAJA-26/ros2_ws/install/abaja_teleop/share/abaja_teleop
[4.156s] copying launch/teleop.launch.py -> /home/pavithra/Intelligence_ABAJA-26/ros2_ws/install/abaja_teleop/share/abaja_teleop/launch
[4.156s] running install_egg_info
[4.200s] Copying ../../build/abaja_teleop/abaja_teleop.egg-info to /home/pavithra/Intelligence_ABAJA-26/ros2_ws/install/abaja_teleop/lib/python3.12/site-packages/abaja_teleop-0.1.0-py3.12.egg-info
[4.202s] running install_scripts
[4.439s] Installing keyboard_teleop script to /home/pavithra/Intelligence_ABAJA-26/ros2_ws/install/abaja_teleop/lib/abaja_teleop
[4.439s] Installing sim_controller script to /home/pavithra/Intelligence_ABAJA-26/ros2_ws/install/abaja_teleop/lib/abaja_teleop
[4.440s] writing list of installed files to '/home/pavithra/Intelligence_ABAJA-26/ros2_ws/build/abaja_teleop/install.log'
[4.517s] Invoked command in '/home/pavithra/Intelligence_ABAJA-26/ros2_ws/src/abaja_teleop' returned '0': DEBUGINFOD_URLS=https://debuginfod.ubuntu.com PYTHONPATH=/home/pavithra/Intelligence_ABAJA-26/ros2_ws/build/abaja_teleop/prefix_override:/usr/lib/python3/dist-packages/colcon_core/task/python/colcon_distutils_commands:/home/pavithra/Intelligence_ABAJA-26/ros2_ws/install/abaja_teleop/lib/python3.12/site-packages:${PYTHONPATH} /usr/bin/python3 -W ignore:setup.py install is deprecated -W ignore:easy_install command is deprecated setup.py egg_info --egg-base ../../build/abaja_teleop build --build-base /home/pavithra/Intelligence_ABAJA-26/ros2_ws/build/abaja_teleop/build install --record /home/pavithra/Intelligence_ABAJA-26/ros2_ws/build/abaja_teleop/install.log --install-scripts $base/lib/abaja_teleop --single-version-externally-managed install_data --force
