/home/pavithra/Intelligence_ABAJA-26/ros2_ws/install/abaja_aeb/lib/python3.12/site-packages/abaja_aeb/object_distance_estimator_node.py
/home/pavithra/Intelligence_ABAJA-26/ros2_ws/install/abaja_aeb/lib/python3.12/site-packages/abaja_aeb/ttc_calculator_node.py
/home/pavithra/Intelligence_ABAJA-26/ros2_ws/install/abaja_aeb/lib/python3.12/site-packages/abaja_aeb/__init__.py
/home/pavithra/Intelligence_ABAJA-26/ros2_ws/install/abaja_aeb/lib/python3.12/site-packages/abaja_aeb/aeb_controller_node.py
/home/pavithra/Intelligence_ABAJA-26/ros2_ws/install/abaja_aeb/lib/python3.12/site-packages/abaja_aeb/mock_object_publisher_node.py
/home/pavithra/Intelligence_ABAJA-26/ros2_ws/install/abaja_aeb/lib/python3.12/site-packages/abaja_aeb/__pycache__/object_distance_estimator_node.cpython-312.pyc
/home/pavithra/Intelligence_ABAJA-26/ros2_ws/install/abaja_aeb/lib/python3.12/site-packages/abaja_aeb/__pycache__/ttc_calculator_node.cpython-312.pyc
/home/pavithra/Intelligence_ABAJA-26/ros2_ws/install/abaja_aeb/lib/python3.12/site-packages/abaja_aeb/__pycache__/__init__.cpython-312.pyc
/home/pavithra/Intelligence_ABAJA-26/ros2_ws/install/abaja_aeb/lib/python3.12/site-packages/abaja_aeb/__pycache__/aeb_controller_node.cpython-312.pyc
/home/pavithra/Intelligence_ABAJA-26/ros2_ws/install/abaja_aeb/lib/python3.12/site-packages/abaja_aeb/__pycache__/mock_object_publisher_node.cpython-312.pyc
/home/pavithra/Intelligence_ABAJA-26/ros2_ws/install/abaja_aeb/share/ament_index/resource_index/packages/abaja_aeb
/home/pavithra/Intelligence_ABAJA-26/ros2_ws/install/abaja_aeb/share/abaja_aeb/package.xml
/home/pavithra/Intelligence_ABAJA-26/ros2_ws/install/abaja_aeb/lib/python3.12/site-packages/abaja_aeb-0.0.0-py3.12.egg-info/entry_points.txt
/home/pavithra/Intelligence_ABAJA-26/ros2_ws/install/abaja_aeb/lib/python3.12/site-packages/abaja_aeb-0.0.0-py3.12.egg-info/zip-safe
/home/pavithra/Intelligence_ABAJA-26/ros2_ws/install/abaja_aeb/lib/python3.12/site-packages/abaja_aeb-0.0.0-py3.12.egg-info/top_level.txt
/home/pavithra/Intelligence_ABAJA-26/ros2_ws/install/abaja_aeb/lib/python3.12/site-packages/abaja_aeb-0.0.0-py3.12.egg-info/requires.txt
/home/pavithra/Intelligence_ABAJA-26/ros2_ws/install/abaja_aeb/lib/python3.12/site-packages/abaja_aeb-0.0.0-py3.12.egg-info/dependency_links.txt
/home/pavithra/Intelligence_ABAJA-26/ros2_ws/install/abaja_aeb/lib/python3.12/site-packages/abaja_aeb-0.0.0-py3.12.egg-info/PKG-INFO
/home/pavithra/Intelligence_ABAJA-26/ros2_ws/install/abaja_aeb/lib/python3.12/site-packages/abaja_aeb-0.0.0-py3.12.egg-info/SOURCES.txt
/home/pavithra/Intelligence_ABAJA-26/ros2_ws/install/abaja_aeb/lib/abaja_aeb/aeb_controller_node
/home/pavithra/Intelligence_ABAJA-26/ros2_ws/install/abaja_aeb/lib/abaja_aeb/mock_object_publisher_node
/home/pavithra/Intelligence_ABAJA-26/ros2_ws/install/abaja_aeb/lib/abaja_aeb/object_distance_estimator_node
/home/pavithra/Intelligence_ABAJA-26/ros2_ws/install/abaja_aeb/lib/abaja_aeb/ttc_calculator_node
