[0.035s] Invoking command in '/home/pavithra/ros2_ws/build/abaja_interfaces': CMAKE_PREFIX_PATH=${CMAKE_PREFIX_PATH}:/opt/ros/jazzy DEBUGINFOD_URLS=https://debuginfod.ubuntu.com /usr/bin/cmake --build /home/pavithra/ros2_ws/build/abaja_interfaces -- -j12 -l12
[1.018s] -- Found ament_cmake: 2.5.6 (/opt/ros/jazzy/share/ament_cmake/cmake)
[1.019s] -- Override CMake install command with custom implementation using symlinks instead of copying resources
[1.019s] -- Found rosidl_default_generators: 1.6.0 (/opt/ros/jazzy/share/rosidl_default_generators/cmake)
[1.020s] -- Using all available rosidl_typesupport_c: rosidl_typesupport_fastrtps_c;rosidl_typesupport_introspection_c
[1.020s] -- Using all available rosidl_typesupport_cpp: rosidl_typesupport_fastrtps_cpp;rosidl_typesupport_introspection_cpp
[1.020s] -- Found rosidl_adapter: 4.6.7 (/opt/ros/jazzy/share/rosidl_adapter/cmake)
[1.020s] -- Found std_msgs: 5.3.7 (/opt/ros/jazzy/share/std_msgs/cmake)
[1.020s] -- Found ament_cmake_ros: 0.12.0 (/opt/ros/jazzy/share/ament_cmake_ros/cmake)
[1.020s] -- Using all available rosidl_typesupport_c: rosidl_typesupport_fastrtps_c;rosidl_typesupport_introspection_c
[1.021s] -- Using all available rosidl_typesupport_cpp: rosidl_typesupport_fastrtps_cpp;rosidl_typesupport_introspection_cpp
[1.021s] -- Found python_cmake_module: 0.11.1 (/opt/ros/jazzy/share/python_cmake_module/cmake)
[1.052s] -- Found Python3: /usr/bin/python3 (found version "3.12.3") found components: Interpreter Development NumPy Development.Module Development.Embed 
[1.110s] -- Found Python3: /usr/bin/python3 (found version "3.12.3") found components: Interpreter 
[1.116s] -- Found ament_lint_auto: 0.17.5 (/opt/ros/jazzy/share/ament_lint_auto/cmake)
[1.128s] -- Added test 'lint_cmake' to check CMake code style
[1.129s] -- Added test 'xmllint' to check XML markup files
[1.131s] -- Configuring done (1.1s)
[1.175s] -- Generating done (0.0s)
[1.190s] -- Build files have been written to: /home/pavithra/ros2_ws/build/abaja_interfaces
[1.229s] [  0%] [34m[1mGenerating type hashes for ROS interfaces[0m
[1.231s] [  1%] [34m[1mGenerating Rust code for ROS interfaces[0m
[1.241s] [  1%] Built target ament_cmake_python_symlink_abaja_interfaces
[1.588s] running egg_info
[1.621s] writing abaja_interfaces.egg-info/PKG-INFO
[1.621s] writing dependency_links to abaja_interfaces.egg-info/dependency_links.txt
[1.621s] writing top-level names to abaja_interfaces.egg-info/top_level.txt
[1.707s] [  1%] Built target abaja_interfaces__rosidl_generator_type_description
[1.721s] reading manifest file 'abaja_interfaces.egg-info/SOURCES.txt'
[1.722s] writing manifest file 'abaja_interfaces.egg-info/SOURCES.txt'
[1.729s] [  2%] [34m[1mGenerating C code for ROS interfaces[0m
[1.747s] [  2%] [34m[1mGenerating C++ code for ROS interfaces[0m
[1.778s] [  2%] Built target ament_cmake_python_build_abaja_interfaces_egg
[1.799s] [  2%] Built target abaja_interfaces__rs
[2.723s] [  2%] Built target abaja_interfaces__cpp
[2.973s] [  2%] [32mBuilding C object CMakeFiles/abaja_interfaces__rosidl_generator_c.dir/rosidl_generator_c/abaja_interfaces/msg/detail/control_cmd__type_support.c.o[0m
[2.973s] [  3%] [32mBuilding C object CMakeFiles/abaja_interfaces__rosidl_generator_c.dir/rosidl_generator_c/abaja_interfaces/msg/detail/vehicle_state__functions.c.o[0m
[2.973s] [  4%] [32mBuilding C object CMakeFiles/abaja_interfaces__rosidl_generator_c.dir/rosidl_generator_c/abaja_interfaces/msg/detail/vehicle_state__type_support.c.o[0m
[2.973s] [  5%] [32mBuilding C object CMakeFiles/abaja_interfaces__rosidl_generator_c.dir/rosidl_generator_c/abaja_interfaces/msg/detail/control_cmd__functions.c.o[0m
[2.974s] [  6%] [32mBuilding C object CMakeFiles/abaja_interfaces__rosidl_generator_c.dir/rosidl_generator_c/abaja_interfaces/msg/detail/vehicle_state__description.c.o[0m
[2.976s] [  7%] [32mBuilding C object CMakeFiles/abaja_interfaces__rosidl_generator_c.dir/rosidl_generator_c/abaja_interfaces/msg/detail/control_cmd__description.c.o[0m
[2.977s] [  8%] [32mBuilding C object CMakeFiles/abaja_interfaces__rosidl_generator_c.dir/rosidl_generator_c/abaja_interfaces/msg/detail/wheel_speed__functions.c.o[0m
[2.978s] [  8%] [32mBuilding C object CMakeFiles/abaja_interfaces__rosidl_generator_c.dir/rosidl_generator_c/abaja_interfaces/msg/detail/wheel_speed__description.c.o[0m
[2.979s] [ 11%] [32mBuilding C object CMakeFiles/abaja_interfaces__rosidl_generator_c.dir/rosidl_generator_c/abaja_interfaces/msg/detail/steering_feedback__functions.c.o[0m
[2.980s] [  9%] [32mBuilding C object CMakeFiles/abaja_interfaces__rosidl_generator_c.dir/rosidl_generator_c/abaja_interfaces/msg/detail/wheel_speed__type_support.c.o[0m
[2.985s] [ 10%] [32mBuilding C object CMakeFiles/abaja_interfaces__rosidl_generator_c.dir/rosidl_generator_c/abaja_interfaces/msg/detail/steering_feedback__description.c.o[0m
[2.988s] [ 12%] [32mBuilding C object CMakeFiles/abaja_interfaces__rosidl_generator_c.dir/rosidl_generator_c/abaja_interfaces/msg/detail/steering_feedback__type_support.c.o[0m
[3.035s] [ 13%] [32mBuilding C object CMakeFiles/abaja_interfaces__rosidl_generator_c.dir/rosidl_generator_c/abaja_interfaces/msg/detail/battery_status__functions.c.o[0m
[3.035s] [ 13%] [32mBuilding C object CMakeFiles/abaja_interfaces__rosidl_generator_c.dir/rosidl_generator_c/abaja_interfaces/msg/detail/battery_status__description.c.o[0m
[3.041s] [ 14%] [32mBuilding C object CMakeFiles/abaja_interfaces__rosidl_generator_c.dir/rosidl_generator_c/abaja_interfaces/msg/detail/battery_status__type_support.c.o[0m
[3.048s] [ 15%] [32mBuilding C object CMakeFiles/abaja_interfaces__rosidl_generator_c.dir/rosidl_generator_c/abaja_interfaces/msg/detail/mode_status__description.c.o[0m
[3.055s] [ 15%] [32mBuilding C object CMakeFiles/abaja_interfaces__rosidl_generator_c.dir/rosidl_generator_c/abaja_interfaces/msg/detail/mode_status__type_support.c.o[0m
[3.057s] [ 16%] [32mBuilding C object CMakeFiles/abaja_interfaces__rosidl_generator_c.dir/rosidl_generator_c/abaja_interfaces/msg/detail/dbw_cmd__description.c.o[0m
[3.065s] [ 17%] [32mBuilding C object CMakeFiles/abaja_interfaces__rosidl_generator_c.dir/rosidl_generator_c/abaja_interfaces/msg/detail/mode_status__functions.c.o[0m
[3.077s] [ 18%] [32mBuilding C object CMakeFiles/abaja_interfaces__rosidl_generator_c.dir/rosidl_generator_c/abaja_interfaces/msg/detail/dbw_cmd__functions.c.o[0m
[3.079s] [ 19%] [32mBuilding C object CMakeFiles/abaja_interfaces__rosidl_generator_c.dir/rosidl_generator_c/abaja_interfaces/msg/detail/dbw_cmd__type_support.c.o[0m
[3.085s] [ 20%] [32mBuilding C object CMakeFiles/abaja_interfaces__rosidl_generator_c.dir/rosidl_generator_c/abaja_interfaces/msg/detail/dbw_status__description.c.o[0m
[3.090s] [ 20%] [32mBuilding C object CMakeFiles/abaja_interfaces__rosidl_generator_c.dir/rosidl_generator_c/abaja_interfaces/msg/detail/dbw_status__functions.c.o[0m
[3.114s] [ 21%] [32mBuilding C object CMakeFiles/abaja_interfaces__rosidl_generator_c.dir/rosidl_generator_c/abaja_interfaces/msg/detail/detected_object__description.c.o[0m
[3.118s] [ 22%] [32mBuilding C object CMakeFiles/abaja_interfaces__rosidl_generator_c.dir/rosidl_generator_c/abaja_interfaces/msg/detail/detected_object__functions.c.o[0m
[3.124s] [ 23%] [32mBuilding C object CMakeFiles/abaja_interfaces__rosidl_generator_c.dir/rosidl_generator_c/abaja_interfaces/msg/detail/dbw_status__type_support.c.o[0m
[3.132s] [ 24%] [32mBuilding C object CMakeFiles/abaja_interfaces__rosidl_generator_c.dir/rosidl_generator_c/abaja_interfaces/msg/detail/detected_object__type_support.c.o[0m
[3.135s] [ 24%] [32mBuilding C object CMakeFiles/abaja_interfaces__rosidl_generator_c.dir/rosidl_generator_c/abaja_interfaces/msg/detail/detected_object_array__description.c.o[0m
[3.137s] [ 25%] [32mBuilding C object CMakeFiles/abaja_interfaces__rosidl_generator_c.dir/rosidl_generator_c/abaja_interfaces/msg/detail/detected_object_array__type_support.c.o[0m
[3.140s] [ 26%] [32mBuilding C object CMakeFiles/abaja_interfaces__rosidl_generator_c.dir/rosidl_generator_c/abaja_interfaces/msg/detail/detected_object_array__functions.c.o[0m
[3.206s] [ 27%] [32m[1mLinking C shared library libabaja_interfaces__rosidl_generator_c.so[0m
[3.253s] [ 27%] Built target abaja_interfaces__rosidl_generator_c
[3.269s] [ 29%] [34m[1mGenerating C++ type support dispatch for ROS interfaces[0m
[3.269s] [ 29%] [34m[1mGenerating C++ introspection for ROS interfaces[0m
[3.269s] [ 31%] [34m[1mGenerating C type support dispatch for ROS interfaces[0m
[3.269s] [ 31%] [34m[1mGenerating C introspection for ROS interfaces[0m
[3.269s] [ 32%] [34m[1mGenerating C type support for eProsima Fast-RTPS[0m
[3.269s] [ 32%] [34m[1mGenerating C++ type support for eProsima Fast-RTPS[0m
[3.782s] [ 33%] [32mBuilding CXX object CMakeFiles/abaja_interfaces__rosidl_typesupport_cpp.dir/rosidl_typesupport_cpp/abaja_interfaces/msg/wheel_speed__type_support.cpp.o[0m
[3.782s] [ 34%] [32mBuilding CXX object CMakeFiles/abaja_interfaces__rosidl_typesupport_cpp.dir/rosidl_typesupport_cpp/abaja_interfaces/msg/steering_feedback__type_support.cpp.o[0m
[3.783s] [ 34%] [32mBuilding CXX object CMakeFiles/abaja_interfaces__rosidl_typesupport_cpp.dir/rosidl_typesupport_cpp/abaja_interfaces/msg/vehicle_state__type_support.cpp.o[0m
[3.787s] [ 35%] [32mBuilding CXX object CMakeFiles/abaja_interfaces__rosidl_typesupport_cpp.dir/rosidl_typesupport_cpp/abaja_interfaces/msg/control_cmd__type_support.cpp.o[0m
[3.791s] [ 36%] [32mBuilding CXX object CMakeFiles/abaja_interfaces__rosidl_typesupport_cpp.dir/rosidl_typesupport_cpp/abaja_interfaces/msg/mode_status__type_support.cpp.o[0m
[3.792s] [ 36%] [32mBuilding CXX object CMakeFiles/abaja_interfaces__rosidl_typesupport_cpp.dir/rosidl_typesupport_cpp/abaja_interfaces/msg/dbw_cmd__type_support.cpp.o[0m
[3.796s] [ 37%] [32mBuilding CXX object CMakeFiles/abaja_interfaces__rosidl_typesupport_cpp.dir/rosidl_typesupport_cpp/abaja_interfaces/msg/battery_status__type_support.cpp.o[0m
[4.041s] [ 38%] [32mBuilding CXX object CMakeFiles/abaja_interfaces__rosidl_typesupport_c.dir/rosidl_typesupport_c/abaja_interfaces/msg/control_cmd__type_support.cpp.o[0m
[4.176s] [ 39%] [32mBuilding CXX object CMakeFiles/abaja_interfaces__rosidl_typesupport_c.dir/rosidl_typesupport_c/abaja_interfaces/msg/vehicle_state__type_support.cpp.o[0m
[4.283s] [ 40%] [32mBuilding CXX object CMakeFiles/abaja_interfaces__rosidl_typesupport_introspection_cpp.dir/rosidl_typesupport_introspection_cpp/abaja_interfaces/msg/detail/control_cmd__type_support.cpp.o[0m
[4.307s] [ 41%] [32mBuilding CXX object CMakeFiles/abaja_interfaces__rosidl_typesupport_c.dir/rosidl_typesupport_c/abaja_interfaces/msg/wheel_speed__type_support.cpp.o[0m
[4.313s] [ 42%] [32mBuilding CXX object CMakeFiles/abaja_interfaces__rosidl_typesupport_introspection_cpp.dir/rosidl_typesupport_introspection_cpp/abaja_interfaces/msg/detail/vehicle_state__type_support.cpp.o[0m
[4.355s] [ 42%] [32mBuilding CXX object CMakeFiles/abaja_interfaces__rosidl_typesupport_c.dir/rosidl_typesupport_c/abaja_interfaces/msg/steering_feedback__type_support.cpp.o[0m
[4.372s] [ 44%] [32mBuilding CXX object CMakeFiles/abaja_interfaces__rosidl_typesupport_cpp.dir/rosidl_typesupport_cpp/abaja_interfaces/msg/dbw_status__type_support.cpp.o[0m
[4.377s] [ 44%] [32mBuilding CXX object CMakeFiles/abaja_interfaces__rosidl_typesupport_c.dir/rosidl_typesupport_c/abaja_interfaces/msg/battery_status__type_support.cpp.o[0m
[4.395s] [ 44%] [32mBuilding C object CMakeFiles/abaja_interfaces__rosidl_typesupport_introspection_c.dir/rosidl_typesupport_introspection_c/abaja_interfaces/msg/detail/control_cmd__type_support.c.o[0m
[4.410s] [ 45%] [32mBuilding CXX object CMakeFiles/abaja_interfaces__rosidl_typesupport_introspection_cpp.dir/rosidl_typesupport_introspection_cpp/abaja_interfaces/msg/detail/wheel_speed__type_support.cpp.o[0m
[4.419s] [ 45%] [32mBuilding CXX object CMakeFiles/abaja_interfaces__rosidl_typesupport_introspection_cpp.dir/rosidl_typesupport_introspection_cpp/abaja_interfaces/msg/detail/steering_feedback__type_support.cpp.o[0m
[4.427s] [ 46%] [32mBuilding CXX object CMakeFiles/abaja_interfaces__rosidl_typesupport_c.dir/rosidl_typesupport_c/abaja_interfaces/msg/mode_status__type_support.cpp.o[0m
[4.427s] [ 48%] [32mBuilding CXX object CMakeFiles/abaja_interfaces__rosidl_typesupport_introspection_cpp.dir/rosidl_typesupport_introspection_cpp/abaja_interfaces/msg/detail/battery_status__type_support.cpp.o[0m
[4.427s] [ 48%] [32mBuilding CXX object CMakeFiles/abaja_interfaces__rosidl_typesupport_cpp.dir/rosidl_typesupport_cpp/abaja_interfaces/msg/detected_object__type_support.cpp.o[0m
[4.461s] [ 49%] [32mBuilding C object CMakeFiles/abaja_interfaces__rosidl_typesupport_introspection_c.dir/rosidl_typesupport_introspection_c/abaja_interfaces/msg/detail/vehicle_state__type_support.c.o[0m
[4.479s] [ 50%] [32mBuilding CXX object CMakeFiles/abaja_interfaces__rosidl_typesupport_cpp.dir/rosidl_typesupport_cpp/abaja_interfaces/msg/detected_object_array__type_support.cpp.o[0m
[4.494s] [ 51%] [32mBuilding CXX object CMakeFiles/abaja_interfaces__rosidl_typesupport_fastrtps_cpp.dir/rosidl_typesupport_fastrtps_cpp/abaja_interfaces/msg/detail/dds_fastrtps/control_cmd__type_support.cpp.o[0m
[4.497s] [ 52%] [32mBuilding CXX object CMakeFiles/abaja_interfaces__rosidl_typesupport_c.dir/rosidl_typesupport_c/abaja_interfaces/msg/dbw_cmd__type_support.cpp.o[0m
[4.542s] [ 53%] [32mBuilding CXX object CMakeFiles/abaja_interfaces__rosidl_typesupport_fastrtps_c.dir/rosidl_typesupport_fastrtps_c/abaja_interfaces/msg/detail/control_cmd__type_support_c.cpp.o[0m
[4.565s] [ 54%] [32mBuilding C object CMakeFiles/abaja_interfaces__rosidl_typesupport_introspection_c.dir/rosidl_typesupport_introspection_c/abaja_interfaces/msg/detail/wheel_speed__type_support.c.o[0m
[4.621s] [ 55%] [32mBuilding CXX object CMakeFiles/abaja_interfaces__rosidl_typesupport_c.dir/rosidl_typesupport_c/abaja_interfaces/msg/dbw_status__type_support.cpp.o[0m
[4.635s] [ 56%] [32mBuilding C object CMakeFiles/abaja_interfaces__rosidl_typesupport_introspection_c.dir/rosidl_typesupport_introspection_c/abaja_interfaces/msg/detail/steering_feedback__type_support.c.o[0m
[4.708s] [ 56%] [32mBuilding CXX object CMakeFiles/abaja_interfaces__rosidl_typesupport_c.dir/rosidl_typesupport_c/abaja_interfaces/msg/detected_object__type_support.cpp.o[0m
[4.724s] [ 57%] [32mBuilding C object CMakeFiles/abaja_interfaces__rosidl_typesupport_introspection_c.dir/rosidl_typesupport_introspection_c/abaja_interfaces/msg/detail/battery_status__type_support.c.o[0m
[4.803s] [ 58%] [32mBuilding CXX object CMakeFiles/abaja_interfaces__rosidl_typesupport_c.dir/rosidl_typesupport_c/abaja_interfaces/msg/detected_object_array__type_support.cpp.o[0m
[4.813s] [ 58%] [32mBuilding C object CMakeFiles/abaja_interfaces__rosidl_typesupport_introspection_c.dir/rosidl_typesupport_introspection_c/abaja_interfaces/msg/detail/mode_status__type_support.c.o[0m
[4.896s] [ 59%] [32mBuilding C object CMakeFiles/abaja_interfaces__rosidl_typesupport_introspection_c.dir/rosidl_typesupport_introspection_c/abaja_interfaces/msg/detail/dbw_cmd__type_support.c.o[0m
[4.908s] [ 60%] [32mBuilding C object CMakeFiles/abaja_interfaces__rosidl_typesupport_introspection_c.dir/rosidl_typesupport_introspection_c/abaja_interfaces/msg/detail/dbw_status__type_support.c.o[0m
[4.926s] [ 61%] [32m[1mLinking CXX shared library libabaja_interfaces__rosidl_typesupport_c.so[0m
[4.948s] [ 62%] [32mBuilding CXX object CMakeFiles/abaja_interfaces__rosidl_typesupport_fastrtps_c.dir/rosidl_typesupport_fastrtps_c/abaja_interfaces/msg/detail/vehicle_state__type_support_c.cpp.o[0m
[4.967s] [ 63%] [32mBuilding CXX object CMakeFiles/abaja_interfaces__rosidl_typesupport_fastrtps_c.dir/rosidl_typesupport_fastrtps_c/abaja_interfaces/msg/detail/wheel_speed__type_support_c.cpp.o[0m
[4.967s] [ 64%] [32mBuilding C object CMakeFiles/abaja_interfaces__rosidl_typesupport_introspection_c.dir/rosidl_typesupport_introspection_c/abaja_interfaces/msg/detail/detected_object__type_support.c.o[0m
[4.998s] [ 65%] [32mBuilding CXX object CMakeFiles/abaja_interfaces__rosidl_typesupport_fastrtps_cpp.dir/rosidl_typesupport_fastrtps_cpp/abaja_interfaces/msg/detail/dds_fastrtps/vehicle_state__type_support.cpp.o[0m
[5.013s] [ 66%] [32mBuilding CXX object CMakeFiles/abaja_interfaces__rosidl_typesupport_fastrtps_c.dir/rosidl_typesupport_fastrtps_c/abaja_interfaces/msg/detail/steering_feedback__type_support_c.cpp.o[0m
[5.027s] [ 67%] [32mBuilding C object CMakeFiles/abaja_interfaces__rosidl_typesupport_introspection_c.dir/rosidl_typesupport_introspection_c/abaja_interfaces/msg/detail/detected_object_array__type_support.c.o[0m
[5.028s] [ 68%] [32mBuilding CXX object CMakeFiles/abaja_interfaces__rosidl_typesupport_introspection_cpp.dir/rosidl_typesupport_introspection_cpp/abaja_interfaces/msg/detail/mode_status__type_support.cpp.o[0m
[5.029s] [ 68%] Built target abaja_interfaces__rosidl_typesupport_c
[5.030s] [ 68%] [32mBuilding CXX object CMakeFiles/abaja_interfaces__rosidl_typesupport_fastrtps_c.dir/rosidl_typesupport_fastrtps_c/abaja_interfaces/msg/detail/battery_status__type_support_c.cpp.o[0m
[5.056s] [ 68%] [32mBuilding CXX object CMakeFiles/abaja_interfaces__rosidl_typesupport_fastrtps_cpp.dir/rosidl_typesupport_fastrtps_cpp/abaja_interfaces/msg/detail/dds_fastrtps/wheel_speed__type_support.cpp.o[0m
[5.080s] [ 69%] [32m[1mLinking CXX shared library libabaja_interfaces__rosidl_typesupport_cpp.so[0m
[5.094s] [ 69%] [32m[1mLinking C shared library libabaja_interfaces__rosidl_typesupport_introspection_c.so[0m
[5.131s] [ 70%] [32mBuilding CXX object CMakeFiles/abaja_interfaces__rosidl_typesupport_fastrtps_c.dir/rosidl_typesupport_fastrtps_c/abaja_interfaces/msg/detail/mode_status__type_support_c.cpp.o[0m
[5.145s] [ 70%] Built target abaja_interfaces__rosidl_typesupport_introspection_c
[5.159s] [ 71%] [32mBuilding CXX object CMakeFiles/abaja_interfaces__rosidl_typesupport_fastrtps_cpp.dir/rosidl_typesupport_fastrtps_cpp/abaja_interfaces/msg/detail/dds_fastrtps/steering_feedback__type_support.cpp.o[0m
[5.159s] [ 71%] Built target abaja_interfaces__rosidl_typesupport_cpp
[5.178s] [ 72%] [32mBuilding CXX object CMakeFiles/abaja_interfaces__rosidl_typesupport_introspection_cpp.dir/rosidl_typesupport_introspection_cpp/abaja_interfaces/msg/detail/dbw_cmd__type_support.cpp.o[0m
[5.389s] [ 73%] [32mBuilding CXX object CMakeFiles/abaja_interfaces__rosidl_typesupport_fastrtps_c.dir/rosidl_typesupport_fastrtps_c/abaja_interfaces/msg/detail/dbw_cmd__type_support_c.cpp.o[0m
[5.389s] [ 74%] [32mBuilding CXX object CMakeFiles/abaja_interfaces__rosidl_typesupport_fastrtps_cpp.dir/rosidl_typesupport_fastrtps_cpp/abaja_interfaces/msg/detail/dds_fastrtps/battery_status__type_support.cpp.o[0m
[5.658s] [ 75%] [32mBuilding CXX object CMakeFiles/abaja_interfaces__rosidl_typesupport_fastrtps_c.dir/rosidl_typesupport_fastrtps_c/abaja_interfaces/msg/detail/dbw_status__type_support_c.cpp.o[0m
[5.744s] [ 76%] [32mBuilding CXX object CMakeFiles/abaja_interfaces__rosidl_typesupport_introspection_cpp.dir/rosidl_typesupport_introspection_cpp/abaja_interfaces/msg/detail/dbw_status__type_support.cpp.o[0m
[5.833s] [ 77%] [32mBuilding CXX object CMakeFiles/abaja_interfaces__rosidl_typesupport_fastrtps_c.dir/rosidl_typesupport_fastrtps_c/abaja_interfaces/msg/detail/detected_object__type_support_c.cpp.o[0m
[5.882s] [ 77%] [32mBuilding CXX object CMakeFiles/abaja_interfaces__rosidl_typesupport_fastrtps_c.dir/rosidl_typesupport_fastrtps_c/abaja_interfaces/msg/detail/detected_object_array__type_support_c.cpp.o[0m
[5.979s] [ 78%] [32mBuilding CXX object CMakeFiles/abaja_interfaces__rosidl_typesupport_fastrtps_cpp.dir/rosidl_typesupport_fastrtps_cpp/abaja_interfaces/msg/detail/dds_fastrtps/mode_status__type_support.cpp.o[0m
[5.979s] [ 78%] [32mBuilding CXX object CMakeFiles/abaja_interfaces__rosidl_typesupport_introspection_cpp.dir/rosidl_typesupport_introspection_cpp/abaja_interfaces/msg/detail/detected_object__type_support.cpp.o[0m
[6.018s] [ 79%] [32mBuilding CXX object CMakeFiles/abaja_interfaces__rosidl_typesupport_fastrtps_cpp.dir/rosidl_typesupport_fastrtps_cpp/abaja_interfaces/msg/detail/dds_fastrtps/dbw_cmd__type_support.cpp.o[0m
[6.073s] [ 80%] [32mBuilding CXX object CMakeFiles/abaja_interfaces__rosidl_typesupport_introspection_cpp.dir/rosidl_typesupport_introspection_cpp/abaja_interfaces/msg/detail/detected_object_array__type_support.cpp.o[0m
[6.076s] [ 80%] [32mBuilding CXX object CMakeFiles/abaja_interfaces__rosidl_typesupport_fastrtps_cpp.dir/rosidl_typesupport_fastrtps_cpp/abaja_interfaces/msg/detail/dds_fastrtps/dbw_status__type_support.cpp.o[0m
[6.369s] [ 81%] [32mBuilding CXX object CMakeFiles/abaja_interfaces__rosidl_typesupport_fastrtps_cpp.dir/rosidl_typesupport_fastrtps_cpp/abaja_interfaces/msg/detail/dds_fastrtps/detected_object__type_support.cpp.o[0m
[6.377s] [ 82%] [32mBuilding CXX object CMakeFiles/abaja_interfaces__rosidl_typesupport_fastrtps_cpp.dir/rosidl_typesupport_fastrtps_cpp/abaja_interfaces/msg/detail/dds_fastrtps/detected_object_array__type_support.cpp.o[0m
[6.741s] [ 83%] [32m[1mLinking CXX shared library libabaja_interfaces__rosidl_typesupport_introspection_cpp.so[0m
[6.808s] [ 84%] [32m[1mLinking CXX shared library libabaja_interfaces__rosidl_typesupport_fastrtps_c.so[0m
[6.837s] [ 84%] Built target abaja_interfaces__rosidl_typesupport_introspection_cpp
[6.912s] [ 84%] Built target abaja_interfaces__rosidl_typesupport_fastrtps_c
[7.051s] [ 85%] [32m[1mLinking CXX shared library libabaja_interfaces__rosidl_typesupport_fastrtps_cpp.so[0m
[7.115s] [ 85%] Built target abaja_interfaces__rosidl_typesupport_fastrtps_cpp
[7.135s] [ 85%] Built target abaja_interfaces
[7.155s] [ 86%] [34m[1mGenerating Python code for ROS interfaces[0m
[7.783s] [ 86%] Built target abaja_interfaces__py
[7.811s] [ 87%] [32mBuilding C object CMakeFiles/abaja_interfaces__rosidl_generator_py.dir/rosidl_generator_py/abaja_interfaces/msg/_steering_feedback_s.c.o[0m
[7.811s] [ 87%] [32mBuilding C object CMakeFiles/abaja_interfaces__rosidl_generator_py.dir/rosidl_generator_py/abaja_interfaces/msg/_vehicle_state_s.c.o[0m
[7.813s] [ 88%] [32mBuilding C object CMakeFiles/abaja_interfaces__rosidl_generator_py.dir/rosidl_generator_py/abaja_interfaces/msg/_mode_status_s.c.o[0m
[7.813s] [ 89%] [32mBuilding C object CMakeFiles/abaja_interfaces__rosidl_generator_py.dir/rosidl_generator_py/abaja_interfaces/msg/_control_cmd_s.c.o[0m
[7.814s] [ 90%] [32mBuilding C object CMakeFiles/abaja_interfaces__rosidl_generator_py.dir/rosidl_generator_py/abaja_interfaces/msg/_detected_object_array_s.c.o[0m
[7.815s] [ 91%] [32mBuilding C object CMakeFiles/abaja_interfaces__rosidl_generator_py.dir/rosidl_generator_py/abaja_interfaces/msg/_wheel_speed_s.c.o[0m
[7.815s] [ 92%] [32mBuilding C object CMakeFiles/abaja_interfaces__rosidl_generator_py.dir/rosidl_generator_py/abaja_interfaces/msg/_battery_status_s.c.o[0m
[7.816s] [ 93%] [32mBuilding C object CMakeFiles/abaja_interfaces__rosidl_generator_py.dir/rosidl_generator_py/abaja_interfaces/msg/_dbw_cmd_s.c.o[0m
[7.816s] [ 93%] [32mBuilding C object CMakeFiles/abaja_interfaces__rosidl_generator_py.dir/rosidl_generator_py/abaja_interfaces/msg/_dbw_status_s.c.o[0m
[7.816s] [ 94%] [32mBuilding C object CMakeFiles/abaja_interfaces__rosidl_generator_py.dir/rosidl_generator_py/abaja_interfaces/msg/_detected_object_s.c.o[0m
[8.007s] [ 95%] [32m[1mLinking C shared library libabaja_interfaces__rosidl_generator_py.so[0m
[8.051s] [ 95%] Built target abaja_interfaces__rosidl_generator_py
[8.073s] [ 96%] [32mBuilding C object CMakeFiles/abaja_interfaces_s__rosidl_typesupport_fastrtps_c.dir/rosidl_generator_py/abaja_interfaces/_abaja_interfaces_s.ep.rosidl_typesupport_fastrtps_c.c.o[0m
[8.079s] [ 98%] [32mBuilding C object CMakeFiles/abaja_interfaces_s__rosidl_typesupport_introspection_c.dir/rosidl_generator_py/abaja_interfaces/_abaja_interfaces_s.ep.rosidl_typesupport_introspection_c.c.o[0m
[8.079s] [ 98%] [32mBuilding C object CMakeFiles/abaja_interfaces_s__rosidl_typesupport_c.dir/rosidl_generator_py/abaja_interfaces/_abaja_interfaces_s.ep.rosidl_typesupport_c.c.o[0m
[8.190s] [ 99%] [32m[1mLinking C shared module rosidl_generator_py/abaja_interfaces/abaja_interfaces_s__rosidl_typesupport_fastrtps_c.so[0m
[8.214s] [ 99%] [32m[1mLinking C shared module rosidl_generator_py/abaja_interfaces/abaja_interfaces_s__rosidl_typesupport_c.so[0m
[8.228s] [ 99%] Built target abaja_interfaces_s__rosidl_typesupport_fastrtps_c
[8.242s] [100%] [32m[1mLinking C shared module rosidl_generator_py/abaja_interfaces/abaja_interfaces_s__rosidl_typesupport_introspection_c.so[0m
[8.248s] [100%] Built target abaja_interfaces_s__rosidl_typesupport_c
[8.273s] [100%] Built target abaja_interfaces_s__rosidl_typesupport_introspection_c
[8.286s] Invoked command in '/home/pavithra/ros2_ws/build/abaja_interfaces' returned '0': CMAKE_PREFIX_PATH=${CMAKE_PREFIX_PATH}:/opt/ros/jazzy DEBUGINFOD_URLS=https://debuginfod.ubuntu.com /usr/bin/cmake --build /home/pavithra/ros2_ws/build/abaja_interfaces -- -j12 -l12
[8.287s] Invoking command in '/home/pavithra/ros2_ws/build/abaja_interfaces': CMAKE_PREFIX_PATH=${CMAKE_PREFIX_PATH}:/opt/ros/jazzy DEBUGINFOD_URLS=https://debuginfod.ubuntu.com /usr/bin/cmake --install /home/pavithra/ros2_ws/build/abaja_interfaces
[8.296s] -- Install configuration: ""
[8.297s] -- Execute custom install script
[8.297s] -- Up-to-date symlink: /home/pavithra/ros2_ws/install/abaja_interfaces/share/ament_index/resource_index/rosidl_interfaces/abaja_interfaces
[8.297s] -- Up-to-date symlink: /home/pavithra/ros2_ws/install/abaja_interfaces/share/abaja_interfaces/msg/ControlCmd.json
[8.297s] -- Up-to-date symlink: /home/pavithra/ros2_ws/install/abaja_interfaces/share/abaja_interfaces/msg/VehicleState.json
[8.297s] -- Symlinking: /home/pavithra/ros2_ws/install/abaja_interfaces/share/abaja_interfaces/msg/WheelSpeed.json
[8.306s] -- Symlinking: /home/pavithra/ros2_ws/install/abaja_interfaces/share/abaja_interfaces/msg/SteeringFeedback.json
[8.314s] -- Symlinking: /home/pavithra/ros2_ws/install/abaja_interfaces/share/abaja_interfaces/msg/BatteryStatus.json
[8.324s] -- Symlinking: /home/pavithra/ros2_ws/install/abaja_interfaces/share/abaja_interfaces/msg/ModeStatus.json
[8.334s] -- Symlinking: /home/pavithra/ros2_ws/install/abaja_interfaces/share/abaja_interfaces/msg/DbwCmd.json
[8.341s] -- Symlinking: /home/pavithra/ros2_ws/install/abaja_interfaces/share/abaja_interfaces/msg/DbwStatus.json
[8.350s] -- Symlinking: /home/pavithra/ros2_ws/install/abaja_interfaces/share/abaja_interfaces/msg/DetectedObject.json
[8.358s] -- Symlinking: /home/pavithra/ros2_ws/install/abaja_interfaces/share/abaja_interfaces/msg/DetectedObjectArray.json
[8.368s] -- Symlinking: /home/pavithra/ros2_ws/install/abaja_interfaces/include/abaja_interfaces/abaja_interfaces/msg/battery_status.h
[8.376s] -- Up-to-date symlink: /home/pavithra/ros2_ws/install/abaja_interfaces/include/abaja_interfaces/abaja_interfaces/msg/control_cmd.h
[8.376s] -- Symlinking: /home/pavithra/ros2_ws/install/abaja_interfaces/include/abaja_interfaces/abaja_interfaces/msg/dbw_cmd.h
[8.387s] -- Symlinking: /home/pavithra/ros2_ws/install/abaja_interfaces/include/abaja_interfaces/abaja_interfaces/msg/dbw_status.h
[8.396s] -- Symlinking: /home/pavithra/ros2_ws/install/abaja_interfaces/include/abaja_interfaces/abaja_interfaces/msg/detail/battery_status__functions.h
[8.402s] -- Symlinking: /home/pavithra/ros2_ws/install/abaja_interfaces/include/abaja_interfaces/abaja_interfaces/msg/detail/battery_status__struct.h
[8.411s] -- Symlinking: /home/pavithra/ros2_ws/install/abaja_interfaces/include/abaja_interfaces/abaja_interfaces/msg/detail/battery_status__type_support.h
[8.417s] -- Up-to-date symlink: /home/pavithra/ros2_ws/install/abaja_interfaces/include/abaja_interfaces/abaja_interfaces/msg/detail/control_cmd__functions.h
[8.417s] -- Up-to-date symlink: /home/pavithra/ros2_ws/install/abaja_interfaces/include/abaja_interfaces/abaja_interfaces/msg/detail/control_cmd__struct.h
[8.418s] -- Up-to-date symlink: /home/pavithra/ros2_ws/install/abaja_interfaces/include/abaja_interfaces/abaja_interfaces/msg/detail/control_cmd__type_support.h
[8.418s] -- Symlinking: /home/pavithra/ros2_ws/install/abaja_interfaces/include/abaja_interfaces/abaja_interfaces/msg/detail/dbw_cmd__functions.h
[8.426s] -- Symlinking: /home/pavithra/ros2_ws/install/abaja_interfaces/include/abaja_interfaces/abaja_interfaces/msg/detail/dbw_cmd__struct.h
[8.435s] -- Symlinking: /home/pavithra/ros2_ws/install/abaja_interfaces/include/abaja_interfaces/abaja_interfaces/msg/detail/dbw_cmd__type_support.h
[8.441s] -- Symlinking: /home/pavithra/ros2_ws/install/abaja_interfaces/include/abaja_interfaces/abaja_interfaces/msg/detail/dbw_status__functions.h
[8.450s] -- Symlinking: /home/pavithra/ros2_ws/install/abaja_interfaces/include/abaja_interfaces/abaja_interfaces/msg/detail/dbw_status__struct.h
[8.460s] -- Symlinking: /home/pavithra/ros2_ws/install/abaja_interfaces/include/abaja_interfaces/abaja_interfaces/msg/detail/dbw_status__type_support.h
[8.467s] -- Symlinking: /home/pavithra/ros2_ws/install/abaja_interfaces/include/abaja_interfaces/abaja_interfaces/msg/detail/detected_object__functions.h
[8.474s] -- Symlinking: /home/pavithra/ros2_ws/install/abaja_interfaces/include/abaja_interfaces/abaja_interfaces/msg/detail/detected_object__struct.h
[8.484s] -- Symlinking: /home/pavithra/ros2_ws/install/abaja_interfaces/include/abaja_interfaces/abaja_interfaces/msg/detail/detected_object__type_support.h
[8.493s] -- Symlinking: /home/pavithra/ros2_ws/install/abaja_interfaces/include/abaja_interfaces/abaja_interfaces/msg/detail/detected_object_array__functions.h
[8.500s] -- Symlinking: /home/pavithra/ros2_ws/install/abaja_interfaces/include/abaja_interfaces/abaja_interfaces/msg/detail/detected_object_array__struct.h
[8.508s] -- Symlinking: /home/pavithra/ros2_ws/install/abaja_interfaces/include/abaja_interfaces/abaja_interfaces/msg/detail/detected_object_array__type_support.h
[8.517s] -- Symlinking: /home/pavithra/ros2_ws/install/abaja_interfaces/include/abaja_interfaces/abaja_interfaces/msg/detail/mode_status__functions.h
[8.523s] -- Symlinking: /home/pavithra/ros2_ws/install/abaja_interfaces/include/abaja_interfaces/abaja_interfaces/msg/detail/mode_status__struct.h
[8.533s] -- Symlinking: /home/pavithra/ros2_ws/install/abaja_interfaces/include/abaja_interfaces/abaja_interfaces/msg/detail/mode_status__type_support.h
[8.539s] -- Symlinking: /home/pavithra/ros2_ws/install/abaja_interfaces/include/abaja_interfaces/abaja_interfaces/msg/detail/steering_feedback__functions.h
[8.548s] -- Symlinking: /home/pavithra/ros2_ws/install/abaja_interfaces/include/abaja_interfaces/abaja_interfaces/msg/detail/steering_feedback__struct.h
[8.556s] -- Symlinking: /home/pavithra/ros2_ws/install/abaja_interfaces/include/abaja_interfaces/abaja_interfaces/msg/detail/steering_feedback__type_support.h
[8.565s] -- Up-to-date symlink: /home/pavithra/ros2_ws/install/abaja_interfaces/include/abaja_interfaces/abaja_interfaces/msg/detail/vehicle_state__functions.h
[8.565s] -- Up-to-date symlink: /home/pavithra/ros2_ws/install/abaja_interfaces/include/abaja_interfaces/abaja_interfaces/msg/detail/vehicle_state__struct.h
[8.565s] -- Up-to-date symlink: /home/pavithra/ros2_ws/install/abaja_interfaces/include/abaja_interfaces/abaja_interfaces/msg/detail/vehicle_state__type_support.h
[8.565s] -- Symlinking: /home/pavithra/ros2_ws/install/abaja_interfaces/include/abaja_interfaces/abaja_interfaces/msg/detail/wheel_speed__functions.h
[8.572s] -- Symlinking: /home/pavithra/ros2_ws/install/abaja_interfaces/include/abaja_interfaces/abaja_interfaces/msg/detail/wheel_speed__struct.h
[8.582s] -- Symlinking: /home/pavithra/ros2_ws/install/abaja_interfaces/include/abaja_interfaces/abaja_interfaces/msg/detail/wheel_speed__type_support.h
[8.588s] -- Symlinking: /home/pavithra/ros2_ws/install/abaja_interfaces/include/abaja_interfaces/abaja_interfaces/msg/detected_object.h
[8.598s] -- Symlinking: /home/pavithra/ros2_ws/install/abaja_interfaces/include/abaja_interfaces/abaja_interfaces/msg/detected_object_array.h
[8.606s] -- Symlinking: /home/pavithra/ros2_ws/install/abaja_interfaces/include/abaja_interfaces/abaja_interfaces/msg/mode_status.h
[8.615s] -- Up-to-date symlink: /home/pavithra/ros2_ws/install/abaja_interfaces/include/abaja_interfaces/abaja_interfaces/msg/rosidl_generator_c__visibility_control.h
[8.615s] -- Symlinking: /home/pavithra/ros2_ws/install/abaja_interfaces/include/abaja_interfaces/abaja_interfaces/msg/steering_feedback.h
[8.620s] -- Up-to-date symlink: /home/pavithra/ros2_ws/install/abaja_interfaces/include/abaja_interfaces/abaja_interfaces/msg/vehicle_state.h
[8.621s] -- Symlinking: /home/pavithra/ros2_ws/install/abaja_interfaces/include/abaja_interfaces/abaja_interfaces/msg/wheel_speed.h
[8.630s] -- Up-to-date symlink: /home/pavithra/ros2_ws/install/abaja_interfaces/share/abaja_interfaces/environment/library_path.sh
[8.630s] -- Up-to-date symlink: /home/pavithra/ros2_ws/install/abaja_interfaces/share/abaja_interfaces/environment/library_path.dsv
[8.630s] -- Symlinking: /home/pavithra/ros2_ws/install/abaja_interfaces/include/abaja_interfaces/abaja_interfaces/msg/detail/battery_status__rosidl_typesupport_fastrtps_c.h
[8.645s] -- Up-to-date symlink: /home/pavithra/ros2_ws/install/abaja_interfaces/include/abaja_interfaces/abaja_interfaces/msg/detail/control_cmd__rosidl_typesupport_fastrtps_c.h
[8.645s] -- Symlinking: /home/pavithra/ros2_ws/install/abaja_interfaces/include/abaja_interfaces/abaja_interfaces/msg/detail/dbw_cmd__rosidl_typesupport_fastrtps_c.h
[8.653s] -- Symlinking: /home/pavithra/ros2_ws/install/abaja_interfaces/include/abaja_interfaces/abaja_interfaces/msg/detail/dbw_status__rosidl_typesupport_fastrtps_c.h
[8.662s] -- Symlinking: /home/pavithra/ros2_ws/install/abaja_interfaces/include/abaja_interfaces/abaja_interfaces/msg/detail/detected_object__rosidl_typesupport_fastrtps_c.h
[8.669s] -- Symlinking: /home/pavithra/ros2_ws/install/abaja_interfaces/include/abaja_interfaces/abaja_interfaces/msg/detail/detected_object_array__rosidl_typesupport_fastrtps_c.h
[8.675s] -- Symlinking: /home/pavithra/ros2_ws/install/abaja_interfaces/include/abaja_interfaces/abaja_interfaces/msg/detail/mode_status__rosidl_typesupport_fastrtps_c.h
[8.684s] -- Symlinking: /home/pavithra/ros2_ws/install/abaja_interfaces/include/abaja_interfaces/abaja_interfaces/msg/detail/steering_feedback__rosidl_typesupport_fastrtps_c.h
[8.693s] -- Up-to-date symlink: /home/pavithra/ros2_ws/install/abaja_interfaces/include/abaja_interfaces/abaja_interfaces/msg/detail/vehicle_state__rosidl_typesupport_fastrtps_c.h
[8.693s] -- Symlinking: /home/pavithra/ros2_ws/install/abaja_interfaces/include/abaja_interfaces/abaja_interfaces/msg/detail/wheel_speed__rosidl_typesupport_fastrtps_c.h
[8.702s] -- Up-to-date symlink: /home/pavithra/ros2_ws/install/abaja_interfaces/include/abaja_interfaces/abaja_interfaces/msg/rosidl_typesupport_fastrtps_c__visibility_control.h
[8.702s] -- Symlinking: /home/pavithra/ros2_ws/install/abaja_interfaces/include/abaja_interfaces/abaja_interfaces/msg/detail/battery_status__rosidl_typesupport_introspection_c.h
[8.712s] -- Up-to-date symlink: /home/pavithra/ros2_ws/install/abaja_interfaces/include/abaja_interfaces/abaja_interfaces/msg/detail/control_cmd__rosidl_typesupport_introspection_c.h
[8.712s] -- Symlinking: /home/pavithra/ros2_ws/install/abaja_interfaces/include/abaja_interfaces/abaja_interfaces/msg/detail/dbw_cmd__rosidl_typesupport_introspection_c.h
[8.719s] -- Symlinking: /home/pavithra/ros2_ws/install/abaja_interfaces/include/abaja_interfaces/abaja_interfaces/msg/detail/dbw_status__rosidl_typesupport_introspection_c.h
[8.727s] -- Symlinking: /home/pavithra/ros2_ws/install/abaja_interfaces/include/abaja_interfaces/abaja_interfaces/msg/detail/detected_object__rosidl_typesupport_introspection_c.h
[8.736s] -- Symlinking: /home/pavithra/ros2_ws/install/abaja_interfaces/include/abaja_interfaces/abaja_interfaces/msg/detail/detected_object_array__rosidl_typesupport_introspection_c.h
[8.746s] -- Symlinking: /home/pavithra/ros2_ws/install/abaja_interfaces/include/abaja_interfaces/abaja_interfaces/msg/detail/mode_status__rosidl_typesupport_introspection_c.h
[8.754s] -- Symlinking: /home/pavithra/ros2_ws/install/abaja_interfaces/include/abaja_interfaces/abaja_interfaces/msg/detail/steering_feedback__rosidl_typesupport_introspection_c.h
[8.760s] -- Up-to-date symlink: /home/pavithra/ros2_ws/install/abaja_interfaces/include/abaja_interfaces/abaja_interfaces/msg/detail/vehicle_state__rosidl_typesupport_introspection_c.h
[8.761s] -- Symlinking: /home/pavithra/ros2_ws/install/abaja_interfaces/include/abaja_interfaces/abaja_interfaces/msg/detail/wheel_speed__rosidl_typesupport_introspection_c.h
[8.770s] -- Up-to-date symlink: /home/pavithra/ros2_ws/install/abaja_interfaces/include/abaja_interfaces/abaja_interfaces/msg/rosidl_typesupport_introspection_c__visibility_control.h
[8.770s] -- Symlinking: /home/pavithra/ros2_ws/install/abaja_interfaces/include/abaja_interfaces/abaja_interfaces/msg/battery_status.hpp
[8.780s] -- Up-to-date symlink: /home/pavithra/ros2_ws/install/abaja_interfaces/include/abaja_interfaces/abaja_interfaces/msg/control_cmd.hpp
[8.780s] -- Symlinking: /home/pavithra/ros2_ws/install/abaja_interfaces/include/abaja_interfaces/abaja_interfaces/msg/dbw_cmd.hpp
[8.790s] -- Symlinking: /home/pavithra/ros2_ws/install/abaja_interfaces/include/abaja_interfaces/abaja_interfaces/msg/dbw_status.hpp
[8.800s] -- Symlinking: /home/pavithra/ros2_ws/install/abaja_interfaces/include/abaja_interfaces/abaja_interfaces/msg/detail/battery_status__builder.hpp
[8.806s] -- Symlinking: /home/pavithra/ros2_ws/install/abaja_interfaces/include/abaja_interfaces/abaja_interfaces/msg/detail/battery_status__struct.hpp
[8.815s] -- Symlinking: /home/pavithra/ros2_ws/install/abaja_interfaces/include/abaja_interfaces/abaja_interfaces/msg/detail/battery_status__traits.hpp
[8.822s] -- Symlinking: /home/pavithra/ros2_ws/install/abaja_interfaces/include/abaja_interfaces/abaja_interfaces/msg/detail/battery_status__type_support.hpp
[8.831s] -- Up-to-date symlink: /home/pavithra/ros2_ws/install/abaja_interfaces/include/abaja_interfaces/abaja_interfaces/msg/detail/control_cmd__builder.hpp
[8.831s] -- Up-to-date symlink: /home/pavithra/ros2_ws/install/abaja_interfaces/include/abaja_interfaces/abaja_interfaces/msg/detail/control_cmd__struct.hpp
[8.831s] -- Up-to-date symlink: /home/pavithra/ros2_ws/install/abaja_interfaces/include/abaja_interfaces/abaja_interfaces/msg/detail/control_cmd__traits.hpp
[8.831s] -- Up-to-date symlink: /home/pavithra/ros2_ws/install/abaja_interfaces/include/abaja_interfaces/abaja_interfaces/msg/detail/control_cmd__type_support.hpp
[8.831s] -- Symlinking: /home/pavithra/ros2_ws/install/abaja_interfaces/include/abaja_interfaces/abaja_interfaces/msg/detail/dbw_cmd__builder.hpp
[8.839s] -- Symlinking: /home/pavithra/ros2_ws/install/abaja_interfaces/include/abaja_interfaces/abaja_interfaces/msg/detail/dbw_cmd__struct.hpp
[8.846s] -- Symlinking: /home/pavithra/ros2_ws/install/abaja_interfaces/include/abaja_interfaces/abaja_interfaces/msg/detail/dbw_cmd__traits.hpp
[8.853s] -- Symlinking: /home/pavithra/ros2_ws/install/abaja_interfaces/include/abaja_interfaces/abaja_interfaces/msg/detail/dbw_cmd__type_support.hpp
[8.863s] -- Symlinking: /home/pavithra/ros2_ws/install/abaja_interfaces/include/abaja_interfaces/abaja_interfaces/msg/detail/dbw_status__builder.hpp
[8.871s] -- Symlinking: /home/pavithra/ros2_ws/install/abaja_interfaces/include/abaja_interfaces/abaja_interfaces/msg/detail/dbw_status__struct.hpp
[8.879s] -- Symlinking: /home/pavithra/ros2_ws/install/abaja_interfaces/include/abaja_interfaces/abaja_interfaces/msg/detail/dbw_status__traits.hpp
[8.888s] -- Symlinking: /home/pavithra/ros2_ws/install/abaja_interfaces/include/abaja_interfaces/abaja_interfaces/msg/detail/dbw_status__type_support.hpp
[8.897s] -- Symlinking: /home/pavithra/ros2_ws/install/abaja_interfaces/include/abaja_interfaces/abaja_interfaces/msg/detail/detected_object__builder.hpp
[8.904s] -- Symlinking: /home/pavithra/ros2_ws/install/abaja_interfaces/include/abaja_interfaces/abaja_interfaces/msg/detail/detected_object__struct.hpp
[8.913s] -- Symlinking: /home/pavithra/ros2_ws/install/abaja_interfaces/include/abaja_interfaces/abaja_interfaces/msg/detail/detected_object__traits.hpp
[8.919s] -- Symlinking: /home/pavithra/ros2_ws/install/abaja_interfaces/include/abaja_interfaces/abaja_interfaces/msg/detail/detected_object__type_support.hpp
[8.925s] -- Symlinking: /home/pavithra/ros2_ws/install/abaja_interfaces/include/abaja_interfaces/abaja_interfaces/msg/detail/detected_object_array__builder.hpp
[8.932s] -- Symlinking: /home/pavithra/ros2_ws/install/abaja_interfaces/include/abaja_interfaces/abaja_interfaces/msg/detail/detected_object_array__struct.hpp
[8.937s] -- Symlinking: /home/pavithra/ros2_ws/install/abaja_interfaces/include/abaja_interfaces/abaja_interfaces/msg/detail/detected_object_array__traits.hpp
[8.948s] -- Symlinking: /home/pavithra/ros2_ws/install/abaja_interfaces/include/abaja_interfaces/abaja_interfaces/msg/detail/detected_object_array__type_support.hpp
[8.956s] -- Symlinking: /home/pavithra/ros2_ws/install/abaja_interfaces/include/abaja_interfaces/abaja_interfaces/msg/detail/mode_status__builder.hpp
[8.964s] -- Symlinking: /home/pavithra/ros2_ws/install/abaja_interfaces/include/abaja_interfaces/abaja_interfaces/msg/detail/mode_status__struct.hpp
[8.972s] -- Symlinking: /home/pavithra/ros2_ws/install/abaja_interfaces/include/abaja_interfaces/abaja_interfaces/msg/detail/mode_status__traits.hpp
[8.981s] -- Symlinking: /home/pavithra/ros2_ws/install/abaja_interfaces/include/abaja_interfaces/abaja_interfaces/msg/detail/mode_status__type_support.hpp
[8.988s] -- Symlinking: /home/pavithra/ros2_ws/install/abaja_interfaces/include/abaja_interfaces/abaja_interfaces/msg/detail/steering_feedback__builder.hpp
[8.995s] -- Symlinking: /home/pavithra/ros2_ws/install/abaja_interfaces/include/abaja_interfaces/abaja_interfaces/msg/detail/steering_feedback__struct.hpp
[9.003s] -- Symlinking: /home/pavithra/ros2_ws/install/abaja_interfaces/include/abaja_interfaces/abaja_interfaces/msg/detail/steering_feedback__traits.hpp
[9.011s] -- Symlinking: /home/pavithra/ros2_ws/install/abaja_interfaces/include/abaja_interfaces/abaja_interfaces/msg/detail/steering_feedback__type_support.hpp
[9.020s] -- Up-to-date symlink: /home/pavithra/ros2_ws/install/abaja_interfaces/include/abaja_interfaces/abaja_interfaces/msg/detail/vehicle_state__builder.hpp
[9.020s] -- Up-to-date symlink: /home/pavithra/ros2_ws/install/abaja_interfaces/include/abaja_interfaces/abaja_interfaces/msg/detail/vehicle_state__struct.hpp
[9.020s] -- Up-to-date symlink: /home/pavithra/ros2_ws/install/abaja_interfaces/include/abaja_interfaces/abaja_interfaces/msg/detail/vehicle_state__traits.hpp
[9.020s] -- Up-to-date symlink: /home/pavithra/ros2_ws/install/abaja_interfaces/include/abaja_interfaces/abaja_interfaces/msg/detail/vehicle_state__type_support.hpp
[9.020s] -- Symlinking: /home/pavithra/ros2_ws/install/abaja_interfaces/include/abaja_interfaces/abaja_interfaces/msg/detail/wheel_speed__builder.hpp
[9.029s] -- Symlinking: /home/pavithra/ros2_ws/install/abaja_interfaces/include/abaja_interfaces/abaja_interfaces/msg/detail/wheel_speed__struct.hpp
[9.037s] -- Symlinking: /home/pavithra/ros2_ws/install/abaja_interfaces/include/abaja_interfaces/abaja_interfaces/msg/detail/wheel_speed__traits.hpp
[9.046s] -- Symlinking: /home/pavithra/ros2_ws/install/abaja_interfaces/include/abaja_interfaces/abaja_interfaces/msg/detail/wheel_speed__type_support.hpp
[9.054s] -- Symlinking: /home/pavithra/ros2_ws/install/abaja_interfaces/include/abaja_interfaces/abaja_interfaces/msg/detected_object.hpp
[9.062s] -- Symlinking: /home/pavithra/ros2_ws/install/abaja_interfaces/include/abaja_interfaces/abaja_interfaces/msg/detected_object_array.hpp
[9.070s] -- Symlinking: /home/pavithra/ros2_ws/install/abaja_interfaces/include/abaja_interfaces/abaja_interfaces/msg/mode_status.hpp
[9.077s] -- Up-to-date symlink: /home/pavithra/ros2_ws/install/abaja_interfaces/include/abaja_interfaces/abaja_interfaces/msg/rosidl_generator_cpp__visibility_control.hpp
[9.077s] -- Symlinking: /home/pavithra/ros2_ws/install/abaja_interfaces/include/abaja_interfaces/abaja_interfaces/msg/steering_feedback.hpp
[9.085s] -- Up-to-date symlink: /home/pavithra/ros2_ws/install/abaja_interfaces/include/abaja_interfaces/abaja_interfaces/msg/vehicle_state.hpp
[9.085s] -- Symlinking: /home/pavithra/ros2_ws/install/abaja_interfaces/include/abaja_interfaces/abaja_interfaces/msg/wheel_speed.hpp
[9.094s] -- Symlinking: /home/pavithra/ros2_ws/install/abaja_interfaces/include/abaja_interfaces/abaja_interfaces/msg/detail/battery_status__rosidl_typesupport_fastrtps_cpp.hpp
[9.101s] -- Up-to-date symlink: /home/pavithra/ros2_ws/install/abaja_interfaces/include/abaja_interfaces/abaja_interfaces/msg/detail/control_cmd__rosidl_typesupport_fastrtps_cpp.hpp
[9.102s] -- Symlinking: /home/pavithra/ros2_ws/install/abaja_interfaces/include/abaja_interfaces/abaja_interfaces/msg/detail/dbw_cmd__rosidl_typesupport_fastrtps_cpp.hpp
[9.109s] -- Symlinking: /home/pavithra/ros2_ws/install/abaja_interfaces/include/abaja_interfaces/abaja_interfaces/msg/detail/dbw_status__rosidl_typesupport_fastrtps_cpp.hpp
[9.118s] -- Symlinking: /home/pavithra/ros2_ws/install/abaja_interfaces/include/abaja_interfaces/abaja_interfaces/msg/detail/detected_object__rosidl_typesupport_fastrtps_cpp.hpp
[9.126s] -- Symlinking: /home/pavithra/ros2_ws/install/abaja_interfaces/include/abaja_interfaces/abaja_interfaces/msg/detail/detected_object_array__rosidl_typesupport_fastrtps_cpp.hpp
[9.134s] -- Symlinking: /home/pavithra/ros2_ws/install/abaja_interfaces/include/abaja_interfaces/abaja_interfaces/msg/detail/mode_status__rosidl_typesupport_fastrtps_cpp.hpp
[9.141s] -- Symlinking: /home/pavithra/ros2_ws/install/abaja_interfaces/include/abaja_interfaces/abaja_interfaces/msg/detail/steering_feedback__rosidl_typesupport_fastrtps_cpp.hpp
[9.152s] -- Up-to-date symlink: /home/pavithra/ros2_ws/install/abaja_interfaces/include/abaja_interfaces/abaja_interfaces/msg/detail/vehicle_state__rosidl_typesupport_fastrtps_cpp.hpp
[9.153s] -- Symlinking: /home/pavithra/ros2_ws/install/abaja_interfaces/include/abaja_interfaces/abaja_interfaces/msg/detail/wheel_speed__rosidl_typesupport_fastrtps_cpp.hpp
[9.164s] -- Up-to-date symlink: /home/pavithra/ros2_ws/install/abaja_interfaces/include/abaja_interfaces/abaja_interfaces/msg/rosidl_typesupport_fastrtps_cpp__visibility_control.h
[9.165s] -- Symlinking: /home/pavithra/ros2_ws/install/abaja_interfaces/include/abaja_interfaces/abaja_interfaces/msg/detail/battery_status__rosidl_typesupport_introspection_cpp.hpp
[9.176s] -- Up-to-date symlink: /home/pavithra/ros2_ws/install/abaja_interfaces/include/abaja_interfaces/abaja_interfaces/msg/detail/control_cmd__rosidl_typesupport_introspection_cpp.hpp
[9.176s] -- Symlinking: /home/pavithra/ros2_ws/install/abaja_interfaces/include/abaja_interfaces/abaja_interfaces/msg/detail/dbw_cmd__rosidl_typesupport_introspection_cpp.hpp
[9.188s] -- Symlinking: /home/pavithra/ros2_ws/install/abaja_interfaces/include/abaja_interfaces/abaja_interfaces/msg/detail/dbw_status__rosidl_typesupport_introspection_cpp.hpp
[9.199s] -- Symlinking: /home/pavithra/ros2_ws/install/abaja_interfaces/include/abaja_interfaces/abaja_interfaces/msg/detail/detected_object__rosidl_typesupport_introspection_cpp.hpp
[9.206s] -- Symlinking: /home/pavithra/ros2_ws/install/abaja_interfaces/include/abaja_interfaces/abaja_interfaces/msg/detail/detected_object_array__rosidl_typesupport_introspection_cpp.hpp
[9.214s] -- Symlinking: /home/pavithra/ros2_ws/install/abaja_interfaces/include/abaja_interfaces/abaja_interfaces/msg/detail/mode_status__rosidl_typesupport_introspection_cpp.hpp
[9.220s] -- Symlinking: /home/pavithra/ros2_ws/install/abaja_interfaces/include/abaja_interfaces/abaja_interfaces/msg/detail/steering_feedback__rosidl_typesupport_introspection_cpp.hpp
[9.230s] -- Up-to-date symlink: /home/pavithra/ros2_ws/install/abaja_interfaces/include/abaja_interfaces/abaja_interfaces/msg/detail/vehicle_state__rosidl_typesupport_introspection_cpp.hpp
[9.230s] -- Symlinking: /home/pavithra/ros2_ws/install/abaja_interfaces/include/abaja_interfaces/abaja_interfaces/msg/detail/wheel_speed__rosidl_typesupport_introspection_cpp.hpp
[9.237s] -- Up-to-date symlink: /home/pavithra/ros2_ws/install/abaja_interfaces/share/abaja_interfaces/environment/pythonpath.sh
[9.237s] -- Up-to-date symlink: /home/pavithra/ros2_ws/install/abaja_interfaces/share/abaja_interfaces/environment/pythonpath.dsv
[9.237s] -- Up-to-date symlink: /home/pavithra/ros2_ws/install/abaja_interfaces/lib/python3.12/site-packages/abaja_interfaces-0.0.0-py3.12.egg-info/PKG-INFO
[9.237s] -- Up-to-date symlink: /home/pavithra/ros2_ws/install/abaja_interfaces/lib/python3.12/site-packages/abaja_interfaces-0.0.0-py3.12.egg-info/SOURCES.txt
[9.237s] -- Up-to-date symlink: /home/pavithra/ros2_ws/install/abaja_interfaces/lib/python3.12/site-packages/abaja_interfaces-0.0.0-py3.12.egg-info/dependency_links.txt
[9.237s] -- Up-to-date symlink: /home/pavithra/ros2_ws/install/abaja_interfaces/lib/python3.12/site-packages/abaja_interfaces-0.0.0-py3.12.egg-info/top_level.txt
[9.238s] -- Up-to-date symlink: /home/pavithra/ros2_ws/install/abaja_interfaces/lib/python3.12/site-packages/abaja_interfaces/__init__.py
[9.238s] -- Up-to-date symlink: /home/pavithra/ros2_ws/install/abaja_interfaces/lib/python3.12/site-packages/abaja_interfaces/_abaja_interfaces_s.ep.rosidl_typesupport_c.c
[9.238s] -- Up-to-date symlink: /home/pavithra/ros2_ws/install/abaja_interfaces/lib/python3.12/site-packages/abaja_interfaces/_abaja_interfaces_s.ep.rosidl_typesupport_fastrtps_c.c
[9.238s] -- Up-to-date symlink: /home/pavithra/ros2_ws/install/abaja_interfaces/lib/python3.12/site-packages/abaja_interfaces/_abaja_interfaces_s.ep.rosidl_typesupport_introspection_c.c
[9.238s] -- Up-to-date symlink: /home/pavithra/ros2_ws/install/abaja_interfaces/lib/python3.12/site-packages/abaja_interfaces/abaja_interfaces_s__rosidl_typesupport_c.so
[9.239s] -- Up-to-date symlink: /home/pavithra/ros2_ws/install/abaja_interfaces/lib/python3.12/site-packages/abaja_interfaces/abaja_interfaces_s__rosidl_typesupport_fastrtps_c.so
[9.239s] -- Up-to-date symlink: /home/pavithra/ros2_ws/install/abaja_interfaces/lib/python3.12/site-packages/abaja_interfaces/abaja_interfaces_s__rosidl_typesupport_introspection_c.so
[9.239s] -- Up-to-date symlink: /home/pavithra/ros2_ws/install/abaja_interfaces/lib/python3.12/site-packages/abaja_interfaces/msg/__init__.py
[9.239s] -- Symlinking: /home/pavithra/ros2_ws/install/abaja_interfaces/lib/python3.12/site-packages/abaja_interfaces/msg/_battery_status.py
[9.248s] -- Symlinking: /home/pavithra/ros2_ws/install/abaja_interfaces/lib/python3.12/site-packages/abaja_interfaces/msg/_battery_status_s.c
[9.257s] -- Up-to-date symlink: /home/pavithra/ros2_ws/install/abaja_interfaces/lib/python3.12/site-packages/abaja_interfaces/msg/_control_cmd.py
[9.257s] -- Up-to-date symlink: /home/pavithra/ros2_ws/install/abaja_interfaces/lib/python3.12/site-packages/abaja_interfaces/msg/_control_cmd_s.c
[9.257s] -- Symlinking: /home/pavithra/ros2_ws/install/abaja_interfaces/lib/python3.12/site-packages/abaja_interfaces/msg/_dbw_cmd.py
[9.264s] -- Symlinking: /home/pavithra/ros2_ws/install/abaja_interfaces/lib/python3.12/site-packages/abaja_interfaces/msg/_dbw_cmd_s.c
[9.273s] -- Symlinking: /home/pavithra/ros2_ws/install/abaja_interfaces/lib/python3.12/site-packages/abaja_interfaces/msg/_dbw_status.py
[9.282s] -- Symlinking: /home/pavithra/ros2_ws/install/abaja_interfaces/lib/python3.12/site-packages/abaja_interfaces/msg/_dbw_status_s.c
[9.291s] -- Symlinking: /home/pavithra/ros2_ws/install/abaja_interfaces/lib/python3.12/site-packages/abaja_interfaces/msg/_detected_object.py
[9.299s] -- Symlinking: /home/pavithra/ros2_ws/install/abaja_interfaces/lib/python3.12/site-packages/abaja_interfaces/msg/_detected_object_array.py
[9.307s] -- Symlinking: /home/pavithra/ros2_ws/install/abaja_interfaces/lib/python3.12/site-packages/abaja_interfaces/msg/_detected_object_array_s.c
[9.316s] -- Symlinking: /home/pavithra/ros2_ws/install/abaja_interfaces/lib/python3.12/site-packages/abaja_interfaces/msg/_detected_object_s.c
[9.323s] -- Symlinking: /home/pavithra/ros2_ws/install/abaja_interfaces/lib/python3.12/site-packages/abaja_interfaces/msg/_mode_status.py
[9.332s] -- Symlinking: /home/pavithra/ros2_ws/install/abaja_interfaces/lib/python3.12/site-packages/abaja_interfaces/msg/_mode_status_s.c
[9.339s] -- Symlinking: /home/pavithra/ros2_ws/install/abaja_interfaces/lib/python3.12/site-packages/abaja_interfaces/msg/_steering_feedback.py
[9.347s] -- Symlinking: /home/pavithra/ros2_ws/install/abaja_interfaces/lib/python3.12/site-packages/abaja_interfaces/msg/_steering_feedback_s.c
[9.353s] -- Up-to-date symlink: /home/pavithra/ros2_ws/install/abaja_interfaces/lib/python3.12/site-packages/abaja_interfaces/msg/_vehicle_state.py
[9.353s] -- Up-to-date symlink: /home/pavithra/ros2_ws/install/abaja_interfaces/lib/python3.12/site-packages/abaja_interfaces/msg/_vehicle_state_s.c
[9.353s] -- Symlinking: /home/pavithra/ros2_ws/install/abaja_interfaces/lib/python3.12/site-packages/abaja_interfaces/msg/_wheel_speed.py
[9.364s] -- Symlinking: /home/pavithra/ros2_ws/install/abaja_interfaces/lib/python3.12/site-packages/abaja_interfaces/msg/_wheel_speed_s.c
[9.370s] -- Up-to-date symlink: /home/pavithra/ros2_ws/install/abaja_interfaces/lib/python3.12/site-packages/abaja_interfaces/abaja_interfaces_s__rosidl_typesupport_fastrtps_c.so
[9.370s] -- Up-to-date symlink: /home/pavithra/ros2_ws/install/abaja_interfaces/lib/python3.12/site-packages/abaja_interfaces/abaja_interfaces_s__rosidl_typesupport_introspection_c.so
[9.371s] -- Up-to-date symlink: /home/pavithra/ros2_ws/install/abaja_interfaces/lib/python3.12/site-packages/abaja_interfaces/abaja_interfaces_s__rosidl_typesupport_c.so
[9.371s] -- Up-to-date symlink: /home/pavithra/ros2_ws/install/abaja_interfaces/share/ament_index/resource_index/rust_packages/abaja_interfaces
[9.372s] -- Up-to-date symlink: /home/pavithra/ros2_ws/install/abaja_interfaces/share/abaja_interfaces/rust/Cargo.toml
[9.372s] -- Up-to-date symlink: /home/pavithra/ros2_ws/install/abaja_interfaces/share/abaja_interfaces/rust/build.rs
[9.373s] -- Up-to-date symlink: /home/pavithra/ros2_ws/install/abaja_interfaces/share/abaja_interfaces/rust/src/lib.rs
[9.373s] -- Up-to-date symlink: /home/pavithra/ros2_ws/install/abaja_interfaces/share/abaja_interfaces/rust/src/msg.rs
[9.373s] -- Up-to-date symlink: /home/pavithra/ros2_ws/install/abaja_interfaces/share/abaja_interfaces/rust/src/msg/rmw.rs
[9.373s] -- Up-to-date symlink: /home/pavithra/ros2_ws/install/abaja_interfaces/share/abaja_interfaces/msg/ControlCmd.idl
[9.373s] -- Up-to-date symlink: /home/pavithra/ros2_ws/install/abaja_interfaces/share/abaja_interfaces/msg/VehicleState.idl
[9.373s] -- Symlinking: /home/pavithra/ros2_ws/install/abaja_interfaces/share/abaja_interfaces/msg/WheelSpeed.idl
[9.383s] -- Symlinking: /home/pavithra/ros2_ws/install/abaja_interfaces/share/abaja_interfaces/msg/SteeringFeedback.idl
[9.390s] -- Symlinking: /home/pavithra/ros2_ws/install/abaja_interfaces/share/abaja_interfaces/msg/BatteryStatus.idl
[9.400s] -- Symlinking: /home/pavithra/ros2_ws/install/abaja_interfaces/share/abaja_interfaces/msg/ModeStatus.idl
[9.406s] -- Symlinking: /home/pavithra/ros2_ws/install/abaja_interfaces/share/abaja_interfaces/msg/DbwCmd.idl
[9.415s] -- Symlinking: /home/pavithra/ros2_ws/install/abaja_interfaces/share/abaja_interfaces/msg/DbwStatus.idl
[9.422s] -- Symlinking: /home/pavithra/ros2_ws/install/abaja_interfaces/share/abaja_interfaces/msg/DetectedObject.idl
[9.430s] -- Symlinking: /home/pavithra/ros2_ws/install/abaja_interfaces/share/abaja_interfaces/msg/DetectedObjectArray.idl
[9.438s] -- Up-to-date symlink: /home/pavithra/ros2_ws/install/abaja_interfaces/share/abaja_interfaces/msg/ControlCmd.msg
[9.438s] -- Up-to-date symlink: /home/pavithra/ros2_ws/install/abaja_interfaces/share/abaja_interfaces/msg/VehicleState.msg
[9.438s] -- Symlinking: /home/pavithra/ros2_ws/install/abaja_interfaces/share/abaja_interfaces/msg/WheelSpeed.msg
[9.447s] -- Symlinking: /home/pavithra/ros2_ws/install/abaja_interfaces/share/abaja_interfaces/msg/SteeringFeedback.msg
[9.454s] -- Symlinking: /home/pavithra/ros2_ws/install/abaja_interfaces/share/abaja_interfaces/msg/BatteryStatus.msg
[9.464s] -- Symlinking: /home/pavithra/ros2_ws/install/abaja_interfaces/share/abaja_interfaces/msg/ModeStatus.msg
[9.472s] -- Symlinking: /home/pavithra/ros2_ws/install/abaja_interfaces/share/abaja_interfaces/msg/DbwCmd.msg
[9.480s] -- Symlinking: /home/pavithra/ros2_ws/install/abaja_interfaces/share/abaja_interfaces/msg/DbwStatus.msg
[9.489s] -- Symlinking: /home/pavithra/ros2_ws/install/abaja_interfaces/share/abaja_interfaces/msg/DetectedObject.msg
[9.499s] -- Symlinking: /home/pavithra/ros2_ws/install/abaja_interfaces/share/abaja_interfaces/msg/DetectedObjectArray.msg
[9.506s] -- Up-to-date symlink: /home/pavithra/ros2_ws/install/abaja_interfaces/share/ament_index/resource_index/package_run_dependencies/abaja_interfaces
[9.506s] -- Up-to-date symlink: /home/pavithra/ros2_ws/install/abaja_interfaces/share/ament_index/resource_index/parent_prefix_path/abaja_interfaces
[9.507s] -- Up-to-date symlink: /home/pavithra/ros2_ws/install/abaja_interfaces/share/abaja_interfaces/environment/ament_prefix_path.sh
[9.507s] -- Up-to-date symlink: /home/pavithra/ros2_ws/install/abaja_interfaces/share/abaja_interfaces/environment/ament_prefix_path.dsv
[9.507s] -- Up-to-date symlink: /home/pavithra/ros2_ws/install/abaja_interfaces/share/abaja_interfaces/environment/path.sh
[9.507s] -- Up-to-date symlink: /home/pavithra/ros2_ws/install/abaja_interfaces/share/abaja_interfaces/environment/path.dsv
[9.507s] -- Up-to-date symlink: /home/pavithra/ros2_ws/install/abaja_interfaces/share/abaja_interfaces/local_setup.bash
[9.507s] -- Up-to-date symlink: /home/pavithra/ros2_ws/install/abaja_interfaces/share/abaja_interfaces/local_setup.sh
[9.507s] -- Up-to-date symlink: /home/pavithra/ros2_ws/install/abaja_interfaces/share/abaja_interfaces/local_setup.zsh
[9.507s] -- Up-to-date symlink: /home/pavithra/ros2_ws/install/abaja_interfaces/share/abaja_interfaces/local_setup.dsv
[9.508s] -- Symlinking: /home/pavithra/ros2_ws/install/abaja_interfaces/share/abaja_interfaces/package.dsv
[9.517s] -- Up-to-date symlink: /home/pavithra/ros2_ws/install/abaja_interfaces/share/ament_index/resource_index/packages/abaja_interfaces
[9.517s] -- Up-to-date symlink: /home/pavithra/ros2_ws/install/abaja_interfaces/share/abaja_interfaces/cmake/rosidl_cmake-extras.cmake
[9.517s] -- Up-to-date symlink: /home/pavithra/ros2_ws/install/abaja_interfaces/share/abaja_interfaces/cmake/ament_cmake_export_dependencies-extras.cmake
[9.517s] -- Up-to-date symlink: /home/pavithra/ros2_ws/install/abaja_interfaces/share/abaja_interfaces/cmake/ament_cmake_export_include_directories-extras.cmake
[9.517s] -- Up-to-date symlink: /home/pavithra/ros2_ws/install/abaja_interfaces/share/abaja_interfaces/cmake/ament_cmake_export_libraries-extras.cmake
[9.518s] -- Up-to-date symlink: /home/pavithra/ros2_ws/install/abaja_interfaces/share/abaja_interfaces/cmake/ament_cmake_export_targets-extras.cmake
[9.518s] -- Up-to-date symlink: /home/pavithra/ros2_ws/install/abaja_interfaces/share/abaja_interfaces/cmake/rosidl_cmake_export_typesupport_targets-extras.cmake
[9.518s] -- Up-to-date symlink: /home/pavithra/ros2_ws/install/abaja_interfaces/share/abaja_interfaces/cmake/rosidl_cmake_export_typesupport_libraries-extras.cmake
[9.518s] -- Up-to-date symlink: /home/pavithra/ros2_ws/install/abaja_interfaces/share/abaja_interfaces/cmake/abaja_interfacesConfig.cmake
[9.518s] -- Up-to-date symlink: /home/pavithra/ros2_ws/install/abaja_interfaces/share/abaja_interfaces/cmake/abaja_interfacesConfig-version.cmake
[9.518s] -- Up-to-date symlink: /home/pavithra/ros2_ws/install/abaja_interfaces/share/abaja_interfaces/package.xml
[9.519s] -- Installing: /home/pavithra/ros2_ws/install/abaja_interfaces/lib/libabaja_interfaces__rosidl_generator_c.so
[9.519s] -- Set non-toolchain portion of runtime path of "/home/pavithra/ros2_ws/install/abaja_interfaces/lib/libabaja_interfaces__rosidl_generator_c.so" to ""
[9.519s] -- Installing: /home/pavithra/ros2_ws/install/abaja_interfaces/lib/libabaja_interfaces__rosidl_typesupport_fastrtps_c.so
[9.520s] -- Set non-toolchain portion of runtime path of "/home/pavithra/ros2_ws/install/abaja_interfaces/lib/libabaja_interfaces__rosidl_typesupport_fastrtps_c.so" to ""
[9.520s] -- Installing: /home/pavithra/ros2_ws/install/abaja_interfaces/lib/libabaja_interfaces__rosidl_typesupport_introspection_c.so
[9.520s] -- Set non-toolchain portion of runtime path of "/home/pavithra/ros2_ws/install/abaja_interfaces/lib/libabaja_interfaces__rosidl_typesupport_introspection_c.so" to ""
[9.521s] -- Installing: /home/pavithra/ros2_ws/install/abaja_interfaces/lib/libabaja_interfaces__rosidl_typesupport_c.so
[9.521s] -- Set non-toolchain portion of runtime path of "/home/pavithra/ros2_ws/install/abaja_interfaces/lib/libabaja_interfaces__rosidl_typesupport_c.so" to ""
[9.521s] -- Installing: /home/pavithra/ros2_ws/install/abaja_interfaces/lib/libabaja_interfaces__rosidl_typesupport_fastrtps_cpp.so
[9.522s] -- Set non-toolchain portion of runtime path of "/home/pavithra/ros2_ws/install/abaja_interfaces/lib/libabaja_interfaces__rosidl_typesupport_fastrtps_cpp.so" to ""
[9.522s] -- Installing: /home/pavithra/ros2_ws/install/abaja_interfaces/lib/libabaja_interfaces__rosidl_typesupport_introspection_cpp.so
[9.523s] -- Set non-toolchain portion of runtime path of "/home/pavithra/ros2_ws/install/abaja_interfaces/lib/libabaja_interfaces__rosidl_typesupport_introspection_cpp.so" to ""
[9.523s] -- Installing: /home/pavithra/ros2_ws/install/abaja_interfaces/lib/libabaja_interfaces__rosidl_typesupport_cpp.so
[9.523s] -- Set non-toolchain portion of runtime path of "/home/pavithra/ros2_ws/install/abaja_interfaces/lib/libabaja_interfaces__rosidl_typesupport_cpp.so" to ""
[9.568s] Listing '/home/pavithra/ros2_ws/install/abaja_interfaces/lib/python3.12/site-packages/abaja_interfaces'...
[9.568s] Compiling '/home/pavithra/ros2_ws/install/abaja_interfaces/lib/python3.12/site-packages/abaja_interfaces/__init__.py'...
[9.568s] Listing '/home/pavithra/ros2_ws/install/abaja_interfaces/lib/python3.12/site-packages/abaja_interfaces/msg'...
[9.568s] Compiling '/home/pavithra/ros2_ws/install/abaja_interfaces/lib/python3.12/site-packages/abaja_interfaces/msg/__init__.py'...
[9.568s] Compiling '/home/pavithra/ros2_ws/install/abaja_interfaces/lib/python3.12/site-packages/abaja_interfaces/msg/_battery_status.py'...
[9.568s] Compiling '/home/pavithra/ros2_ws/install/abaja_interfaces/lib/python3.12/site-packages/abaja_interfaces/msg/_control_cmd.py'...
[9.568s] Compiling '/home/pavithra/ros2_ws/install/abaja_interfaces/lib/python3.12/site-packages/abaja_interfaces/msg/_dbw_cmd.py'...
[9.568s] Compiling '/home/pavithra/ros2_ws/install/abaja_interfaces/lib/python3.12/site-packages/abaja_interfaces/msg/_dbw_status.py'...
[9.568s] Compiling '/home/pavithra/ros2_ws/install/abaja_interfaces/lib/python3.12/site-packages/abaja_interfaces/msg/_detected_object.py'...
[9.568s] Compiling '/home/pavithra/ros2_ws/install/abaja_interfaces/lib/python3.12/site-packages/abaja_interfaces/msg/_detected_object_array.py'...
[9.568s] Compiling '/home/pavithra/ros2_ws/install/abaja_interfaces/lib/python3.12/site-packages/abaja_interfaces/msg/_mode_status.py'...
[9.568s] Compiling '/home/pavithra/ros2_ws/install/abaja_interfaces/lib/python3.12/site-packages/abaja_interfaces/msg/_steering_feedback.py'...
[9.568s] Compiling '/home/pavithra/ros2_ws/install/abaja_interfaces/lib/python3.12/site-packages/abaja_interfaces/msg/_vehicle_state.py'...
[9.568s] Compiling '/home/pavithra/ros2_ws/install/abaja_interfaces/lib/python3.12/site-packages/abaja_interfaces/msg/_wheel_speed.py'...
[9.572s] -- Installing: /home/pavithra/ros2_ws/install/abaja_interfaces/lib/libabaja_interfaces__rosidl_generator_py.so
[9.573s] -- Set non-toolchain portion of runtime path of "/home/pavithra/ros2_ws/install/abaja_interfaces/lib/libabaja_interfaces__rosidl_generator_py.so" to ""
[9.573s] -- Up-to-date: /home/pavithra/ros2_ws/install/abaja_interfaces/share/abaja_interfaces/cmake/export_abaja_interfaces__rosidl_generator_cExport.cmake
[9.573s] -- Up-to-date: /home/pavithra/ros2_ws/install/abaja_interfaces/share/abaja_interfaces/cmake/export_abaja_interfaces__rosidl_generator_cExport-noconfig.cmake
[9.573s] -- Up-to-date: /home/pavithra/ros2_ws/install/abaja_interfaces/share/abaja_interfaces/cmake/export_abaja_interfaces__rosidl_typesupport_fastrtps_cExport.cmake
[9.573s] -- Up-to-date: /home/pavithra/ros2_ws/install/abaja_interfaces/share/abaja_interfaces/cmake/export_abaja_interfaces__rosidl_typesupport_fastrtps_cExport-noconfig.cmake
[9.573s] -- Up-to-date: /home/pavithra/ros2_ws/install/abaja_interfaces/share/abaja_interfaces/cmake/abaja_interfaces__rosidl_typesupport_introspection_cExport.cmake
[9.573s] -- Up-to-date: /home/pavithra/ros2_ws/install/abaja_interfaces/share/abaja_interfaces/cmake/abaja_interfaces__rosidl_typesupport_introspection_cExport-noconfig.cmake
[9.574s] -- Up-to-date: /home/pavithra/ros2_ws/install/abaja_interfaces/share/abaja_interfaces/cmake/abaja_interfaces__rosidl_typesupport_cExport.cmake
[9.574s] -- Up-to-date: /home/pavithra/ros2_ws/install/abaja_interfaces/share/abaja_interfaces/cmake/abaja_interfaces__rosidl_typesupport_cExport-noconfig.cmake
[9.574s] -- Up-to-date: /home/pavithra/ros2_ws/install/abaja_interfaces/share/abaja_interfaces/cmake/export_abaja_interfaces__rosidl_generator_cppExport.cmake
[9.574s] -- Up-to-date: /home/pavithra/ros2_ws/install/abaja_interfaces/share/abaja_interfaces/cmake/export_abaja_interfaces__rosidl_typesupport_fastrtps_cppExport.cmake
[9.574s] -- Up-to-date: /home/pavithra/ros2_ws/install/abaja_interfaces/share/abaja_interfaces/cmake/export_abaja_interfaces__rosidl_typesupport_fastrtps_cppExport-noconfig.cmake
[9.574s] -- Up-to-date: /home/pavithra/ros2_ws/install/abaja_interfaces/share/abaja_interfaces/cmake/abaja_interfaces__rosidl_typesupport_introspection_cppExport.cmake
[9.574s] -- Up-to-date: /home/pavithra/ros2_ws/install/abaja_interfaces/share/abaja_interfaces/cmake/abaja_interfaces__rosidl_typesupport_introspection_cppExport-noconfig.cmake
[9.574s] -- Up-to-date: /home/pavithra/ros2_ws/install/abaja_interfaces/share/abaja_interfaces/cmake/abaja_interfaces__rosidl_typesupport_cppExport.cmake
[9.574s] -- Up-to-date: /home/pavithra/ros2_ws/install/abaja_interfaces/share/abaja_interfaces/cmake/abaja_interfaces__rosidl_typesupport_cppExport-noconfig.cmake
[9.574s] -- Up-to-date: /home/pavithra/ros2_ws/install/abaja_interfaces/share/abaja_interfaces/cmake/export_abaja_interfaces__rosidl_generator_pyExport.cmake
[9.574s] -- Up-to-date: /home/pavithra/ros2_ws/install/abaja_interfaces/share/abaja_interfaces/cmake/export_abaja_interfaces__rosidl_generator_pyExport-noconfig.cmake
[9.576s] Invoked command in '/home/pavithra/ros2_ws/build/abaja_interfaces' returned '0': CMAKE_PREFIX_PATH=${CMAKE_PREFIX_PATH}:/opt/ros/jazzy DEBUGINFOD_URLS=https://debuginfod.ubuntu.com /usr/bin/cmake --install /home/pavithra/ros2_ws/build/abaja_interfaces
