[0.553s] Invoking command in '/home/pavithra/ros2_ws/build/abaja_vehicle_state': AMENT_PREFIX_PATH=/home/pavithra/ros2_ws/install/abaja_interfaces:${AMENT_PREFIX_PATH} CMAKE_PREFIX_PATH=/home/pavithra/ros2_ws/install/abaja_interfaces:${CMAKE_PREFIX_PATH} DEBUGINFOD_URLS=https://debuginfod.ubuntu.com LD_LIBRARY_PATH=/home/pavithra/ros2_ws/install/abaja_interfaces/lib:${LD_LIBRARY_PATH} PYTHONPATH=/home/pavithra/ros2_ws/build/abaja_vehicle_state/prefix_override:/usr/lib/python3/dist-packages/colcon_core/task/python/colcon_distutils_commands:/home/pavithra/ros2_ws/install/abaja_vehicle_state/lib/python3.12/site-packages:/home/pavithra/ros2_ws/install/abaja_interfaces/lib/python3.12/site-packages:${PYTHONPATH} /usr/bin/python3 -W ignore:setup.py install is deprecated -W ignore:easy_install command is deprecated setup.py develop --editable --build-directory /home/pavithra/ros2_ws/build/abaja_vehicle_state/build --no-deps symlink_data
[0.791s] running develop
[0.920s] running egg_info
[0.934s] writing abaja_vehicle_state.egg-info/PKG-INFO
[0.934s] writing dependency_links to abaja_vehicle_state.egg-info/dependency_links.txt
[0.935s] writing entry points to abaja_vehicle_state.egg-info/entry_points.txt
[0.935s] writing requirements to abaja_vehicle_state.egg-info/requires.txt
[0.935s] writing top-level names to abaja_vehicle_state.egg-info/top_level.txt
[0.958s] reading manifest file 'abaja_vehicle_state.egg-info/SOURCES.txt'
[0.959s] writing manifest file 'abaja_vehicle_state.egg-info/SOURCES.txt'
[0.973s] running build_ext
[0.973s] Creating /home/pavithra/ros2_ws/install/abaja_vehicle_state/lib/python3.12/site-packages/abaja-vehicle-state.egg-link (link to .)
[0.973s] Installing battery_monitor_node script to /home/pavithra/ros2_ws/install/abaja_vehicle_state/lib/abaja_vehicle_state
[0.974s] Installing mode_status_node script to /home/pavithra/ros2_ws/install/abaja_vehicle_state/lib/abaja_vehicle_state
[0.974s] Installing steering_feedback_node script to /home/pavithra/ros2_ws/install/abaja_vehicle_state/lib/abaja_vehicle_state
[0.974s] Installing vehicle_dashboard_node script to /home/pavithra/ros2_ws/install/abaja_vehicle_state/lib/abaja_vehicle_state
[0.974s] Installing vehicle_state_node script to /home/pavithra/ros2_ws/install/abaja_vehicle_state/lib/abaja_vehicle_state
[0.974s] Installing wheel_speed_node script to /home/pavithra/ros2_ws/install/abaja_vehicle_state/lib/abaja_vehicle_state
[0.974s] 
[0.974s] Installed /home/pavithra/ros2_ws/build/abaja_vehicle_state
[0.974s] running symlink_data
[1.001s] Invoked command in '/home/pavithra/ros2_ws/build/abaja_vehicle_state' returned '0': AMENT_PREFIX_PATH=/home/pavithra/ros2_ws/install/abaja_interfaces:${AMENT_PREFIX_PATH} CMAKE_PREFIX_PATH=/home/pavithra/ros2_ws/install/abaja_interfaces:${CMAKE_PREFIX_PATH} DEBUGINFOD_URLS=https://debuginfod.ubuntu.com LD_LIBRARY_PATH=/home/pavithra/ros2_ws/install/abaja_interfaces/lib:${LD_LIBRARY_PATH} PYTHONPATH=/home/pavithra/ros2_ws/build/abaja_vehicle_state/prefix_override:/usr/lib/python3/dist-packages/colcon_core/task/python/colcon_distutils_commands:/home/pavithra/ros2_ws/install/abaja_vehicle_state/lib/python3.12/site-packages:/home/pavithra/ros2_ws/install/abaja_interfaces/lib/python3.12/site-packages:${PYTHONPATH} /usr/bin/python3 -W ignore:setup.py install is deprecated -W ignore:easy_install command is deprecated setup.py develop --editable --build-directory /home/pavithra/ros2_ws/build/abaja_vehicle_state/build --no-deps symlink_data
