running develop
running egg_info
creating abaja_teleop.egg-info
writing abaja_teleop.egg-info/PKG-INFO
writing dependency_links to abaja_teleop.egg-info/dependency_links.txt
writing entry points to abaja_teleop.egg-info/entry_points.txt
writing requirements to abaja_teleop.egg-info/requires.txt
writing top-level names to abaja_teleop.egg-info/top_level.txt
writing manifest file 'abaja_teleop.egg-info/SOURCES.txt'
reading manifest file 'abaja_teleop.egg-info/SOURCES.txt'
writing manifest file 'abaja_teleop.egg-info/SOURCES.txt'
running build_ext
Creating /home/pavithra/Intelligence_ABAJA-26/ros2_ws/install/abaja_teleop/lib/python3.12/site-packages/abaja-teleop.egg-link (link to .)
Installing keyboard_teleop script to /home/pavithra/Intelligence_ABAJA-26/ros2_ws/install/abaja_teleop/lib/abaja_teleop
Installing sim_controller script to /home/pavithra/Intelligence_ABAJA-26/ros2_ws/install/abaja_teleop/lib/abaja_teleop

Installed /home/pavithra/Intelligence_ABAJA-26/ros2_ws/build/abaja_teleop
running symlink_data
creating /home/pavithra/Intelligence_ABAJA-26/ros2_ws/install/abaja_teleop/share/ament_index
creating /home/pavithra/Intelligence_ABAJA-26/ros2_ws/install/abaja_teleop/share/ament_index/resource_index
creating /home/pavithra/Intelligence_ABAJA-26/ros2_ws/install/abaja_teleop/share/ament_index/resource_index/packages
symbolically linking /home/pavithra/Intelligence_ABAJA-26/ros2_ws/build/abaja_teleop/resource/abaja_teleop -> /home/pavithra/Intelligence_ABAJA-26/ros2_ws/install/abaja_teleop/share/ament_index/resource_index/packages
symbolically linking /home/pavithra/Intelligence_ABAJA-26/ros2_ws/build/abaja_teleop/package.xml -> /home/pavithra/Intelligence_ABAJA-26/ros2_ws/install/abaja_teleop/share/abaja_teleop
creating /home/pavithra/Intelligence_ABAJA-26/ros2_ws/install/abaja_teleop/share/abaja_teleop/launch
symbolically linking /home/pavithra/Intelligence_ABAJA-26/ros2_ws/build/abaja_teleop/launch/teleop.launch.py -> /home/pavithra/Intelligence_ABAJA-26/ros2_ws/install/abaja_teleop/share/abaja_teleop/launch
