[1.882s] Invoking command in '/home/pavithra/Intelligence_ABAJA-26/ros2_ws/build/abaja_teleop': DEBUGINFOD_URLS=https://debuginfod.ubuntu.com PYTHONPATH=/home/pavithra/Intelligence_ABAJA-26/ros2_ws/build/abaja_teleop/prefix_override:/usr/lib/python3/dist-packages/colcon_core/task/python/colcon_distutils_commands:/home/pavithra/Intelligence_ABAJA-26/ros2_ws/install/abaja_teleop/lib/python3.12/site-packages:${PYTHONPATH} /usr/bin/python3 -W ignore:setup.py install is deprecated -W ignore:easy_install command is deprecated setup.py develop --editable --build-directory /home/pavithra/Intelligence_ABAJA-26/ros2_ws/build/abaja_teleop/build --no-deps symlink_data
[2.335s] running develop
[2.639s] running egg_info
[2.639s] creating abaja_teleop.egg-info
[2.666s] writing abaja_teleop.egg-info/PKG-INFO
[2.666s] writing dependency_links to abaja_teleop.egg-info/dependency_links.txt
[2.666s] writing entry points to abaja_teleop.egg-info/entry_points.txt
[2.667s] writing requirements to abaja_teleop.egg-info/requires.txt
[2.667s] writing top-level names to abaja_teleop.egg-info/top_level.txt
[2.667s] writing manifest file 'abaja_teleop.egg-info/SOURCES.txt'
[2.723s] reading manifest file 'abaja_teleop.egg-info/SOURCES.txt'
[2.724s] writing manifest file 'abaja_teleop.egg-info/SOURCES.txt'
[2.741s] running build_ext
[2.741s] Creating /home/pavithra/Intelligence_ABAJA-26/ros2_ws/install/abaja_teleop/lib/python3.12/site-packages/abaja-teleop.egg-link (link to .)
[2.742s] Installing keyboard_teleop script to /home/pavithra/Intelligence_ABAJA-26/ros2_ws/install/abaja_teleop/lib/abaja_teleop
[2.742s] Installing sim_controller script to /home/pavithra/Intelligence_ABAJA-26/ros2_ws/install/abaja_teleop/lib/abaja_teleop
[2.742s] 
[2.742s] Installed /home/pavithra/Intelligence_ABAJA-26/ros2_ws/build/abaja_teleop
[2.742s] running symlink_data
[2.742s] creating /home/pavithra/Intelligence_ABAJA-26/ros2_ws/install/abaja_teleop/share/ament_index
[2.742s] creating /home/pavithra/Intelligence_ABAJA-26/ros2_ws/install/abaja_teleop/share/ament_index/resource_index
[2.742s] creating /home/pavithra/Intelligence_ABAJA-26/ros2_ws/install/abaja_teleop/share/ament_index/resource_index/packages
[2.743s] symbolically linking /home/pavithra/Intelligence_ABAJA-26/ros2_ws/build/abaja_teleop/resource/abaja_teleop -> /home/pavithra/Intelligence_ABAJA-26/ros2_ws/install/abaja_teleop/share/ament_index/resource_index/packages
[2.743s] symbolically linking /home/pavithra/Intelligence_ABAJA-26/ros2_ws/build/abaja_teleop/package.xml -> /home/pavithra/Intelligence_ABAJA-26/ros2_ws/install/abaja_teleop/share/abaja_teleop
[2.743s] creating /home/pavithra/Intelligence_ABAJA-26/ros2_ws/install/abaja_teleop/share/abaja_teleop/launch
[2.743s] symbolically linking /home/pavithra/Intelligence_ABAJA-26/ros2_ws/build/abaja_teleop/launch/teleop.launch.py -> /home/pavithra/Intelligence_ABAJA-26/ros2_ws/install/abaja_teleop/share/abaja_teleop/launch
[2.774s] Invoked command in '/home/pavithra/Intelligence_ABAJA-26/ros2_ws/build/abaja_teleop' returned '0': DEBUGINFOD_URLS=https://debuginfod.ubuntu.com PYTHONPATH=/home/pavithra/Intelligence_ABAJA-26/ros2_ws/build/abaja_teleop/prefix_override:/usr/lib/python3/dist-packages/colcon_core/task/python/colcon_distutils_commands:/home/pavithra/Intelligence_ABAJA-26/ros2_ws/install/abaja_teleop/lib/python3.12/site-packages:${PYTHONPATH} /usr/bin/python3 -W ignore:setup.py install is deprecated -W ignore:easy_install command is deprecated setup.py develop --editable --build-directory /home/pavithra/Intelligence_ABAJA-26/ros2_ws/build/abaja_teleop/build --no-deps symlink_data
