[2.350s] Invoking command in '/home/pavithra/ros2_ws/build/abaja_perception': DEBUGINFOD_URLS=https://debuginfod.ubuntu.com PYTHONPATH=/home/pavithra/ros2_ws/build/abaja_perception/prefix_override:/usr/lib/python3/dist-packages/colcon_core/task/python/colcon_distutils_commands:/home/pavithra/ros2_ws/install/abaja_perception/lib/python3.12/site-packages:${PYTHONPATH} /usr/bin/python3 -W ignore:setup.py install is deprecated -W ignore:easy_install command is deprecated setup.py develop --editable --build-directory /home/pavithra/ros2_ws/build/abaja_perception/build --no-deps symlink_data
[2.902s] running develop
[3.110s] running egg_info
[3.110s] creating abaja_perception.egg-info
[3.142s] writing abaja_perception.egg-info/PKG-INFO
[3.142s] writing dependency_links to abaja_perception.egg-info/dependency_links.txt
[3.143s] writing entry points to abaja_perception.egg-info/entry_points.txt
[3.144s] writing requirements to abaja_perception.egg-info/requires.txt
[3.145s] writing top-level names to abaja_perception.egg-info/top_level.txt
[3.146s] writing manifest file 'abaja_perception.egg-info/SOURCES.txt'
[3.207s] reading manifest file 'abaja_perception.egg-info/SOURCES.txt'
[3.207s] writing manifest file 'abaja_perception.egg-info/SOURCES.txt'
[3.241s] running build_ext
[3.241s] Creating /home/pavithra/ros2_ws/install/abaja_perception/lib/python3.12/site-packages/abaja-perception.egg-link (link to .)
[3.243s] Installing radar_perception_node script to /home/pavithra/ros2_ws/install/abaja_perception/lib/abaja_perception
[3.243s] 
[3.243s] Installed /home/pavithra/ros2_ws/build/abaja_perception
[3.243s] running symlink_data
[3.243s] creating /home/pavithra/ros2_ws/install/abaja_perception/share/ament_index
[3.243s] creating /home/pavithra/ros2_ws/install/abaja_perception/share/ament_index/resource_index
[3.244s] creating /home/pavithra/ros2_ws/install/abaja_perception/share/ament_index/resource_index/packages
[3.244s] symbolically linking /home/pavithra/ros2_ws/build/abaja_perception/resource/abaja_perception -> /home/pavithra/ros2_ws/install/abaja_perception/share/ament_index/resource_index/packages
[3.244s] symbolically linking /home/pavithra/ros2_ws/build/abaja_perception/package.xml -> /home/pavithra/ros2_ws/install/abaja_perception/share/abaja_perception
[3.324s] Invoked command in '/home/pavithra/ros2_ws/build/abaja_perception' returned '0': DEBUGINFOD_URLS=https://debuginfod.ubuntu.com PYTHONPATH=/home/pavithra/ros2_ws/build/abaja_perception/prefix_override:/usr/lib/python3/dist-packages/colcon_core/task/python/colcon_distutils_commands:/home/pavithra/ros2_ws/install/abaja_perception/lib/python3.12/site-packages:${PYTHONPATH} /usr/bin/python3 -W ignore:setup.py install is deprecated -W ignore:easy_install command is deprecated setup.py develop --editable --build-directory /home/pavithra/ros2_ws/build/abaja_perception/build --no-deps symlink_data
