running develop
Removing /home/pavithra/Intelligence_ABAJA-26/ros2_ws/install/abaja_logging/lib/python3.12/site-packages/abaja-logging.egg-link (link to .)
running egg_info
writing ../../build/abaja_logging/abaja_logging.egg-info/PKG-INFO
writing dependency_links to ../../build/abaja_logging/abaja_logging.egg-info/dependency_links.txt
writing entry points to ../../build/abaja_logging/abaja_logging.egg-info/entry_points.txt
writing requirements to ../../build/abaja_logging/abaja_logging.egg-info/requires.txt
writing top-level names to ../../build/abaja_logging/abaja_logging.egg-info/top_level.txt
reading manifest file '../../build/abaja_logging/abaja_logging.egg-info/SOURCES.txt'
writing manifest file '../../build/abaja_logging/abaja_logging.egg-info/SOURCES.txt'
running build
running build_py
creating /home/pavithra/Intelligence_ABAJA-26/ros2_ws/build/abaja_logging/build
creating /home/pavithra/Intelligence_ABAJA-26/ros2_ws/build/abaja_logging/build/lib
creating /home/pavithra/Intelligence_ABAJA-26/ros2_ws/build/abaja_logging/build/lib/abaja_logging
copying abaja_logging/__init__.py -> /home/pavithra/Intelligence_ABAJA-26/ros2_ws/build/abaja_logging/build/lib/abaja_logging
copying abaja_logging/safety_supervisor_node.py -> /home/pavithra/Intelligence_ABAJA-26/ros2_ws/build/abaja_logging/build/lib/abaja_logging
copying abaja_logging/data_logger_node.py -> /home/pavithra/Intelligence_ABAJA-26/ros2_ws/build/abaja_logging/build/lib/abaja_logging
copying abaja_logging/system_dashboard_node.py -> /home/pavithra/Intelligence_ABAJA-26/ros2_ws/build/abaja_logging/build/lib/abaja_logging
running install
running install_lib
creating /home/pavithra/Intelligence_ABAJA-26/ros2_ws/install/abaja_logging/lib/python3.12/site-packages/abaja_logging
copying /home/pavithra/Intelligence_ABAJA-26/ros2_ws/build/abaja_logging/build/lib/abaja_logging/__init__.py -> /home/pavithra/Intelligence_ABAJA-26/ros2_ws/install/abaja_logging/lib/python3.12/site-packages/abaja_logging
copying /home/pavithra/Intelligence_ABAJA-26/ros2_ws/build/abaja_logging/build/lib/abaja_logging/safety_supervisor_node.py -> /home/pavithra/Intelligence_ABAJA-26/ros2_ws/install/abaja_logging/lib/python3.12/site-packages/abaja_logging
copying /home/pavithra/Intelligence_ABAJA-26/ros2_ws/build/abaja_logging/build/lib/abaja_logging/data_logger_node.py -> /home/pavithra/Intelligence_ABAJA-26/ros2_ws/install/abaja_logging/lib/python3.12/site-packages/abaja_logging
copying /home/pavithra/Intelligence_ABAJA-26/ros2_ws/build/abaja_logging/build/lib/abaja_logging/system_dashboard_node.py -> /home/pavithra/Intelligence_ABAJA-26/ros2_ws/install/abaja_logging/lib/python3.12/site-packages/abaja_logging
byte-compiling /home/pavithra/Intelligence_ABAJA-26/ros2_ws/install/abaja_logging/lib/python3.12/site-packages/abaja_logging/__init__.py to __init__.cpython-312.pyc
byte-compiling /home/pavithra/Intelligence_ABAJA-26/ros2_ws/install/abaja_logging/lib/python3.12/site-packages/abaja_logging/safety_supervisor_node.py to safety_supervisor_node.cpython-312.pyc
byte-compiling /home/pavithra/Intelligence_ABAJA-26/ros2_ws/install/abaja_logging/lib/python3.12/site-packages/abaja_logging/data_logger_node.py to data_logger_node.cpython-312.pyc
byte-compiling /home/pavithra/Intelligence_ABAJA-26/ros2_ws/install/abaja_logging/lib/python3.12/site-packages/abaja_logging/system_dashboard_node.py to system_dashboard_node.cpython-312.pyc
running install_data
copying resource/abaja_logging -> /home/pavithra/Intelligence_ABAJA-26/ros2_ws/install/abaja_logging/share/ament_index/resource_index/packages
copying package.xml -> /home/pavithra/Intelligence_ABAJA-26/ros2_ws/install/abaja_logging/share/abaja_logging
running install_egg_info
Copying ../../build/abaja_logging/abaja_logging.egg-info to /home/pavithra/Intelligence_ABAJA-26/ros2_ws/install/abaja_logging/lib/python3.12/site-packages/abaja_logging-0.0.0-py3.12.egg-info
running install_scripts
Installing data_logger_node script to /home/pavithra/Intelligence_ABAJA-26/ros2_ws/install/abaja_logging/lib/abaja_logging
Installing safety_supervisor_node script to /home/pavithra/Intelligence_ABAJA-26/ros2_ws/install/abaja_logging/lib/abaja_logging
Installing system_dashboard_node script to /home/pavithra/Intelligence_ABAJA-26/ros2_ws/install/abaja_logging/lib/abaja_logging
writing list of installed files to '/home/pavithra/Intelligence_ABAJA-26/ros2_ws/build/abaja_logging/install.log'
