[0.718s] Invoking command in '/home/pavithra/Intelligence_ABAJA-26/ros2_ws/build/abaja_planning': AMENT_PREFIX_PATH=/home/pavithra/Intelligence_ABAJA-26/ros2_ws/install/abaja_interfaces:${AMENT_PREFIX_PATH} CMAKE_PREFIX_PATH=/home/pavithra/Intelligence_ABAJA-26/ros2_ws/install/abaja_interfaces:${CMAKE_PREFIX_PATH} DEBUGINFOD_URLS=https://debuginfod.ubuntu.com LD_LIBRARY_PATH=/home/pavithra/Intelligence_ABAJA-26/ros2_ws/install/abaja_interfaces/lib:${LD_LIBRARY_PATH} PYTHONPATH=/home/pavithra/Intelligence_ABAJA-26/ros2_ws/build/abaja_planning/prefix_override:/usr/lib/python3/dist-packages/colcon_core/task/python/colcon_distutils_commands:/home/pavithra/Intelligence_ABAJA-26/ros2_ws/install/abaja_planning/lib/python3.12/site-packages:/home/pavithra/Intelligence_ABAJA-26/ros2_ws/install/abaja_interfaces/lib/python3.12/site-packages:${PYTHONPATH} /usr/bin/python3 -W ignore:setup.py install is deprecated -W ignore:easy_install command is deprecated setup.py develop --editable --build-directory /home/pavithra/Intelligence_ABAJA-26/ros2_ws/build/abaja_planning/build --no-deps symlink_data
[0.959s] running develop
[1.084s] running egg_info
[1.097s] writing abaja_planning.egg-info/PKG-INFO
[1.098s] writing dependency_links to abaja_planning.egg-info/dependency_links.txt
[1.098s] writing entry points to abaja_planning.egg-info/entry_points.txt
[1.098s] writing requirements to abaja_planning.egg-info/requires.txt
[1.098s] writing top-level names to abaja_planning.egg-info/top_level.txt
[1.126s] reading manifest file 'abaja_planning.egg-info/SOURCES.txt'
[1.127s] writing manifest file 'abaja_planning.egg-info/SOURCES.txt'
[1.140s] running build_ext
[1.141s] Creating /home/pavithra/Intelligence_ABAJA-26/ros2_ws/install/abaja_planning/lib/python3.12/site-packages/abaja-planning.egg-link (link to .)
[1.142s] Installing nav_cmd_to_control_cmd_node script to /home/pavithra/Intelligence_ABAJA-26/ros2_ws/install/abaja_planning/lib/abaja_planning
[1.142s] Installing path_planner_node script to /home/pavithra/Intelligence_ABAJA-26/ros2_ws/install/abaja_planning/lib/abaja_planning
[1.142s] Installing traffic_light_sim_node script to /home/pavithra/Intelligence_ABAJA-26/ros2_ws/install/abaja_planning/lib/abaja_planning
[1.142s] Installing traffic_signal_logic_node script to /home/pavithra/Intelligence_ABAJA-26/ros2_ws/install/abaja_planning/lib/abaja_planning
[1.143s] Installing waypoint_mission_node script to /home/pavithra/Intelligence_ABAJA-26/ros2_ws/install/abaja_planning/lib/abaja_planning
[1.143s] 
[1.143s] Installed /home/pavithra/Intelligence_ABAJA-26/ros2_ws/build/abaja_planning
[1.143s] running symlink_data
[1.175s] Invoked command in '/home/pavithra/Intelligence_ABAJA-26/ros2_ws/build/abaja_planning' returned '0': AMENT_PREFIX_PATH=/home/pavithra/Intelligence_ABAJA-26/ros2_ws/install/abaja_interfaces:${AMENT_PREFIX_PATH} CMAKE_PREFIX_PATH=/home/pavithra/Intelligence_ABAJA-26/ros2_ws/install/abaja_interfaces:${CMAKE_PREFIX_PATH} DEBUGINFOD_URLS=https://debuginfod.ubuntu.com LD_LIBRARY_PATH=/home/pavithra/Intelligence_ABAJA-26/ros2_ws/install/abaja_interfaces/lib:${LD_LIBRARY_PATH} PYTHONPATH=/home/pavithra/Intelligence_ABAJA-26/ros2_ws/build/abaja_planning/prefix_override:/usr/lib/python3/dist-packages/colcon_core/task/python/colcon_distutils_commands:/home/pavithra/Intelligence_ABAJA-26/ros2_ws/install/abaja_planning/lib/python3.12/site-packages:/home/pavithra/Intelligence_ABAJA-26/ros2_ws/install/abaja_interfaces/lib/python3.12/site-packages:${PYTHONPATH} /usr/bin/python3 -W ignore:setup.py install is deprecated -W ignore:easy_install command is deprecated setup.py develop --editable --build-directory /home/pavithra/Intelligence_ABAJA-26/ros2_ws/build/abaja_planning/build --no-deps symlink_data
