[2.037s] Invoking command in '/home/pavithra/ros2_ws/build/abaja_perception': DEBUGINFOD_URLS=https://debuginfod.ubuntu.com PYTHONPATH=/home/pavithra/ros2_ws/build/abaja_perception/prefix_override:/usr/lib/python3/dist-packages/colcon_core/task/python/colcon_distutils_commands:/home/pavithra/ros2_ws/install/abaja_perception/lib/python3.12/site-packages:/home/pavithra/ros2_ws/install/abaja_interfaces/lib/python3.12/site-packages:/home/pavithra/ros2_ws/build/abaja_vehicle_state:/home/pavithra/ros2_ws/install/abaja_vehicle_state/lib/python3.12/site-packages:/home/pavithra/ros2_ws/build/abaja_safety:/home/pavithra/ros2_ws/install/abaja_safety/lib/python3.12/site-packages:/home/pavithra/ros2_ws/build/abaja_planning:/home/pavithra/ros2_ws/install/abaja_planning/lib/python3.12/site-packages:/home/pavithra/ros2_ws/build/abaja_perception:/home/pavithra/ros2_ws/install/abaja_perception/lib/python3.12/site-packages:/home/pavithra/ros2_ws/build/abaja_logging:/home/pavithra/ros2_ws/install/abaja_logging/lib/python3.12/site-packages:/home/pavithra/ros2_ws/build/abaja_lane_detection:/home/pavithra/ros2_ws/install/abaja_lane_detection/lib/python3.12/site-packages:/home/pavithra/ros2_ws/build/abaja_control:/home/pavithra/ros2_ws/install/abaja_control/lib/python3.12/site-packages:/home/pavithra/ros2_ws/build/abaja_dbw_bridge:/home/pavithra/ros2_ws/install/abaja_dbw_bridge/lib/python3.12/site-packages:/home/pavithra/ros2_ws/build/abaja_bringup:/home/pavithra/ros2_ws/build/abaja_teleop:/home/pavithra/ros2_ws/install/abaja_bringup/lib/python3.12/site-packages:/home/pavithra/ros2_ws/install/abaja_teleop/lib/python3.12/site-packages:/opt/ros/jazzy/lib/python3.12/site-packages /usr/bin/python3 -W ignore:setup.py install is deprecated -W ignore:easy_install command is deprecated setup.py develop --editable --build-directory /home/pavithra/ros2_ws/build/abaja_perception/build --no-deps symlink_data
[2.494s] running develop
[2.786s] running egg_info
[2.797s] writing abaja_perception.egg-info/PKG-INFO
[2.797s] writing dependency_links to abaja_perception.egg-info/dependency_links.txt
[2.797s] writing entry points to abaja_perception.egg-info/entry_points.txt
[2.797s] writing requirements to abaja_perception.egg-info/requires.txt
[2.797s] writing top-level names to abaja_perception.egg-info/top_level.txt
[2.821s] reading manifest file 'abaja_perception.egg-info/SOURCES.txt'
[2.821s] writing manifest file 'abaja_perception.egg-info/SOURCES.txt'
[2.842s] running build_ext
[2.842s] Creating /home/pavithra/ros2_ws/install/abaja_perception/lib/python3.12/site-packages/abaja-perception.egg-link (link to .)
[2.843s] Installing camera_node script to /home/pavithra/ros2_ws/install/abaja_perception/lib/abaja_perception
[2.843s] Installing detection_display_node script to /home/pavithra/ros2_ws/install/abaja_perception/lib/abaja_perception
[2.843s] Installing detection_recorder_node script to /home/pavithra/ros2_ws/install/abaja_perception/lib/abaja_perception
[2.844s] Installing object_detection_node script to /home/pavithra/ros2_ws/install/abaja_perception/lib/abaja_perception
[2.844s] 
[2.844s] Installed /home/pavithra/ros2_ws/build/abaja_perception
[2.844s] running symlink_data
[2.871s] Invoked command in '/home/pavithra/ros2_ws/build/abaja_perception' returned '0': DEBUGINFOD_URLS=https://debuginfod.ubuntu.com PYTHONPATH=/home/pavithra/ros2_ws/build/abaja_perception/prefix_override:/usr/lib/python3/dist-packages/colcon_core/task/python/colcon_distutils_commands:/home/pavithra/ros2_ws/install/abaja_perception/lib/python3.12/site-packages:/home/pavithra/ros2_ws/install/abaja_interfaces/lib/python3.12/site-packages:/home/pavithra/ros2_ws/build/abaja_vehicle_state:/home/pavithra/ros2_ws/install/abaja_vehicle_state/lib/python3.12/site-packages:/home/pavithra/ros2_ws/build/abaja_safety:/home/pavithra/ros2_ws/install/abaja_safety/lib/python3.12/site-packages:/home/pavithra/ros2_ws/build/abaja_planning:/home/pavithra/ros2_ws/install/abaja_planning/lib/python3.12/site-packages:/home/pavithra/ros2_ws/build/abaja_perception:/home/pavithra/ros2_ws/install/abaja_perception/lib/python3.12/site-packages:/home/pavithra/ros2_ws/build/abaja_logging:/home/pavithra/ros2_ws/install/abaja_logging/lib/python3.12/site-packages:/home/pavithra/ros2_ws/build/abaja_lane_detection:/home/pavithra/ros2_ws/install/abaja_lane_detection/lib/python3.12/site-packages:/home/pavithra/ros2_ws/build/abaja_control:/home/pavithra/ros2_ws/install/abaja_control/lib/python3.12/site-packages:/home/pavithra/ros2_ws/build/abaja_dbw_bridge:/home/pavithra/ros2_ws/install/abaja_dbw_bridge/lib/python3.12/site-packages:/home/pavithra/ros2_ws/build/abaja_bringup:/home/pavithra/ros2_ws/build/abaja_teleop:/home/pavithra/ros2_ws/install/abaja_bringup/lib/python3.12/site-packages:/home/pavithra/ros2_ws/install/abaja_teleop/lib/python3.12/site-packages:/opt/ros/jazzy/lib/python3.12/site-packages /usr/bin/python3 -W ignore:setup.py install is deprecated -W ignore:easy_install command is deprecated setup.py develop --editable --build-directory /home/pavithra/ros2_ws/build/abaja_perception/build --no-deps symlink_data
