[0.028s] Invoking command in '/home/pavithra/ros2_ws/build/abaja_description': CMAKE_PREFIX_PATH=${CMAKE_PREFIX_PATH}:/home/pavithra/ros2_ws/install/abaja_bringup:/home/pavithra/ros2_ws/install/abaja_teleop:/opt/ros/jazzy DEBUGINFOD_URLS=https://debuginfod.ubuntu.com /usr/bin/cmake --build /home/pavithra/ros2_ws/build/abaja_description -- -j12 -l12
[0.394s] Invoked command in '/home/pavithra/ros2_ws/build/abaja_description' returned '0': CMAKE_PREFIX_PATH=${CMAKE_PREFIX_PATH}:/home/pavithra/ros2_ws/install/abaja_bringup:/home/pavithra/ros2_ws/install/abaja_teleop:/opt/ros/jazzy DEBUGINFOD_URLS=https://debuginfod.ubuntu.com /usr/bin/cmake --build /home/pavithra/ros2_ws/build/abaja_description -- -j12 -l12
[0.411s] Invoking command in '/home/pavithra/ros2_ws/build/abaja_description': CMAKE_PREFIX_PATH=${CMAKE_PREFIX_PATH}:/home/pavithra/ros2_ws/install/abaja_bringup:/home/pavithra/ros2_ws/install/abaja_teleop:/opt/ros/jazzy DEBUGINFOD_URLS=https://debuginfod.ubuntu.com /usr/bin/cmake --install /home/pavithra/ros2_ws/build/abaja_description
[0.425s] -- Install configuration: ""
[0.426s] -- Up-to-date: /home/pavithra/ros2_ws/install/abaja_description/share/abaja_description/urdf
[0.426s] -- Up-to-date: /home/pavithra/ros2_ws/install/abaja_description/share/abaja_description/urdf/chassis.xacro
[0.426s] -- Up-to-date: /home/pavithra/ros2_ws/install/abaja_description/share/abaja_description/urdf/materials.xacro
[0.427s] -- Up-to-date: /home/pavithra/ros2_ws/install/abaja_description/share/abaja_description/urdf/abaja_buggy.urdf.xacro
[0.427s] -- Up-to-date: /home/pavithra/ros2_ws/install/abaja_description/share/abaja_description/urdf/wheels.xacro
[0.427s] -- Up-to-date: /home/pavithra/ros2_ws/install/abaja_description/share/abaja_description/urdf/sensors.xacro
[0.427s] -- Up-to-date: /home/pavithra/ros2_ws/install/abaja_description/share/abaja_description/launch
[0.427s] -- Up-to-date: /home/pavithra/ros2_ws/install/abaja_description/share/abaja_description/launch/gazebo.launch.py
[0.428s] -- Up-to-date: /home/pavithra/ros2_ws/install/abaja_description/share/abaja_description/launch/display.launch.py
[0.428s] -- Up-to-date: /home/pavithra/ros2_ws/install/abaja_description/share/abaja_description/rviz
[0.428s] -- Up-to-date: /home/pavithra/ros2_ws/install/abaja_description/share/abaja_description/rviz/abaja_display.rviz
[0.428s] -- Up-to-date: /home/pavithra/ros2_ws/install/abaja_description/share/abaja_description/meshes
[0.429s] -- Up-to-date: /home/pavithra/ros2_ws/install/abaja_description/share/abaja_description/meshes/README.md
[0.429s] -- Up-to-date: /home/pavithra/ros2_ws/install/abaja_description/share/ament_index/resource_index/package_run_dependencies/abaja_description
[0.430s] -- Up-to-date: /home/pavithra/ros2_ws/install/abaja_description/share/ament_index/resource_index/parent_prefix_path/abaja_description
[0.430s] -- Up-to-date: /home/pavithra/ros2_ws/install/abaja_description/share/abaja_description/environment/ament_prefix_path.sh
[0.430s] -- Up-to-date: /home/pavithra/ros2_ws/install/abaja_description/share/abaja_description/environment/ament_prefix_path.dsv
[0.431s] -- Up-to-date: /home/pavithra/ros2_ws/install/abaja_description/share/abaja_description/environment/path.sh
[0.431s] -- Up-to-date: /home/pavithra/ros2_ws/install/abaja_description/share/abaja_description/environment/path.dsv
[0.431s] -- Up-to-date: /home/pavithra/ros2_ws/install/abaja_description/share/abaja_description/local_setup.bash
[0.432s] -- Up-to-date: /home/pavithra/ros2_ws/install/abaja_description/share/abaja_description/local_setup.sh
[0.432s] -- Up-to-date: /home/pavithra/ros2_ws/install/abaja_description/share/abaja_description/local_setup.zsh
[0.434s] -- Up-to-date: /home/pavithra/ros2_ws/install/abaja_description/share/abaja_description/local_setup.dsv
[0.434s] -- Up-to-date: /home/pavithra/ros2_ws/install/abaja_description/share/abaja_description/package.dsv
[0.435s] -- Up-to-date: /home/pavithra/ros2_ws/install/abaja_description/share/ament_index/resource_index/packages/abaja_description
[0.435s] -- Up-to-date: /home/pavithra/ros2_ws/install/abaja_description/share/abaja_description/cmake/abaja_descriptionConfig.cmake
[0.436s] -- Up-to-date: /home/pavithra/ros2_ws/install/abaja_description/share/abaja_description/cmake/abaja_descriptionConfig-version.cmake
[0.436s] -- Up-to-date: /home/pavithra/ros2_ws/install/abaja_description/share/abaja_description/package.xml
[0.436s] Invoked command in '/home/pavithra/ros2_ws/build/abaja_description' returned '0': CMAKE_PREFIX_PATH=${CMAKE_PREFIX_PATH}:/home/pavithra/ros2_ws/install/abaja_bringup:/home/pavithra/ros2_ws/install/abaja_teleop:/opt/ros/jazzy DEBUGINFOD_URLS=https://debuginfod.ubuntu.com /usr/bin/cmake --install /home/pavithra/ros2_ws/build/abaja_description
