/home/pavithra/Intelligence_ABAJA-26/ros2_ws/install/abaja_dbw/lib/python3.12/site-packages/abaja_dbw/steer_by_wire_node.py
/home/pavithra/Intelligence_ABAJA-26/ros2_ws/install/abaja_dbw/lib/python3.12/site-packages/abaja_dbw/cmd_vel_to_dbw_node.py
/home/pavithra/Intelligence_ABAJA-26/ros2_ws/install/abaja_dbw/lib/python3.12/site-packages/abaja_dbw/dbw_manager_node.py
/home/pavithra/Intelligence_ABAJA-26/ros2_ws/install/abaja_dbw/lib/python3.12/site-packages/abaja_dbw/brake_by_wire_node.py
/home/pavithra/Intelligence_ABAJA-26/ros2_ws/install/abaja_dbw/lib/python3.12/site-packages/abaja_dbw/dbw_to_cmd_vel_node.py
/home/pavithra/Intelligence_ABAJA-26/ros2_ws/install/abaja_dbw/lib/python3.12/site-packages/abaja_dbw/__init__.py
/home/pavithra/Intelligence_ABAJA-26/ros2_ws/install/abaja_dbw/lib/python3.12/site-packages/abaja_dbw/throttle_by_wire_node.py
/home/pavithra/Intelligence_ABAJA-26/ros2_ws/install/abaja_dbw/lib/python3.12/site-packages/abaja_dbw/__pycache__/steer_by_wire_node.cpython-312.pyc
/home/pavithra/Intelligence_ABAJA-26/ros2_ws/install/abaja_dbw/lib/python3.12/site-packages/abaja_dbw/__pycache__/cmd_vel_to_dbw_node.cpython-312.pyc
/home/pavithra/Intelligence_ABAJA-26/ros2_ws/install/abaja_dbw/lib/python3.12/site-packages/abaja_dbw/__pycache__/dbw_manager_node.cpython-312.pyc
/home/pavithra/Intelligence_ABAJA-26/ros2_ws/install/abaja_dbw/lib/python3.12/site-packages/abaja_dbw/__pycache__/brake_by_wire_node.cpython-312.pyc
/home/pavithra/Intelligence_ABAJA-26/ros2_ws/install/abaja_dbw/lib/python3.12/site-packages/abaja_dbw/__pycache__/dbw_to_cmd_vel_node.cpython-312.pyc
/home/pavithra/Intelligence_ABAJA-26/ros2_ws/install/abaja_dbw/lib/python3.12/site-packages/abaja_dbw/__pycache__/__init__.cpython-312.pyc
/home/pavithra/Intelligence_ABAJA-26/ros2_ws/install/abaja_dbw/lib/python3.12/site-packages/abaja_dbw/__pycache__/throttle_by_wire_node.cpython-312.pyc
/home/pavithra/Intelligence_ABAJA-26/ros2_ws/install/abaja_dbw/share/ament_index/resource_index/packages/abaja_dbw
/home/pavithra/Intelligence_ABAJA-26/ros2_ws/install/abaja_dbw/share/abaja_dbw/package.xml
/home/pavithra/Intelligence_ABAJA-26/ros2_ws/install/abaja_dbw/lib/python3.12/site-packages/abaja_dbw-0.0.0-py3.12.egg-info/entry_points.txt
/home/pavithra/Intelligence_ABAJA-26/ros2_ws/install/abaja_dbw/lib/python3.12/site-packages/abaja_dbw-0.0.0-py3.12.egg-info/zip-safe
/home/pavithra/Intelligence_ABAJA-26/ros2_ws/install/abaja_dbw/lib/python3.12/site-packages/abaja_dbw-0.0.0-py3.12.egg-info/top_level.txt
/home/pavithra/Intelligence_ABAJA-26/ros2_ws/install/abaja_dbw/lib/python3.12/site-packages/abaja_dbw-0.0.0-py3.12.egg-info/requires.txt
/home/pavithra/Intelligence_ABAJA-26/ros2_ws/install/abaja_dbw/lib/python3.12/site-packages/abaja_dbw-0.0.0-py3.12.egg-info/dependency_links.txt
/home/pavithra/Intelligence_ABAJA-26/ros2_ws/install/abaja_dbw/lib/python3.12/site-packages/abaja_dbw-0.0.0-py3.12.egg-info/PKG-INFO
/home/pavithra/Intelligence_ABAJA-26/ros2_ws/install/abaja_dbw/lib/python3.12/site-packages/abaja_dbw-0.0.0-py3.12.egg-info/SOURCES.txt
/home/pavithra/Intelligence_ABAJA-26/ros2_ws/install/abaja_dbw/lib/abaja_dbw/brake_by_wire_node
/home/pavithra/Intelligence_ABAJA-26/ros2_ws/install/abaja_dbw/lib/abaja_dbw/cmd_vel_to_dbw_node
/home/pavithra/Intelligence_ABAJA-26/ros2_ws/install/abaja_dbw/lib/abaja_dbw/dbw_manager_node
/home/pavithra/Intelligence_ABAJA-26/ros2_ws/install/abaja_dbw/lib/abaja_dbw/dbw_to_cmd_vel_node
/home/pavithra/Intelligence_ABAJA-26/ros2_ws/install/abaja_dbw/lib/abaja_dbw/steer_by_wire_node
/home/pavithra/Intelligence_ABAJA-26/ros2_ws/install/abaja_dbw/lib/abaja_dbw/throttle_by_wire_node
