running develop
running egg_info
creating abaja_dbw_bridge.egg-info
writing abaja_dbw_bridge.egg-info/PKG-INFO
writing dependency_links to abaja_dbw_bridge.egg-info/dependency_links.txt
writing entry points to abaja_dbw_bridge.egg-info/entry_points.txt
writing requirements to abaja_dbw_bridge.egg-info/requires.txt
writing top-level names to abaja_dbw_bridge.egg-info/top_level.txt
writing manifest file 'abaja_dbw_bridge.egg-info/SOURCES.txt'
reading manifest file 'abaja_dbw_bridge.egg-info/SOURCES.txt'
writing manifest file 'abaja_dbw_bridge.egg-info/SOURCES.txt'
running build_ext
Creating /home/pavithra/ros2_ws/install/abaja_dbw_bridge/lib/python3.12/site-packages/abaja-dbw-bridge.egg-link (link to .)
Installing dbw_interface_node script to /home/pavithra/ros2_ws/install/abaja_dbw_bridge/lib/abaja_dbw_bridge

Installed /home/pavithra/ros2_ws/build/abaja_dbw_bridge
running symlink_data
creating /home/pavithra/ros2_ws/install/abaja_dbw_bridge/share/ament_index
creating /home/pavithra/ros2_ws/install/abaja_dbw_bridge/share/ament_index/resource_index
creating /home/pavithra/ros2_ws/install/abaja_dbw_bridge/share/ament_index/resource_index/packages
symbolically linking /home/pavithra/ros2_ws/build/abaja_dbw_bridge/resource/abaja_dbw_bridge -> /home/pavithra/ros2_ws/install/abaja_dbw_bridge/share/ament_index/resource_index/packages
symbolically linking /home/pavithra/ros2_ws/build/abaja_dbw_bridge/package.xml -> /home/pavithra/ros2_ws/install/abaja_dbw_bridge/share/abaja_dbw_bridge
