[2.359s] Invoking command in '/home/pavithra/ros2_ws/build/abaja_dbw_bridge': DEBUGINFOD_URLS=https://debuginfod.ubuntu.com PYTHONPATH=/home/pavithra/ros2_ws/build/abaja_dbw_bridge/prefix_override:/usr/lib/python3/dist-packages/colcon_core/task/python/colcon_distutils_commands:/home/pavithra/ros2_ws/install/abaja_dbw_bridge/lib/python3.12/site-packages:${PYTHONPATH} /usr/bin/python3 -W ignore:setup.py install is deprecated -W ignore:easy_install command is deprecated setup.py develop --editable --build-directory /home/pavithra/ros2_ws/build/abaja_dbw_bridge/build --no-deps symlink_data
[2.944s] running develop
[3.261s] running egg_info
[3.261s] creating abaja_dbw_bridge.egg-info
[3.292s] writing abaja_dbw_bridge.egg-info/PKG-INFO
[3.293s] writing dependency_links to abaja_dbw_bridge.egg-info/dependency_links.txt
[3.293s] writing entry points to abaja_dbw_bridge.egg-info/entry_points.txt
[3.293s] writing requirements to abaja_dbw_bridge.egg-info/requires.txt
[3.293s] writing top-level names to abaja_dbw_bridge.egg-info/top_level.txt
[3.293s] writing manifest file 'abaja_dbw_bridge.egg-info/SOURCES.txt'
[3.354s] reading manifest file 'abaja_dbw_bridge.egg-info/SOURCES.txt'
[3.355s] writing manifest file 'abaja_dbw_bridge.egg-info/SOURCES.txt'
[3.390s] running build_ext
[3.391s] Creating /home/pavithra/ros2_ws/install/abaja_dbw_bridge/lib/python3.12/site-packages/abaja-dbw-bridge.egg-link (link to .)
[3.392s] Installing dbw_interface_node script to /home/pavithra/ros2_ws/install/abaja_dbw_bridge/lib/abaja_dbw_bridge
[3.393s] 
[3.393s] Installed /home/pavithra/ros2_ws/build/abaja_dbw_bridge
[3.393s] running symlink_data
[3.393s] creating /home/pavithra/ros2_ws/install/abaja_dbw_bridge/share/ament_index
[3.393s] creating /home/pavithra/ros2_ws/install/abaja_dbw_bridge/share/ament_index/resource_index
[3.394s] creating /home/pavithra/ros2_ws/install/abaja_dbw_bridge/share/ament_index/resource_index/packages
[3.394s] symbolically linking /home/pavithra/ros2_ws/build/abaja_dbw_bridge/resource/abaja_dbw_bridge -> /home/pavithra/ros2_ws/install/abaja_dbw_bridge/share/ament_index/resource_index/packages
[3.394s] symbolically linking /home/pavithra/ros2_ws/build/abaja_dbw_bridge/package.xml -> /home/pavithra/ros2_ws/install/abaja_dbw_bridge/share/abaja_dbw_bridge
[3.560s] Invoked command in '/home/pavithra/ros2_ws/build/abaja_dbw_bridge' returned '0': DEBUGINFOD_URLS=https://debuginfod.ubuntu.com PYTHONPATH=/home/pavithra/ros2_ws/build/abaja_dbw_bridge/prefix_override:/usr/lib/python3/dist-packages/colcon_core/task/python/colcon_distutils_commands:/home/pavithra/ros2_ws/install/abaja_dbw_bridge/lib/python3.12/site-packages:${PYTHONPATH} /usr/bin/python3 -W ignore:setup.py install is deprecated -W ignore:easy_install command is deprecated setup.py develop --editable --build-directory /home/pavithra/ros2_ws/build/abaja_dbw_bridge/build --no-deps symlink_data
