[2.154s] Invoking command in '/home/pavithra/Intelligence_ABAJA-26/ros2_ws/build/abaja_lane_detection': AMENT_PREFIX_PATH=/home/pavithra/Intelligence_ABAJA-26/ros2_ws/install/abaja_interfaces:${AMENT_PREFIX_PATH} CMAKE_PREFIX_PATH=/home/pavithra/Intelligence_ABAJA-26/ros2_ws/install/abaja_interfaces:${CMAKE_PREFIX_PATH} DEBUGINFOD_URLS=https://debuginfod.ubuntu.com LD_LIBRARY_PATH=/home/pavithra/Intelligence_ABAJA-26/ros2_ws/install/abaja_interfaces/lib:${LD_LIBRARY_PATH} PYTHONPATH=/home/pavithra/Intelligence_ABAJA-26/ros2_ws/build/abaja_lane_detection/prefix_override:/usr/lib/python3/dist-packages/colcon_core/task/python/colcon_distutils_commands:/home/pavithra/Intelligence_ABAJA-26/ros2_ws/install/abaja_lane_detection/lib/python3.12/site-packages:/home/pavithra/Intelligence_ABAJA-26/ros2_ws/install/abaja_interfaces/lib/python3.12/site-packages:${PYTHONPATH} /usr/bin/python3 -W ignore:setup.py install is deprecated -W ignore:easy_install command is deprecated setup.py develop --editable --build-directory /home/pavithra/Intelligence_ABAJA-26/ros2_ws/build/abaja_lane_detection/build --no-deps symlink_data
[2.475s] running develop
[2.723s] running egg_info
[2.723s] creating abaja_lane_detection.egg-info
[2.742s] writing abaja_lane_detection.egg-info/PKG-INFO
[2.742s] writing dependency_links to abaja_lane_detection.egg-info/dependency_links.txt
[2.742s] writing entry points to abaja_lane_detection.egg-info/entry_points.txt
[2.742s] writing requirements to abaja_lane_detection.egg-info/requires.txt
[2.743s] writing top-level names to abaja_lane_detection.egg-info/top_level.txt
[2.743s] writing manifest file 'abaja_lane_detection.egg-info/SOURCES.txt'
[2.780s] reading manifest file 'abaja_lane_detection.egg-info/SOURCES.txt'
[2.781s] writing manifest file 'abaja_lane_detection.egg-info/SOURCES.txt'
[2.803s] running build_ext
[2.803s] Creating /home/pavithra/Intelligence_ABAJA-26/ros2_ws/install/abaja_lane_detection/lib/python3.12/site-packages/abaja-lane-detection.egg-link (link to .)
[2.804s] Installing lane_detection_node script to /home/pavithra/Intelligence_ABAJA-26/ros2_ws/install/abaja_lane_detection/lib/abaja_lane_detection
[2.804s] Installing lane_tracker_node script to /home/pavithra/Intelligence_ABAJA-26/ros2_ws/install/abaja_lane_detection/lib/abaja_lane_detection
[2.805s] Installing lka_controller_node script to /home/pavithra/Intelligence_ABAJA-26/ros2_ws/install/abaja_lane_detection/lib/abaja_lane_detection
[2.805s] 
[2.805s] Installed /home/pavithra/Intelligence_ABAJA-26/ros2_ws/build/abaja_lane_detection
[2.805s] running symlink_data
[2.805s] creating /home/pavithra/Intelligence_ABAJA-26/ros2_ws/install/abaja_lane_detection/share/ament_index
[2.805s] creating /home/pavithra/Intelligence_ABAJA-26/ros2_ws/install/abaja_lane_detection/share/ament_index/resource_index
[2.806s] creating /home/pavithra/Intelligence_ABAJA-26/ros2_ws/install/abaja_lane_detection/share/ament_index/resource_index/packages
[2.806s] symbolically linking /home/pavithra/Intelligence_ABAJA-26/ros2_ws/build/abaja_lane_detection/resource/abaja_lane_detection -> /home/pavithra/Intelligence_ABAJA-26/ros2_ws/install/abaja_lane_detection/share/ament_index/resource_index/packages
[2.806s] symbolically linking /home/pavithra/Intelligence_ABAJA-26/ros2_ws/build/abaja_lane_detection/package.xml -> /home/pavithra/Intelligence_ABAJA-26/ros2_ws/install/abaja_lane_detection/share/abaja_lane_detection
[2.850s] Invoked command in '/home/pavithra/Intelligence_ABAJA-26/ros2_ws/build/abaja_lane_detection' returned '0': AMENT_PREFIX_PATH=/home/pavithra/Intelligence_ABAJA-26/ros2_ws/install/abaja_interfaces:${AMENT_PREFIX_PATH} CMAKE_PREFIX_PATH=/home/pavithra/Intelligence_ABAJA-26/ros2_ws/install/abaja_interfaces:${CMAKE_PREFIX_PATH} DEBUGINFOD_URLS=https://debuginfod.ubuntu.com LD_LIBRARY_PATH=/home/pavithra/Intelligence_ABAJA-26/ros2_ws/install/abaja_interfaces/lib:${LD_LIBRARY_PATH} PYTHONPATH=/home/pavithra/Intelligence_ABAJA-26/ros2_ws/build/abaja_lane_detection/prefix_override:/usr/lib/python3/dist-packages/colcon_core/task/python/colcon_distutils_commands:/home/pavithra/Intelligence_ABAJA-26/ros2_ws/install/abaja_lane_detection/lib/python3.12/site-packages:/home/pavithra/Intelligence_ABAJA-26/ros2_ws/install/abaja_interfaces/lib/python3.12/site-packages:${PYTHONPATH} /usr/bin/python3 -W ignore:setup.py install is deprecated -W ignore:easy_install command is deprecated setup.py develop --editable --build-directory /home/pavithra/Intelligence_ABAJA-26/ros2_ws/build/abaja_lane_detection/build --no-deps symlink_data
