[3.591s] Invoking command in '/home/pavithra/ros2_ws/build/abaja_vehicle_state': DEBUGINFOD_URLS=https://debuginfod.ubuntu.com PYTHONPATH=/home/pavithra/ros2_ws/build/abaja_vehicle_state/prefix_override:/usr/lib/python3/dist-packages/colcon_core/task/python/colcon_distutils_commands:/home/pavithra/ros2_ws/install/abaja_vehicle_state/lib/python3.12/site-packages:/home/pavithra/ros2_ws/install/abaja_interfaces/lib/python3.12/site-packages:/home/pavithra/ros2_ws/build/abaja_vehicle_state:/home/pavithra/ros2_ws/install/abaja_vehicle_state/lib/python3.12/site-packages:/home/pavithra/ros2_ws/build/abaja_bringup:/home/pavithra/ros2_ws/build/abaja_teleop:/home/pavithra/ros2_ws/build/abaja_safety:/home/pavithra/ros2_ws/install/abaja_safety/lib/python3.12/site-packages:/home/pavithra/ros2_ws/build/abaja_planning:/home/pavithra/ros2_ws/install/abaja_planning/lib/python3.12/site-packages:/home/pavithra/ros2_ws/build/abaja_perception:/home/pavithra/ros2_ws/install/abaja_perception/lib/python3.12/site-packages:/home/pavithra/ros2_ws/build/abaja_logging:/home/pavithra/ros2_ws/install/abaja_logging/lib/python3.12/site-packages:/home/pavithra/ros2_ws/build/abaja_lane_detection:/home/pavithra/ros2_ws/install/abaja_lane_detection/lib/python3.12/site-packages:/home/pavithra/ros2_ws/build/abaja_dbw:/home/pavithra/ros2_ws/install/abaja_dbw/lib/python3.12/site-packages:/home/pavithra/ros2_ws/build/abaja_control:/home/pavithra/ros2_ws/install/abaja_control/lib/python3.12/site-packages:/home/pavithra/ros2_ws/build/abaja_dbw_bridge:/home/pavithra/ros2_ws/install/abaja_dbw_bridge/lib/python3.12/site-packages:/home/pavithra/ros2_ws/install/abaja_bringup/lib/python3.12/site-packages:/home/pavithra/ros2_ws/install/abaja_teleop/lib/python3.12/site-packages:/opt/ros/jazzy/lib/python3.12/site-packages /usr/bin/python3 -W ignore:setup.py install is deprecated -W ignore:easy_install command is deprecated setup.py develop --editable --build-directory /home/pavithra/ros2_ws/build/abaja_vehicle_state/build --no-deps symlink_data
[4.162s] running develop
[4.444s] running egg_info
[4.462s] writing abaja_vehicle_state.egg-info/PKG-INFO
[4.462s] writing dependency_links to abaja_vehicle_state.egg-info/dependency_links.txt
[4.462s] writing entry points to abaja_vehicle_state.egg-info/entry_points.txt
[4.462s] writing requirements to abaja_vehicle_state.egg-info/requires.txt
[4.462s] writing top-level names to abaja_vehicle_state.egg-info/top_level.txt
[4.496s] reading manifest file 'abaja_vehicle_state.egg-info/SOURCES.txt'
[4.497s] writing manifest file 'abaja_vehicle_state.egg-info/SOURCES.txt'
[4.513s] running build_ext
[4.514s] Creating /home/pavithra/ros2_ws/install/abaja_vehicle_state/lib/python3.12/site-packages/abaja-vehicle-state.egg-link (link to .)
[4.514s] Installing battery_monitor_node script to /home/pavithra/ros2_ws/install/abaja_vehicle_state/lib/abaja_vehicle_state
[4.515s] Installing mode_status_node script to /home/pavithra/ros2_ws/install/abaja_vehicle_state/lib/abaja_vehicle_state
[4.515s] Installing steering_feedback_node script to /home/pavithra/ros2_ws/install/abaja_vehicle_state/lib/abaja_vehicle_state
[4.515s] Installing vehicle_dashboard_node script to /home/pavithra/ros2_ws/install/abaja_vehicle_state/lib/abaja_vehicle_state
[4.515s] Installing vehicle_state_node script to /home/pavithra/ros2_ws/install/abaja_vehicle_state/lib/abaja_vehicle_state
[4.515s] Installing wheel_speed_node script to /home/pavithra/ros2_ws/install/abaja_vehicle_state/lib/abaja_vehicle_state
[4.515s] 
[4.516s] Installed /home/pavithra/ros2_ws/build/abaja_vehicle_state
[4.516s] running symlink_data
[4.548s] Invoked command in '/home/pavithra/ros2_ws/build/abaja_vehicle_state' returned '0': DEBUGINFOD_URLS=https://debuginfod.ubuntu.com PYTHONPATH=/home/pavithra/ros2_ws/build/abaja_vehicle_state/prefix_override:/usr/lib/python3/dist-packages/colcon_core/task/python/colcon_distutils_commands:/home/pavithra/ros2_ws/install/abaja_vehicle_state/lib/python3.12/site-packages:/home/pavithra/ros2_ws/install/abaja_interfaces/lib/python3.12/site-packages:/home/pavithra/ros2_ws/build/abaja_vehicle_state:/home/pavithra/ros2_ws/install/abaja_vehicle_state/lib/python3.12/site-packages:/home/pavithra/ros2_ws/build/abaja_bringup:/home/pavithra/ros2_ws/build/abaja_teleop:/home/pavithra/ros2_ws/build/abaja_safety:/home/pavithra/ros2_ws/install/abaja_safety/lib/python3.12/site-packages:/home/pavithra/ros2_ws/build/abaja_planning:/home/pavithra/ros2_ws/install/abaja_planning/lib/python3.12/site-packages:/home/pavithra/ros2_ws/build/abaja_perception:/home/pavithra/ros2_ws/install/abaja_perception/lib/python3.12/site-packages:/home/pavithra/ros2_ws/build/abaja_logging:/home/pavithra/ros2_ws/install/abaja_logging/lib/python3.12/site-packages:/home/pavithra/ros2_ws/build/abaja_lane_detection:/home/pavithra/ros2_ws/install/abaja_lane_detection/lib/python3.12/site-packages:/home/pavithra/ros2_ws/build/abaja_dbw:/home/pavithra/ros2_ws/install/abaja_dbw/lib/python3.12/site-packages:/home/pavithra/ros2_ws/build/abaja_control:/home/pavithra/ros2_ws/install/abaja_control/lib/python3.12/site-packages:/home/pavithra/ros2_ws/build/abaja_dbw_bridge:/home/pavithra/ros2_ws/install/abaja_dbw_bridge/lib/python3.12/site-packages:/home/pavithra/ros2_ws/install/abaja_bringup/lib/python3.12/site-packages:/home/pavithra/ros2_ws/install/abaja_teleop/lib/python3.12/site-packages:/opt/ros/jazzy/lib/python3.12/site-packages /usr/bin/python3 -W ignore:setup.py install is deprecated -W ignore:easy_install command is deprecated setup.py develop --editable --build-directory /home/pavithra/ros2_ws/build/abaja_vehicle_state/build --no-deps symlink_data
