running develop
running egg_info
creating abaja_aeb.egg-info
writing abaja_aeb.egg-info/PKG-INFO
writing dependency_links to abaja_aeb.egg-info/dependency_links.txt
writing entry points to abaja_aeb.egg-info/entry_points.txt
writing requirements to abaja_aeb.egg-info/requires.txt
writing top-level names to abaja_aeb.egg-info/top_level.txt
writing manifest file 'abaja_aeb.egg-info/SOURCES.txt'
reading manifest file 'abaja_aeb.egg-info/SOURCES.txt'
writing manifest file 'abaja_aeb.egg-info/SOURCES.txt'
running build_ext
Creating /home/pavithra/ros2_ws/install/abaja_aeb/lib/python3.12/site-packages/abaja-aeb.egg-link (link to .)
Installing aeb_controller_node script to /home/pavithra/ros2_ws/install/abaja_aeb/lib/abaja_aeb
Installing object_distance_estimator_node script to /home/pavithra/ros2_ws/install/abaja_aeb/lib/abaja_aeb
Installing ttc_calculator_node script to /home/pavithra/ros2_ws/install/abaja_aeb/lib/abaja_aeb

Installed /home/pavithra/ros2_ws/build/abaja_aeb
running symlink_data
creating /home/pavithra/ros2_ws/install/abaja_aeb/share/ament_index
creating /home/pavithra/ros2_ws/install/abaja_aeb/share/ament_index/resource_index
creating /home/pavithra/ros2_ws/install/abaja_aeb/share/ament_index/resource_index/packages
symbolically linking /home/pavithra/ros2_ws/build/abaja_aeb/resource/abaja_aeb -> /home/pavithra/ros2_ws/install/abaja_aeb/share/ament_index/resource_index/packages
symbolically linking /home/pavithra/ros2_ws/build/abaja_aeb/package.xml -> /home/pavithra/ros2_ws/install/abaja_aeb/share/abaja_aeb
