[3.221s] Invoking command in '/home/pavithra/ros2_ws/build/abaja_aeb': AMENT_PREFIX_PATH=/home/pavithra/ros2_ws/install/abaja_interfaces:${AMENT_PREFIX_PATH} CMAKE_PREFIX_PATH=/home/pavithra/ros2_ws/install/abaja_interfaces:${CMAKE_PREFIX_PATH} DEBUGINFOD_URLS=https://debuginfod.ubuntu.com LD_LIBRARY_PATH=/home/pavithra/ros2_ws/install/abaja_interfaces/lib:${LD_LIBRARY_PATH} PYTHONPATH=/home/pavithra/ros2_ws/build/abaja_aeb/prefix_override:/usr/lib/python3/dist-packages/colcon_core/task/python/colcon_distutils_commands:/home/pavithra/ros2_ws/install/abaja_aeb/lib/python3.12/site-packages:/home/pavithra/ros2_ws/install/abaja_interfaces/lib/python3.12/site-packages:${PYTHONPATH} /usr/bin/python3 -W ignore:setup.py install is deprecated -W ignore:easy_install command is deprecated setup.py develop --editable --build-directory /home/pavithra/ros2_ws/build/abaja_aeb/build --no-deps symlink_data
[3.979s] running develop
[4.321s] running egg_info
[4.321s] creating abaja_aeb.egg-info
[4.359s] writing abaja_aeb.egg-info/PKG-INFO
[4.361s] writing dependency_links to abaja_aeb.egg-info/dependency_links.txt
[4.362s] writing entry points to abaja_aeb.egg-info/entry_points.txt
[4.362s] writing requirements to abaja_aeb.egg-info/requires.txt
[4.362s] writing top-level names to abaja_aeb.egg-info/top_level.txt
[4.363s] writing manifest file 'abaja_aeb.egg-info/SOURCES.txt'
[4.446s] reading manifest file 'abaja_aeb.egg-info/SOURCES.txt'
[4.447s] writing manifest file 'abaja_aeb.egg-info/SOURCES.txt'
[4.486s] running build_ext
[4.486s] Creating /home/pavithra/ros2_ws/install/abaja_aeb/lib/python3.12/site-packages/abaja-aeb.egg-link (link to .)
[4.487s] Installing aeb_controller_node script to /home/pavithra/ros2_ws/install/abaja_aeb/lib/abaja_aeb
[4.488s] Installing object_distance_estimator_node script to /home/pavithra/ros2_ws/install/abaja_aeb/lib/abaja_aeb
[4.488s] Installing ttc_calculator_node script to /home/pavithra/ros2_ws/install/abaja_aeb/lib/abaja_aeb
[4.488s] 
[4.489s] Installed /home/pavithra/ros2_ws/build/abaja_aeb
[4.489s] running symlink_data
[4.489s] creating /home/pavithra/ros2_ws/install/abaja_aeb/share/ament_index
[4.489s] creating /home/pavithra/ros2_ws/install/abaja_aeb/share/ament_index/resource_index
[4.490s] creating /home/pavithra/ros2_ws/install/abaja_aeb/share/ament_index/resource_index/packages
[4.490s] symbolically linking /home/pavithra/ros2_ws/build/abaja_aeb/resource/abaja_aeb -> /home/pavithra/ros2_ws/install/abaja_aeb/share/ament_index/resource_index/packages
[4.490s] symbolically linking /home/pavithra/ros2_ws/build/abaja_aeb/package.xml -> /home/pavithra/ros2_ws/install/abaja_aeb/share/abaja_aeb
[4.551s] Invoked command in '/home/pavithra/ros2_ws/build/abaja_aeb' returned '0': AMENT_PREFIX_PATH=/home/pavithra/ros2_ws/install/abaja_interfaces:${AMENT_PREFIX_PATH} CMAKE_PREFIX_PATH=/home/pavithra/ros2_ws/install/abaja_interfaces:${CMAKE_PREFIX_PATH} DEBUGINFOD_URLS=https://debuginfod.ubuntu.com LD_LIBRARY_PATH=/home/pavithra/ros2_ws/install/abaja_interfaces/lib:${LD_LIBRARY_PATH} PYTHONPATH=/home/pavithra/ros2_ws/build/abaja_aeb/prefix_override:/usr/lib/python3/dist-packages/colcon_core/task/python/colcon_distutils_commands:/home/pavithra/ros2_ws/install/abaja_aeb/lib/python3.12/site-packages:/home/pavithra/ros2_ws/install/abaja_interfaces/lib/python3.12/site-packages:${PYTHONPATH} /usr/bin/python3 -W ignore:setup.py install is deprecated -W ignore:easy_install command is deprecated setup.py develop --editable --build-directory /home/pavithra/ros2_ws/build/abaja_aeb/build --no-deps symlink_data
