running develop
Removing /home/pavithra/Intelligence_ABAJA-26/ros2_ws/install/abaja_planning/lib/python3.12/site-packages/abaja-planning.egg-link (link to .)
running egg_info
writing ../../build/abaja_planning/abaja_planning.egg-info/PKG-INFO
writing dependency_links to ../../build/abaja_planning/abaja_planning.egg-info/dependency_links.txt
writing entry points to ../../build/abaja_planning/abaja_planning.egg-info/entry_points.txt
writing requirements to ../../build/abaja_planning/abaja_planning.egg-info/requires.txt
writing top-level names to ../../build/abaja_planning/abaja_planning.egg-info/top_level.txt
reading manifest file '../../build/abaja_planning/abaja_planning.egg-info/SOURCES.txt'
writing manifest file '../../build/abaja_planning/abaja_planning.egg-info/SOURCES.txt'
running build
running build_py
creating /home/pavithra/Intelligence_ABAJA-26/ros2_ws/build/abaja_planning/build
creating /home/pavithra/Intelligence_ABAJA-26/ros2_ws/build/abaja_planning/build/lib
creating /home/pavithra/Intelligence_ABAJA-26/ros2_ws/build/abaja_planning/build/lib/abaja_planning
copying abaja_planning/path_planner_node.py -> /home/pavithra/Intelligence_ABAJA-26/ros2_ws/build/abaja_planning/build/lib/abaja_planning
copying abaja_planning/traffic_signal_logic_node.py -> /home/pavithra/Intelligence_ABAJA-26/ros2_ws/build/abaja_planning/build/lib/abaja_planning
copying abaja_planning/__init__.py -> /home/pavithra/Intelligence_ABAJA-26/ros2_ws/build/abaja_planning/build/lib/abaja_planning
copying abaja_planning/nav_cmd_to_control_cmd_node.py -> /home/pavithra/Intelligence_ABAJA-26/ros2_ws/build/abaja_planning/build/lib/abaja_planning
copying abaja_planning/traffic_light_sim_node.py -> /home/pavithra/Intelligence_ABAJA-26/ros2_ws/build/abaja_planning/build/lib/abaja_planning
copying abaja_planning/waypoint_mission_node.py -> /home/pavithra/Intelligence_ABAJA-26/ros2_ws/build/abaja_planning/build/lib/abaja_planning
running install
running install_lib
creating /home/pavithra/Intelligence_ABAJA-26/ros2_ws/install/abaja_planning/lib/python3.12/site-packages/abaja_planning
copying /home/pavithra/Intelligence_ABAJA-26/ros2_ws/build/abaja_planning/build/lib/abaja_planning/path_planner_node.py -> /home/pavithra/Intelligence_ABAJA-26/ros2_ws/install/abaja_planning/lib/python3.12/site-packages/abaja_planning
copying /home/pavithra/Intelligence_ABAJA-26/ros2_ws/build/abaja_planning/build/lib/abaja_planning/traffic_signal_logic_node.py -> /home/pavithra/Intelligence_ABAJA-26/ros2_ws/install/abaja_planning/lib/python3.12/site-packages/abaja_planning
copying /home/pavithra/Intelligence_ABAJA-26/ros2_ws/build/abaja_planning/build/lib/abaja_planning/__init__.py -> /home/pavithra/Intelligence_ABAJA-26/ros2_ws/install/abaja_planning/lib/python3.12/site-packages/abaja_planning
copying /home/pavithra/Intelligence_ABAJA-26/ros2_ws/build/abaja_planning/build/lib/abaja_planning/nav_cmd_to_control_cmd_node.py -> /home/pavithra/Intelligence_ABAJA-26/ros2_ws/install/abaja_planning/lib/python3.12/site-packages/abaja_planning
copying /home/pavithra/Intelligence_ABAJA-26/ros2_ws/build/abaja_planning/build/lib/abaja_planning/traffic_light_sim_node.py -> /home/pavithra/Intelligence_ABAJA-26/ros2_ws/install/abaja_planning/lib/python3.12/site-packages/abaja_planning
copying /home/pavithra/Intelligence_ABAJA-26/ros2_ws/build/abaja_planning/build/lib/abaja_planning/waypoint_mission_node.py -> /home/pavithra/Intelligence_ABAJA-26/ros2_ws/install/abaja_planning/lib/python3.12/site-packages/abaja_planning
byte-compiling /home/pavithra/Intelligence_ABAJA-26/ros2_ws/install/abaja_planning/lib/python3.12/site-packages/abaja_planning/path_planner_node.py to path_planner_node.cpython-312.pyc
byte-compiling /home/pavithra/Intelligence_ABAJA-26/ros2_ws/install/abaja_planning/lib/python3.12/site-packages/abaja_planning/traffic_signal_logic_node.py to traffic_signal_logic_node.cpython-312.pyc
byte-compiling /home/pavithra/Intelligence_ABAJA-26/ros2_ws/install/abaja_planning/lib/python3.12/site-packages/abaja_planning/__init__.py to __init__.cpython-312.pyc
byte-compiling /home/pavithra/Intelligence_ABAJA-26/ros2_ws/install/abaja_planning/lib/python3.12/site-packages/abaja_planning/nav_cmd_to_control_cmd_node.py to nav_cmd_to_control_cmd_node.cpython-312.pyc
byte-compiling /home/pavithra/Intelligence_ABAJA-26/ros2_ws/install/abaja_planning/lib/python3.12/site-packages/abaja_planning/traffic_light_sim_node.py to traffic_light_sim_node.cpython-312.pyc
byte-compiling /home/pavithra/Intelligence_ABAJA-26/ros2_ws/install/abaja_planning/lib/python3.12/site-packages/abaja_planning/waypoint_mission_node.py to waypoint_mission_node.cpython-312.pyc
running install_data
copying resource/abaja_planning -> /home/pavithra/Intelligence_ABAJA-26/ros2_ws/install/abaja_planning/share/ament_index/resource_index/packages
copying package.xml -> /home/pavithra/Intelligence_ABAJA-26/ros2_ws/install/abaja_planning/share/abaja_planning
running install_egg_info
Copying ../../build/abaja_planning/abaja_planning.egg-info to /home/pavithra/Intelligence_ABAJA-26/ros2_ws/install/abaja_planning/lib/python3.12/site-packages/abaja_planning-0.1.0-py3.12.egg-info
running install_scripts
Installing nav_cmd_to_control_cmd_node script to /home/pavithra/Intelligence_ABAJA-26/ros2_ws/install/abaja_planning/lib/abaja_planning
Installing path_planner_node script to /home/pavithra/Intelligence_ABAJA-26/ros2_ws/install/abaja_planning/lib/abaja_planning
Installing traffic_light_sim_node script to /home/pavithra/Intelligence_ABAJA-26/ros2_ws/install/abaja_planning/lib/abaja_planning
Installing traffic_signal_logic_node script to /home/pavithra/Intelligence_ABAJA-26/ros2_ws/install/abaja_planning/lib/abaja_planning
Installing waypoint_mission_node script to /home/pavithra/Intelligence_ABAJA-26/ros2_ws/install/abaja_planning/lib/abaja_planning
writing list of installed files to '/home/pavithra/Intelligence_ABAJA-26/ros2_ws/build/abaja_planning/install.log'
