running develop
running egg_info
creating abaja_lane_detection.egg-info
writing abaja_lane_detection.egg-info/PKG-INFO
writing dependency_links to abaja_lane_detection.egg-info/dependency_links.txt
writing entry points to abaja_lane_detection.egg-info/entry_points.txt
writing requirements to abaja_lane_detection.egg-info/requires.txt
writing top-level names to abaja_lane_detection.egg-info/top_level.txt
writing manifest file 'abaja_lane_detection.egg-info/SOURCES.txt'
reading manifest file 'abaja_lane_detection.egg-info/SOURCES.txt'
writing manifest file 'abaja_lane_detection.egg-info/SOURCES.txt'
running build_ext
Creating /home/pavithra/ros2_ws/install/abaja_lane_detection/lib/python3.12/site-packages/abaja-lane-detection.egg-link (link to .)
Installing lane_detector_node script to /home/pavithra/ros2_ws/install/abaja_lane_detection/lib/abaja_lane_detection

Installed /home/pavithra/ros2_ws/build/abaja_lane_detection
running symlink_data
creating /home/pavithra/ros2_ws/install/abaja_lane_detection/share/ament_index
creating /home/pavithra/ros2_ws/install/abaja_lane_detection/share/ament_index/resource_index
creating /home/pavithra/ros2_ws/install/abaja_lane_detection/share/ament_index/resource_index/packages
symbolically linking /home/pavithra/ros2_ws/build/abaja_lane_detection/resource/abaja_lane_detection -> /home/pavithra/ros2_ws/install/abaja_lane_detection/share/ament_index/resource_index/packages
symbolically linking /home/pavithra/ros2_ws/build/abaja_lane_detection/package.xml -> /home/pavithra/ros2_ws/install/abaja_lane_detection/share/abaja_lane_detection
