[0.119s] DEBUG:colcon:Command line arguments: ['/usr/bin/colcon', 'build']
[0.119s] DEBUG:colcon:Parsed command line arguments: Namespace(log_base=None, log_level=None, verb_name='build', build_base='build', install_base='install', merge_install=False, symlink_install=False, test_result_base=None, continue_on_error=False, executor='parallel', parallel_workers=12, event_handlers=None, ignore_user_meta=False, metas=['./colcon.meta'], base_paths=['.'], packages_ignore=None, packages_ignore_regex=None, paths=None, packages_up_to=None, packages_up_to_regex=None, packages_above=None, packages_above_and_dependencies=None, packages_above_depth=None, packages_select_by_dep=None, packages_skip_by_dep=None, packages_skip_up_to=None, packages_select_build_failed=False, packages_skip_build_finished=False, packages_select_test_failures=False, packages_skip_test_passed=False, packages_select=None, packages_skip=None, packages_select_regex=None, packages_skip_regex=None, packages_start=None, packages_end=None, allow_overriding=[], cmake_args=None, cmake_target=None, cmake_target_skip_unavailable=False, cmake_clean_cache=False, cmake_clean_first=False, cmake_force_configure=False, ament_cmake_args=None, catkin_cmake_args=None, catkin_skip_building_tests=False, mixin_files=None, mixin=None, verb_parser=<colcon_mixin.mixin.mixin_argument.MixinArgumentDecorator object at 0x7197cf138590>, verb_extension=<colcon_core.verb.build.BuildVerb object at 0x7197cf138260>, main=<bound method BuildVerb.main of <colcon_core.verb.build.BuildVerb object at 0x7197cf138260>>, mixin_verb=('build',))
[0.152s] Level 1:colcon.colcon_core.package_discovery:discover_packages(colcon_meta) check parameters
[0.152s] Level 1:colcon.colcon_core.package_discovery:discover_packages(recursive) check parameters
[0.152s] Level 1:colcon.colcon_core.package_discovery:discover_packages(ignore) check parameters
[0.152s] Level 1:colcon.colcon_core.package_discovery:discover_packages(path) check parameters
[0.152s] Level 1:colcon.colcon_core.package_discovery:discover_packages(colcon_meta) discover
[0.152s] Level 1:colcon.colcon_core.package_discovery:discover_packages(recursive) discover
[0.152s] INFO:colcon.colcon_core.package_discovery:Crawling recursively for packages in '/home/pavithra/ros2_ws'
[0.152s] Level 1:colcon.colcon_core.package_identification:_identify(.) by extensions ['ignore', 'ignore_ament_install']
[0.152s] Level 1:colcon.colcon_core.package_identification:_identify(.) by extension 'ignore'
[0.152s] Level 1:colcon.colcon_core.package_identification:_identify(.) by extension 'ignore_ament_install'
[0.152s] Level 1:colcon.colcon_core.package_identification:_identify(.) by extensions ['colcon_pkg']
[0.152s] Level 1:colcon.colcon_core.package_identification:_identify(.) by extension 'colcon_pkg'
[0.152s] Level 1:colcon.colcon_core.package_identification:_identify(.) by extensions ['colcon_meta']
[0.152s] Level 1:colcon.colcon_core.package_identification:_identify(.) by extension 'colcon_meta'
[0.152s] Level 1:colcon.colcon_core.package_identification:_identify(.) by extensions ['ros']
[0.152s] Level 1:colcon.colcon_core.package_identification:_identify(.) by extension 'ros'
[0.169s] Level 1:colcon.colcon_core.package_identification:_identify(.) by extensions ['cmake', 'python']
[0.169s] Level 1:colcon.colcon_core.package_identification:_identify(.) by extension 'cmake'
[0.169s] Level 1:colcon.colcon_core.package_identification:_identify(.) by extension 'python'
[0.169s] Level 1:colcon.colcon_core.package_identification:_identify(.) by extensions ['python_setup_py']
[0.169s] Level 1:colcon.colcon_core.package_identification:_identify(.) by extension 'python_setup_py'
[0.169s] Level 1:colcon.colcon_core.package_identification:_identify(build) by extensions ['ignore', 'ignore_ament_install']
[0.169s] Level 1:colcon.colcon_core.package_identification:_identify(build) by extension 'ignore'
[0.169s] Level 1:colcon.colcon_core.package_identification:_identify(build) ignored
[0.169s] Level 1:colcon.colcon_core.package_identification:_identify(install) by extensions ['ignore', 'ignore_ament_install']
[0.169s] Level 1:colcon.colcon_core.package_identification:_identify(install) by extension 'ignore'
[0.169s] Level 1:colcon.colcon_core.package_identification:_identify(install) ignored
[0.169s] Level 1:colcon.colcon_core.package_identification:_identify(log) by extensions ['ignore', 'ignore_ament_install']
[0.169s] Level 1:colcon.colcon_core.package_identification:_identify(log) by extension 'ignore'
[0.169s] Level 1:colcon.colcon_core.package_identification:_identify(log) ignored
[0.169s] Level 1:colcon.colcon_core.package_identification:_identify(src) by extensions ['ignore', 'ignore_ament_install']
[0.169s] Level 1:colcon.colcon_core.package_identification:_identify(src) by extension 'ignore'
[0.169s] Level 1:colcon.colcon_core.package_identification:_identify(src) by extension 'ignore_ament_install'
[0.169s] Level 1:colcon.colcon_core.package_identification:_identify(src) by extensions ['colcon_pkg']
[0.169s] Level 1:colcon.colcon_core.package_identification:_identify(src) by extension 'colcon_pkg'
[0.169s] Level 1:colcon.colcon_core.package_identification:_identify(src) by extensions ['colcon_meta']
[0.169s] Level 1:colcon.colcon_core.package_identification:_identify(src) by extension 'colcon_meta'
[0.169s] Level 1:colcon.colcon_core.package_identification:_identify(src) by extensions ['ros']
[0.169s] Level 1:colcon.colcon_core.package_identification:_identify(src) by extension 'ros'
[0.170s] Level 1:colcon.colcon_core.package_identification:_identify(src) by extensions ['cmake', 'python']
[0.170s] Level 1:colcon.colcon_core.package_identification:_identify(src) by extension 'cmake'
[0.170s] Level 1:colcon.colcon_core.package_identification:_identify(src) by extension 'python'
[0.170s] Level 1:colcon.colcon_core.package_identification:_identify(src) by extensions ['python_setup_py']
[0.170s] Level 1:colcon.colcon_core.package_identification:_identify(src) by extension 'python_setup_py'
[0.170s] Level 1:colcon.colcon_core.package_identification:_identify(src/abaja_bringup) by extensions ['ignore', 'ignore_ament_install']
[0.170s] Level 1:colcon.colcon_core.package_identification:_identify(src/abaja_bringup) by extension 'ignore'
[0.170s] Level 1:colcon.colcon_core.package_identification:_identify(src/abaja_bringup) by extension 'ignore_ament_install'
[0.170s] Level 1:colcon.colcon_core.package_identification:_identify(src/abaja_bringup) by extensions ['colcon_pkg']
[0.170s] Level 1:colcon.colcon_core.package_identification:_identify(src/abaja_bringup) by extension 'colcon_pkg'
[0.170s] Level 1:colcon.colcon_core.package_identification:_identify(src/abaja_bringup) by extensions ['colcon_meta']
[0.170s] Level 1:colcon.colcon_core.package_identification:_identify(src/abaja_bringup) by extension 'colcon_meta'
[0.170s] Level 1:colcon.colcon_core.package_identification:_identify(src/abaja_bringup) by extensions ['ros']
[0.170s] Level 1:colcon.colcon_core.package_identification:_identify(src/abaja_bringup) by extension 'ros'
[0.171s] DEBUG:colcon.colcon_core.package_identification:Package 'src/abaja_bringup' with type 'ros.ament_python' and name 'abaja_bringup'
[0.172s] Level 1:colcon.colcon_core.package_identification:_identify(src/abaja_description) by extensions ['ignore', 'ignore_ament_install']
[0.172s] Level 1:colcon.colcon_core.package_identification:_identify(src/abaja_description) by extension 'ignore'
[0.172s] Level 1:colcon.colcon_core.package_identification:_identify(src/abaja_description) by extension 'ignore_ament_install'
[0.172s] Level 1:colcon.colcon_core.package_identification:_identify(src/abaja_description) by extensions ['colcon_pkg']
[0.172s] Level 1:colcon.colcon_core.package_identification:_identify(src/abaja_description) by extension 'colcon_pkg'
[0.172s] Level 1:colcon.colcon_core.package_identification:_identify(src/abaja_description) by extensions ['colcon_meta']
[0.172s] Level 1:colcon.colcon_core.package_identification:_identify(src/abaja_description) by extension 'colcon_meta'
[0.172s] Level 1:colcon.colcon_core.package_identification:_identify(src/abaja_description) by extensions ['ros']
[0.172s] Level 1:colcon.colcon_core.package_identification:_identify(src/abaja_description) by extension 'ros'
[0.172s] DEBUG:colcon.colcon_core.package_identification:Package 'src/abaja_description' with type 'ros.ament_cmake' and name 'abaja_description'
[0.172s] Level 1:colcon.colcon_core.package_identification:_identify(src/abaja_teleop) by extensions ['ignore', 'ignore_ament_install']
[0.172s] Level 1:colcon.colcon_core.package_identification:_identify(src/abaja_teleop) by extension 'ignore'
[0.172s] Level 1:colcon.colcon_core.package_identification:_identify(src/abaja_teleop) by extension 'ignore_ament_install'
[0.172s] Level 1:colcon.colcon_core.package_identification:_identify(src/abaja_teleop) by extensions ['colcon_pkg']
[0.173s] Level 1:colcon.colcon_core.package_identification:_identify(src/abaja_teleop) by extension 'colcon_pkg'
[0.173s] Level 1:colcon.colcon_core.package_identification:_identify(src/abaja_teleop) by extensions ['colcon_meta']
[0.173s] Level 1:colcon.colcon_core.package_identification:_identify(src/abaja_teleop) by extension 'colcon_meta'
[0.173s] Level 1:colcon.colcon_core.package_identification:_identify(src/abaja_teleop) by extensions ['ros']
[0.173s] Level 1:colcon.colcon_core.package_identification:_identify(src/abaja_teleop) by extension 'ros'
[0.173s] DEBUG:colcon.colcon_core.package_identification:Package 'src/abaja_teleop' with type 'ros.ament_python' and name 'abaja_teleop'
[0.173s] Level 1:colcon.colcon_core.package_discovery:discover_packages(recursive) using defaults
[0.173s] Level 1:colcon.colcon_core.package_discovery:discover_packages(ignore) discover
[0.173s] Level 1:colcon.colcon_core.package_discovery:discover_packages(ignore) using defaults
[0.173s] Level 1:colcon.colcon_core.package_discovery:discover_packages(path) discover
[0.173s] Level 1:colcon.colcon_core.package_discovery:discover_packages(path) using defaults
[0.204s] Level 1:colcon.colcon_core.package_discovery:discover_packages(prefix_path) check parameters
[0.204s] Level 1:colcon.colcon_core.package_discovery:discover_packages(prefix_path) discover
[0.208s] DEBUG:colcon.colcon_installed_package_information.package_discovery:Found 3 installed packages in /home/pavithra/ros2_ws/install
[0.211s] DEBUG:colcon.colcon_installed_package_information.package_discovery:Found 313 installed packages in /opt/ros/jazzy
[0.212s] Level 1:colcon.colcon_core.package_discovery:discover_packages(prefix_path) using defaults
[0.263s] Level 5:colcon.colcon_core.verb:set package 'abaja_description' build argument 'cmake_args' from command line to 'None'
[0.263s] Level 5:colcon.colcon_core.verb:set package 'abaja_description' build argument 'cmake_target' from command line to 'None'
[0.263s] Level 5:colcon.colcon_core.verb:set package 'abaja_description' build argument 'cmake_target_skip_unavailable' from command line to 'False'
[0.263s] Level 5:colcon.colcon_core.verb:set package 'abaja_description' build argument 'cmake_clean_cache' from command line to 'False'
[0.263s] Level 5:colcon.colcon_core.verb:set package 'abaja_description' build argument 'cmake_clean_first' from command line to 'False'
[0.263s] Level 5:colcon.colcon_core.verb:set package 'abaja_description' build argument 'cmake_force_configure' from command line to 'False'
[0.263s] Level 5:colcon.colcon_core.verb:set package 'abaja_description' build argument 'ament_cmake_args' from command line to 'None'
[0.263s] Level 5:colcon.colcon_core.verb:set package 'abaja_description' build argument 'catkin_cmake_args' from command line to 'None'
[0.263s] Level 5:colcon.colcon_core.verb:set package 'abaja_description' build argument 'catkin_skip_building_tests' from command line to 'False'
[0.263s] DEBUG:colcon.colcon_core.verb:Building package 'abaja_description' with the following arguments: {'ament_cmake_args': None, 'build_base': '/home/pavithra/ros2_ws/build/abaja_description', 'catkin_cmake_args': None, 'catkin_skip_building_tests': False, 'cmake_args': None, 'cmake_clean_cache': False, 'cmake_clean_first': False, 'cmake_force_configure': False, 'cmake_target': None, 'cmake_target_skip_unavailable': False, 'install_base': '/home/pavithra/ros2_ws/install/abaja_description', 'merge_install': False, 'path': '/home/pavithra/ros2_ws/src/abaja_description', 'symlink_install': False, 'test_result_base': None}
[0.263s] Level 5:colcon.colcon_core.verb:set package 'abaja_teleop' build argument 'cmake_args' from command line to 'None'
[0.264s] Level 5:colcon.colcon_core.verb:set package 'abaja_teleop' build argument 'cmake_target' from command line to 'None'
[0.264s] Level 5:colcon.colcon_core.verb:set package 'abaja_teleop' build argument 'cmake_target_skip_unavailable' from command line to 'False'
[0.264s] Level 5:colcon.colcon_core.verb:set package 'abaja_teleop' build argument 'cmake_clean_cache' from command line to 'False'
[0.264s] Level 5:colcon.colcon_core.verb:set package 'abaja_teleop' build argument 'cmake_clean_first' from command line to 'False'
[0.264s] Level 5:colcon.colcon_core.verb:set package 'abaja_teleop' build argument 'cmake_force_configure' from command line to 'False'
[0.264s] Level 5:colcon.colcon_core.verb:set package 'abaja_teleop' build argument 'ament_cmake_args' from command line to 'None'
[0.264s] Level 5:colcon.colcon_core.verb:set package 'abaja_teleop' build argument 'catkin_cmake_args' from command line to 'None'
[0.264s] Level 5:colcon.colcon_core.verb:set package 'abaja_teleop' build argument 'catkin_skip_building_tests' from command line to 'False'
[0.264s] DEBUG:colcon.colcon_core.verb:Building package 'abaja_teleop' with the following arguments: {'ament_cmake_args': None, 'build_base': '/home/pavithra/ros2_ws/build/abaja_teleop', 'catkin_cmake_args': None, 'catkin_skip_building_tests': False, 'cmake_args': None, 'cmake_clean_cache': False, 'cmake_clean_first': False, 'cmake_force_configure': False, 'cmake_target': None, 'cmake_target_skip_unavailable': False, 'install_base': '/home/pavithra/ros2_ws/install/abaja_teleop', 'merge_install': False, 'path': '/home/pavithra/ros2_ws/src/abaja_teleop', 'symlink_install': False, 'test_result_base': None}
[0.264s] Level 5:colcon.colcon_core.verb:set package 'abaja_bringup' build argument 'cmake_args' from command line to 'None'
[0.264s] Level 5:colcon.colcon_core.verb:set package 'abaja_bringup' build argument 'cmake_target' from command line to 'None'
[0.264s] Level 5:colcon.colcon_core.verb:set package 'abaja_bringup' build argument 'cmake_target_skip_unavailable' from command line to 'False'
[0.264s] Level 5:colcon.colcon_core.verb:set package 'abaja_bringup' build argument 'cmake_clean_cache' from command line to 'False'
[0.264s] Level 5:colcon.colcon_core.verb:set package 'abaja_bringup' build argument 'cmake_clean_first' from command line to 'False'
[0.264s] Level 5:colcon.colcon_core.verb:set package 'abaja_bringup' build argument 'cmake_force_configure' from command line to 'False'
[0.264s] Level 5:colcon.colcon_core.verb:set package 'abaja_bringup' build argument 'ament_cmake_args' from command line to 'None'
[0.264s] Level 5:colcon.colcon_core.verb:set package 'abaja_bringup' build argument 'catkin_cmake_args' from command line to 'None'
[0.264s] Level 5:colcon.colcon_core.verb:set package 'abaja_bringup' build argument 'catkin_skip_building_tests' from command line to 'False'
[0.264s] DEBUG:colcon.colcon_core.verb:Building package 'abaja_bringup' with the following arguments: {'ament_cmake_args': None, 'build_base': '/home/pavithra/ros2_ws/build/abaja_bringup', 'catkin_cmake_args': None, 'catkin_skip_building_tests': False, 'cmake_args': None, 'cmake_clean_cache': False, 'cmake_clean_first': False, 'cmake_force_configure': False, 'cmake_target': None, 'cmake_target_skip_unavailable': False, 'install_base': '/home/pavithra/ros2_ws/install/abaja_bringup', 'merge_install': False, 'path': '/home/pavithra/ros2_ws/src/abaja_bringup', 'symlink_install': False, 'test_result_base': None}
[0.264s] INFO:colcon.colcon_core.executor:Executing jobs using 'parallel' executor
[0.266s] DEBUG:colcon.colcon_parallel_executor.executor.parallel:run_until_complete
[0.266s] INFO:colcon.colcon_ros.task.ament_cmake.build:Building ROS package in '/home/pavithra/ros2_ws/src/abaja_description' with build type 'ament_cmake'
[0.266s] INFO:colcon.colcon_cmake.task.cmake.build:Building CMake package in '/home/pavithra/ros2_ws/src/abaja_description'
[0.270s] INFO:colcon.colcon_core.plugin_system:Skipping extension 'colcon_core.shell.bat': Not used on non-Windows systems
[0.271s] INFO:colcon.colcon_core.shell:Skip shell extension 'powershell' for command environment: Not usable outside of PowerShell
[0.271s] DEBUG:colcon.colcon_core.shell:Skip shell extension 'dsv' for command environment
[0.278s] INFO:colcon.colcon_ros.task.ament_python.build:Building ROS package in '/home/pavithra/ros2_ws/src/abaja_teleop' with build type 'ament_python'
[0.278s] Level 1:colcon.colcon_core.shell:create_environment_hook('abaja_teleop', 'ament_prefix_path')
[0.278s] INFO:colcon.colcon_core.shell:Creating environment hook '/home/pavithra/ros2_ws/install/abaja_teleop/share/abaja_teleop/hook/ament_prefix_path.ps1'
[0.279s] INFO:colcon.colcon_core.shell:Creating environment descriptor '/home/pavithra/ros2_ws/install/abaja_teleop/share/abaja_teleop/hook/ament_prefix_path.dsv'
[0.280s] INFO:colcon.colcon_core.shell:Creating environment hook '/home/pavithra/ros2_ws/install/abaja_teleop/share/abaja_teleop/hook/ament_prefix_path.sh'
[0.281s] INFO:colcon.colcon_core.shell:Skip shell extension 'powershell' for command environment: Not usable outside of PowerShell
[0.281s] DEBUG:colcon.colcon_core.shell:Skip shell extension 'dsv' for command environment
[0.295s] DEBUG:colcon.colcon_core.event_handler.log_command:Invoking command in '/home/pavithra/ros2_ws/build/abaja_description': CMAKE_PREFIX_PATH=${CMAKE_PREFIX_PATH}:/home/pavithra/ros2_ws/install/abaja_bringup:/home/pavithra/ros2_ws/install/abaja_teleop:/opt/ros/jazzy DEBUGINFOD_URLS=https://debuginfod.ubuntu.com /usr/bin/cmake --build /home/pavithra/ros2_ws/build/abaja_description -- -j12 -l12
[0.655s] INFO:colcon.colcon_core.task.python.build:Building Python package in '/home/pavithra/ros2_ws/src/abaja_teleop'
[0.655s] INFO:colcon.colcon_core.shell:Skip shell extension 'powershell' for command environment: Not usable outside of PowerShell
[0.655s] DEBUG:colcon.colcon_core.shell:Skip shell extension 'dsv' for command environment
[0.660s] DEBUG:colcon.colcon_core.event_handler.log_command:Invoked command in '/home/pavithra/ros2_ws/build/abaja_description' returned '0': CMAKE_PREFIX_PATH=${CMAKE_PREFIX_PATH}:/home/pavithra/ros2_ws/install/abaja_bringup:/home/pavithra/ros2_ws/install/abaja_teleop:/opt/ros/jazzy DEBUGINFOD_URLS=https://debuginfod.ubuntu.com /usr/bin/cmake --build /home/pavithra/ros2_ws/build/abaja_description -- -j12 -l12
[0.677s] DEBUG:colcon.colcon_core.event_handler.log_command:Invoking command in '/home/pavithra/ros2_ws/build/abaja_description': CMAKE_PREFIX_PATH=${CMAKE_PREFIX_PATH}:/home/pavithra/ros2_ws/install/abaja_bringup:/home/pavithra/ros2_ws/install/abaja_teleop:/opt/ros/jazzy DEBUGINFOD_URLS=https://debuginfod.ubuntu.com /usr/bin/cmake --install /home/pavithra/ros2_ws/build/abaja_description
[0.698s] Level 1:colcon.colcon_core.environment:create_environment_scripts_only(abaja_description)
[0.703s] DEBUG:colcon.colcon_core.event_handler.log_command:Invoked command in '/home/pavithra/ros2_ws/build/abaja_description' returned '0': CMAKE_PREFIX_PATH=${CMAKE_PREFIX_PATH}:/home/pavithra/ros2_ws/install/abaja_bringup:/home/pavithra/ros2_ws/install/abaja_teleop:/opt/ros/jazzy DEBUGINFOD_URLS=https://debuginfod.ubuntu.com /usr/bin/cmake --install /home/pavithra/ros2_ws/build/abaja_description
[0.709s] Level 1:colcon.colcon_core.environment:checking '/home/pavithra/ros2_ws/install/abaja_description' for CMake module files
[0.710s] Level 1:colcon.colcon_core.environment:checking '/home/pavithra/ros2_ws/install/abaja_description' for CMake config files
[0.711s] Level 1:colcon.colcon_core.shell:create_environment_hook('abaja_description', 'cmake_prefix_path')
[0.711s] INFO:colcon.colcon_core.shell:Creating environment hook '/home/pavithra/ros2_ws/install/abaja_description/share/abaja_description/hook/cmake_prefix_path.ps1'
[0.713s] INFO:colcon.colcon_core.shell:Creating environment descriptor '/home/pavithra/ros2_ws/install/abaja_description/share/abaja_description/hook/cmake_prefix_path.dsv'
[0.713s] INFO:colcon.colcon_core.shell:Creating environment hook '/home/pavithra/ros2_ws/install/abaja_description/share/abaja_description/hook/cmake_prefix_path.sh'
[0.715s] Level 1:colcon.colcon_core.environment:checking '/home/pavithra/ros2_ws/install/abaja_description/bin'
[0.715s] Level 1:colcon.colcon_core.environment:checking '/home/pavithra/ros2_ws/install/abaja_description/lib/pkgconfig/abaja_description.pc'
[0.716s] Level 1:colcon.colcon_core.environment:checking '/home/pavithra/ros2_ws/install/abaja_description/lib/python3.12/site-packages'
[0.717s] Level 1:colcon.colcon_core.environment:checking '/home/pavithra/ros2_ws/install/abaja_description/bin'
[0.718s] INFO:colcon.colcon_core.shell:Creating package script '/home/pavithra/ros2_ws/install/abaja_description/share/abaja_description/package.ps1'
[0.721s] INFO:colcon.colcon_core.shell:Creating package descriptor '/home/pavithra/ros2_ws/install/abaja_description/share/abaja_description/package.dsv'
[0.722s] INFO:colcon.colcon_core.shell:Creating package script '/home/pavithra/ros2_ws/install/abaja_description/share/abaja_description/package.sh'
[0.724s] INFO:colcon.colcon_core.shell:Creating package script '/home/pavithra/ros2_ws/install/abaja_description/share/abaja_description/package.bash'
[0.726s] INFO:colcon.colcon_core.shell:Creating package script '/home/pavithra/ros2_ws/install/abaja_description/share/abaja_description/package.zsh'
[0.728s] Level 1:colcon.colcon_core.environment:create_file_with_runtime_dependencies(/home/pavithra/ros2_ws/install/abaja_description/share/colcon-core/packages/abaja_description)
[0.729s] Level 1:colcon.colcon_core.environment:create_environment_scripts_only(abaja_description)
[0.730s] Level 1:colcon.colcon_core.environment:checking '/home/pavithra/ros2_ws/install/abaja_description' for CMake module files
[0.731s] Level 1:colcon.colcon_core.environment:checking '/home/pavithra/ros2_ws/install/abaja_description' for CMake config files
[0.732s] Level 1:colcon.colcon_core.shell:create_environment_hook('abaja_description', 'cmake_prefix_path')
[0.733s] INFO:colcon.colcon_core.shell:Creating environment hook '/home/pavithra/ros2_ws/install/abaja_description/share/abaja_description/hook/cmake_prefix_path.ps1'
[0.734s] INFO:colcon.colcon_core.shell:Creating environment descriptor '/home/pavithra/ros2_ws/install/abaja_description/share/abaja_description/hook/cmake_prefix_path.dsv'
[0.735s] INFO:colcon.colcon_core.shell:Creating environment hook '/home/pavithra/ros2_ws/install/abaja_description/share/abaja_description/hook/cmake_prefix_path.sh'
[0.736s] Level 1:colcon.colcon_core.environment:checking '/home/pavithra/ros2_ws/install/abaja_description/bin'
[0.736s] Level 1:colcon.colcon_core.environment:checking '/home/pavithra/ros2_ws/install/abaja_description/lib/pkgconfig/abaja_description.pc'
[0.737s] Level 1:colcon.colcon_core.environment:checking '/home/pavithra/ros2_ws/install/abaja_description/lib/python3.12/site-packages'
[0.738s] Level 1:colcon.colcon_core.environment:checking '/home/pavithra/ros2_ws/install/abaja_description/bin'
[0.738s] INFO:colcon.colcon_core.shell:Creating package script '/home/pavithra/ros2_ws/install/abaja_description/share/abaja_description/package.ps1'
[0.740s] INFO:colcon.colcon_core.shell:Creating package descriptor '/home/pavithra/ros2_ws/install/abaja_description/share/abaja_description/package.dsv'
[0.741s] INFO:colcon.colcon_core.shell:Creating package script '/home/pavithra/ros2_ws/install/abaja_description/share/abaja_description/package.sh'
[0.742s] INFO:colcon.colcon_core.shell:Creating package script '/home/pavithra/ros2_ws/install/abaja_description/share/abaja_description/package.bash'
[0.743s] INFO:colcon.colcon_core.shell:Creating package script '/home/pavithra/ros2_ws/install/abaja_description/share/abaja_description/package.zsh'
[0.744s] Level 1:colcon.colcon_core.environment:create_file_with_runtime_dependencies(/home/pavithra/ros2_ws/install/abaja_description/share/colcon-core/packages/abaja_description)
[1.251s] DEBUG:colcon.colcon_core.event_handler.log_command:Invoking command in '/home/pavithra/ros2_ws/src/abaja_teleop': DEBUGINFOD_URLS=https://debuginfod.ubuntu.com PYTHONPATH=/home/pavithra/ros2_ws/build/abaja_teleop/prefix_override:/usr/lib/python3/dist-packages/colcon_core/task/python/colcon_distutils_commands:/home/pavithra/ros2_ws/install/abaja_teleop/lib/python3.12/site-packages:${PYTHONPATH} /usr/bin/python3 -W ignore:setup.py install is deprecated -W ignore:easy_install command is deprecated setup.py egg_info --egg-base ../../build/abaja_teleop build --build-base /home/pavithra/ros2_ws/build/abaja_teleop/build install --record /home/pavithra/ros2_ws/build/abaja_teleop/install.log --single-version-externally-managed install_data
[1.810s] Level 1:colcon.colcon_core.environment:checking '/home/pavithra/ros2_ws/install/abaja_teleop' for CMake module files
[1.811s] DEBUG:colcon.colcon_core.event_handler.log_command:Invoked command in '/home/pavithra/ros2_ws/src/abaja_teleop' returned '0': DEBUGINFOD_URLS=https://debuginfod.ubuntu.com PYTHONPATH=/home/pavithra/ros2_ws/build/abaja_teleop/prefix_override:/usr/lib/python3/dist-packages/colcon_core/task/python/colcon_distutils_commands:/home/pavithra/ros2_ws/install/abaja_teleop/lib/python3.12/site-packages:${PYTHONPATH} /usr/bin/python3 -W ignore:setup.py install is deprecated -W ignore:easy_install command is deprecated setup.py egg_info --egg-base ../../build/abaja_teleop build --build-base /home/pavithra/ros2_ws/build/abaja_teleop/build install --record /home/pavithra/ros2_ws/build/abaja_teleop/install.log --single-version-externally-managed install_data
[1.811s] Level 1:colcon.colcon_core.environment:checking '/home/pavithra/ros2_ws/install/abaja_teleop' for CMake config files
[1.812s] Level 1:colcon.colcon_core.environment:checking '/home/pavithra/ros2_ws/install/abaja_teleop/lib'
[1.813s] Level 1:colcon.colcon_core.environment:checking '/home/pavithra/ros2_ws/install/abaja_teleop/bin'
[1.813s] Level 1:colcon.colcon_core.environment:checking '/home/pavithra/ros2_ws/install/abaja_teleop/lib/pkgconfig/abaja_teleop.pc'
[1.813s] Level 1:colcon.colcon_core.environment:checking '/home/pavithra/ros2_ws/install/abaja_teleop/lib/python3.12/site-packages'
[1.813s] Level 1:colcon.colcon_core.shell:create_environment_hook('abaja_teleop', 'pythonpath')
[1.814s] INFO:colcon.colcon_core.shell:Creating environment hook '/home/pavithra/ros2_ws/install/abaja_teleop/share/abaja_teleop/hook/pythonpath.ps1'
[1.815s] INFO:colcon.colcon_core.shell:Creating environment descriptor '/home/pavithra/ros2_ws/install/abaja_teleop/share/abaja_teleop/hook/pythonpath.dsv'
[1.815s] INFO:colcon.colcon_core.shell:Creating environment hook '/home/pavithra/ros2_ws/install/abaja_teleop/share/abaja_teleop/hook/pythonpath.sh'
[1.817s] Level 1:colcon.colcon_core.environment:checking '/home/pavithra/ros2_ws/install/abaja_teleop/bin'
[1.817s] Level 1:colcon.colcon_core.environment:create_environment_scripts_only(abaja_teleop)
[1.817s] INFO:colcon.colcon_core.shell:Creating package script '/home/pavithra/ros2_ws/install/abaja_teleop/share/abaja_teleop/package.ps1'
[1.818s] INFO:colcon.colcon_core.shell:Creating package descriptor '/home/pavithra/ros2_ws/install/abaja_teleop/share/abaja_teleop/package.dsv'
[1.819s] INFO:colcon.colcon_core.shell:Creating package script '/home/pavithra/ros2_ws/install/abaja_teleop/share/abaja_teleop/package.sh'
[1.820s] INFO:colcon.colcon_core.shell:Creating package script '/home/pavithra/ros2_ws/install/abaja_teleop/share/abaja_teleop/package.bash'
[1.821s] INFO:colcon.colcon_core.shell:Creating package script '/home/pavithra/ros2_ws/install/abaja_teleop/share/abaja_teleop/package.zsh'
[1.821s] Level 1:colcon.colcon_core.environment:create_file_with_runtime_dependencies(/home/pavithra/ros2_ws/install/abaja_teleop/share/colcon-core/packages/abaja_teleop)
[1.822s] INFO:colcon.colcon_ros.task.ament_python.build:Building ROS package in '/home/pavithra/ros2_ws/src/abaja_bringup' with build type 'ament_python'
[1.822s] Level 1:colcon.colcon_core.shell:create_environment_hook('abaja_bringup', 'ament_prefix_path')
[1.822s] INFO:colcon.colcon_core.shell:Creating environment hook '/home/pavithra/ros2_ws/install/abaja_bringup/share/abaja_bringup/hook/ament_prefix_path.ps1'
[1.823s] INFO:colcon.colcon_core.shell:Creating environment descriptor '/home/pavithra/ros2_ws/install/abaja_bringup/share/abaja_bringup/hook/ament_prefix_path.dsv'
[1.824s] INFO:colcon.colcon_core.shell:Creating environment hook '/home/pavithra/ros2_ws/install/abaja_bringup/share/abaja_bringup/hook/ament_prefix_path.sh'
[1.825s] INFO:colcon.colcon_core.shell:Skip shell extension 'powershell' for command environment: Not usable outside of PowerShell
[1.825s] DEBUG:colcon.colcon_core.shell:Skip shell extension 'dsv' for command environment
[2.036s] INFO:colcon.colcon_core.task.python.build:Building Python package in '/home/pavithra/ros2_ws/src/abaja_bringup'
[2.036s] INFO:colcon.colcon_core.shell:Skip shell extension 'powershell' for command environment: Not usable outside of PowerShell
[2.036s] DEBUG:colcon.colcon_core.shell:Skip shell extension 'dsv' for command environment
[2.498s] DEBUG:colcon.colcon_core.event_handler.log_command:Invoking command in '/home/pavithra/ros2_ws/src/abaja_bringup': AMENT_PREFIX_PATH=/home/pavithra/ros2_ws/install/abaja_teleop:/home/pavithra/ros2_ws/install/abaja_bringup:/home/pavithra/ros2_ws/install/abaja_description:/opt/ros/jazzy DEBUGINFOD_URLS=https://debuginfod.ubuntu.com PYTHONPATH=/home/pavithra/ros2_ws/build/abaja_bringup/prefix_override:/usr/lib/python3/dist-packages/colcon_core/task/python/colcon_distutils_commands:/home/pavithra/ros2_ws/install/abaja_bringup/lib/python3.12/site-packages:/home/pavithra/ros2_ws/install/abaja_teleop/lib/python3.12/site-packages:/home/pavithra/ros2_ws/install/abaja_bringup/lib/python3.12/site-packages:/opt/ros/jazzy/lib/python3.12/site-packages /usr/bin/python3 -W ignore:setup.py install is deprecated -W ignore:easy_install command is deprecated setup.py egg_info --egg-base ../../build/abaja_bringup build --build-base /home/pavithra/ros2_ws/build/abaja_bringup/build install --record /home/pavithra/ros2_ws/build/abaja_bringup/install.log --single-version-externally-managed install_data
[2.976s] Level 1:colcon.colcon_core.environment:checking '/home/pavithra/ros2_ws/install/abaja_bringup' for CMake module files
[2.977s] DEBUG:colcon.colcon_core.event_handler.log_command:Invoked command in '/home/pavithra/ros2_ws/src/abaja_bringup' returned '0': AMENT_PREFIX_PATH=/home/pavithra/ros2_ws/install/abaja_teleop:/home/pavithra/ros2_ws/install/abaja_bringup:/home/pavithra/ros2_ws/install/abaja_description:/opt/ros/jazzy DEBUGINFOD_URLS=https://debuginfod.ubuntu.com PYTHONPATH=/home/pavithra/ros2_ws/build/abaja_bringup/prefix_override:/usr/lib/python3/dist-packages/colcon_core/task/python/colcon_distutils_commands:/home/pavithra/ros2_ws/install/abaja_bringup/lib/python3.12/site-packages:/home/pavithra/ros2_ws/install/abaja_teleop/lib/python3.12/site-packages:/home/pavithra/ros2_ws/install/abaja_bringup/lib/python3.12/site-packages:/opt/ros/jazzy/lib/python3.12/site-packages /usr/bin/python3 -W ignore:setup.py install is deprecated -W ignore:easy_install command is deprecated setup.py egg_info --egg-base ../../build/abaja_bringup build --build-base /home/pavithra/ros2_ws/build/abaja_bringup/build install --record /home/pavithra/ros2_ws/build/abaja_bringup/install.log --single-version-externally-managed install_data
[2.977s] Level 1:colcon.colcon_core.environment:checking '/home/pavithra/ros2_ws/install/abaja_bringup' for CMake config files
[2.978s] Level 1:colcon.colcon_core.environment:checking '/home/pavithra/ros2_ws/install/abaja_bringup/lib'
[2.978s] Level 1:colcon.colcon_core.environment:checking '/home/pavithra/ros2_ws/install/abaja_bringup/bin'
[2.978s] Level 1:colcon.colcon_core.environment:checking '/home/pavithra/ros2_ws/install/abaja_bringup/lib/pkgconfig/abaja_bringup.pc'
[2.978s] Level 1:colcon.colcon_core.environment:checking '/home/pavithra/ros2_ws/install/abaja_bringup/lib/python3.12/site-packages'
[2.978s] Level 1:colcon.colcon_core.shell:create_environment_hook('abaja_bringup', 'pythonpath')
[2.978s] INFO:colcon.colcon_core.shell:Creating environment hook '/home/pavithra/ros2_ws/install/abaja_bringup/share/abaja_bringup/hook/pythonpath.ps1'
[2.979s] INFO:colcon.colcon_core.shell:Creating environment descriptor '/home/pavithra/ros2_ws/install/abaja_bringup/share/abaja_bringup/hook/pythonpath.dsv'
[2.979s] INFO:colcon.colcon_core.shell:Creating environment hook '/home/pavithra/ros2_ws/install/abaja_bringup/share/abaja_bringup/hook/pythonpath.sh'
[2.979s] Level 1:colcon.colcon_core.environment:checking '/home/pavithra/ros2_ws/install/abaja_bringup/bin'
[2.980s] Level 1:colcon.colcon_core.environment:create_environment_scripts_only(abaja_bringup)
[2.980s] INFO:colcon.colcon_core.shell:Creating package script '/home/pavithra/ros2_ws/install/abaja_bringup/share/abaja_bringup/package.ps1'
[2.980s] INFO:colcon.colcon_core.shell:Creating package descriptor '/home/pavithra/ros2_ws/install/abaja_bringup/share/abaja_bringup/package.dsv'
[2.980s] INFO:colcon.colcon_core.shell:Creating package script '/home/pavithra/ros2_ws/install/abaja_bringup/share/abaja_bringup/package.sh'
[2.981s] INFO:colcon.colcon_core.shell:Creating package script '/home/pavithra/ros2_ws/install/abaja_bringup/share/abaja_bringup/package.bash'
[2.981s] INFO:colcon.colcon_core.shell:Creating package script '/home/pavithra/ros2_ws/install/abaja_bringup/share/abaja_bringup/package.zsh'
[2.981s] Level 1:colcon.colcon_core.environment:create_file_with_runtime_dependencies(/home/pavithra/ros2_ws/install/abaja_bringup/share/colcon-core/packages/abaja_bringup)
[2.981s] DEBUG:colcon.colcon_parallel_executor.executor.parallel:closing loop
[2.981s] DEBUG:colcon.colcon_parallel_executor.executor.parallel:loop closed
[2.981s] DEBUG:colcon.colcon_parallel_executor.executor.parallel:run_until_complete finished with '0'
[2.981s] DEBUG:colcon.colcon_core.event_reactor:joining thread
[2.992s] INFO:colcon.colcon_core.plugin_system:Skipping extension 'colcon_notification.desktop_notification.terminal_notifier': Not used on non-Darwin systems
[2.992s] INFO:colcon.colcon_core.plugin_system:Skipping extension 'colcon_notification.desktop_notification.win32': Not used on non-Windows systems
[2.992s] INFO:colcon.colcon_notification.desktop_notification:Sending desktop notification using 'notify2'
[3.016s] DEBUG:colcon.colcon_core.event_reactor:joined thread
[3.017s] INFO:colcon.colcon_core.shell:Creating prefix script '/home/pavithra/ros2_ws/install/local_setup.ps1'
[3.020s] INFO:colcon.colcon_core.shell:Creating prefix util module '/home/pavithra/ros2_ws/install/_local_setup_util_ps1.py'
[3.023s] INFO:colcon.colcon_core.shell:Creating prefix chain script '/home/pavithra/ros2_ws/install/setup.ps1'
[3.025s] INFO:colcon.colcon_core.shell:Creating prefix script '/home/pavithra/ros2_ws/install/local_setup.sh'
[3.025s] INFO:colcon.colcon_core.shell:Creating prefix util module '/home/pavithra/ros2_ws/install/_local_setup_util_sh.py'
[3.026s] INFO:colcon.colcon_core.shell:Creating prefix chain script '/home/pavithra/ros2_ws/install/setup.sh'
[3.028s] INFO:colcon.colcon_core.shell:Creating prefix script '/home/pavithra/ros2_ws/install/local_setup.bash'
[3.029s] INFO:colcon.colcon_core.shell:Creating prefix chain script '/home/pavithra/ros2_ws/install/setup.bash'
[3.030s] INFO:colcon.colcon_core.shell:Creating prefix script '/home/pavithra/ros2_ws/install/local_setup.zsh'
[3.031s] INFO:colcon.colcon_core.shell:Creating prefix chain script '/home/pavithra/ros2_ws/install/setup.zsh'
