/home/pavithra/Intelligence_ABAJA-26/ros2_ws/install/abaja_vehicle_state/lib/python3.12/site-packages/abaja_vehicle_state/wheel_speed_node.py
/home/pavithra/Intelligence_ABAJA-26/ros2_ws/install/abaja_vehicle_state/lib/python3.12/site-packages/abaja_vehicle_state/vehicle_dashboard_node.py
/home/pavithra/Intelligence_ABAJA-26/ros2_ws/install/abaja_vehicle_state/lib/python3.12/site-packages/abaja_vehicle_state/battery_monitor_node.py
/home/pavithra/Intelligence_ABAJA-26/ros2_ws/install/abaja_vehicle_state/lib/python3.12/site-packages/abaja_vehicle_state/state_estimator_node.py
/home/pavithra/Intelligence_ABAJA-26/ros2_ws/install/abaja_vehicle_state/lib/python3.12/site-packages/abaja_vehicle_state/__init__.py
/home/pavithra/Intelligence_ABAJA-26/ros2_ws/install/abaja_vehicle_state/lib/python3.12/site-packages/abaja_vehicle_state/mode_status_node.py
/home/pavithra/Intelligence_ABAJA-26/ros2_ws/install/abaja_vehicle_state/lib/python3.12/site-packages/abaja_vehicle_state/vehicle_state_node.py
/home/pavithra/Intelligence_ABAJA-26/ros2_ws/install/abaja_vehicle_state/lib/python3.12/site-packages/abaja_vehicle_state/steering_feedback_node.py
/home/pavithra/Intelligence_ABAJA-26/ros2_ws/install/abaja_vehicle_state/lib/python3.12/site-packages/abaja_vehicle_state/__pycache__/wheel_speed_node.cpython-312.pyc
/home/pavithra/Intelligence_ABAJA-26/ros2_ws/install/abaja_vehicle_state/lib/python3.12/site-packages/abaja_vehicle_state/__pycache__/vehicle_dashboard_node.cpython-312.pyc
/home/pavithra/Intelligence_ABAJA-26/ros2_ws/install/abaja_vehicle_state/lib/python3.12/site-packages/abaja_vehicle_state/__pycache__/battery_monitor_node.cpython-312.pyc
/home/pavithra/Intelligence_ABAJA-26/ros2_ws/install/abaja_vehicle_state/lib/python3.12/site-packages/abaja_vehicle_state/__pycache__/state_estimator_node.cpython-312.pyc
/home/pavithra/Intelligence_ABAJA-26/ros2_ws/install/abaja_vehicle_state/lib/python3.12/site-packages/abaja_vehicle_state/__pycache__/__init__.cpython-312.pyc
/home/pavithra/Intelligence_ABAJA-26/ros2_ws/install/abaja_vehicle_state/lib/python3.12/site-packages/abaja_vehicle_state/__pycache__/mode_status_node.cpython-312.pyc
/home/pavithra/Intelligence_ABAJA-26/ros2_ws/install/abaja_vehicle_state/lib/python3.12/site-packages/abaja_vehicle_state/__pycache__/vehicle_state_node.cpython-312.pyc
/home/pavithra/Intelligence_ABAJA-26/ros2_ws/install/abaja_vehicle_state/lib/python3.12/site-packages/abaja_vehicle_state/__pycache__/steering_feedback_node.cpython-312.pyc
/home/pavithra/Intelligence_ABAJA-26/ros2_ws/install/abaja_vehicle_state/share/ament_index/resource_index/packages/abaja_vehicle_state
/home/pavithra/Intelligence_ABAJA-26/ros2_ws/install/abaja_vehicle_state/share/abaja_vehicle_state/package.xml
/home/pavithra/Intelligence_ABAJA-26/ros2_ws/install/abaja_vehicle_state/lib/python3.12/site-packages/abaja_vehicle_state-0.0.0-py3.12.egg-info/entry_points.txt
/home/pavithra/Intelligence_ABAJA-26/ros2_ws/install/abaja_vehicle_state/lib/python3.12/site-packages/abaja_vehicle_state-0.0.0-py3.12.egg-info/zip-safe
/home/pavithra/Intelligence_ABAJA-26/ros2_ws/install/abaja_vehicle_state/lib/python3.12/site-packages/abaja_vehicle_state-0.0.0-py3.12.egg-info/top_level.txt
/home/pavithra/Intelligence_ABAJA-26/ros2_ws/install/abaja_vehicle_state/lib/python3.12/site-packages/abaja_vehicle_state-0.0.0-py3.12.egg-info/requires.txt
/home/pavithra/Intelligence_ABAJA-26/ros2_ws/install/abaja_vehicle_state/lib/python3.12/site-packages/abaja_vehicle_state-0.0.0-py3.12.egg-info/dependency_links.txt
/home/pavithra/Intelligence_ABAJA-26/ros2_ws/install/abaja_vehicle_state/lib/python3.12/site-packages/abaja_vehicle_state-0.0.0-py3.12.egg-info/PKG-INFO
/home/pavithra/Intelligence_ABAJA-26/ros2_ws/install/abaja_vehicle_state/lib/python3.12/site-packages/abaja_vehicle_state-0.0.0-py3.12.egg-info/SOURCES.txt
/home/pavithra/Intelligence_ABAJA-26/ros2_ws/install/abaja_vehicle_state/lib/abaja_vehicle_state/battery_monitor_node
/home/pavithra/Intelligence_ABAJA-26/ros2_ws/install/abaja_vehicle_state/lib/abaja_vehicle_state/mode_status_node
/home/pavithra/Intelligence_ABAJA-26/ros2_ws/install/abaja_vehicle_state/lib/abaja_vehicle_state/steering_feedback_node
/home/pavithra/Intelligence_ABAJA-26/ros2_ws/install/abaja_vehicle_state/lib/abaja_vehicle_state/vehicle_dashboard_node
/home/pavithra/Intelligence_ABAJA-26/ros2_ws/install/abaja_vehicle_state/lib/abaja_vehicle_state/vehicle_state_node
/home/pavithra/Intelligence_ABAJA-26/ros2_ws/install/abaja_vehicle_state/lib/abaja_vehicle_state/wheel_speed_node
