[0.022s] Invoking command in '/home/pavithra/Intelligence_ABAJA-26/ros2_ws/build/abaja_description': CMAKE_PREFIX_PATH=${CMAKE_PREFIX_PATH}:/opt/ros/jazzy DEBUGINFOD_URLS=https://debuginfod.ubuntu.com /usr/bin/cmake --build /home/pavithra/Intelligence_ABAJA-26/ros2_ws/build/abaja_description -- -j12 -l12
[0.848s] Invoked command in '/home/pavithra/Intelligence_ABAJA-26/ros2_ws/build/abaja_description' returned '0': CMAKE_PREFIX_PATH=${CMAKE_PREFIX_PATH}:/opt/ros/jazzy DEBUGINFOD_URLS=https://debuginfod.ubuntu.com /usr/bin/cmake --build /home/pavithra/Intelligence_ABAJA-26/ros2_ws/build/abaja_description -- -j12 -l12
[0.849s] Invoking command in '/home/pavithra/Intelligence_ABAJA-26/ros2_ws/build/abaja_description': CMAKE_PREFIX_PATH=${CMAKE_PREFIX_PATH}:/opt/ros/jazzy DEBUGINFOD_URLS=https://debuginfod.ubuntu.com /usr/bin/cmake --install /home/pavithra/Intelligence_ABAJA-26/ros2_ws/build/abaja_description
[0.860s] -- Install configuration: ""
[0.861s] -- Execute custom install script
[0.861s] -- Up-to-date symlink: /home/pavithra/Intelligence_ABAJA-26/ros2_ws/install/abaja_description/share/abaja_description/urdf/abaja_buggy.urdf.xacro
[0.861s] -- Up-to-date symlink: /home/pavithra/Intelligence_ABAJA-26/ros2_ws/install/abaja_description/share/abaja_description/urdf/chassis.xacro
[0.861s] -- Up-to-date symlink: /home/pavithra/Intelligence_ABAJA-26/ros2_ws/install/abaja_description/share/abaja_description/urdf/materials.xacro
[0.861s] -- Up-to-date symlink: /home/pavithra/Intelligence_ABAJA-26/ros2_ws/install/abaja_description/share/abaja_description/urdf/sensors.xacro
[0.861s] -- Up-to-date symlink: /home/pavithra/Intelligence_ABAJA-26/ros2_ws/install/abaja_description/share/abaja_description/urdf/wheels.xacro
[0.862s] -- Up-to-date symlink: /home/pavithra/Intelligence_ABAJA-26/ros2_ws/install/abaja_description/share/abaja_description/launch/display.launch.py
[0.862s] -- Up-to-date symlink: /home/pavithra/Intelligence_ABAJA-26/ros2_ws/install/abaja_description/share/abaja_description/launch/gazebo.launch.py
[0.862s] -- Up-to-date symlink: /home/pavithra/Intelligence_ABAJA-26/ros2_ws/install/abaja_description/share/abaja_description/rviz/abaja_display.rviz
[0.862s] -- Up-to-date symlink: /home/pavithra/Intelligence_ABAJA-26/ros2_ws/install/abaja_description/share/abaja_description/meshes/README.md
[0.862s] -- Symlinking: /home/pavithra/Intelligence_ABAJA-26/ros2_ws/install/abaja_description/share/abaja_description/worlds/abaja_lane_track.sdf
[0.871s] -- Up-to-date symlink: /home/pavithra/Intelligence_ABAJA-26/ros2_ws/install/abaja_description/share/abaja_description/worlds/abaja_track.sdf
[0.871s] -- Up-to-date symlink: /home/pavithra/Intelligence_ABAJA-26/ros2_ws/install/abaja_description/share/ament_index/resource_index/package_run_dependencies/abaja_description
[0.872s] -- Up-to-date symlink: /home/pavithra/Intelligence_ABAJA-26/ros2_ws/install/abaja_description/share/ament_index/resource_index/parent_prefix_path/abaja_description
[0.872s] -- Up-to-date symlink: /home/pavithra/Intelligence_ABAJA-26/ros2_ws/install/abaja_description/share/abaja_description/environment/ament_prefix_path.sh
[0.872s] -- Up-to-date symlink: /home/pavithra/Intelligence_ABAJA-26/ros2_ws/install/abaja_description/share/abaja_description/environment/ament_prefix_path.dsv
[0.872s] -- Up-to-date symlink: /home/pavithra/Intelligence_ABAJA-26/ros2_ws/install/abaja_description/share/abaja_description/environment/path.sh
[0.873s] -- Up-to-date symlink: /home/pavithra/Intelligence_ABAJA-26/ros2_ws/install/abaja_description/share/abaja_description/environment/path.dsv
[0.873s] -- Up-to-date symlink: /home/pavithra/Intelligence_ABAJA-26/ros2_ws/install/abaja_description/share/abaja_description/local_setup.bash
[0.873s] -- Up-to-date symlink: /home/pavithra/Intelligence_ABAJA-26/ros2_ws/install/abaja_description/share/abaja_description/local_setup.sh
[0.874s] -- Up-to-date symlink: /home/pavithra/Intelligence_ABAJA-26/ros2_ws/install/abaja_description/share/abaja_description/local_setup.zsh
[0.874s] -- Up-to-date symlink: /home/pavithra/Intelligence_ABAJA-26/ros2_ws/install/abaja_description/share/abaja_description/local_setup.dsv
[0.874s] -- Symlinking: /home/pavithra/Intelligence_ABAJA-26/ros2_ws/install/abaja_description/share/abaja_description/package.dsv
[0.883s] -- Up-to-date symlink: /home/pavithra/Intelligence_ABAJA-26/ros2_ws/install/abaja_description/share/ament_index/resource_index/packages/abaja_description
[0.883s] -- Up-to-date symlink: /home/pavithra/Intelligence_ABAJA-26/ros2_ws/install/abaja_description/share/abaja_description/cmake/abaja_descriptionConfig.cmake
[0.884s] -- Up-to-date symlink: /home/pavithra/Intelligence_ABAJA-26/ros2_ws/install/abaja_description/share/abaja_description/cmake/abaja_descriptionConfig-version.cmake
[0.884s] -- Up-to-date symlink: /home/pavithra/Intelligence_ABAJA-26/ros2_ws/install/abaja_description/share/abaja_description/package.xml
[0.887s] Invoked command in '/home/pavithra/Intelligence_ABAJA-26/ros2_ws/build/abaja_description' returned '0': CMAKE_PREFIX_PATH=${CMAKE_PREFIX_PATH}:/opt/ros/jazzy DEBUGINFOD_URLS=https://debuginfod.ubuntu.com /usr/bin/cmake --install /home/pavithra/Intelligence_ABAJA-26/ros2_ws/build/abaja_description
