[0.031s] Invoking command in '/home/pavithra/ros2_ws/build/abaja_interfaces': CMAKE_PREFIX_PATH=${CMAKE_PREFIX_PATH}:/opt/ros/jazzy DEBUGINFOD_URLS=https://debuginfod.ubuntu.com /usr/bin/cmake /home/pavithra/ros2_ws/src/abaja_interfaces -DAMENT_CMAKE_SYMLINK_INSTALL=1 -DCMAKE_INSTALL_PREFIX=/home/pavithra/ros2_ws/install/abaja_interfaces
[1.140s] -- The C compiler identification is GNU 13.3.0
[1.140s] -- The CXX compiler identification is GNU 13.3.0
[1.141s] -- Detecting C compiler ABI info
[1.141s] -- Detecting C compiler ABI info - done
[1.142s] -- Check for working C compiler: /usr/bin/cc - skipped
[1.142s] -- Detecting C compile features
[1.142s] -- Detecting C compile features - done
[1.142s] -- Detecting CXX compiler ABI info
[1.142s] -- Detecting CXX compiler ABI info - done
[1.143s] -- Check for working CXX compiler: /usr/bin/c++ - skipped
[1.143s] -- Detecting CXX compile features
[1.143s] -- Detecting CXX compile features - done
[1.143s] -- Found ament_cmake: 2.5.6 (/opt/ros/jazzy/share/ament_cmake/cmake)
[1.143s] -- Found Python3: /usr/bin/python3 (found version "3.12.3") found components: Interpreter 
[1.143s] -- Override CMake install command with custom implementation using symlinks instead of copying resources
[1.144s] -- Found rosidl_default_generators: 1.6.0 (/opt/ros/jazzy/share/rosidl_default_generators/cmake)
[1.144s] -- Using all available rosidl_typesupport_c: rosidl_typesupport_fastrtps_c;rosidl_typesupport_introspection_c
[1.144s] -- Using all available rosidl_typesupport_cpp: rosidl_typesupport_fastrtps_cpp;rosidl_typesupport_introspection_cpp
[1.144s] -- Found rosidl_adapter: 4.6.7 (/opt/ros/jazzy/share/rosidl_adapter/cmake)
[1.144s] -- Found std_msgs: 5.3.7 (/opt/ros/jazzy/share/std_msgs/cmake)
[1.697s] -- Found ament_cmake_ros: 0.12.0 (/opt/ros/jazzy/share/ament_cmake_ros/cmake)
[2.551s] -- Using all available rosidl_typesupport_c: rosidl_typesupport_fastrtps_c;rosidl_typesupport_introspection_c
[3.365s] -- Using all available rosidl_typesupport_cpp: rosidl_typesupport_fastrtps_cpp;rosidl_typesupport_introspection_cpp
[3.368s] -- Found python_cmake_module: 0.11.1 (/opt/ros/jazzy/share/python_cmake_module/cmake)
[3.521s] -- Found PythonExtra: /usr/bin/python3  
[3.967s] -- Found Python3: /usr/bin/python3 (found version "3.12.3") found components: Interpreter Development NumPy Development.Module Development.Embed 
[4.058s] -- Found Python3: /usr/bin/python3 (found version "3.12.3") found components: Interpreter 
[4.062s] -- Found ament_lint_auto: 0.17.5 (/opt/ros/jazzy/share/ament_lint_auto/cmake)
[4.083s] -- Added test 'lint_cmake' to check CMake code style
[4.084s] -- Added test 'xmllint' to check XML markup files
[4.087s] -- Configuring done (4.0s)
[4.116s] -- Generating done (0.0s)
[4.125s] -- Build files have been written to: /home/pavithra/ros2_ws/build/abaja_interfaces
[4.137s] Invoked command in '/home/pavithra/ros2_ws/build/abaja_interfaces' returned '0': CMAKE_PREFIX_PATH=${CMAKE_PREFIX_PATH}:/opt/ros/jazzy DEBUGINFOD_URLS=https://debuginfod.ubuntu.com /usr/bin/cmake /home/pavithra/ros2_ws/src/abaja_interfaces -DAMENT_CMAKE_SYMLINK_INSTALL=1 -DCMAKE_INSTALL_PREFIX=/home/pavithra/ros2_ws/install/abaja_interfaces
[4.137s] Invoking command in '/home/pavithra/ros2_ws/build/abaja_interfaces': CMAKE_PREFIX_PATH=${CMAKE_PREFIX_PATH}:/opt/ros/jazzy DEBUGINFOD_URLS=https://debuginfod.ubuntu.com /usr/bin/cmake --build /home/pavithra/ros2_ws/build/abaja_interfaces -- -j12 -l12
[4.191s] [  2%] [34m[1mGenerating type hashes for ROS interfaces[0m
[4.191s] [  4%] [34m[1mGenerating Rust code for ROS interfaces[0m
[4.203s] [  4%] Built target ament_cmake_python_symlink_abaja_interfaces
[4.396s] running egg_info
[4.397s] creating abaja_interfaces.egg-info
[4.411s] writing abaja_interfaces.egg-info/PKG-INFO
[4.412s] writing dependency_links to abaja_interfaces.egg-info/dependency_links.txt
[4.412s] writing top-level names to abaja_interfaces.egg-info/top_level.txt
[4.412s] writing manifest file 'abaja_interfaces.egg-info/SOURCES.txt'
[4.461s] reading manifest file 'abaja_interfaces.egg-info/SOURCES.txt'
[4.461s] writing manifest file 'abaja_interfaces.egg-info/SOURCES.txt'
[4.471s] [  4%] Built target abaja_interfaces__rosidl_generator_type_description
[4.485s] [  6%] [34m[1mGenerating C code for ROS interfaces[0m
[4.495s] [  6%] Built target ament_cmake_python_build_abaja_interfaces_egg
[4.499s] [  8%] [34m[1mGenerating C++ code for ROS interfaces[0m
[4.503s] [  8%] Built target abaja_interfaces__rs
[4.779s] [  8%] Built target abaja_interfaces__cpp
[4.786s] [ 11%] [32mBuilding C object CMakeFiles/abaja_interfaces__rosidl_generator_c.dir/rosidl_generator_c/abaja_interfaces/msg/detail/control_cmd__type_support.c.o[0m
[4.786s] [ 13%] [32mBuilding C object CMakeFiles/abaja_interfaces__rosidl_generator_c.dir/rosidl_generator_c/abaja_interfaces/msg/detail/vehicle_state__description.c.o[0m
[4.788s] [ 17%] [32mBuilding C object CMakeFiles/abaja_interfaces__rosidl_generator_c.dir/rosidl_generator_c/abaja_interfaces/msg/detail/control_cmd__functions.c.o[0m
[4.788s] [ 17%] [32mBuilding C object CMakeFiles/abaja_interfaces__rosidl_generator_c.dir/rosidl_generator_c/abaja_interfaces/msg/detail/control_cmd__description.c.o[0m
[4.789s] [ 20%] [32mBuilding C object CMakeFiles/abaja_interfaces__rosidl_generator_c.dir/rosidl_generator_c/abaja_interfaces/msg/detail/vehicle_state__functions.c.o[0m
[4.790s] [ 22%] [32mBuilding C object CMakeFiles/abaja_interfaces__rosidl_generator_c.dir/rosidl_generator_c/abaja_interfaces/msg/detail/vehicle_state__type_support.c.o[0m
[4.856s] [ 24%] [32m[1mLinking C shared library libabaja_interfaces__rosidl_generator_c.so[0m
[4.889s] [ 24%] Built target abaja_interfaces__rosidl_generator_c
[4.905s] [ 28%] [34m[1mGenerating C type support for eProsima Fast-RTPS[0m
[4.905s] [ 28%] [34m[1mGenerating C introspection for ROS interfaces[0m
[4.909s] [ 31%] [34m[1mGenerating C type support dispatch for ROS interfaces[0m
[4.910s] [ 35%] [34m[1mGenerating C++ introspection for ROS interfaces[0m
[4.910s] [ 35%] [34m[1mGenerating C++ type support for eProsima Fast-RTPS[0m
[4.911s] [ 37%] [34m[1mGenerating C++ type support dispatch for ROS interfaces[0m
[5.188s] [ 42%] [32mBuilding CXX object CMakeFiles/abaja_interfaces__rosidl_typesupport_fastrtps_cpp.dir/rosidl_typesupport_fastrtps_cpp/abaja_interfaces/msg/detail/dds_fastrtps/vehicle_state__type_support.cpp.o[0m
[5.188s] [ 42%] [32mBuilding CXX object CMakeFiles/abaja_interfaces__rosidl_typesupport_fastrtps_cpp.dir/rosidl_typesupport_fastrtps_cpp/abaja_interfaces/msg/detail/dds_fastrtps/control_cmd__type_support.cpp.o[0m
[5.260s] [ 44%] [32mBuilding CXX object CMakeFiles/abaja_interfaces__rosidl_typesupport_introspection_cpp.dir/rosidl_typesupport_introspection_cpp/abaja_interfaces/msg/detail/control_cmd__type_support.cpp.o[0m
[5.260s] [ 46%] [32mBuilding CXX object CMakeFiles/abaja_interfaces__rosidl_typesupport_introspection_cpp.dir/rosidl_typesupport_introspection_cpp/abaja_interfaces/msg/detail/vehicle_state__type_support.cpp.o[0m
[5.263s] [ 48%] [32mBuilding CXX object CMakeFiles/abaja_interfaces__rosidl_typesupport_cpp.dir/rosidl_typesupport_cpp/abaja_interfaces/msg/control_cmd__type_support.cpp.o[0m
[5.264s] [ 51%] [32mBuilding CXX object CMakeFiles/abaja_interfaces__rosidl_typesupport_c.dir/rosidl_typesupport_c/abaja_interfaces/msg/control_cmd__type_support.cpp.o[0m
[5.267s] [ 53%] [32mBuilding CXX object CMakeFiles/abaja_interfaces__rosidl_typesupport_cpp.dir/rosidl_typesupport_cpp/abaja_interfaces/msg/vehicle_state__type_support.cpp.o[0m
[5.271s] [ 55%] [32mBuilding CXX object CMakeFiles/abaja_interfaces__rosidl_typesupport_c.dir/rosidl_typesupport_c/abaja_interfaces/msg/vehicle_state__type_support.cpp.o[0m
[5.277s] [ 57%] [32mBuilding CXX object CMakeFiles/abaja_interfaces__rosidl_typesupport_fastrtps_c.dir/rosidl_typesupport_fastrtps_c/abaja_interfaces/msg/detail/vehicle_state__type_support_c.cpp.o[0m
[5.280s] [ 60%] [32mBuilding CXX object CMakeFiles/abaja_interfaces__rosidl_typesupport_fastrtps_c.dir/rosidl_typesupport_fastrtps_c/abaja_interfaces/msg/detail/control_cmd__type_support_c.cpp.o[0m
[5.291s] [ 64%] [32mBuilding C object CMakeFiles/abaja_interfaces__rosidl_typesupport_introspection_c.dir/rosidl_typesupport_introspection_c/abaja_interfaces/msg/detail/control_cmd__type_support.c.o[0m
[5.291s] [ 64%] [32mBuilding C object CMakeFiles/abaja_interfaces__rosidl_typesupport_introspection_c.dir/rosidl_typesupport_introspection_c/abaja_interfaces/msg/detail/vehicle_state__type_support.c.o[0m
[5.334s] [ 66%] [32m[1mLinking CXX shared library libabaja_interfaces__rosidl_typesupport_c.so[0m
[5.352s] [ 68%] [32m[1mLinking C shared library libabaja_interfaces__rosidl_typesupport_introspection_c.so[0m
[5.396s] [ 68%] Built target abaja_interfaces__rosidl_typesupport_c
[5.401s] [ 68%] Built target abaja_interfaces__rosidl_typesupport_introspection_c
[5.772s] [ 71%] [32m[1mLinking CXX shared library libabaja_interfaces__rosidl_typesupport_introspection_cpp.so[0m
[5.778s] [ 73%] [32m[1mLinking CXX shared library libabaja_interfaces__rosidl_typesupport_cpp.so[0m
[5.833s] [ 73%] Built target abaja_interfaces__rosidl_typesupport_cpp
[5.843s] [ 73%] Built target abaja_interfaces__rosidl_typesupport_introspection_cpp
[5.939s] [ 75%] [32m[1mLinking CXX shared library libabaja_interfaces__rosidl_typesupport_fastrtps_c.so[0m
[5.958s] [ 77%] [32m[1mLinking CXX shared library libabaja_interfaces__rosidl_typesupport_fastrtps_cpp.so[0m
[6.009s] [ 77%] Built target abaja_interfaces__rosidl_typesupport_fastrtps_c
[6.036s] [ 77%] Built target abaja_interfaces__rosidl_typesupport_fastrtps_cpp
[6.057s] [ 77%] Built target abaja_interfaces
[6.077s] [ 80%] [34m[1mGenerating Python code for ROS interfaces[0m
[6.311s] [ 80%] Built target abaja_interfaces__py
[6.332s] [ 84%] [32mBuilding C object CMakeFiles/abaja_interfaces__rosidl_generator_py.dir/rosidl_generator_py/abaja_interfaces/msg/_control_cmd_s.c.o[0m
[6.333s] [ 84%] [32mBuilding C object CMakeFiles/abaja_interfaces__rosidl_generator_py.dir/rosidl_generator_py/abaja_interfaces/msg/_vehicle_state_s.c.o[0m
[6.460s] [ 86%] [32m[1mLinking C shared library libabaja_interfaces__rosidl_generator_py.so[0m
[6.497s] [ 86%] Built target abaja_interfaces__rosidl_generator_py
[6.520s] [ 91%] [32mBuilding C object CMakeFiles/abaja_interfaces_s__rosidl_typesupport_introspection_c.dir/rosidl_generator_py/abaja_interfaces/_abaja_interfaces_s.ep.rosidl_typesupport_introspection_c.c.o[0m
[6.520s] [ 91%] [32mBuilding C object CMakeFiles/abaja_interfaces_s__rosidl_typesupport_fastrtps_c.dir/rosidl_generator_py/abaja_interfaces/_abaja_interfaces_s.ep.rosidl_typesupport_fastrtps_c.c.o[0m
[6.521s] [ 93%] [32mBuilding C object CMakeFiles/abaja_interfaces_s__rosidl_typesupport_c.dir/rosidl_generator_py/abaja_interfaces/_abaja_interfaces_s.ep.rosidl_typesupport_c.c.o[0m
[6.607s] [ 95%] [32m[1mLinking C shared module rosidl_generator_py/abaja_interfaces/abaja_interfaces_s__rosidl_typesupport_c.so[0m
[6.627s] [ 97%] [32m[1mLinking C shared module rosidl_generator_py/abaja_interfaces/abaja_interfaces_s__rosidl_typesupport_fastrtps_c.so[0m
[6.630s] [100%] [32m[1mLinking C shared module rosidl_generator_py/abaja_interfaces/abaja_interfaces_s__rosidl_typesupport_introspection_c.so[0m
[6.644s] [100%] Built target abaja_interfaces_s__rosidl_typesupport_c
[6.665s] [100%] Built target abaja_interfaces_s__rosidl_typesupport_fastrtps_c
[6.666s] [100%] Built target abaja_interfaces_s__rosidl_typesupport_introspection_c
[6.675s] Invoked command in '/home/pavithra/ros2_ws/build/abaja_interfaces' returned '0': CMAKE_PREFIX_PATH=${CMAKE_PREFIX_PATH}:/opt/ros/jazzy DEBUGINFOD_URLS=https://debuginfod.ubuntu.com /usr/bin/cmake --build /home/pavithra/ros2_ws/build/abaja_interfaces -- -j12 -l12
[6.676s] Invoking command in '/home/pavithra/ros2_ws/build/abaja_interfaces': CMAKE_PREFIX_PATH=${CMAKE_PREFIX_PATH}:/opt/ros/jazzy DEBUGINFOD_URLS=https://debuginfod.ubuntu.com /usr/bin/cmake --install /home/pavithra/ros2_ws/build/abaja_interfaces
[6.684s] -- Install configuration: ""
[6.685s] -- Execute custom install script
[6.685s] -- Symlinking: /home/pavithra/ros2_ws/install/abaja_interfaces/share/ament_index/resource_index/rosidl_interfaces/abaja_interfaces
[6.693s] -- Symlinking: /home/pavithra/ros2_ws/install/abaja_interfaces/share/abaja_interfaces/msg/ControlCmd.json
[6.702s] -- Symlinking: /home/pavithra/ros2_ws/install/abaja_interfaces/share/abaja_interfaces/msg/VehicleState.json
[6.709s] -- Symlinking: /home/pavithra/ros2_ws/install/abaja_interfaces/include/abaja_interfaces/abaja_interfaces/msg/control_cmd.h
[6.717s] -- Symlinking: /home/pavithra/ros2_ws/install/abaja_interfaces/include/abaja_interfaces/abaja_interfaces/msg/detail/control_cmd__functions.h
[6.722s] -- Symlinking: /home/pavithra/ros2_ws/install/abaja_interfaces/include/abaja_interfaces/abaja_interfaces/msg/detail/control_cmd__struct.h
[6.732s] -- Symlinking: /home/pavithra/ros2_ws/install/abaja_interfaces/include/abaja_interfaces/abaja_interfaces/msg/detail/control_cmd__type_support.h
[6.740s] -- Symlinking: /home/pavithra/ros2_ws/install/abaja_interfaces/include/abaja_interfaces/abaja_interfaces/msg/detail/vehicle_state__functions.h
[6.747s] -- Symlinking: /home/pavithra/ros2_ws/install/abaja_interfaces/include/abaja_interfaces/abaja_interfaces/msg/detail/vehicle_state__struct.h
[6.756s] -- Symlinking: /home/pavithra/ros2_ws/install/abaja_interfaces/include/abaja_interfaces/abaja_interfaces/msg/detail/vehicle_state__type_support.h
[6.762s] -- Symlinking: /home/pavithra/ros2_ws/install/abaja_interfaces/include/abaja_interfaces/abaja_interfaces/msg/rosidl_generator_c__visibility_control.h
[6.770s] -- Symlinking: /home/pavithra/ros2_ws/install/abaja_interfaces/include/abaja_interfaces/abaja_interfaces/msg/vehicle_state.h
[6.778s] -- Symlinking: /home/pavithra/ros2_ws/install/abaja_interfaces/share/abaja_interfaces/environment/library_path.sh
[6.785s] -- Symlinking: /home/pavithra/ros2_ws/install/abaja_interfaces/share/abaja_interfaces/environment/library_path.dsv
[6.793s] -- Symlinking: /home/pavithra/ros2_ws/install/abaja_interfaces/include/abaja_interfaces/abaja_interfaces/msg/detail/control_cmd__rosidl_typesupport_fastrtps_c.h
[6.802s] -- Symlinking: /home/pavithra/ros2_ws/install/abaja_interfaces/include/abaja_interfaces/abaja_interfaces/msg/detail/vehicle_state__rosidl_typesupport_fastrtps_c.h
[6.808s] -- Symlinking: /home/pavithra/ros2_ws/install/abaja_interfaces/include/abaja_interfaces/abaja_interfaces/msg/rosidl_typesupport_fastrtps_c__visibility_control.h
[6.817s] -- Symlinking: /home/pavithra/ros2_ws/install/abaja_interfaces/include/abaja_interfaces/abaja_interfaces/msg/detail/control_cmd__rosidl_typesupport_introspection_c.h
[6.825s] -- Symlinking: /home/pavithra/ros2_ws/install/abaja_interfaces/include/abaja_interfaces/abaja_interfaces/msg/detail/vehicle_state__rosidl_typesupport_introspection_c.h
[6.834s] -- Symlinking: /home/pavithra/ros2_ws/install/abaja_interfaces/include/abaja_interfaces/abaja_interfaces/msg/rosidl_typesupport_introspection_c__visibility_control.h
[6.843s] -- Symlinking: /home/pavithra/ros2_ws/install/abaja_interfaces/include/abaja_interfaces/abaja_interfaces/msg/control_cmd.hpp
[6.852s] -- Symlinking: /home/pavithra/ros2_ws/install/abaja_interfaces/include/abaja_interfaces/abaja_interfaces/msg/detail/control_cmd__builder.hpp
[6.860s] -- Symlinking: /home/pavithra/ros2_ws/install/abaja_interfaces/include/abaja_interfaces/abaja_interfaces/msg/detail/control_cmd__struct.hpp
[6.869s] -- Symlinking: /home/pavithra/ros2_ws/install/abaja_interfaces/include/abaja_interfaces/abaja_interfaces/msg/detail/control_cmd__traits.hpp
[6.877s] -- Symlinking: /home/pavithra/ros2_ws/install/abaja_interfaces/include/abaja_interfaces/abaja_interfaces/msg/detail/control_cmd__type_support.hpp
[6.885s] -- Symlinking: /home/pavithra/ros2_ws/install/abaja_interfaces/include/abaja_interfaces/abaja_interfaces/msg/detail/vehicle_state__builder.hpp
[6.892s] -- Symlinking: /home/pavithra/ros2_ws/install/abaja_interfaces/include/abaja_interfaces/abaja_interfaces/msg/detail/vehicle_state__struct.hpp
[6.901s] -- Symlinking: /home/pavithra/ros2_ws/install/abaja_interfaces/include/abaja_interfaces/abaja_interfaces/msg/detail/vehicle_state__traits.hpp
[6.908s] -- Symlinking: /home/pavithra/ros2_ws/install/abaja_interfaces/include/abaja_interfaces/abaja_interfaces/msg/detail/vehicle_state__type_support.hpp
[6.917s] -- Symlinking: /home/pavithra/ros2_ws/install/abaja_interfaces/include/abaja_interfaces/abaja_interfaces/msg/rosidl_generator_cpp__visibility_control.hpp
[6.923s] -- Symlinking: /home/pavithra/ros2_ws/install/abaja_interfaces/include/abaja_interfaces/abaja_interfaces/msg/vehicle_state.hpp
[6.933s] -- Symlinking: /home/pavithra/ros2_ws/install/abaja_interfaces/include/abaja_interfaces/abaja_interfaces/msg/detail/control_cmd__rosidl_typesupport_fastrtps_cpp.hpp
[6.942s] -- Symlinking: /home/pavithra/ros2_ws/install/abaja_interfaces/include/abaja_interfaces/abaja_interfaces/msg/detail/vehicle_state__rosidl_typesupport_fastrtps_cpp.hpp
[6.951s] -- Symlinking: /home/pavithra/ros2_ws/install/abaja_interfaces/include/abaja_interfaces/abaja_interfaces/msg/rosidl_typesupport_fastrtps_cpp__visibility_control.h
[6.959s] -- Symlinking: /home/pavithra/ros2_ws/install/abaja_interfaces/include/abaja_interfaces/abaja_interfaces/msg/detail/control_cmd__rosidl_typesupport_introspection_cpp.hpp
[6.966s] -- Symlinking: /home/pavithra/ros2_ws/install/abaja_interfaces/include/abaja_interfaces/abaja_interfaces/msg/detail/vehicle_state__rosidl_typesupport_introspection_cpp.hpp
[6.972s] -- Symlinking: /home/pavithra/ros2_ws/install/abaja_interfaces/share/abaja_interfaces/environment/pythonpath.sh
[6.978s] -- Symlinking: /home/pavithra/ros2_ws/install/abaja_interfaces/share/abaja_interfaces/environment/pythonpath.dsv
[6.988s] -- Symlinking: /home/pavithra/ros2_ws/install/abaja_interfaces/lib/python3.12/site-packages/abaja_interfaces-0.0.0-py3.12.egg-info/PKG-INFO
[6.997s] -- Symlinking: /home/pavithra/ros2_ws/install/abaja_interfaces/lib/python3.12/site-packages/abaja_interfaces-0.0.0-py3.12.egg-info/SOURCES.txt
[7.005s] -- Symlinking: /home/pavithra/ros2_ws/install/abaja_interfaces/lib/python3.12/site-packages/abaja_interfaces-0.0.0-py3.12.egg-info/dependency_links.txt
[7.013s] -- Symlinking: /home/pavithra/ros2_ws/install/abaja_interfaces/lib/python3.12/site-packages/abaja_interfaces-0.0.0-py3.12.egg-info/top_level.txt
[7.022s] -- Symlinking: /home/pavithra/ros2_ws/install/abaja_interfaces/lib/python3.12/site-packages/abaja_interfaces/__init__.py
[7.029s] -- Symlinking: /home/pavithra/ros2_ws/install/abaja_interfaces/lib/python3.12/site-packages/abaja_interfaces/_abaja_interfaces_s.ep.rosidl_typesupport_c.c
[7.037s] -- Symlinking: /home/pavithra/ros2_ws/install/abaja_interfaces/lib/python3.12/site-packages/abaja_interfaces/_abaja_interfaces_s.ep.rosidl_typesupport_fastrtps_c.c
[7.045s] -- Symlinking: /home/pavithra/ros2_ws/install/abaja_interfaces/lib/python3.12/site-packages/abaja_interfaces/_abaja_interfaces_s.ep.rosidl_typesupport_introspection_c.c
[7.055s] -- Symlinking: /home/pavithra/ros2_ws/install/abaja_interfaces/lib/python3.12/site-packages/abaja_interfaces/abaja_interfaces_s__rosidl_typesupport_c.so
[7.061s] -- Symlinking: /home/pavithra/ros2_ws/install/abaja_interfaces/lib/python3.12/site-packages/abaja_interfaces/abaja_interfaces_s__rosidl_typesupport_fastrtps_c.so
[7.069s] -- Symlinking: /home/pavithra/ros2_ws/install/abaja_interfaces/lib/python3.12/site-packages/abaja_interfaces/abaja_interfaces_s__rosidl_typesupport_introspection_c.so
[7.077s] -- Symlinking: /home/pavithra/ros2_ws/install/abaja_interfaces/lib/python3.12/site-packages/abaja_interfaces/msg/__init__.py
[7.085s] -- Symlinking: /home/pavithra/ros2_ws/install/abaja_interfaces/lib/python3.12/site-packages/abaja_interfaces/msg/_control_cmd.py
[7.093s] -- Symlinking: /home/pavithra/ros2_ws/install/abaja_interfaces/lib/python3.12/site-packages/abaja_interfaces/msg/_control_cmd_s.c
[7.101s] -- Symlinking: /home/pavithra/ros2_ws/install/abaja_interfaces/lib/python3.12/site-packages/abaja_interfaces/msg/_vehicle_state.py
[7.108s] -- Symlinking: /home/pavithra/ros2_ws/install/abaja_interfaces/lib/python3.12/site-packages/abaja_interfaces/msg/_vehicle_state_s.c
[7.117s] -- Up-to-date symlink: /home/pavithra/ros2_ws/install/abaja_interfaces/lib/python3.12/site-packages/abaja_interfaces/abaja_interfaces_s__rosidl_typesupport_fastrtps_c.so
[7.117s] -- Up-to-date symlink: /home/pavithra/ros2_ws/install/abaja_interfaces/lib/python3.12/site-packages/abaja_interfaces/abaja_interfaces_s__rosidl_typesupport_introspection_c.so
[7.117s] -- Up-to-date symlink: /home/pavithra/ros2_ws/install/abaja_interfaces/lib/python3.12/site-packages/abaja_interfaces/abaja_interfaces_s__rosidl_typesupport_c.so
[7.117s] -- Symlinking: /home/pavithra/ros2_ws/install/abaja_interfaces/share/ament_index/resource_index/rust_packages/abaja_interfaces
[7.126s] -- Symlinking: /home/pavithra/ros2_ws/install/abaja_interfaces/share/abaja_interfaces/rust/Cargo.toml
[7.136s] -- Symlinking: /home/pavithra/ros2_ws/install/abaja_interfaces/share/abaja_interfaces/rust/build.rs
[7.143s] -- Symlinking: /home/pavithra/ros2_ws/install/abaja_interfaces/share/abaja_interfaces/rust/src/lib.rs
[7.153s] -- Symlinking: /home/pavithra/ros2_ws/install/abaja_interfaces/share/abaja_interfaces/rust/src/msg.rs
[7.161s] -- Symlinking: /home/pavithra/ros2_ws/install/abaja_interfaces/share/abaja_interfaces/rust/src/msg/rmw.rs
[7.169s] -- Symlinking: /home/pavithra/ros2_ws/install/abaja_interfaces/share/abaja_interfaces/msg/ControlCmd.idl
[7.177s] -- Symlinking: /home/pavithra/ros2_ws/install/abaja_interfaces/share/abaja_interfaces/msg/VehicleState.idl
[7.184s] -- Symlinking: /home/pavithra/ros2_ws/install/abaja_interfaces/share/abaja_interfaces/msg/ControlCmd.msg
[7.191s] -- Symlinking: /home/pavithra/ros2_ws/install/abaja_interfaces/share/abaja_interfaces/msg/VehicleState.msg
[7.201s] -- Symlinking: /home/pavithra/ros2_ws/install/abaja_interfaces/share/ament_index/resource_index/package_run_dependencies/abaja_interfaces
[7.209s] -- Symlinking: /home/pavithra/ros2_ws/install/abaja_interfaces/share/ament_index/resource_index/parent_prefix_path/abaja_interfaces
[7.217s] -- Symlinking: /home/pavithra/ros2_ws/install/abaja_interfaces/share/abaja_interfaces/environment/ament_prefix_path.sh
[7.224s] -- Symlinking: /home/pavithra/ros2_ws/install/abaja_interfaces/share/abaja_interfaces/environment/ament_prefix_path.dsv
[7.232s] -- Symlinking: /home/pavithra/ros2_ws/install/abaja_interfaces/share/abaja_interfaces/environment/path.sh
[7.240s] -- Symlinking: /home/pavithra/ros2_ws/install/abaja_interfaces/share/abaja_interfaces/environment/path.dsv
[7.249s] -- Symlinking: /home/pavithra/ros2_ws/install/abaja_interfaces/share/abaja_interfaces/local_setup.bash
[7.255s] -- Symlinking: /home/pavithra/ros2_ws/install/abaja_interfaces/share/abaja_interfaces/local_setup.sh
[7.264s] -- Symlinking: /home/pavithra/ros2_ws/install/abaja_interfaces/share/abaja_interfaces/local_setup.zsh
[7.272s] -- Symlinking: /home/pavithra/ros2_ws/install/abaja_interfaces/share/abaja_interfaces/local_setup.dsv
[7.278s] -- Symlinking: /home/pavithra/ros2_ws/install/abaja_interfaces/share/abaja_interfaces/package.dsv
[7.287s] -- Symlinking: /home/pavithra/ros2_ws/install/abaja_interfaces/share/ament_index/resource_index/packages/abaja_interfaces
[7.295s] -- Symlinking: /home/pavithra/ros2_ws/install/abaja_interfaces/share/abaja_interfaces/cmake/rosidl_cmake-extras.cmake
[7.304s] -- Symlinking: /home/pavithra/ros2_ws/install/abaja_interfaces/share/abaja_interfaces/cmake/ament_cmake_export_dependencies-extras.cmake
[7.311s] -- Symlinking: /home/pavithra/ros2_ws/install/abaja_interfaces/share/abaja_interfaces/cmake/ament_cmake_export_include_directories-extras.cmake
[7.320s] -- Symlinking: /home/pavithra/ros2_ws/install/abaja_interfaces/share/abaja_interfaces/cmake/ament_cmake_export_libraries-extras.cmake
[7.327s] -- Symlinking: /home/pavithra/ros2_ws/install/abaja_interfaces/share/abaja_interfaces/cmake/ament_cmake_export_targets-extras.cmake
[7.337s] -- Symlinking: /home/pavithra/ros2_ws/install/abaja_interfaces/share/abaja_interfaces/cmake/rosidl_cmake_export_typesupport_targets-extras.cmake
[7.346s] -- Symlinking: /home/pavithra/ros2_ws/install/abaja_interfaces/share/abaja_interfaces/cmake/rosidl_cmake_export_typesupport_libraries-extras.cmake
[7.355s] -- Symlinking: /home/pavithra/ros2_ws/install/abaja_interfaces/share/abaja_interfaces/cmake/abaja_interfacesConfig.cmake
[7.362s] -- Symlinking: /home/pavithra/ros2_ws/install/abaja_interfaces/share/abaja_interfaces/cmake/abaja_interfacesConfig-version.cmake
[7.371s] -- Symlinking: /home/pavithra/ros2_ws/install/abaja_interfaces/share/abaja_interfaces/package.xml
[7.377s] -- Installing: /home/pavithra/ros2_ws/install/abaja_interfaces/lib/libabaja_interfaces__rosidl_generator_c.so
[7.378s] -- Set non-toolchain portion of runtime path of "/home/pavithra/ros2_ws/install/abaja_interfaces/lib/libabaja_interfaces__rosidl_generator_c.so" to ""
[7.378s] -- Installing: /home/pavithra/ros2_ws/install/abaja_interfaces/lib/libabaja_interfaces__rosidl_typesupport_fastrtps_c.so
[7.378s] -- Set non-toolchain portion of runtime path of "/home/pavithra/ros2_ws/install/abaja_interfaces/lib/libabaja_interfaces__rosidl_typesupport_fastrtps_c.so" to ""
[7.378s] -- Installing: /home/pavithra/ros2_ws/install/abaja_interfaces/lib/libabaja_interfaces__rosidl_typesupport_introspection_c.so
[7.378s] -- Set non-toolchain portion of runtime path of "/home/pavithra/ros2_ws/install/abaja_interfaces/lib/libabaja_interfaces__rosidl_typesupport_introspection_c.so" to ""
[7.379s] -- Installing: /home/pavithra/ros2_ws/install/abaja_interfaces/lib/libabaja_interfaces__rosidl_typesupport_c.so
[7.379s] -- Set non-toolchain portion of runtime path of "/home/pavithra/ros2_ws/install/abaja_interfaces/lib/libabaja_interfaces__rosidl_typesupport_c.so" to ""
[7.379s] -- Installing: /home/pavithra/ros2_ws/install/abaja_interfaces/lib/libabaja_interfaces__rosidl_typesupport_fastrtps_cpp.so
[7.379s] -- Set non-toolchain portion of runtime path of "/home/pavithra/ros2_ws/install/abaja_interfaces/lib/libabaja_interfaces__rosidl_typesupport_fastrtps_cpp.so" to ""
[7.379s] -- Installing: /home/pavithra/ros2_ws/install/abaja_interfaces/lib/libabaja_interfaces__rosidl_typesupport_introspection_cpp.so
[7.379s] -- Set non-toolchain portion of runtime path of "/home/pavithra/ros2_ws/install/abaja_interfaces/lib/libabaja_interfaces__rosidl_typesupport_introspection_cpp.so" to ""
[7.379s] -- Installing: /home/pavithra/ros2_ws/install/abaja_interfaces/lib/libabaja_interfaces__rosidl_typesupport_cpp.so
[7.379s] -- Set non-toolchain portion of runtime path of "/home/pavithra/ros2_ws/install/abaja_interfaces/lib/libabaja_interfaces__rosidl_typesupport_cpp.so" to ""
[7.417s] Listing '/home/pavithra/ros2_ws/install/abaja_interfaces/lib/python3.12/site-packages/abaja_interfaces'...
[7.418s] Compiling '/home/pavithra/ros2_ws/install/abaja_interfaces/lib/python3.12/site-packages/abaja_interfaces/__init__.py'...
[7.418s] Listing '/home/pavithra/ros2_ws/install/abaja_interfaces/lib/python3.12/site-packages/abaja_interfaces/msg'...
[7.418s] Compiling '/home/pavithra/ros2_ws/install/abaja_interfaces/lib/python3.12/site-packages/abaja_interfaces/msg/__init__.py'...
[7.418s] Compiling '/home/pavithra/ros2_ws/install/abaja_interfaces/lib/python3.12/site-packages/abaja_interfaces/msg/_control_cmd.py'...
[7.418s] Compiling '/home/pavithra/ros2_ws/install/abaja_interfaces/lib/python3.12/site-packages/abaja_interfaces/msg/_vehicle_state.py'...
[7.424s] -- Installing: /home/pavithra/ros2_ws/install/abaja_interfaces/lib/libabaja_interfaces__rosidl_generator_py.so
[7.425s] -- Set non-toolchain portion of runtime path of "/home/pavithra/ros2_ws/install/abaja_interfaces/lib/libabaja_interfaces__rosidl_generator_py.so" to ""
[7.425s] -- Installing: /home/pavithra/ros2_ws/install/abaja_interfaces/share/abaja_interfaces/cmake/export_abaja_interfaces__rosidl_generator_cExport.cmake
[7.425s] -- Installing: /home/pavithra/ros2_ws/install/abaja_interfaces/share/abaja_interfaces/cmake/export_abaja_interfaces__rosidl_generator_cExport-noconfig.cmake
[7.426s] -- Installing: /home/pavithra/ros2_ws/install/abaja_interfaces/share/abaja_interfaces/cmake/export_abaja_interfaces__rosidl_typesupport_fastrtps_cExport.cmake
[7.426s] -- Installing: /home/pavithra/ros2_ws/install/abaja_interfaces/share/abaja_interfaces/cmake/export_abaja_interfaces__rosidl_typesupport_fastrtps_cExport-noconfig.cmake
[7.426s] -- Installing: /home/pavithra/ros2_ws/install/abaja_interfaces/share/abaja_interfaces/cmake/abaja_interfaces__rosidl_typesupport_introspection_cExport.cmake
[7.426s] -- Installing: /home/pavithra/ros2_ws/install/abaja_interfaces/share/abaja_interfaces/cmake/abaja_interfaces__rosidl_typesupport_introspection_cExport-noconfig.cmake
[7.426s] -- Installing: /home/pavithra/ros2_ws/install/abaja_interfaces/share/abaja_interfaces/cmake/abaja_interfaces__rosidl_typesupport_cExport.cmake
[7.426s] -- Installing: /home/pavithra/ros2_ws/install/abaja_interfaces/share/abaja_interfaces/cmake/abaja_interfaces__rosidl_typesupport_cExport-noconfig.cmake
[7.426s] -- Installing: /home/pavithra/ros2_ws/install/abaja_interfaces/share/abaja_interfaces/cmake/export_abaja_interfaces__rosidl_generator_cppExport.cmake
[7.427s] -- Installing: /home/pavithra/ros2_ws/install/abaja_interfaces/share/abaja_interfaces/cmake/export_abaja_interfaces__rosidl_typesupport_fastrtps_cppExport.cmake
[7.427s] -- Installing: /home/pavithra/ros2_ws/install/abaja_interfaces/share/abaja_interfaces/cmake/export_abaja_interfaces__rosidl_typesupport_fastrtps_cppExport-noconfig.cmake
[7.427s] -- Installing: /home/pavithra/ros2_ws/install/abaja_interfaces/share/abaja_interfaces/cmake/abaja_interfaces__rosidl_typesupport_introspection_cppExport.cmake
[7.427s] -- Installing: /home/pavithra/ros2_ws/install/abaja_interfaces/share/abaja_interfaces/cmake/abaja_interfaces__rosidl_typesupport_introspection_cppExport-noconfig.cmake
[7.427s] -- Installing: /home/pavithra/ros2_ws/install/abaja_interfaces/share/abaja_interfaces/cmake/abaja_interfaces__rosidl_typesupport_cppExport.cmake
[7.427s] -- Installing: /home/pavithra/ros2_ws/install/abaja_interfaces/share/abaja_interfaces/cmake/abaja_interfaces__rosidl_typesupport_cppExport-noconfig.cmake
[7.428s] -- Installing: /home/pavithra/ros2_ws/install/abaja_interfaces/share/abaja_interfaces/cmake/export_abaja_interfaces__rosidl_generator_pyExport.cmake
[7.428s] -- Installing: /home/pavithra/ros2_ws/install/abaja_interfaces/share/abaja_interfaces/cmake/export_abaja_interfaces__rosidl_generator_pyExport-noconfig.cmake
[7.432s] Invoked command in '/home/pavithra/ros2_ws/build/abaja_interfaces' returned '0': CMAKE_PREFIX_PATH=${CMAKE_PREFIX_PATH}:/opt/ros/jazzy DEBUGINFOD_URLS=https://debuginfod.ubuntu.com /usr/bin/cmake --install /home/pavithra/ros2_ws/build/abaja_interfaces
