[2.403s] Invoking command in '/home/pavithra/Intelligence_ABAJA-26/ros2_ws/build/abaja_dbw': AMENT_PREFIX_PATH=/home/pavithra/Intelligence_ABAJA-26/ros2_ws/install/abaja_interfaces:${AMENT_PREFIX_PATH} CMAKE_PREFIX_PATH=/home/pavithra/Intelligence_ABAJA-26/ros2_ws/install/abaja_interfaces:${CMAKE_PREFIX_PATH} DEBUGINFOD_URLS=https://debuginfod.ubuntu.com LD_LIBRARY_PATH=/home/pavithra/Intelligence_ABAJA-26/ros2_ws/install/abaja_interfaces/lib:${LD_LIBRARY_PATH} PYTHONPATH=/home/pavithra/Intelligence_ABAJA-26/ros2_ws/build/abaja_dbw/prefix_override:/usr/lib/python3/dist-packages/colcon_core/task/python/colcon_distutils_commands:/home/pavithra/Intelligence_ABAJA-26/ros2_ws/install/abaja_dbw/lib/python3.12/site-packages:/home/pavithra/Intelligence_ABAJA-26/ros2_ws/install/abaja_interfaces/lib/python3.12/site-packages:${PYTHONPATH} /usr/bin/python3 -W ignore:setup.py install is deprecated -W ignore:easy_install command is deprecated setup.py develop --editable --build-directory /home/pavithra/Intelligence_ABAJA-26/ros2_ws/build/abaja_dbw/build --no-deps symlink_data
[2.897s] running develop
[3.172s] running egg_info
[3.202s] writing abaja_dbw.egg-info/PKG-INFO
[3.203s] writing dependency_links to abaja_dbw.egg-info/dependency_links.txt
[3.204s] writing entry points to abaja_dbw.egg-info/entry_points.txt
[3.204s] writing requirements to abaja_dbw.egg-info/requires.txt
[3.204s] writing top-level names to abaja_dbw.egg-info/top_level.txt
[3.265s] reading manifest file 'abaja_dbw.egg-info/SOURCES.txt'
[3.266s] writing manifest file 'abaja_dbw.egg-info/SOURCES.txt'
[3.288s] running build_ext
[3.289s] Creating /home/pavithra/Intelligence_ABAJA-26/ros2_ws/install/abaja_dbw/lib/python3.12/site-packages/abaja-dbw.egg-link (link to .)
[3.290s] Installing brake_by_wire_node script to /home/pavithra/Intelligence_ABAJA-26/ros2_ws/install/abaja_dbw/lib/abaja_dbw
[3.290s] Installing cmd_vel_to_dbw_node script to /home/pavithra/Intelligence_ABAJA-26/ros2_ws/install/abaja_dbw/lib/abaja_dbw
[3.290s] Installing dbw_manager_node script to /home/pavithra/Intelligence_ABAJA-26/ros2_ws/install/abaja_dbw/lib/abaja_dbw
[3.292s] Installing dbw_to_cmd_vel_node script to /home/pavithra/Intelligence_ABAJA-26/ros2_ws/install/abaja_dbw/lib/abaja_dbw
[3.292s] Installing steer_by_wire_node script to /home/pavithra/Intelligence_ABAJA-26/ros2_ws/install/abaja_dbw/lib/abaja_dbw
[3.292s] Installing throttle_by_wire_node script to /home/pavithra/Intelligence_ABAJA-26/ros2_ws/install/abaja_dbw/lib/abaja_dbw
[3.292s] 
[3.292s] Installed /home/pavithra/Intelligence_ABAJA-26/ros2_ws/build/abaja_dbw
[3.292s] running symlink_data
[3.354s] Invoked command in '/home/pavithra/Intelligence_ABAJA-26/ros2_ws/build/abaja_dbw' returned '0': AMENT_PREFIX_PATH=/home/pavithra/Intelligence_ABAJA-26/ros2_ws/install/abaja_interfaces:${AMENT_PREFIX_PATH} CMAKE_PREFIX_PATH=/home/pavithra/Intelligence_ABAJA-26/ros2_ws/install/abaja_interfaces:${CMAKE_PREFIX_PATH} DEBUGINFOD_URLS=https://debuginfod.ubuntu.com LD_LIBRARY_PATH=/home/pavithra/Intelligence_ABAJA-26/ros2_ws/install/abaja_interfaces/lib:${LD_LIBRARY_PATH} PYTHONPATH=/home/pavithra/Intelligence_ABAJA-26/ros2_ws/build/abaja_dbw/prefix_override:/usr/lib/python3/dist-packages/colcon_core/task/python/colcon_distutils_commands:/home/pavithra/Intelligence_ABAJA-26/ros2_ws/install/abaja_dbw/lib/python3.12/site-packages:/home/pavithra/Intelligence_ABAJA-26/ros2_ws/install/abaja_interfaces/lib/python3.12/site-packages:${PYTHONPATH} /usr/bin/python3 -W ignore:setup.py install is deprecated -W ignore:easy_install command is deprecated setup.py develop --editable --build-directory /home/pavithra/Intelligence_ABAJA-26/ros2_ws/build/abaja_dbw/build --no-deps symlink_data
