running develop
running egg_info
creating abaja_logging.egg-info
writing abaja_logging.egg-info/PKG-INFO
writing dependency_links to abaja_logging.egg-info/dependency_links.txt
writing entry points to abaja_logging.egg-info/entry_points.txt
writing requirements to abaja_logging.egg-info/requires.txt
writing top-level names to abaja_logging.egg-info/top_level.txt
writing manifest file 'abaja_logging.egg-info/SOURCES.txt'
reading manifest file 'abaja_logging.egg-info/SOURCES.txt'
writing manifest file 'abaja_logging.egg-info/SOURCES.txt'
running build_ext
Creating /home/pavithra/ros2_ws/install/abaja_logging/lib/python3.12/site-packages/abaja-logging.egg-link (link to .)
Installing data_logger_node script to /home/pavithra/ros2_ws/install/abaja_logging/lib/abaja_logging

Installed /home/pavithra/ros2_ws/build/abaja_logging
running symlink_data
creating /home/pavithra/ros2_ws/install/abaja_logging/share/ament_index
creating /home/pavithra/ros2_ws/install/abaja_logging/share/ament_index/resource_index
creating /home/pavithra/ros2_ws/install/abaja_logging/share/ament_index/resource_index/packages
symbolically linking /home/pavithra/ros2_ws/build/abaja_logging/resource/abaja_logging -> /home/pavithra/ros2_ws/install/abaja_logging/share/ament_index/resource_index/packages
symbolically linking /home/pavithra/ros2_ws/build/abaja_logging/package.xml -> /home/pavithra/ros2_ws/install/abaja_logging/share/abaja_logging
