[1.985s] Invoking command in '/home/pavithra/ros2_ws/build/abaja_logging': DEBUGINFOD_URLS=https://debuginfod.ubuntu.com PYTHONPATH=/home/pavithra/ros2_ws/build/abaja_logging/prefix_override:/usr/lib/python3/dist-packages/colcon_core/task/python/colcon_distutils_commands:/home/pavithra/ros2_ws/install/abaja_logging/lib/python3.12/site-packages:${PYTHONPATH} /usr/bin/python3 -W ignore:setup.py install is deprecated -W ignore:easy_install command is deprecated setup.py develop --editable --build-directory /home/pavithra/ros2_ws/build/abaja_logging/build --no-deps symlink_data
[2.633s] running develop
[2.971s] running egg_info
[2.971s] creating abaja_logging.egg-info
[3.001s] writing abaja_logging.egg-info/PKG-INFO
[3.001s] writing dependency_links to abaja_logging.egg-info/dependency_links.txt
[3.001s] writing entry points to abaja_logging.egg-info/entry_points.txt
[3.002s] writing requirements to abaja_logging.egg-info/requires.txt
[3.002s] writing top-level names to abaja_logging.egg-info/top_level.txt
[3.002s] writing manifest file 'abaja_logging.egg-info/SOURCES.txt'
[3.063s] reading manifest file 'abaja_logging.egg-info/SOURCES.txt'
[3.064s] writing manifest file 'abaja_logging.egg-info/SOURCES.txt'
[3.096s] running build_ext
[3.097s] Creating /home/pavithra/ros2_ws/install/abaja_logging/lib/python3.12/site-packages/abaja-logging.egg-link (link to .)
[3.097s] Installing data_logger_node script to /home/pavithra/ros2_ws/install/abaja_logging/lib/abaja_logging
[3.098s] 
[3.098s] Installed /home/pavithra/ros2_ws/build/abaja_logging
[3.098s] running symlink_data
[3.098s] creating /home/pavithra/ros2_ws/install/abaja_logging/share/ament_index
[3.098s] creating /home/pavithra/ros2_ws/install/abaja_logging/share/ament_index/resource_index
[3.098s] creating /home/pavithra/ros2_ws/install/abaja_logging/share/ament_index/resource_index/packages
[3.099s] symbolically linking /home/pavithra/ros2_ws/build/abaja_logging/resource/abaja_logging -> /home/pavithra/ros2_ws/install/abaja_logging/share/ament_index/resource_index/packages
[3.099s] symbolically linking /home/pavithra/ros2_ws/build/abaja_logging/package.xml -> /home/pavithra/ros2_ws/install/abaja_logging/share/abaja_logging
[3.148s] Invoked command in '/home/pavithra/ros2_ws/build/abaja_logging' returned '0': DEBUGINFOD_URLS=https://debuginfod.ubuntu.com PYTHONPATH=/home/pavithra/ros2_ws/build/abaja_logging/prefix_override:/usr/lib/python3/dist-packages/colcon_core/task/python/colcon_distutils_commands:/home/pavithra/ros2_ws/install/abaja_logging/lib/python3.12/site-packages:${PYTHONPATH} /usr/bin/python3 -W ignore:setup.py install is deprecated -W ignore:easy_install command is deprecated setup.py develop --editable --build-directory /home/pavithra/ros2_ws/build/abaja_logging/build --no-deps symlink_data
