[2.163s] Invoking command in '/home/pavithra/ros2_ws/build/abaja_perception': AMENT_PREFIX_PATH=/home/pavithra/ros2_ws/install/abaja_interfaces:${AMENT_PREFIX_PATH} CMAKE_PREFIX_PATH=/home/pavithra/ros2_ws/install/abaja_interfaces:${CMAKE_PREFIX_PATH} DEBUGINFOD_URLS=https://debuginfod.ubuntu.com LD_LIBRARY_PATH=/home/pavithra/ros2_ws/install/abaja_interfaces/lib:${LD_LIBRARY_PATH} PYTHONPATH=/home/pavithra/ros2_ws/build/abaja_perception/prefix_override:/usr/lib/python3/dist-packages/colcon_core/task/python/colcon_distutils_commands:/home/pavithra/ros2_ws/install/abaja_perception/lib/python3.12/site-packages:/home/pavithra/ros2_ws/install/abaja_interfaces/lib/python3.12/site-packages:${PYTHONPATH} /usr/bin/python3 -W ignore:setup.py install is deprecated -W ignore:easy_install command is deprecated setup.py develop --editable --build-directory /home/pavithra/ros2_ws/build/abaja_perception/build --no-deps symlink_data
[2.567s] running develop
[2.782s] running egg_info
[2.805s] writing abaja_perception.egg-info/PKG-INFO
[2.805s] writing dependency_links to abaja_perception.egg-info/dependency_links.txt
[2.806s] writing entry points to abaja_perception.egg-info/entry_points.txt
[2.806s] writing requirements to abaja_perception.egg-info/requires.txt
[2.806s] writing top-level names to abaja_perception.egg-info/top_level.txt
[2.845s] reading manifest file 'abaja_perception.egg-info/SOURCES.txt'
[2.846s] writing manifest file 'abaja_perception.egg-info/SOURCES.txt'
[2.867s] running build_ext
[2.871s] Creating /home/pavithra/ros2_ws/install/abaja_perception/lib/python3.12/site-packages/abaja-perception.egg-link (link to .)
[2.871s] Installing camera_node script to /home/pavithra/ros2_ws/install/abaja_perception/lib/abaja_perception
[2.872s] Installing detection_display_node script to /home/pavithra/ros2_ws/install/abaja_perception/lib/abaja_perception
[2.872s] Installing detection_recorder_node script to /home/pavithra/ros2_ws/install/abaja_perception/lib/abaja_perception
[2.872s] Installing object_detection_node script to /home/pavithra/ros2_ws/install/abaja_perception/lib/abaja_perception
[2.873s] 
[2.873s] Installed /home/pavithra/ros2_ws/build/abaja_perception
[2.873s] running symlink_data
[2.926s] Invoked command in '/home/pavithra/ros2_ws/build/abaja_perception' returned '0': AMENT_PREFIX_PATH=/home/pavithra/ros2_ws/install/abaja_interfaces:${AMENT_PREFIX_PATH} CMAKE_PREFIX_PATH=/home/pavithra/ros2_ws/install/abaja_interfaces:${CMAKE_PREFIX_PATH} DEBUGINFOD_URLS=https://debuginfod.ubuntu.com LD_LIBRARY_PATH=/home/pavithra/ros2_ws/install/abaja_interfaces/lib:${LD_LIBRARY_PATH} PYTHONPATH=/home/pavithra/ros2_ws/build/abaja_perception/prefix_override:/usr/lib/python3/dist-packages/colcon_core/task/python/colcon_distutils_commands:/home/pavithra/ros2_ws/install/abaja_perception/lib/python3.12/site-packages:/home/pavithra/ros2_ws/install/abaja_interfaces/lib/python3.12/site-packages:${PYTHONPATH} /usr/bin/python3 -W ignore:setup.py install is deprecated -W ignore:easy_install command is deprecated setup.py develop --editable --build-directory /home/pavithra/ros2_ws/build/abaja_perception/build --no-deps symlink_data
