running develop
Removing /home/pavithra/Intelligence_ABAJA-26/ros2_ws/install/abaja_dbw/lib/python3.12/site-packages/abaja-dbw.egg-link (link to .)
running egg_info
writing ../../build/abaja_dbw/abaja_dbw.egg-info/PKG-INFO
writing dependency_links to ../../build/abaja_dbw/abaja_dbw.egg-info/dependency_links.txt
writing entry points to ../../build/abaja_dbw/abaja_dbw.egg-info/entry_points.txt
writing requirements to ../../build/abaja_dbw/abaja_dbw.egg-info/requires.txt
writing top-level names to ../../build/abaja_dbw/abaja_dbw.egg-info/top_level.txt
reading manifest file '../../build/abaja_dbw/abaja_dbw.egg-info/SOURCES.txt'
writing manifest file '../../build/abaja_dbw/abaja_dbw.egg-info/SOURCES.txt'
running build
running build_py
creating /home/pavithra/Intelligence_ABAJA-26/ros2_ws/build/abaja_dbw/build
creating /home/pavithra/Intelligence_ABAJA-26/ros2_ws/build/abaja_dbw/build/lib
creating /home/pavithra/Intelligence_ABAJA-26/ros2_ws/build/abaja_dbw/build/lib/abaja_dbw
copying abaja_dbw/steer_by_wire_node.py -> /home/pavithra/Intelligence_ABAJA-26/ros2_ws/build/abaja_dbw/build/lib/abaja_dbw
copying abaja_dbw/cmd_vel_to_dbw_node.py -> /home/pavithra/Intelligence_ABAJA-26/ros2_ws/build/abaja_dbw/build/lib/abaja_dbw
copying abaja_dbw/dbw_manager_node.py -> /home/pavithra/Intelligence_ABAJA-26/ros2_ws/build/abaja_dbw/build/lib/abaja_dbw
copying abaja_dbw/brake_by_wire_node.py -> /home/pavithra/Intelligence_ABAJA-26/ros2_ws/build/abaja_dbw/build/lib/abaja_dbw
copying abaja_dbw/dbw_to_cmd_vel_node.py -> /home/pavithra/Intelligence_ABAJA-26/ros2_ws/build/abaja_dbw/build/lib/abaja_dbw
copying abaja_dbw/__init__.py -> /home/pavithra/Intelligence_ABAJA-26/ros2_ws/build/abaja_dbw/build/lib/abaja_dbw
copying abaja_dbw/throttle_by_wire_node.py -> /home/pavithra/Intelligence_ABAJA-26/ros2_ws/build/abaja_dbw/build/lib/abaja_dbw
running install
running install_lib
creating /home/pavithra/Intelligence_ABAJA-26/ros2_ws/install/abaja_dbw/lib/python3.12/site-packages/abaja_dbw
copying /home/pavithra/Intelligence_ABAJA-26/ros2_ws/build/abaja_dbw/build/lib/abaja_dbw/steer_by_wire_node.py -> /home/pavithra/Intelligence_ABAJA-26/ros2_ws/install/abaja_dbw/lib/python3.12/site-packages/abaja_dbw
copying /home/pavithra/Intelligence_ABAJA-26/ros2_ws/build/abaja_dbw/build/lib/abaja_dbw/cmd_vel_to_dbw_node.py -> /home/pavithra/Intelligence_ABAJA-26/ros2_ws/install/abaja_dbw/lib/python3.12/site-packages/abaja_dbw
copying /home/pavithra/Intelligence_ABAJA-26/ros2_ws/build/abaja_dbw/build/lib/abaja_dbw/dbw_manager_node.py -> /home/pavithra/Intelligence_ABAJA-26/ros2_ws/install/abaja_dbw/lib/python3.12/site-packages/abaja_dbw
copying /home/pavithra/Intelligence_ABAJA-26/ros2_ws/build/abaja_dbw/build/lib/abaja_dbw/brake_by_wire_node.py -> /home/pavithra/Intelligence_ABAJA-26/ros2_ws/install/abaja_dbw/lib/python3.12/site-packages/abaja_dbw
copying /home/pavithra/Intelligence_ABAJA-26/ros2_ws/build/abaja_dbw/build/lib/abaja_dbw/dbw_to_cmd_vel_node.py -> /home/pavithra/Intelligence_ABAJA-26/ros2_ws/install/abaja_dbw/lib/python3.12/site-packages/abaja_dbw
copying /home/pavithra/Intelligence_ABAJA-26/ros2_ws/build/abaja_dbw/build/lib/abaja_dbw/__init__.py -> /home/pavithra/Intelligence_ABAJA-26/ros2_ws/install/abaja_dbw/lib/python3.12/site-packages/abaja_dbw
copying /home/pavithra/Intelligence_ABAJA-26/ros2_ws/build/abaja_dbw/build/lib/abaja_dbw/throttle_by_wire_node.py -> /home/pavithra/Intelligence_ABAJA-26/ros2_ws/install/abaja_dbw/lib/python3.12/site-packages/abaja_dbw
byte-compiling /home/pavithra/Intelligence_ABAJA-26/ros2_ws/install/abaja_dbw/lib/python3.12/site-packages/abaja_dbw/steer_by_wire_node.py to steer_by_wire_node.cpython-312.pyc
byte-compiling /home/pavithra/Intelligence_ABAJA-26/ros2_ws/install/abaja_dbw/lib/python3.12/site-packages/abaja_dbw/cmd_vel_to_dbw_node.py to cmd_vel_to_dbw_node.cpython-312.pyc
byte-compiling /home/pavithra/Intelligence_ABAJA-26/ros2_ws/install/abaja_dbw/lib/python3.12/site-packages/abaja_dbw/dbw_manager_node.py to dbw_manager_node.cpython-312.pyc
byte-compiling /home/pavithra/Intelligence_ABAJA-26/ros2_ws/install/abaja_dbw/lib/python3.12/site-packages/abaja_dbw/brake_by_wire_node.py to brake_by_wire_node.cpython-312.pyc
byte-compiling /home/pavithra/Intelligence_ABAJA-26/ros2_ws/install/abaja_dbw/lib/python3.12/site-packages/abaja_dbw/dbw_to_cmd_vel_node.py to dbw_to_cmd_vel_node.cpython-312.pyc
byte-compiling /home/pavithra/Intelligence_ABAJA-26/ros2_ws/install/abaja_dbw/lib/python3.12/site-packages/abaja_dbw/__init__.py to __init__.cpython-312.pyc
byte-compiling /home/pavithra/Intelligence_ABAJA-26/ros2_ws/install/abaja_dbw/lib/python3.12/site-packages/abaja_dbw/throttle_by_wire_node.py to throttle_by_wire_node.cpython-312.pyc
running install_data
copying resource/abaja_dbw -> /home/pavithra/Intelligence_ABAJA-26/ros2_ws/install/abaja_dbw/share/ament_index/resource_index/packages
copying package.xml -> /home/pavithra/Intelligence_ABAJA-26/ros2_ws/install/abaja_dbw/share/abaja_dbw
running install_egg_info
Copying ../../build/abaja_dbw/abaja_dbw.egg-info to /home/pavithra/Intelligence_ABAJA-26/ros2_ws/install/abaja_dbw/lib/python3.12/site-packages/abaja_dbw-0.0.0-py3.12.egg-info
running install_scripts
Installing brake_by_wire_node script to /home/pavithra/Intelligence_ABAJA-26/ros2_ws/install/abaja_dbw/lib/abaja_dbw
Installing cmd_vel_to_dbw_node script to /home/pavithra/Intelligence_ABAJA-26/ros2_ws/install/abaja_dbw/lib/abaja_dbw
Installing dbw_manager_node script to /home/pavithra/Intelligence_ABAJA-26/ros2_ws/install/abaja_dbw/lib/abaja_dbw
Installing dbw_to_cmd_vel_node script to /home/pavithra/Intelligence_ABAJA-26/ros2_ws/install/abaja_dbw/lib/abaja_dbw
Installing steer_by_wire_node script to /home/pavithra/Intelligence_ABAJA-26/ros2_ws/install/abaja_dbw/lib/abaja_dbw
Installing throttle_by_wire_node script to /home/pavithra/Intelligence_ABAJA-26/ros2_ws/install/abaja_dbw/lib/abaja_dbw
writing list of installed files to '/home/pavithra/Intelligence_ABAJA-26/ros2_ws/build/abaja_dbw/install.log'
