running develop
Removing /home/pavithra/Intelligence_ABAJA-26/ros2_ws/install/abaja_safety/lib/python3.12/site-packages/abaja-safety.egg-link (link to .)
running egg_info
writing ../../build/abaja_safety/abaja_safety.egg-info/PKG-INFO
writing dependency_links to ../../build/abaja_safety/abaja_safety.egg-info/dependency_links.txt
writing entry points to ../../build/abaja_safety/abaja_safety.egg-info/entry_points.txt
writing requirements to ../../build/abaja_safety/abaja_safety.egg-info/requires.txt
writing top-level names to ../../build/abaja_safety/abaja_safety.egg-info/top_level.txt
reading manifest file '../../build/abaja_safety/abaja_safety.egg-info/SOURCES.txt'
writing manifest file '../../build/abaja_safety/abaja_safety.egg-info/SOURCES.txt'
running build
running build_py
creating /home/pavithra/Intelligence_ABAJA-26/ros2_ws/build/abaja_safety/build
creating /home/pavithra/Intelligence_ABAJA-26/ros2_ws/build/abaja_safety/build/lib
creating /home/pavithra/Intelligence_ABAJA-26/ros2_ws/build/abaja_safety/build/lib/abaja_safety
copying abaja_safety/safety_monitor_node.py -> /home/pavithra/Intelligence_ABAJA-26/ros2_ws/build/abaja_safety/build/lib/abaja_safety
copying abaja_safety/__init__.py -> /home/pavithra/Intelligence_ABAJA-26/ros2_ws/build/abaja_safety/build/lib/abaja_safety
running install
running install_lib
creating /home/pavithra/Intelligence_ABAJA-26/ros2_ws/install/abaja_safety/lib/python3.12/site-packages/abaja_safety
copying /home/pavithra/Intelligence_ABAJA-26/ros2_ws/build/abaja_safety/build/lib/abaja_safety/safety_monitor_node.py -> /home/pavithra/Intelligence_ABAJA-26/ros2_ws/install/abaja_safety/lib/python3.12/site-packages/abaja_safety
copying /home/pavithra/Intelligence_ABAJA-26/ros2_ws/build/abaja_safety/build/lib/abaja_safety/__init__.py -> /home/pavithra/Intelligence_ABAJA-26/ros2_ws/install/abaja_safety/lib/python3.12/site-packages/abaja_safety
byte-compiling /home/pavithra/Intelligence_ABAJA-26/ros2_ws/install/abaja_safety/lib/python3.12/site-packages/abaja_safety/safety_monitor_node.py to safety_monitor_node.cpython-312.pyc
byte-compiling /home/pavithra/Intelligence_ABAJA-26/ros2_ws/install/abaja_safety/lib/python3.12/site-packages/abaja_safety/__init__.py to __init__.cpython-312.pyc
running install_data
copying resource/abaja_safety -> /home/pavithra/Intelligence_ABAJA-26/ros2_ws/install/abaja_safety/share/ament_index/resource_index/packages
copying package.xml -> /home/pavithra/Intelligence_ABAJA-26/ros2_ws/install/abaja_safety/share/abaja_safety
running install_egg_info
Copying ../../build/abaja_safety/abaja_safety.egg-info to /home/pavithra/Intelligence_ABAJA-26/ros2_ws/install/abaja_safety/lib/python3.12/site-packages/abaja_safety-0.0.0-py3.12.egg-info
running install_scripts
Installing safety_monitor_node script to /home/pavithra/Intelligence_ABAJA-26/ros2_ws/install/abaja_safety/lib/abaja_safety
writing list of installed files to '/home/pavithra/Intelligence_ABAJA-26/ros2_ws/build/abaja_safety/install.log'
