[2.503s] Invoking command in '/home/pavithra/Intelligence_ABAJA-26/ros2_ws/build/abaja_safety': DEBUGINFOD_URLS=https://debuginfod.ubuntu.com PYTHONPATH=/home/pavithra/Intelligence_ABAJA-26/ros2_ws/build/abaja_safety/prefix_override:/usr/lib/python3/dist-packages/colcon_core/task/python/colcon_distutils_commands:/home/pavithra/Intelligence_ABAJA-26/ros2_ws/install/abaja_safety/lib/python3.12/site-packages:${PYTHONPATH} /usr/bin/python3 -W ignore:setup.py install is deprecated -W ignore:easy_install command is deprecated setup.py develop --uninstall --editable --build-directory /home/pavithra/Intelligence_ABAJA-26/ros2_ws/build/abaja_safety/build
[3.077s] running develop
[3.472s] Removing /home/pavithra/Intelligence_ABAJA-26/ros2_ws/install/abaja_safety/lib/python3.12/site-packages/abaja-safety.egg-link (link to .)
[3.550s] Invoked command in '/home/pavithra/Intelligence_ABAJA-26/ros2_ws/build/abaja_safety' returned '0': DEBUGINFOD_URLS=https://debuginfod.ubuntu.com PYTHONPATH=/home/pavithra/Intelligence_ABAJA-26/ros2_ws/build/abaja_safety/prefix_override:/usr/lib/python3/dist-packages/colcon_core/task/python/colcon_distutils_commands:/home/pavithra/Intelligence_ABAJA-26/ros2_ws/install/abaja_safety/lib/python3.12/site-packages:${PYTHONPATH} /usr/bin/python3 -W ignore:setup.py install is deprecated -W ignore:easy_install command is deprecated setup.py develop --uninstall --editable --build-directory /home/pavithra/Intelligence_ABAJA-26/ros2_ws/build/abaja_safety/build
[3.552s] Invoking command in '/home/pavithra/Intelligence_ABAJA-26/ros2_ws/src/abaja_safety': DEBUGINFOD_URLS=https://debuginfod.ubuntu.com PYTHONPATH=/home/pavithra/Intelligence_ABAJA-26/ros2_ws/build/abaja_safety/prefix_override:/usr/lib/python3/dist-packages/colcon_core/task/python/colcon_distutils_commands:/home/pavithra/Intelligence_ABAJA-26/ros2_ws/install/abaja_safety/lib/python3.12/site-packages:${PYTHONPATH} /usr/bin/python3 -W ignore:setup.py install is deprecated -W ignore:easy_install command is deprecated setup.py egg_info --egg-base ../../build/abaja_safety build --build-base /home/pavithra/Intelligence_ABAJA-26/ros2_ws/build/abaja_safety/build install --record /home/pavithra/Intelligence_ABAJA-26/ros2_ws/build/abaja_safety/install.log --install-scripts $base/lib/abaja_safety --single-version-externally-managed install_data --force
[4.064s] running egg_info
[4.103s] writing ../../build/abaja_safety/abaja_safety.egg-info/PKG-INFO
[4.103s] writing dependency_links to ../../build/abaja_safety/abaja_safety.egg-info/dependency_links.txt
[4.103s] writing entry points to ../../build/abaja_safety/abaja_safety.egg-info/entry_points.txt
[4.104s] writing requirements to ../../build/abaja_safety/abaja_safety.egg-info/requires.txt
[4.104s] writing top-level names to ../../build/abaja_safety/abaja_safety.egg-info/top_level.txt
[4.179s] reading manifest file '../../build/abaja_safety/abaja_safety.egg-info/SOURCES.txt'
[4.181s] writing manifest file '../../build/abaja_safety/abaja_safety.egg-info/SOURCES.txt'
[4.181s] running build
[4.181s] running build_py
[4.182s] creating /home/pavithra/Intelligence_ABAJA-26/ros2_ws/build/abaja_safety/build
[4.182s] creating /home/pavithra/Intelligence_ABAJA-26/ros2_ws/build/abaja_safety/build/lib
[4.182s] creating /home/pavithra/Intelligence_ABAJA-26/ros2_ws/build/abaja_safety/build/lib/abaja_safety
[4.182s] copying abaja_safety/safety_monitor_node.py -> /home/pavithra/Intelligence_ABAJA-26/ros2_ws/build/abaja_safety/build/lib/abaja_safety
[4.182s] copying abaja_safety/__init__.py -> /home/pavithra/Intelligence_ABAJA-26/ros2_ws/build/abaja_safety/build/lib/abaja_safety
[4.183s] running install
[4.193s] running install_lib
[4.231s] creating /home/pavithra/Intelligence_ABAJA-26/ros2_ws/install/abaja_safety/lib/python3.12/site-packages/abaja_safety
[4.231s] copying /home/pavithra/Intelligence_ABAJA-26/ros2_ws/build/abaja_safety/build/lib/abaja_safety/safety_monitor_node.py -> /home/pavithra/Intelligence_ABAJA-26/ros2_ws/install/abaja_safety/lib/python3.12/site-packages/abaja_safety
[4.232s] copying /home/pavithra/Intelligence_ABAJA-26/ros2_ws/build/abaja_safety/build/lib/abaja_safety/__init__.py -> /home/pavithra/Intelligence_ABAJA-26/ros2_ws/install/abaja_safety/lib/python3.12/site-packages/abaja_safety
[4.233s] byte-compiling /home/pavithra/Intelligence_ABAJA-26/ros2_ws/install/abaja_safety/lib/python3.12/site-packages/abaja_safety/safety_monitor_node.py to safety_monitor_node.cpython-312.pyc
[4.233s] byte-compiling /home/pavithra/Intelligence_ABAJA-26/ros2_ws/install/abaja_safety/lib/python3.12/site-packages/abaja_safety/__init__.py to __init__.cpython-312.pyc
[4.234s] running install_data
[4.234s] copying resource/abaja_safety -> /home/pavithra/Intelligence_ABAJA-26/ros2_ws/install/abaja_safety/share/ament_index/resource_index/packages
[4.234s] copying package.xml -> /home/pavithra/Intelligence_ABAJA-26/ros2_ws/install/abaja_safety/share/abaja_safety
[4.234s] running install_egg_info
[4.275s] Copying ../../build/abaja_safety/abaja_safety.egg-info to /home/pavithra/Intelligence_ABAJA-26/ros2_ws/install/abaja_safety/lib/python3.12/site-packages/abaja_safety-0.0.0-py3.12.egg-info
[4.277s] running install_scripts
[4.508s] Installing safety_monitor_node script to /home/pavithra/Intelligence_ABAJA-26/ros2_ws/install/abaja_safety/lib/abaja_safety
[4.508s] writing list of installed files to '/home/pavithra/Intelligence_ABAJA-26/ros2_ws/build/abaja_safety/install.log'
[4.598s] Invoked command in '/home/pavithra/Intelligence_ABAJA-26/ros2_ws/src/abaja_safety' returned '0': DEBUGINFOD_URLS=https://debuginfod.ubuntu.com PYTHONPATH=/home/pavithra/Intelligence_ABAJA-26/ros2_ws/build/abaja_safety/prefix_override:/usr/lib/python3/dist-packages/colcon_core/task/python/colcon_distutils_commands:/home/pavithra/Intelligence_ABAJA-26/ros2_ws/install/abaja_safety/lib/python3.12/site-packages:${PYTHONPATH} /usr/bin/python3 -W ignore:setup.py install is deprecated -W ignore:easy_install command is deprecated setup.py egg_info --egg-base ../../build/abaja_safety build --build-base /home/pavithra/Intelligence_ABAJA-26/ros2_ws/build/abaja_safety/build install --record /home/pavithra/Intelligence_ABAJA-26/ros2_ws/build/abaja_safety/install.log --install-scripts $base/lib/abaja_safety --single-version-externally-managed install_data --force
