-- Install configuration: ""
-- Up-to-date: /home/pavithra/ros2_ws/install/abaja_description/share/abaja_description/urdf
-- Installing: /home/pavithra/ros2_ws/install/abaja_description/share/abaja_description/urdf/chassis.xacro
-- Up-to-date: /home/pavithra/ros2_ws/install/abaja_description/share/abaja_description/urdf/materials.xacro
-- Installing: /home/pavithra/ros2_ws/install/abaja_description/share/abaja_description/urdf/abaja_buggy.urdf.xacro
-- Up-to-date: /home/pavithra/ros2_ws/install/abaja_description/share/abaja_description/urdf/wheels.xacro
-- Up-to-date: /home/pavithra/ros2_ws/install/abaja_description/share/abaja_description/urdf/sensors.xacro
-- Up-to-date: /home/pavithra/ros2_ws/install/abaja_description/share/abaja_description/launch
-- Installing: /home/pavithra/ros2_ws/install/abaja_description/share/abaja_description/launch/gazebo.launch.py
-- Installing: /home/pavithra/ros2_ws/install/abaja_description/share/abaja_description/launch/display.launch.py
-- Up-to-date: /home/pavithra/ros2_ws/install/abaja_description/share/abaja_description/rviz
-- Up-to-date: /home/pavithra/ros2_ws/install/abaja_description/share/abaja_description/rviz/abaja_display.rviz
-- Up-to-date: /home/pavithra/ros2_ws/install/abaja_description/share/abaja_description/meshes
-- Up-to-date: /home/pavithra/ros2_ws/install/abaja_description/share/abaja_description/meshes/README.md
-- Up-to-date: /home/pavithra/ros2_ws/install/abaja_description/share/ament_index/resource_index/package_run_dependencies/abaja_description
-- Up-to-date: /home/pavithra/ros2_ws/install/abaja_description/share/ament_index/resource_index/parent_prefix_path/abaja_description
-- Up-to-date: /home/pavithra/ros2_ws/install/abaja_description/share/abaja_description/environment/ament_prefix_path.sh
-- Up-to-date: /home/pavithra/ros2_ws/install/abaja_description/share/abaja_description/environment/ament_prefix_path.dsv
-- Up-to-date: /home/pavithra/ros2_ws/install/abaja_description/share/abaja_description/environment/path.sh
-- Up-to-date: /home/pavithra/ros2_ws/install/abaja_description/share/abaja_description/environment/path.dsv
-- Up-to-date: /home/pavithra/ros2_ws/install/abaja_description/share/abaja_description/local_setup.bash
-- Up-to-date: /home/pavithra/ros2_ws/install/abaja_description/share/abaja_description/local_setup.sh
-- Up-to-date: /home/pavithra/ros2_ws/install/abaja_description/share/abaja_description/local_setup.zsh
-- Up-to-date: /home/pavithra/ros2_ws/install/abaja_description/share/abaja_description/local_setup.dsv
-- Installing: /home/pavithra/ros2_ws/install/abaja_description/share/abaja_description/package.dsv
-- Up-to-date: /home/pavithra/ros2_ws/install/abaja_description/share/ament_index/resource_index/packages/abaja_description
-- Up-to-date: /home/pavithra/ros2_ws/install/abaja_description/share/abaja_description/cmake/abaja_descriptionConfig.cmake
-- Up-to-date: /home/pavithra/ros2_ws/install/abaja_description/share/abaja_description/cmake/abaja_descriptionConfig-version.cmake
-- Up-to-date: /home/pavithra/ros2_ws/install/abaja_description/share/abaja_description/package.xml
