[0.012s] Invoking command in '/home/pavithra/ros2_ws/build/abaja_description': CMAKE_PREFIX_PATH=${CMAKE_PREFIX_PATH}:/home/pavithra/ros2_ws/install/abaja_bringup:/home/pavithra/ros2_ws/install/abaja_teleop:/opt/ros/jazzy DEBUGINFOD_URLS=https://debuginfod.ubuntu.com /usr/bin/cmake --build /home/pavithra/ros2_ws/build/abaja_description -- -j12 -l12
[0.162s] Invoked command in '/home/pavithra/ros2_ws/build/abaja_description' returned '0': CMAKE_PREFIX_PATH=${CMAKE_PREFIX_PATH}:/home/pavithra/ros2_ws/install/abaja_bringup:/home/pavithra/ros2_ws/install/abaja_teleop:/opt/ros/jazzy DEBUGINFOD_URLS=https://debuginfod.ubuntu.com /usr/bin/cmake --build /home/pavithra/ros2_ws/build/abaja_description -- -j12 -l12
[0.173s] Invoking command in '/home/pavithra/ros2_ws/build/abaja_description': CMAKE_PREFIX_PATH=${CMAKE_PREFIX_PATH}:/home/pavithra/ros2_ws/install/abaja_bringup:/home/pavithra/ros2_ws/install/abaja_teleop:/opt/ros/jazzy DEBUGINFOD_URLS=https://debuginfod.ubuntu.com /usr/bin/cmake --install /home/pavithra/ros2_ws/build/abaja_description
[0.180s] -- Install configuration: ""
[0.180s] -- Up-to-date: /home/pavithra/ros2_ws/install/abaja_description/share/abaja_description/urdf
[0.181s] -- Installing: /home/pavithra/ros2_ws/install/abaja_description/share/abaja_description/urdf/chassis.xacro
[0.181s] -- Up-to-date: /home/pavithra/ros2_ws/install/abaja_description/share/abaja_description/urdf/materials.xacro
[0.181s] -- Installing: /home/pavithra/ros2_ws/install/abaja_description/share/abaja_description/urdf/abaja_buggy.urdf.xacro
[0.181s] -- Up-to-date: /home/pavithra/ros2_ws/install/abaja_description/share/abaja_description/urdf/wheels.xacro
[0.181s] -- Up-to-date: /home/pavithra/ros2_ws/install/abaja_description/share/abaja_description/urdf/sensors.xacro
[0.181s] -- Up-to-date: /home/pavithra/ros2_ws/install/abaja_description/share/abaja_description/launch
[0.181s] -- Installing: /home/pavithra/ros2_ws/install/abaja_description/share/abaja_description/launch/gazebo.launch.py
[0.181s] -- Installing: /home/pavithra/ros2_ws/install/abaja_description/share/abaja_description/launch/display.launch.py
[0.182s] -- Up-to-date: /home/pavithra/ros2_ws/install/abaja_description/share/abaja_description/rviz
[0.182s] -- Up-to-date: /home/pavithra/ros2_ws/install/abaja_description/share/abaja_description/rviz/abaja_display.rviz
[0.182s] -- Up-to-date: /home/pavithra/ros2_ws/install/abaja_description/share/abaja_description/meshes
[0.182s] -- Up-to-date: /home/pavithra/ros2_ws/install/abaja_description/share/abaja_description/meshes/README.md
[0.182s] -- Up-to-date: /home/pavithra/ros2_ws/install/abaja_description/share/ament_index/resource_index/package_run_dependencies/abaja_description
[0.182s] -- Up-to-date: /home/pavithra/ros2_ws/install/abaja_description/share/ament_index/resource_index/parent_prefix_path/abaja_description
[0.182s] -- Up-to-date: /home/pavithra/ros2_ws/install/abaja_description/share/abaja_description/environment/ament_prefix_path.sh
[0.182s] -- Up-to-date: /home/pavithra/ros2_ws/install/abaja_description/share/abaja_description/environment/ament_prefix_path.dsv
[0.182s] -- Up-to-date: /home/pavithra/ros2_ws/install/abaja_description/share/abaja_description/environment/path.sh
[0.183s] -- Up-to-date: /home/pavithra/ros2_ws/install/abaja_description/share/abaja_description/environment/path.dsv
[0.183s] -- Up-to-date: /home/pavithra/ros2_ws/install/abaja_description/share/abaja_description/local_setup.bash
[0.183s] -- Up-to-date: /home/pavithra/ros2_ws/install/abaja_description/share/abaja_description/local_setup.sh
[0.183s] -- Up-to-date: /home/pavithra/ros2_ws/install/abaja_description/share/abaja_description/local_setup.zsh
[0.183s] -- Up-to-date: /home/pavithra/ros2_ws/install/abaja_description/share/abaja_description/local_setup.dsv
[0.183s] -- Installing: /home/pavithra/ros2_ws/install/abaja_description/share/abaja_description/package.dsv
[0.183s] -- Up-to-date: /home/pavithra/ros2_ws/install/abaja_description/share/ament_index/resource_index/packages/abaja_description
[0.183s] -- Up-to-date: /home/pavithra/ros2_ws/install/abaja_description/share/abaja_description/cmake/abaja_descriptionConfig.cmake
[0.184s] -- Up-to-date: /home/pavithra/ros2_ws/install/abaja_description/share/abaja_description/cmake/abaja_descriptionConfig-version.cmake
[0.184s] -- Up-to-date: /home/pavithra/ros2_ws/install/abaja_description/share/abaja_description/package.xml
[0.185s] Invoked command in '/home/pavithra/ros2_ws/build/abaja_description' returned '0': CMAKE_PREFIX_PATH=${CMAKE_PREFIX_PATH}:/home/pavithra/ros2_ws/install/abaja_bringup:/home/pavithra/ros2_ws/install/abaja_teleop:/opt/ros/jazzy DEBUGINFOD_URLS=https://debuginfod.ubuntu.com /usr/bin/cmake --install /home/pavithra/ros2_ws/build/abaja_description
