[2.429s] Invoking command in '/home/pavithra/ros2_ws/build/abaja_perception': AMENT_PREFIX_PATH=/home/pavithra/ros2_ws/install/abaja_interfaces:${AMENT_PREFIX_PATH} CMAKE_PREFIX_PATH=/home/pavithra/ros2_ws/install/abaja_interfaces:${CMAKE_PREFIX_PATH} DEBUGINFOD_URLS=https://debuginfod.ubuntu.com LD_LIBRARY_PATH=/home/pavithra/ros2_ws/install/abaja_interfaces/lib:${LD_LIBRARY_PATH} PYTHONPATH=/home/pavithra/ros2_ws/build/abaja_perception/prefix_override:/usr/lib/python3/dist-packages/colcon_core/task/python/colcon_distutils_commands:/home/pavithra/ros2_ws/install/abaja_perception/lib/python3.12/site-packages:/home/pavithra/ros2_ws/install/abaja_interfaces/lib/python3.12/site-packages:${PYTHONPATH} /usr/bin/python3 -W ignore:setup.py install is deprecated -W ignore:easy_install command is deprecated setup.py develop --editable --build-directory /home/pavithra/ros2_ws/build/abaja_perception/build --no-deps symlink_data
[3.002s] running develop
[3.334s] running egg_info
[3.353s] writing abaja_perception.egg-info/PKG-INFO
[3.354s] writing dependency_links to abaja_perception.egg-info/dependency_links.txt
[3.354s] writing entry points to abaja_perception.egg-info/entry_points.txt
[3.354s] writing requirements to abaja_perception.egg-info/requires.txt
[3.354s] writing top-level names to abaja_perception.egg-info/top_level.txt
[3.423s] reading manifest file 'abaja_perception.egg-info/SOURCES.txt'
[3.424s] writing manifest file 'abaja_perception.egg-info/SOURCES.txt'
[3.464s] running build_ext
[3.464s] Creating /home/pavithra/ros2_ws/install/abaja_perception/lib/python3.12/site-packages/abaja-perception.egg-link (link to .)
[3.465s] Installing camera_node script to /home/pavithra/ros2_ws/install/abaja_perception/lib/abaja_perception
[3.465s] Installing detection_display_node script to /home/pavithra/ros2_ws/install/abaja_perception/lib/abaja_perception
[3.465s] Installing detection_recorder_node script to /home/pavithra/ros2_ws/install/abaja_perception/lib/abaja_perception
[3.465s] Installing object_detection_node script to /home/pavithra/ros2_ws/install/abaja_perception/lib/abaja_perception
[3.466s] 
[3.466s] Installed /home/pavithra/ros2_ws/build/abaja_perception
[3.466s] running symlink_data
[3.524s] Invoked command in '/home/pavithra/ros2_ws/build/abaja_perception' returned '0': AMENT_PREFIX_PATH=/home/pavithra/ros2_ws/install/abaja_interfaces:${AMENT_PREFIX_PATH} CMAKE_PREFIX_PATH=/home/pavithra/ros2_ws/install/abaja_interfaces:${CMAKE_PREFIX_PATH} DEBUGINFOD_URLS=https://debuginfod.ubuntu.com LD_LIBRARY_PATH=/home/pavithra/ros2_ws/install/abaja_interfaces/lib:${LD_LIBRARY_PATH} PYTHONPATH=/home/pavithra/ros2_ws/build/abaja_perception/prefix_override:/usr/lib/python3/dist-packages/colcon_core/task/python/colcon_distutils_commands:/home/pavithra/ros2_ws/install/abaja_perception/lib/python3.12/site-packages:/home/pavithra/ros2_ws/install/abaja_interfaces/lib/python3.12/site-packages:${PYTHONPATH} /usr/bin/python3 -W ignore:setup.py install is deprecated -W ignore:easy_install command is deprecated setup.py develop --editable --build-directory /home/pavithra/ros2_ws/build/abaja_perception/build --no-deps symlink_data
