running egg_info
creating ../../build/abaja_bringup/abaja_bringup.egg-info
writing ../../build/abaja_bringup/abaja_bringup.egg-info/PKG-INFO
writing dependency_links to ../../build/abaja_bringup/abaja_bringup.egg-info/dependency_links.txt
writing requirements to ../../build/abaja_bringup/abaja_bringup.egg-info/requires.txt
writing top-level names to ../../build/abaja_bringup/abaja_bringup.egg-info/top_level.txt
writing manifest file '../../build/abaja_bringup/abaja_bringup.egg-info/SOURCES.txt'
reading manifest file '../../build/abaja_bringup/abaja_bringup.egg-info/SOURCES.txt'
writing manifest file '../../build/abaja_bringup/abaja_bringup.egg-info/SOURCES.txt'
running build
running build_py
creating /home/pavithra/ros2_ws/build/abaja_bringup/build
creating /home/pavithra/ros2_ws/build/abaja_bringup/build/lib
creating /home/pavithra/ros2_ws/build/abaja_bringup/build/lib/abaja_bringup
copying abaja_bringup/__init__.py -> /home/pavithra/ros2_ws/build/abaja_bringup/build/lib/abaja_bringup
running install
running install_lib
creating /home/pavithra/ros2_ws/install/abaja_bringup/lib/python3.12/site-packages/abaja_bringup
copying /home/pavithra/ros2_ws/build/abaja_bringup/build/lib/abaja_bringup/__init__.py -> /home/pavithra/ros2_ws/install/abaja_bringup/lib/python3.12/site-packages/abaja_bringup
byte-compiling /home/pavithra/ros2_ws/install/abaja_bringup/lib/python3.12/site-packages/abaja_bringup/__init__.py to __init__.cpython-312.pyc
running install_data
creating /home/pavithra/ros2_ws/install/abaja_bringup/share/ament_index
creating /home/pavithra/ros2_ws/install/abaja_bringup/share/ament_index/resource_index
creating /home/pavithra/ros2_ws/install/abaja_bringup/share/ament_index/resource_index/packages
copying resource/abaja_bringup -> /home/pavithra/ros2_ws/install/abaja_bringup/share/ament_index/resource_index/packages
copying package.xml -> /home/pavithra/ros2_ws/install/abaja_bringup/share/abaja_bringup
creating /home/pavithra/ros2_ws/install/abaja_bringup/share/abaja_bringup/launch
copying launch/bringup.launch.py -> /home/pavithra/ros2_ws/install/abaja_bringup/share/abaja_bringup/launch
running install_egg_info
Copying ../../build/abaja_bringup/abaja_bringup.egg-info to /home/pavithra/ros2_ws/install/abaja_bringup/lib/python3.12/site-packages/abaja_bringup-0.1.0-py3.12.egg-info
running install_scripts
writing list of installed files to '/home/pavithra/ros2_ws/build/abaja_bringup/install.log'
