[0.604s] Invoking command in '/home/pavithra/ros2_ws/src/abaja_bringup': AMENT_PREFIX_PATH=/home/pavithra/ros2_ws/install/abaja_teleop:/home/pavithra/ros2_ws/install/abaja_description:${AMENT_PREFIX_PATH} CMAKE_PREFIX_PATH=/home/pavithra/ros2_ws/install/abaja_description:${CMAKE_PREFIX_PATH} DEBUGINFOD_URLS=https://debuginfod.ubuntu.com PYTHONPATH=/home/pavithra/ros2_ws/build/abaja_bringup/prefix_override:/usr/lib/python3/dist-packages/colcon_core/task/python/colcon_distutils_commands:/home/pavithra/ros2_ws/install/abaja_bringup/lib/python3.12/site-packages:/home/pavithra/ros2_ws/install/abaja_teleop/lib/python3.12/site-packages:${PYTHONPATH} /usr/bin/python3 -W ignore:setup.py install is deprecated -W ignore:easy_install command is deprecated setup.py egg_info --egg-base ../../build/abaja_bringup build --build-base /home/pavithra/ros2_ws/build/abaja_bringup/build install --record /home/pavithra/ros2_ws/build/abaja_bringup/install.log --single-version-externally-managed install_data
[0.860s] running egg_info
[0.860s] creating ../../build/abaja_bringup/abaja_bringup.egg-info
[0.870s] writing ../../build/abaja_bringup/abaja_bringup.egg-info/PKG-INFO
[0.870s] writing dependency_links to ../../build/abaja_bringup/abaja_bringup.egg-info/dependency_links.txt
[0.870s] writing requirements to ../../build/abaja_bringup/abaja_bringup.egg-info/requires.txt
[0.870s] writing top-level names to ../../build/abaja_bringup/abaja_bringup.egg-info/top_level.txt
[0.870s] writing manifest file '../../build/abaja_bringup/abaja_bringup.egg-info/SOURCES.txt'
[0.889s] reading manifest file '../../build/abaja_bringup/abaja_bringup.egg-info/SOURCES.txt'
[0.890s] writing manifest file '../../build/abaja_bringup/abaja_bringup.egg-info/SOURCES.txt'
[0.890s] running build
[0.890s] running build_py
[0.890s] creating /home/pavithra/ros2_ws/build/abaja_bringup/build
[0.890s] creating /home/pavithra/ros2_ws/build/abaja_bringup/build/lib
[0.890s] creating /home/pavithra/ros2_ws/build/abaja_bringup/build/lib/abaja_bringup
[0.890s] copying abaja_bringup/__init__.py -> /home/pavithra/ros2_ws/build/abaja_bringup/build/lib/abaja_bringup
[0.890s] running install
[0.894s] running install_lib
[0.904s] creating /home/pavithra/ros2_ws/install/abaja_bringup/lib/python3.12/site-packages/abaja_bringup
[0.904s] copying /home/pavithra/ros2_ws/build/abaja_bringup/build/lib/abaja_bringup/__init__.py -> /home/pavithra/ros2_ws/install/abaja_bringup/lib/python3.12/site-packages/abaja_bringup
[0.904s] byte-compiling /home/pavithra/ros2_ws/install/abaja_bringup/lib/python3.12/site-packages/abaja_bringup/__init__.py to __init__.cpython-312.pyc
[0.904s] running install_data
[0.904s] creating /home/pavithra/ros2_ws/install/abaja_bringup/share/ament_index
[0.904s] creating /home/pavithra/ros2_ws/install/abaja_bringup/share/ament_index/resource_index
[0.904s] creating /home/pavithra/ros2_ws/install/abaja_bringup/share/ament_index/resource_index/packages
[0.905s] copying resource/abaja_bringup -> /home/pavithra/ros2_ws/install/abaja_bringup/share/ament_index/resource_index/packages
[0.905s] copying package.xml -> /home/pavithra/ros2_ws/install/abaja_bringup/share/abaja_bringup
[0.905s] creating /home/pavithra/ros2_ws/install/abaja_bringup/share/abaja_bringup/launch
[0.905s] copying launch/bringup.launch.py -> /home/pavithra/ros2_ws/install/abaja_bringup/share/abaja_bringup/launch
[0.905s] running install_egg_info
[0.918s] Copying ../../build/abaja_bringup/abaja_bringup.egg-info to /home/pavithra/ros2_ws/install/abaja_bringup/lib/python3.12/site-packages/abaja_bringup-0.1.0-py3.12.egg-info
[0.918s] running install_scripts
[0.990s] writing list of installed files to '/home/pavithra/ros2_ws/build/abaja_bringup/install.log'
[1.013s] Invoked command in '/home/pavithra/ros2_ws/src/abaja_bringup' returned '0': AMENT_PREFIX_PATH=/home/pavithra/ros2_ws/install/abaja_teleop:/home/pavithra/ros2_ws/install/abaja_description:${AMENT_PREFIX_PATH} CMAKE_PREFIX_PATH=/home/pavithra/ros2_ws/install/abaja_description:${CMAKE_PREFIX_PATH} DEBUGINFOD_URLS=https://debuginfod.ubuntu.com PYTHONPATH=/home/pavithra/ros2_ws/build/abaja_bringup/prefix_override:/usr/lib/python3/dist-packages/colcon_core/task/python/colcon_distutils_commands:/home/pavithra/ros2_ws/install/abaja_bringup/lib/python3.12/site-packages:/home/pavithra/ros2_ws/install/abaja_teleop/lib/python3.12/site-packages:${PYTHONPATH} /usr/bin/python3 -W ignore:setup.py install is deprecated -W ignore:easy_install command is deprecated setup.py egg_info --egg-base ../../build/abaja_bringup build --build-base /home/pavithra/ros2_ws/build/abaja_bringup/build install --record /home/pavithra/ros2_ws/build/abaja_bringup/install.log --single-version-externally-managed install_data
