[10.184s] Invoking command in '/home/pavithra/Intelligence_ABAJA-26/ros2_ws/build/abaja_planning': AMENT_PREFIX_PATH=/home/pavithra/Intelligence_ABAJA-26/ros2_ws/install/abaja_interfaces:${AMENT_PREFIX_PATH} CMAKE_PREFIX_PATH=/home/pavithra/Intelligence_ABAJA-26/ros2_ws/install/abaja_interfaces:${CMAKE_PREFIX_PATH} DEBUGINFOD_URLS=https://debuginfod.ubuntu.com LD_LIBRARY_PATH=/home/pavithra/Intelligence_ABAJA-26/ros2_ws/install/abaja_interfaces/lib:${LD_LIBRARY_PATH} PYTHONPATH=/home/pavithra/Intelligence_ABAJA-26/ros2_ws/build/abaja_planning/prefix_override:/usr/lib/python3/dist-packages/colcon_core/task/python/colcon_distutils_commands:/home/pavithra/Intelligence_ABAJA-26/ros2_ws/install/abaja_planning/lib/python3.12/site-packages:/home/pavithra/Intelligence_ABAJA-26/ros2_ws/install/abaja_interfaces/lib/python3.12/site-packages:${PYTHONPATH} /usr/bin/python3 -W ignore:setup.py install is deprecated -W ignore:easy_install command is deprecated setup.py develop --editable --build-directory /home/pavithra/Intelligence_ABAJA-26/ros2_ws/build/abaja_planning/build --no-deps symlink_data
[11.812s] running develop
[12.810s] running egg_info
[12.869s] writing abaja_planning.egg-info/PKG-INFO
[12.871s] writing dependency_links to abaja_planning.egg-info/dependency_links.txt
[12.871s] writing entry points to abaja_planning.egg-info/entry_points.txt
[12.872s] writing requirements to abaja_planning.egg-info/requires.txt
[12.873s] writing top-level names to abaja_planning.egg-info/top_level.txt
[12.992s] reading manifest file 'abaja_planning.egg-info/SOURCES.txt'
[12.993s] writing manifest file 'abaja_planning.egg-info/SOURCES.txt'
[13.057s] running build_ext
[13.060s] Creating /home/pavithra/Intelligence_ABAJA-26/ros2_ws/install/abaja_planning/lib/python3.12/site-packages/abaja-planning.egg-link (link to .)
[13.063s] Installing nav_cmd_to_control_cmd_node script to /home/pavithra/Intelligence_ABAJA-26/ros2_ws/install/abaja_planning/lib/abaja_planning
[13.063s] Installing path_planner_node script to /home/pavithra/Intelligence_ABAJA-26/ros2_ws/install/abaja_planning/lib/abaja_planning
[13.064s] Installing traffic_light_sim_node script to /home/pavithra/Intelligence_ABAJA-26/ros2_ws/install/abaja_planning/lib/abaja_planning
[13.066s] Installing traffic_signal_logic_node script to /home/pavithra/Intelligence_ABAJA-26/ros2_ws/install/abaja_planning/lib/abaja_planning
[13.066s] Installing waypoint_mission_node script to /home/pavithra/Intelligence_ABAJA-26/ros2_ws/install/abaja_planning/lib/abaja_planning
[13.066s] 
[13.066s] Installed /home/pavithra/Intelligence_ABAJA-26/ros2_ws/build/abaja_planning
[13.066s] running symlink_data
[13.225s] Invoked command in '/home/pavithra/Intelligence_ABAJA-26/ros2_ws/build/abaja_planning' returned '0': AMENT_PREFIX_PATH=/home/pavithra/Intelligence_ABAJA-26/ros2_ws/install/abaja_interfaces:${AMENT_PREFIX_PATH} CMAKE_PREFIX_PATH=/home/pavithra/Intelligence_ABAJA-26/ros2_ws/install/abaja_interfaces:${CMAKE_PREFIX_PATH} DEBUGINFOD_URLS=https://debuginfod.ubuntu.com LD_LIBRARY_PATH=/home/pavithra/Intelligence_ABAJA-26/ros2_ws/install/abaja_interfaces/lib:${LD_LIBRARY_PATH} PYTHONPATH=/home/pavithra/Intelligence_ABAJA-26/ros2_ws/build/abaja_planning/prefix_override:/usr/lib/python3/dist-packages/colcon_core/task/python/colcon_distutils_commands:/home/pavithra/Intelligence_ABAJA-26/ros2_ws/install/abaja_planning/lib/python3.12/site-packages:/home/pavithra/Intelligence_ABAJA-26/ros2_ws/install/abaja_interfaces/lib/python3.12/site-packages:${PYTHONPATH} /usr/bin/python3 -W ignore:setup.py install is deprecated -W ignore:easy_install command is deprecated setup.py develop --editable --build-directory /home/pavithra/Intelligence_ABAJA-26/ros2_ws/build/abaja_planning/build --no-deps symlink_data
