[0.499s] Invoking command in '/home/pavithra/ros2_ws/src/abaja_bringup': AMENT_PREFIX_PATH=/home/pavithra/ros2_ws/install/abaja_teleop:/home/pavithra/ros2_ws/install/abaja_bringup:/home/pavithra/ros2_ws/install/abaja_description:/opt/ros/jazzy CMAKE_PREFIX_PATH=/home/pavithra/ros2_ws/install/abaja_description:/opt/ros/jazzy/opt/gz_sim_vendor:/opt/ros/jazzy/opt/gz_sensors_vendor:/opt/ros/jazzy/opt/gz_physics_vendor:/opt/ros/jazzy/opt/sdformat_vendor:/opt/ros/jazzy/opt/gz_gui_vendor:/opt/ros/jazzy/opt/gz_transport_vendor:/opt/ros/jazzy/opt/gz_rendering_vendor:/opt/ros/jazzy/opt/gz_plugin_vendor:/opt/ros/jazzy/opt/gz_fuel_tools_vendor:/opt/ros/jazzy/opt/gz_msgs_vendor:/opt/ros/jazzy/opt/gz_common_vendor:/opt/ros/jazzy/opt/gz_tools_vendor:/opt/ros/jazzy/opt/gz_ogre_next_vendor:/opt/ros/jazzy/opt/gz_dartsim_vendor:/opt/ros/jazzy/opt/gz_math_vendor:/opt/ros/jazzy/opt/gz_utils_vendor:/opt/ros/jazzy/opt/gz_cmake_vendor DEBUGINFOD_URLS=https://debuginfod.ubuntu.com PYTHONPATH=/home/pavithra/ros2_ws/build/abaja_bringup/prefix_override:/usr/lib/python3/dist-packages/colcon_core/task/python/colcon_distutils_commands:/home/pavithra/ros2_ws/install/abaja_bringup/lib/python3.12/site-packages:/home/pavithra/ros2_ws/install/abaja_teleop/lib/python3.12/site-packages:/home/pavithra/ros2_ws/install/abaja_bringup/lib/python3.12/site-packages:/opt/ros/jazzy/lib/python3.12/site-packages /usr/bin/python3 -W ignore:setup.py install is deprecated -W ignore:easy_install command is deprecated setup.py egg_info --egg-base ../../build/abaja_bringup build --build-base /home/pavithra/ros2_ws/build/abaja_bringup/build install --record /home/pavithra/ros2_ws/build/abaja_bringup/install.log --single-version-externally-managed install_data
[0.709s] running egg_info
[0.721s] writing ../../build/abaja_bringup/abaja_bringup.egg-info/PKG-INFO
[0.721s] writing dependency_links to ../../build/abaja_bringup/abaja_bringup.egg-info/dependency_links.txt
[0.721s] writing requirements to ../../build/abaja_bringup/abaja_bringup.egg-info/requires.txt
[0.722s] writing top-level names to ../../build/abaja_bringup/abaja_bringup.egg-info/top_level.txt
[0.751s] reading manifest file '../../build/abaja_bringup/abaja_bringup.egg-info/SOURCES.txt'
[0.751s] writing manifest file '../../build/abaja_bringup/abaja_bringup.egg-info/SOURCES.txt'
[0.751s] running build
[0.751s] running build_py
[0.751s] running install
[0.758s] running install_lib
[0.770s] running install_data
[0.770s] copying launch/sim_bringup.launch.py -> /home/pavithra/ros2_ws/install/abaja_bringup/share/abaja_bringup/launch
[0.771s] running install_egg_info
[0.783s] removing '/home/pavithra/ros2_ws/install/abaja_bringup/lib/python3.12/site-packages/abaja_bringup-0.1.0-py3.12.egg-info' (and everything under it)
[0.783s] Copying ../../build/abaja_bringup/abaja_bringup.egg-info to /home/pavithra/ros2_ws/install/abaja_bringup/lib/python3.12/site-packages/abaja_bringup-0.1.0-py3.12.egg-info
[0.784s] running install_scripts
[0.873s] writing list of installed files to '/home/pavithra/ros2_ws/build/abaja_bringup/install.log'
[0.891s] Invoked command in '/home/pavithra/ros2_ws/src/abaja_bringup' returned '0': AMENT_PREFIX_PATH=/home/pavithra/ros2_ws/install/abaja_teleop:/home/pavithra/ros2_ws/install/abaja_bringup:/home/pavithra/ros2_ws/install/abaja_description:/opt/ros/jazzy CMAKE_PREFIX_PATH=/home/pavithra/ros2_ws/install/abaja_description:/opt/ros/jazzy/opt/gz_sim_vendor:/opt/ros/jazzy/opt/gz_sensors_vendor:/opt/ros/jazzy/opt/gz_physics_vendor:/opt/ros/jazzy/opt/sdformat_vendor:/opt/ros/jazzy/opt/gz_gui_vendor:/opt/ros/jazzy/opt/gz_transport_vendor:/opt/ros/jazzy/opt/gz_rendering_vendor:/opt/ros/jazzy/opt/gz_plugin_vendor:/opt/ros/jazzy/opt/gz_fuel_tools_vendor:/opt/ros/jazzy/opt/gz_msgs_vendor:/opt/ros/jazzy/opt/gz_common_vendor:/opt/ros/jazzy/opt/gz_tools_vendor:/opt/ros/jazzy/opt/gz_ogre_next_vendor:/opt/ros/jazzy/opt/gz_dartsim_vendor:/opt/ros/jazzy/opt/gz_math_vendor:/opt/ros/jazzy/opt/gz_utils_vendor:/opt/ros/jazzy/opt/gz_cmake_vendor DEBUGINFOD_URLS=https://debuginfod.ubuntu.com PYTHONPATH=/home/pavithra/ros2_ws/build/abaja_bringup/prefix_override:/usr/lib/python3/dist-packages/colcon_core/task/python/colcon_distutils_commands:/home/pavithra/ros2_ws/install/abaja_bringup/lib/python3.12/site-packages:/home/pavithra/ros2_ws/install/abaja_teleop/lib/python3.12/site-packages:/home/pavithra/ros2_ws/install/abaja_bringup/lib/python3.12/site-packages:/opt/ros/jazzy/lib/python3.12/site-packages /usr/bin/python3 -W ignore:setup.py install is deprecated -W ignore:easy_install command is deprecated setup.py egg_info --egg-base ../../build/abaja_bringup build --build-base /home/pavithra/ros2_ws/build/abaja_bringup/build install --record /home/pavithra/ros2_ws/build/abaja_bringup/install.log --single-version-externally-managed install_data
