[0.026s] Invoking command in '/home/pavithra/Intelligence_ABAJA-26/ros2_ws/build/abaja_interfaces': CMAKE_PREFIX_PATH=${CMAKE_PREFIX_PATH}:/opt/ros/jazzy DEBUGINFOD_URLS=https://debuginfod.ubuntu.com /usr/bin/cmake --build /home/pavithra/Intelligence_ABAJA-26/ros2_ws/build/abaja_interfaces -- -j12 -l12
[0.685s] [  0%] Built target abaja_interfaces__rosidl_generator_type_description
[0.685s] [  0%] Built target abaja_interfaces__rs
[0.685s] [  0%] Built target ament_cmake_python_symlink_abaja_interfaces
[0.685s] [  0%] Built target abaja_interfaces__cpp
[0.685s] [ 27%] Built target abaja_interfaces__rosidl_generator_c
[0.685s] [ 37%] Built target abaja_interfaces__rosidl_typesupport_c
[0.685s] [ 67%] Built target abaja_interfaces__rosidl_typesupport_cpp
[0.685s] [ 66%] Built target abaja_interfaces__rosidl_typesupport_fastrtps_c
[0.685s] [ 67%] Built target abaja_interfaces__rosidl_typesupport_introspection_cpp
[0.685s] [ 77%] Built target abaja_interfaces__rosidl_typesupport_introspection_c
[0.685s] [ 86%] Built target abaja_interfaces__rosidl_typesupport_fastrtps_cpp
[0.685s] [ 86%] Built target abaja_interfaces
[0.685s] [ 87%] Built target abaja_interfaces__py
[0.686s] [ 96%] Built target abaja_interfaces__rosidl_generator_py
[0.686s] [ 97%] Built target abaja_interfaces_s__rosidl_typesupport_c
[0.686s] [ 98%] Built target abaja_interfaces_s__rosidl_typesupport_fastrtps_c
[0.686s] [100%] Built target abaja_interfaces_s__rosidl_typesupport_introspection_c
[0.686s] running egg_info
[0.686s] writing abaja_interfaces.egg-info/PKG-INFO
[0.686s] writing dependency_links to abaja_interfaces.egg-info/dependency_links.txt
[0.686s] writing top-level names to abaja_interfaces.egg-info/top_level.txt
[0.686s] reading manifest file 'abaja_interfaces.egg-info/SOURCES.txt'
[0.686s] writing manifest file 'abaja_interfaces.egg-info/SOURCES.txt'
[0.686s] [100%] Built target ament_cmake_python_build_abaja_interfaces_egg
[0.842s] Invoked command in '/home/pavithra/Intelligence_ABAJA-26/ros2_ws/build/abaja_interfaces' returned '0': CMAKE_PREFIX_PATH=${CMAKE_PREFIX_PATH}:/opt/ros/jazzy DEBUGINFOD_URLS=https://debuginfod.ubuntu.com /usr/bin/cmake --build /home/pavithra/Intelligence_ABAJA-26/ros2_ws/build/abaja_interfaces -- -j12 -l12
[0.851s] Invoking command in '/home/pavithra/Intelligence_ABAJA-26/ros2_ws/build/abaja_interfaces': CMAKE_PREFIX_PATH=${CMAKE_PREFIX_PATH}:/opt/ros/jazzy DEBUGINFOD_URLS=https://debuginfod.ubuntu.com /usr/bin/cmake --install /home/pavithra/Intelligence_ABAJA-26/ros2_ws/build/abaja_interfaces
[0.867s] -- Install configuration: ""
[0.867s] -- Execute custom install script
[0.867s] -- Up-to-date symlink: /home/pavithra/Intelligence_ABAJA-26/ros2_ws/install/abaja_interfaces/share/ament_index/resource_index/rosidl_interfaces/abaja_interfaces
[0.867s] -- Up-to-date symlink: /home/pavithra/Intelligence_ABAJA-26/ros2_ws/install/abaja_interfaces/share/abaja_interfaces/msg/ControlCmd.json
[0.868s] -- Up-to-date symlink: /home/pavithra/Intelligence_ABAJA-26/ros2_ws/install/abaja_interfaces/share/abaja_interfaces/msg/VehicleState.json
[0.868s] -- Up-to-date symlink: /home/pavithra/Intelligence_ABAJA-26/ros2_ws/install/abaja_interfaces/share/abaja_interfaces/msg/WheelSpeed.json
[0.868s] -- Up-to-date symlink: /home/pavithra/Intelligence_ABAJA-26/ros2_ws/install/abaja_interfaces/share/abaja_interfaces/msg/SteeringFeedback.json
[0.868s] -- Up-to-date symlink: /home/pavithra/Intelligence_ABAJA-26/ros2_ws/install/abaja_interfaces/share/abaja_interfaces/msg/BatteryStatus.json
[0.868s] -- Up-to-date symlink: /home/pavithra/Intelligence_ABAJA-26/ros2_ws/install/abaja_interfaces/share/abaja_interfaces/msg/ModeStatus.json
[0.868s] -- Up-to-date symlink: /home/pavithra/Intelligence_ABAJA-26/ros2_ws/install/abaja_interfaces/share/abaja_interfaces/msg/DbwCmd.json
[0.869s] -- Up-to-date symlink: /home/pavithra/Intelligence_ABAJA-26/ros2_ws/install/abaja_interfaces/share/abaja_interfaces/msg/DbwStatus.json
[0.869s] -- Up-to-date symlink: /home/pavithra/Intelligence_ABAJA-26/ros2_ws/install/abaja_interfaces/share/abaja_interfaces/msg/DetectedObject.json
[0.869s] -- Up-to-date symlink: /home/pavithra/Intelligence_ABAJA-26/ros2_ws/install/abaja_interfaces/share/abaja_interfaces/msg/DetectedObjectArray.json
[0.870s] -- Up-to-date symlink: /home/pavithra/Intelligence_ABAJA-26/ros2_ws/install/abaja_interfaces/share/abaja_interfaces/msg/LaneMarking.json
[0.870s] -- Up-to-date symlink: /home/pavithra/Intelligence_ABAJA-26/ros2_ws/install/abaja_interfaces/share/abaja_interfaces/msg/LaneState.json
[0.870s] -- Up-to-date symlink: /home/pavithra/Intelligence_ABAJA-26/ros2_ws/install/abaja_interfaces/share/abaja_interfaces/msg/ObjectDistance.json
[0.870s] -- Up-to-date symlink: /home/pavithra/Intelligence_ABAJA-26/ros2_ws/install/abaja_interfaces/share/abaja_interfaces/msg/ObjectDistanceArray.json
[0.870s] -- Up-to-date symlink: /home/pavithra/Intelligence_ABAJA-26/ros2_ws/install/abaja_interfaces/share/abaja_interfaces/msg/TTCStatus.json
[0.870s] -- Up-to-date symlink: /home/pavithra/Intelligence_ABAJA-26/ros2_ws/install/abaja_interfaces/share/abaja_interfaces/msg/AEBStatus.json
[0.871s] -- Up-to-date symlink: /home/pavithra/Intelligence_ABAJA-26/ros2_ws/install/abaja_interfaces/share/abaja_interfaces/msg/SafetyState.json
[0.872s] -- Up-to-date symlink: /home/pavithra/Intelligence_ABAJA-26/ros2_ws/install/abaja_interfaces/include/abaja_interfaces/abaja_interfaces/msg/aeb_status.h
[0.872s] -- Up-to-date symlink: /home/pavithra/Intelligence_ABAJA-26/ros2_ws/install/abaja_interfaces/include/abaja_interfaces/abaja_interfaces/msg/battery_status.h
[0.872s] -- Up-to-date symlink: /home/pavithra/Intelligence_ABAJA-26/ros2_ws/install/abaja_interfaces/include/abaja_interfaces/abaja_interfaces/msg/control_cmd.h
[0.872s] -- Up-to-date symlink: /home/pavithra/Intelligence_ABAJA-26/ros2_ws/install/abaja_interfaces/include/abaja_interfaces/abaja_interfaces/msg/dbw_cmd.h
[0.873s] -- Up-to-date symlink: /home/pavithra/Intelligence_ABAJA-26/ros2_ws/install/abaja_interfaces/include/abaja_interfaces/abaja_interfaces/msg/dbw_status.h
[0.873s] -- Up-to-date symlink: /home/pavithra/Intelligence_ABAJA-26/ros2_ws/install/abaja_interfaces/include/abaja_interfaces/abaja_interfaces/msg/detail/aeb_status__functions.h
[0.873s] -- Up-to-date symlink: /home/pavithra/Intelligence_ABAJA-26/ros2_ws/install/abaja_interfaces/include/abaja_interfaces/abaja_interfaces/msg/detail/aeb_status__struct.h
[0.873s] -- Up-to-date symlink: /home/pavithra/Intelligence_ABAJA-26/ros2_ws/install/abaja_interfaces/include/abaja_interfaces/abaja_interfaces/msg/detail/aeb_status__type_support.h
[0.873s] -- Up-to-date symlink: /home/pavithra/Intelligence_ABAJA-26/ros2_ws/install/abaja_interfaces/include/abaja_interfaces/abaja_interfaces/msg/detail/battery_status__functions.h
[0.873s] -- Up-to-date symlink: /home/pavithra/Intelligence_ABAJA-26/ros2_ws/install/abaja_interfaces/include/abaja_interfaces/abaja_interfaces/msg/detail/battery_status__struct.h
[0.874s] -- Up-to-date symlink: /home/pavithra/Intelligence_ABAJA-26/ros2_ws/install/abaja_interfaces/include/abaja_interfaces/abaja_interfaces/msg/detail/battery_status__type_support.h
[0.874s] -- Up-to-date symlink: /home/pavithra/Intelligence_ABAJA-26/ros2_ws/install/abaja_interfaces/include/abaja_interfaces/abaja_interfaces/msg/detail/control_cmd__functions.h
[0.874s] -- Up-to-date symlink: /home/pavithra/Intelligence_ABAJA-26/ros2_ws/install/abaja_interfaces/include/abaja_interfaces/abaja_interfaces/msg/detail/control_cmd__struct.h
[0.874s] -- Up-to-date symlink: /home/pavithra/Intelligence_ABAJA-26/ros2_ws/install/abaja_interfaces/include/abaja_interfaces/abaja_interfaces/msg/detail/control_cmd__type_support.h
[0.875s] -- Up-to-date symlink: /home/pavithra/Intelligence_ABAJA-26/ros2_ws/install/abaja_interfaces/include/abaja_interfaces/abaja_interfaces/msg/detail/dbw_cmd__functions.h
[0.875s] -- Up-to-date symlink: /home/pavithra/Intelligence_ABAJA-26/ros2_ws/install/abaja_interfaces/include/abaja_interfaces/abaja_interfaces/msg/detail/dbw_cmd__struct.h
[0.875s] -- Up-to-date symlink: /home/pavithra/Intelligence_ABAJA-26/ros2_ws/install/abaja_interfaces/include/abaja_interfaces/abaja_interfaces/msg/detail/dbw_cmd__type_support.h
[0.875s] -- Up-to-date symlink: /home/pavithra/Intelligence_ABAJA-26/ros2_ws/install/abaja_interfaces/include/abaja_interfaces/abaja_interfaces/msg/detail/dbw_status__functions.h
[0.876s] -- Up-to-date symlink: /home/pavithra/Intelligence_ABAJA-26/ros2_ws/install/abaja_interfaces/include/abaja_interfaces/abaja_interfaces/msg/detail/dbw_status__struct.h
[0.876s] -- Up-to-date symlink: /home/pavithra/Intelligence_ABAJA-26/ros2_ws/install/abaja_interfaces/include/abaja_interfaces/abaja_interfaces/msg/detail/dbw_status__type_support.h
[0.876s] -- Up-to-date symlink: /home/pavithra/Intelligence_ABAJA-26/ros2_ws/install/abaja_interfaces/include/abaja_interfaces/abaja_interfaces/msg/detail/detected_object__functions.h
[0.877s] -- Up-to-date symlink: /home/pavithra/Intelligence_ABAJA-26/ros2_ws/install/abaja_interfaces/include/abaja_interfaces/abaja_interfaces/msg/detail/detected_object__struct.h
[0.877s] -- Up-to-date symlink: /home/pavithra/Intelligence_ABAJA-26/ros2_ws/install/abaja_interfaces/include/abaja_interfaces/abaja_interfaces/msg/detail/detected_object__type_support.h
[0.878s] -- Up-to-date symlink: /home/pavithra/Intelligence_ABAJA-26/ros2_ws/install/abaja_interfaces/include/abaja_interfaces/abaja_interfaces/msg/detail/detected_object_array__functions.h
[0.878s] -- Up-to-date symlink: /home/pavithra/Intelligence_ABAJA-26/ros2_ws/install/abaja_interfaces/include/abaja_interfaces/abaja_interfaces/msg/detail/detected_object_array__struct.h
[0.878s] -- Up-to-date symlink: /home/pavithra/Intelligence_ABAJA-26/ros2_ws/install/abaja_interfaces/include/abaja_interfaces/abaja_interfaces/msg/detail/detected_object_array__type_support.h
[0.879s] -- Up-to-date symlink: /home/pavithra/Intelligence_ABAJA-26/ros2_ws/install/abaja_interfaces/include/abaja_interfaces/abaja_interfaces/msg/detail/lane_marking__functions.h
[0.880s] -- Up-to-date symlink: /home/pavithra/Intelligence_ABAJA-26/ros2_ws/install/abaja_interfaces/include/abaja_interfaces/abaja_interfaces/msg/detail/lane_marking__struct.h
[0.880s] -- Up-to-date symlink: /home/pavithra/Intelligence_ABAJA-26/ros2_ws/install/abaja_interfaces/include/abaja_interfaces/abaja_interfaces/msg/detail/lane_marking__type_support.h
[0.880s] -- Up-to-date symlink: /home/pavithra/Intelligence_ABAJA-26/ros2_ws/install/abaja_interfaces/include/abaja_interfaces/abaja_interfaces/msg/detail/lane_state__functions.h
[0.880s] -- Up-to-date symlink: /home/pavithra/Intelligence_ABAJA-26/ros2_ws/install/abaja_interfaces/include/abaja_interfaces/abaja_interfaces/msg/detail/lane_state__struct.h
[0.880s] -- Up-to-date symlink: /home/pavithra/Intelligence_ABAJA-26/ros2_ws/install/abaja_interfaces/include/abaja_interfaces/abaja_interfaces/msg/detail/lane_state__type_support.h
[0.881s] -- Up-to-date symlink: /home/pavithra/Intelligence_ABAJA-26/ros2_ws/install/abaja_interfaces/include/abaja_interfaces/abaja_interfaces/msg/detail/mode_status__functions.h
[0.881s] -- Up-to-date symlink: /home/pavithra/Intelligence_ABAJA-26/ros2_ws/install/abaja_interfaces/include/abaja_interfaces/abaja_interfaces/msg/detail/mode_status__struct.h
[0.881s] -- Up-to-date symlink: /home/pavithra/Intelligence_ABAJA-26/ros2_ws/install/abaja_interfaces/include/abaja_interfaces/abaja_interfaces/msg/detail/mode_status__type_support.h
[0.881s] -- Up-to-date symlink: /home/pavithra/Intelligence_ABAJA-26/ros2_ws/install/abaja_interfaces/include/abaja_interfaces/abaja_interfaces/msg/detail/object_distance__functions.h
[0.881s] -- Up-to-date symlink: /home/pavithra/Intelligence_ABAJA-26/ros2_ws/install/abaja_interfaces/include/abaja_interfaces/abaja_interfaces/msg/detail/object_distance__struct.h
[0.881s] -- Up-to-date symlink: /home/pavithra/Intelligence_ABAJA-26/ros2_ws/install/abaja_interfaces/include/abaja_interfaces/abaja_interfaces/msg/detail/object_distance__type_support.h
[0.881s] -- Up-to-date symlink: /home/pavithra/Intelligence_ABAJA-26/ros2_ws/install/abaja_interfaces/include/abaja_interfaces/abaja_interfaces/msg/detail/object_distance_array__functions.h
[0.881s] -- Up-to-date symlink: /home/pavithra/Intelligence_ABAJA-26/ros2_ws/install/abaja_interfaces/include/abaja_interfaces/abaja_interfaces/msg/detail/object_distance_array__struct.h
[0.882s] -- Up-to-date symlink: /home/pavithra/Intelligence_ABAJA-26/ros2_ws/install/abaja_interfaces/include/abaja_interfaces/abaja_interfaces/msg/detail/object_distance_array__type_support.h
[0.882s] -- Up-to-date symlink: /home/pavithra/Intelligence_ABAJA-26/ros2_ws/install/abaja_interfaces/include/abaja_interfaces/abaja_interfaces/msg/detail/safety_state__functions.h
[0.882s] -- Up-to-date symlink: /home/pavithra/Intelligence_ABAJA-26/ros2_ws/install/abaja_interfaces/include/abaja_interfaces/abaja_interfaces/msg/detail/safety_state__struct.h
[0.882s] -- Up-to-date symlink: /home/pavithra/Intelligence_ABAJA-26/ros2_ws/install/abaja_interfaces/include/abaja_interfaces/abaja_interfaces/msg/detail/safety_state__type_support.h
[0.882s] -- Up-to-date symlink: /home/pavithra/Intelligence_ABAJA-26/ros2_ws/install/abaja_interfaces/include/abaja_interfaces/abaja_interfaces/msg/detail/steering_feedback__functions.h
[0.882s] -- Up-to-date symlink: /home/pavithra/Intelligence_ABAJA-26/ros2_ws/install/abaja_interfaces/include/abaja_interfaces/abaja_interfaces/msg/detail/steering_feedback__struct.h
[0.882s] -- Up-to-date symlink: /home/pavithra/Intelligence_ABAJA-26/ros2_ws/install/abaja_interfaces/include/abaja_interfaces/abaja_interfaces/msg/detail/steering_feedback__type_support.h
[0.883s] -- Up-to-date symlink: /home/pavithra/Intelligence_ABAJA-26/ros2_ws/install/abaja_interfaces/include/abaja_interfaces/abaja_interfaces/msg/detail/ttc_status__functions.h
[0.883s] -- Up-to-date symlink: /home/pavithra/Intelligence_ABAJA-26/ros2_ws/install/abaja_interfaces/include/abaja_interfaces/abaja_interfaces/msg/detail/ttc_status__struct.h
[0.883s] -- Up-to-date symlink: /home/pavithra/Intelligence_ABAJA-26/ros2_ws/install/abaja_interfaces/include/abaja_interfaces/abaja_interfaces/msg/detail/ttc_status__type_support.h
[0.883s] -- Up-to-date symlink: /home/pavithra/Intelligence_ABAJA-26/ros2_ws/install/abaja_interfaces/include/abaja_interfaces/abaja_interfaces/msg/detail/vehicle_state__functions.h
[0.883s] -- Up-to-date symlink: /home/pavithra/Intelligence_ABAJA-26/ros2_ws/install/abaja_interfaces/include/abaja_interfaces/abaja_interfaces/msg/detail/vehicle_state__struct.h
[0.883s] -- Up-to-date symlink: /home/pavithra/Intelligence_ABAJA-26/ros2_ws/install/abaja_interfaces/include/abaja_interfaces/abaja_interfaces/msg/detail/vehicle_state__type_support.h
[0.883s] -- Up-to-date symlink: /home/pavithra/Intelligence_ABAJA-26/ros2_ws/install/abaja_interfaces/include/abaja_interfaces/abaja_interfaces/msg/detail/wheel_speed__functions.h
[0.884s] -- Up-to-date symlink: /home/pavithra/Intelligence_ABAJA-26/ros2_ws/install/abaja_interfaces/include/abaja_interfaces/abaja_interfaces/msg/detail/wheel_speed__struct.h
[0.884s] -- Up-to-date symlink: /home/pavithra/Intelligence_ABAJA-26/ros2_ws/install/abaja_interfaces/include/abaja_interfaces/abaja_interfaces/msg/detail/wheel_speed__type_support.h
[0.884s] -- Up-to-date symlink: /home/pavithra/Intelligence_ABAJA-26/ros2_ws/install/abaja_interfaces/include/abaja_interfaces/abaja_interfaces/msg/detected_object.h
[0.884s] -- Up-to-date symlink: /home/pavithra/Intelligence_ABAJA-26/ros2_ws/install/abaja_interfaces/include/abaja_interfaces/abaja_interfaces/msg/detected_object_array.h
[0.884s] -- Up-to-date symlink: /home/pavithra/Intelligence_ABAJA-26/ros2_ws/install/abaja_interfaces/include/abaja_interfaces/abaja_interfaces/msg/lane_marking.h
[0.885s] -- Up-to-date symlink: /home/pavithra/Intelligence_ABAJA-26/ros2_ws/install/abaja_interfaces/include/abaja_interfaces/abaja_interfaces/msg/lane_state.h
[0.886s] -- Up-to-date symlink: /home/pavithra/Intelligence_ABAJA-26/ros2_ws/install/abaja_interfaces/include/abaja_interfaces/abaja_interfaces/msg/mode_status.h
[0.886s] -- Up-to-date symlink: /home/pavithra/Intelligence_ABAJA-26/ros2_ws/install/abaja_interfaces/include/abaja_interfaces/abaja_interfaces/msg/object_distance.h
[0.886s] -- Up-to-date symlink: /home/pavithra/Intelligence_ABAJA-26/ros2_ws/install/abaja_interfaces/include/abaja_interfaces/abaja_interfaces/msg/object_distance_array.h
[0.886s] -- Up-to-date symlink: /home/pavithra/Intelligence_ABAJA-26/ros2_ws/install/abaja_interfaces/include/abaja_interfaces/abaja_interfaces/msg/rosidl_generator_c__visibility_control.h
[0.887s] -- Up-to-date symlink: /home/pavithra/Intelligence_ABAJA-26/ros2_ws/install/abaja_interfaces/include/abaja_interfaces/abaja_interfaces/msg/safety_state.h
[0.887s] -- Up-to-date symlink: /home/pavithra/Intelligence_ABAJA-26/ros2_ws/install/abaja_interfaces/include/abaja_interfaces/abaja_interfaces/msg/steering_feedback.h
[0.887s] -- Up-to-date symlink: /home/pavithra/Intelligence_ABAJA-26/ros2_ws/install/abaja_interfaces/include/abaja_interfaces/abaja_interfaces/msg/ttc_status.h
[0.887s] -- Up-to-date symlink: /home/pavithra/Intelligence_ABAJA-26/ros2_ws/install/abaja_interfaces/include/abaja_interfaces/abaja_interfaces/msg/vehicle_state.h
[0.887s] -- Up-to-date symlink: /home/pavithra/Intelligence_ABAJA-26/ros2_ws/install/abaja_interfaces/include/abaja_interfaces/abaja_interfaces/msg/wheel_speed.h
[0.887s] -- Up-to-date symlink: /home/pavithra/Intelligence_ABAJA-26/ros2_ws/install/abaja_interfaces/share/abaja_interfaces/environment/library_path.sh
[0.887s] -- Up-to-date symlink: /home/pavithra/Intelligence_ABAJA-26/ros2_ws/install/abaja_interfaces/share/abaja_interfaces/environment/library_path.dsv
[0.887s] -- Up-to-date symlink: /home/pavithra/Intelligence_ABAJA-26/ros2_ws/install/abaja_interfaces/include/abaja_interfaces/abaja_interfaces/msg/detail/aeb_status__rosidl_typesupport_fastrtps_c.h
[0.888s] -- Up-to-date symlink: /home/pavithra/Intelligence_ABAJA-26/ros2_ws/install/abaja_interfaces/include/abaja_interfaces/abaja_interfaces/msg/detail/battery_status__rosidl_typesupport_fastrtps_c.h
[0.888s] -- Up-to-date symlink: /home/pavithra/Intelligence_ABAJA-26/ros2_ws/install/abaja_interfaces/include/abaja_interfaces/abaja_interfaces/msg/detail/control_cmd__rosidl_typesupport_fastrtps_c.h
[0.888s] -- Up-to-date symlink: /home/pavithra/Intelligence_ABAJA-26/ros2_ws/install/abaja_interfaces/include/abaja_interfaces/abaja_interfaces/msg/detail/dbw_cmd__rosidl_typesupport_fastrtps_c.h
[0.888s] -- Up-to-date symlink: /home/pavithra/Intelligence_ABAJA-26/ros2_ws/install/abaja_interfaces/include/abaja_interfaces/abaja_interfaces/msg/detail/dbw_status__rosidl_typesupport_fastrtps_c.h
[0.888s] -- Up-to-date symlink: /home/pavithra/Intelligence_ABAJA-26/ros2_ws/install/abaja_interfaces/include/abaja_interfaces/abaja_interfaces/msg/detail/detected_object__rosidl_typesupport_fastrtps_c.h
[0.888s] -- Up-to-date symlink: /home/pavithra/Intelligence_ABAJA-26/ros2_ws/install/abaja_interfaces/include/abaja_interfaces/abaja_interfaces/msg/detail/detected_object_array__rosidl_typesupport_fastrtps_c.h
[0.888s] -- Up-to-date symlink: /home/pavithra/Intelligence_ABAJA-26/ros2_ws/install/abaja_interfaces/include/abaja_interfaces/abaja_interfaces/msg/detail/lane_marking__rosidl_typesupport_fastrtps_c.h
[0.889s] -- Up-to-date symlink: /home/pavithra/Intelligence_ABAJA-26/ros2_ws/install/abaja_interfaces/include/abaja_interfaces/abaja_interfaces/msg/detail/lane_state__rosidl_typesupport_fastrtps_c.h
[0.889s] -- Up-to-date symlink: /home/pavithra/Intelligence_ABAJA-26/ros2_ws/install/abaja_interfaces/include/abaja_interfaces/abaja_interfaces/msg/detail/mode_status__rosidl_typesupport_fastrtps_c.h
[0.889s] -- Up-to-date symlink: /home/pavithra/Intelligence_ABAJA-26/ros2_ws/install/abaja_interfaces/include/abaja_interfaces/abaja_interfaces/msg/detail/object_distance__rosidl_typesupport_fastrtps_c.h
[0.889s] -- Up-to-date symlink: /home/pavithra/Intelligence_ABAJA-26/ros2_ws/install/abaja_interfaces/include/abaja_interfaces/abaja_interfaces/msg/detail/object_distance_array__rosidl_typesupport_fastrtps_c.h
[0.889s] -- Up-to-date symlink: /home/pavithra/Intelligence_ABAJA-26/ros2_ws/install/abaja_interfaces/include/abaja_interfaces/abaja_interfaces/msg/detail/safety_state__rosidl_typesupport_fastrtps_c.h
[0.889s] -- Up-to-date symlink: /home/pavithra/Intelligence_ABAJA-26/ros2_ws/install/abaja_interfaces/include/abaja_interfaces/abaja_interfaces/msg/detail/steering_feedback__rosidl_typesupport_fastrtps_c.h
[0.889s] -- Up-to-date symlink: /home/pavithra/Intelligence_ABAJA-26/ros2_ws/install/abaja_interfaces/include/abaja_interfaces/abaja_interfaces/msg/detail/ttc_status__rosidl_typesupport_fastrtps_c.h
[0.889s] -- Up-to-date symlink: /home/pavithra/Intelligence_ABAJA-26/ros2_ws/install/abaja_interfaces/include/abaja_interfaces/abaja_interfaces/msg/detail/vehicle_state__rosidl_typesupport_fastrtps_c.h
[0.889s] -- Up-to-date symlink: /home/pavithra/Intelligence_ABAJA-26/ros2_ws/install/abaja_interfaces/include/abaja_interfaces/abaja_interfaces/msg/detail/wheel_speed__rosidl_typesupport_fastrtps_c.h
[0.889s] -- Up-to-date symlink: /home/pavithra/Intelligence_ABAJA-26/ros2_ws/install/abaja_interfaces/include/abaja_interfaces/abaja_interfaces/msg/rosidl_typesupport_fastrtps_c__visibility_control.h
[0.890s] -- Up-to-date symlink: /home/pavithra/Intelligence_ABAJA-26/ros2_ws/install/abaja_interfaces/include/abaja_interfaces/abaja_interfaces/msg/detail/aeb_status__rosidl_typesupport_introspection_c.h
[0.890s] -- Up-to-date symlink: /home/pavithra/Intelligence_ABAJA-26/ros2_ws/install/abaja_interfaces/include/abaja_interfaces/abaja_interfaces/msg/detail/battery_status__rosidl_typesupport_introspection_c.h
[0.891s] -- Up-to-date symlink: /home/pavithra/Intelligence_ABAJA-26/ros2_ws/install/abaja_interfaces/include/abaja_interfaces/abaja_interfaces/msg/detail/control_cmd__rosidl_typesupport_introspection_c.h
[0.891s] -- Up-to-date symlink: /home/pavithra/Intelligence_ABAJA-26/ros2_ws/install/abaja_interfaces/include/abaja_interfaces/abaja_interfaces/msg/detail/dbw_cmd__rosidl_typesupport_introspection_c.h
[0.891s] -- Up-to-date symlink: /home/pavithra/Intelligence_ABAJA-26/ros2_ws/install/abaja_interfaces/include/abaja_interfaces/abaja_interfaces/msg/detail/dbw_status__rosidl_typesupport_introspection_c.h
[0.891s] -- Up-to-date symlink: /home/pavithra/Intelligence_ABAJA-26/ros2_ws/install/abaja_interfaces/include/abaja_interfaces/abaja_interfaces/msg/detail/detected_object__rosidl_typesupport_introspection_c.h
[0.891s] -- Up-to-date symlink: /home/pavithra/Intelligence_ABAJA-26/ros2_ws/install/abaja_interfaces/include/abaja_interfaces/abaja_interfaces/msg/detail/detected_object_array__rosidl_typesupport_introspection_c.h
[0.891s] -- Up-to-date symlink: /home/pavithra/Intelligence_ABAJA-26/ros2_ws/install/abaja_interfaces/include/abaja_interfaces/abaja_interfaces/msg/detail/lane_marking__rosidl_typesupport_introspection_c.h
[0.891s] -- Up-to-date symlink: /home/pavithra/Intelligence_ABAJA-26/ros2_ws/install/abaja_interfaces/include/abaja_interfaces/abaja_interfaces/msg/detail/lane_state__rosidl_typesupport_introspection_c.h
[0.891s] -- Up-to-date symlink: /home/pavithra/Intelligence_ABAJA-26/ros2_ws/install/abaja_interfaces/include/abaja_interfaces/abaja_interfaces/msg/detail/mode_status__rosidl_typesupport_introspection_c.h
[0.892s] -- Up-to-date symlink: /home/pavithra/Intelligence_ABAJA-26/ros2_ws/install/abaja_interfaces/include/abaja_interfaces/abaja_interfaces/msg/detail/object_distance__rosidl_typesupport_introspection_c.h
[0.892s] -- Up-to-date symlink: /home/pavithra/Intelligence_ABAJA-26/ros2_ws/install/abaja_interfaces/include/abaja_interfaces/abaja_interfaces/msg/detail/object_distance_array__rosidl_typesupport_introspection_c.h
[0.892s] -- Up-to-date symlink: /home/pavithra/Intelligence_ABAJA-26/ros2_ws/install/abaja_interfaces/include/abaja_interfaces/abaja_interfaces/msg/detail/safety_state__rosidl_typesupport_introspection_c.h
[0.892s] -- Up-to-date symlink: /home/pavithra/Intelligence_ABAJA-26/ros2_ws/install/abaja_interfaces/include/abaja_interfaces/abaja_interfaces/msg/detail/steering_feedback__rosidl_typesupport_introspection_c.h
[0.916s] -- Up-to-date symlink: /home/pavithra/Intelligence_ABAJA-26/ros2_ws/install/abaja_interfaces/include/abaja_interfaces/abaja_interfaces/msg/detail/ttc_status__rosidl_typesupport_introspection_c.h
[0.916s] -- Up-to-date symlink: /home/pavithra/Intelligence_ABAJA-26/ros2_ws/install/abaja_interfaces/include/abaja_interfaces/abaja_interfaces/msg/detail/vehicle_state__rosidl_typesupport_introspection_c.h
[0.916s] -- Up-to-date symlink: /home/pavithra/Intelligence_ABAJA-26/ros2_ws/install/abaja_interfaces/include/abaja_interfaces/abaja_interfaces/msg/detail/wheel_speed__rosidl_typesupport_introspection_c.h
[0.916s] -- Up-to-date symlink: /home/pavithra/Intelligence_ABAJA-26/ros2_ws/install/abaja_interfaces/include/abaja_interfaces/abaja_interfaces/msg/rosidl_typesupport_introspection_c__visibility_control.h
[0.916s] -- Up-to-date symlink: /home/pavithra/Intelligence_ABAJA-26/ros2_ws/install/abaja_interfaces/include/abaja_interfaces/abaja_interfaces/msg/aeb_status.hpp
[0.916s] -- Up-to-date symlink: /home/pavithra/Intelligence_ABAJA-26/ros2_ws/install/abaja_interfaces/include/abaja_interfaces/abaja_interfaces/msg/battery_status.hpp
[0.917s] -- Up-to-date symlink: /home/pavithra/Intelligence_ABAJA-26/ros2_ws/install/abaja_interfaces/include/abaja_interfaces/abaja_interfaces/msg/control_cmd.hpp
[0.917s] -- Up-to-date symlink: /home/pavithra/Intelligence_ABAJA-26/ros2_ws/install/abaja_interfaces/include/abaja_interfaces/abaja_interfaces/msg/dbw_cmd.hpp
[0.917s] -- Up-to-date symlink: /home/pavithra/Intelligence_ABAJA-26/ros2_ws/install/abaja_interfaces/include/abaja_interfaces/abaja_interfaces/msg/dbw_status.hpp
[0.917s] -- Up-to-date symlink: /home/pavithra/Intelligence_ABAJA-26/ros2_ws/install/abaja_interfaces/include/abaja_interfaces/abaja_interfaces/msg/detail/aeb_status__builder.hpp
[0.917s] -- Up-to-date symlink: /home/pavithra/Intelligence_ABAJA-26/ros2_ws/install/abaja_interfaces/include/abaja_interfaces/abaja_interfaces/msg/detail/aeb_status__struct.hpp
[0.917s] -- Up-to-date symlink: /home/pavithra/Intelligence_ABAJA-26/ros2_ws/install/abaja_interfaces/include/abaja_interfaces/abaja_interfaces/msg/detail/aeb_status__traits.hpp
[0.917s] -- Up-to-date symlink: /home/pavithra/Intelligence_ABAJA-26/ros2_ws/install/abaja_interfaces/include/abaja_interfaces/abaja_interfaces/msg/detail/aeb_status__type_support.hpp
[0.917s] -- Up-to-date symlink: /home/pavithra/Intelligence_ABAJA-26/ros2_ws/install/abaja_interfaces/include/abaja_interfaces/abaja_interfaces/msg/detail/battery_status__builder.hpp
[0.917s] -- Up-to-date symlink: /home/pavithra/Intelligence_ABAJA-26/ros2_ws/install/abaja_interfaces/include/abaja_interfaces/abaja_interfaces/msg/detail/battery_status__struct.hpp
[0.918s] -- Up-to-date symlink: /home/pavithra/Intelligence_ABAJA-26/ros2_ws/install/abaja_interfaces/include/abaja_interfaces/abaja_interfaces/msg/detail/battery_status__traits.hpp
[0.918s] -- Up-to-date symlink: /home/pavithra/Intelligence_ABAJA-26/ros2_ws/install/abaja_interfaces/include/abaja_interfaces/abaja_interfaces/msg/detail/battery_status__type_support.hpp
[0.918s] -- Up-to-date symlink: /home/pavithra/Intelligence_ABAJA-26/ros2_ws/install/abaja_interfaces/include/abaja_interfaces/abaja_interfaces/msg/detail/control_cmd__builder.hpp
[0.918s] -- Up-to-date symlink: /home/pavithra/Intelligence_ABAJA-26/ros2_ws/install/abaja_interfaces/include/abaja_interfaces/abaja_interfaces/msg/detail/control_cmd__struct.hpp
[0.918s] -- Up-to-date symlink: /home/pavithra/Intelligence_ABAJA-26/ros2_ws/install/abaja_interfaces/include/abaja_interfaces/abaja_interfaces/msg/detail/control_cmd__traits.hpp
[0.918s] -- Up-to-date symlink: /home/pavithra/Intelligence_ABAJA-26/ros2_ws/install/abaja_interfaces/include/abaja_interfaces/abaja_interfaces/msg/detail/control_cmd__type_support.hpp
[0.918s] -- Up-to-date symlink: /home/pavithra/Intelligence_ABAJA-26/ros2_ws/install/abaja_interfaces/include/abaja_interfaces/abaja_interfaces/msg/detail/dbw_cmd__builder.hpp
[0.918s] -- Up-to-date symlink: /home/pavithra/Intelligence_ABAJA-26/ros2_ws/install/abaja_interfaces/include/abaja_interfaces/abaja_interfaces/msg/detail/dbw_cmd__struct.hpp
[0.919s] -- Up-to-date symlink: /home/pavithra/Intelligence_ABAJA-26/ros2_ws/install/abaja_interfaces/include/abaja_interfaces/abaja_interfaces/msg/detail/dbw_cmd__traits.hpp
[0.919s] -- Up-to-date symlink: /home/pavithra/Intelligence_ABAJA-26/ros2_ws/install/abaja_interfaces/include/abaja_interfaces/abaja_interfaces/msg/detail/dbw_cmd__type_support.hpp
[0.919s] -- Up-to-date symlink: /home/pavithra/Intelligence_ABAJA-26/ros2_ws/install/abaja_interfaces/include/abaja_interfaces/abaja_interfaces/msg/detail/dbw_status__builder.hpp
[0.920s] -- Up-to-date symlink: /home/pavithra/Intelligence_ABAJA-26/ros2_ws/install/abaja_interfaces/include/abaja_interfaces/abaja_interfaces/msg/detail/dbw_status__struct.hpp
[0.920s] -- Up-to-date symlink: /home/pavithra/Intelligence_ABAJA-26/ros2_ws/install/abaja_interfaces/include/abaja_interfaces/abaja_interfaces/msg/detail/dbw_status__traits.hpp
[0.920s] -- Up-to-date symlink: /home/pavithra/Intelligence_ABAJA-26/ros2_ws/install/abaja_interfaces/include/abaja_interfaces/abaja_interfaces/msg/detail/dbw_status__type_support.hpp
[0.921s] -- Up-to-date symlink: /home/pavithra/Intelligence_ABAJA-26/ros2_ws/install/abaja_interfaces/include/abaja_interfaces/abaja_interfaces/msg/detail/detected_object__builder.hpp
[0.921s] -- Up-to-date symlink: /home/pavithra/Intelligence_ABAJA-26/ros2_ws/install/abaja_interfaces/include/abaja_interfaces/abaja_interfaces/msg/detail/detected_object__struct.hpp
[0.921s] -- Up-to-date symlink: /home/pavithra/Intelligence_ABAJA-26/ros2_ws/install/abaja_interfaces/include/abaja_interfaces/abaja_interfaces/msg/detail/detected_object__traits.hpp
[0.922s] -- Up-to-date symlink: /home/pavithra/Intelligence_ABAJA-26/ros2_ws/install/abaja_interfaces/include/abaja_interfaces/abaja_interfaces/msg/detail/detected_object__type_support.hpp
[0.922s] -- Up-to-date symlink: /home/pavithra/Intelligence_ABAJA-26/ros2_ws/install/abaja_interfaces/include/abaja_interfaces/abaja_interfaces/msg/detail/detected_object_array__builder.hpp
[0.922s] -- Up-to-date symlink: /home/pavithra/Intelligence_ABAJA-26/ros2_ws/install/abaja_interfaces/include/abaja_interfaces/abaja_interfaces/msg/detail/detected_object_array__struct.hpp
[0.922s] -- Up-to-date symlink: /home/pavithra/Intelligence_ABAJA-26/ros2_ws/install/abaja_interfaces/include/abaja_interfaces/abaja_interfaces/msg/detail/detected_object_array__traits.hpp
[0.922s] -- Up-to-date symlink: /home/pavithra/Intelligence_ABAJA-26/ros2_ws/install/abaja_interfaces/include/abaja_interfaces/abaja_interfaces/msg/detail/detected_object_array__type_support.hpp
[0.922s] -- Up-to-date symlink: /home/pavithra/Intelligence_ABAJA-26/ros2_ws/install/abaja_interfaces/include/abaja_interfaces/abaja_interfaces/msg/detail/lane_marking__builder.hpp
[0.923s] -- Up-to-date symlink: /home/pavithra/Intelligence_ABAJA-26/ros2_ws/install/abaja_interfaces/include/abaja_interfaces/abaja_interfaces/msg/detail/lane_marking__struct.hpp
[0.923s] -- Up-to-date symlink: /home/pavithra/Intelligence_ABAJA-26/ros2_ws/install/abaja_interfaces/include/abaja_interfaces/abaja_interfaces/msg/detail/lane_marking__traits.hpp
[0.923s] -- Up-to-date symlink: /home/pavithra/Intelligence_ABAJA-26/ros2_ws/install/abaja_interfaces/include/abaja_interfaces/abaja_interfaces/msg/detail/lane_marking__type_support.hpp
[0.923s] -- Up-to-date symlink: /home/pavithra/Intelligence_ABAJA-26/ros2_ws/install/abaja_interfaces/include/abaja_interfaces/abaja_interfaces/msg/detail/lane_state__builder.hpp
[0.923s] -- Up-to-date symlink: /home/pavithra/Intelligence_ABAJA-26/ros2_ws/install/abaja_interfaces/include/abaja_interfaces/abaja_interfaces/msg/detail/lane_state__struct.hpp
[0.923s] -- Up-to-date symlink: /home/pavithra/Intelligence_ABAJA-26/ros2_ws/install/abaja_interfaces/include/abaja_interfaces/abaja_interfaces/msg/detail/lane_state__traits.hpp
[0.923s] -- Up-to-date symlink: /home/pavithra/Intelligence_ABAJA-26/ros2_ws/install/abaja_interfaces/include/abaja_interfaces/abaja_interfaces/msg/detail/lane_state__type_support.hpp
[0.923s] -- Up-to-date symlink: /home/pavithra/Intelligence_ABAJA-26/ros2_ws/install/abaja_interfaces/include/abaja_interfaces/abaja_interfaces/msg/detail/mode_status__builder.hpp
[0.924s] -- Up-to-date symlink: /home/pavithra/Intelligence_ABAJA-26/ros2_ws/install/abaja_interfaces/include/abaja_interfaces/abaja_interfaces/msg/detail/mode_status__struct.hpp
[0.924s] -- Up-to-date symlink: /home/pavithra/Intelligence_ABAJA-26/ros2_ws/install/abaja_interfaces/include/abaja_interfaces/abaja_interfaces/msg/detail/mode_status__traits.hpp
[0.924s] -- Up-to-date symlink: /home/pavithra/Intelligence_ABAJA-26/ros2_ws/install/abaja_interfaces/include/abaja_interfaces/abaja_interfaces/msg/detail/mode_status__type_support.hpp
[0.924s] -- Up-to-date symlink: /home/pavithra/Intelligence_ABAJA-26/ros2_ws/install/abaja_interfaces/include/abaja_interfaces/abaja_interfaces/msg/detail/object_distance__builder.hpp
[0.924s] -- Up-to-date symlink: /home/pavithra/Intelligence_ABAJA-26/ros2_ws/install/abaja_interfaces/include/abaja_interfaces/abaja_interfaces/msg/detail/object_distance__struct.hpp
[0.924s] -- Up-to-date symlink: /home/pavithra/Intelligence_ABAJA-26/ros2_ws/install/abaja_interfaces/include/abaja_interfaces/abaja_interfaces/msg/detail/object_distance__traits.hpp
[0.925s] -- Up-to-date symlink: /home/pavithra/Intelligence_ABAJA-26/ros2_ws/install/abaja_interfaces/include/abaja_interfaces/abaja_interfaces/msg/detail/object_distance__type_support.hpp
[0.925s] -- Up-to-date symlink: /home/pavithra/Intelligence_ABAJA-26/ros2_ws/install/abaja_interfaces/include/abaja_interfaces/abaja_interfaces/msg/detail/object_distance_array__builder.hpp
[0.925s] -- Up-to-date symlink: /home/pavithra/Intelligence_ABAJA-26/ros2_ws/install/abaja_interfaces/include/abaja_interfaces/abaja_interfaces/msg/detail/object_distance_array__struct.hpp
[0.925s] -- Up-to-date symlink: /home/pavithra/Intelligence_ABAJA-26/ros2_ws/install/abaja_interfaces/include/abaja_interfaces/abaja_interfaces/msg/detail/object_distance_array__traits.hpp
[0.925s] -- Up-to-date symlink: /home/pavithra/Intelligence_ABAJA-26/ros2_ws/install/abaja_interfaces/include/abaja_interfaces/abaja_interfaces/msg/detail/object_distance_array__type_support.hpp
[0.925s] -- Up-to-date symlink: /home/pavithra/Intelligence_ABAJA-26/ros2_ws/install/abaja_interfaces/include/abaja_interfaces/abaja_interfaces/msg/detail/safety_state__builder.hpp
[0.925s] -- Up-to-date symlink: /home/pavithra/Intelligence_ABAJA-26/ros2_ws/install/abaja_interfaces/include/abaja_interfaces/abaja_interfaces/msg/detail/safety_state__struct.hpp
[0.926s] -- Up-to-date symlink: /home/pavithra/Intelligence_ABAJA-26/ros2_ws/install/abaja_interfaces/include/abaja_interfaces/abaja_interfaces/msg/detail/safety_state__traits.hpp
[0.926s] -- Up-to-date symlink: /home/pavithra/Intelligence_ABAJA-26/ros2_ws/install/abaja_interfaces/include/abaja_interfaces/abaja_interfaces/msg/detail/safety_state__type_support.hpp
[0.926s] -- Up-to-date symlink: /home/pavithra/Intelligence_ABAJA-26/ros2_ws/install/abaja_interfaces/include/abaja_interfaces/abaja_interfaces/msg/detail/steering_feedback__builder.hpp
[0.926s] -- Up-to-date symlink: /home/pavithra/Intelligence_ABAJA-26/ros2_ws/install/abaja_interfaces/include/abaja_interfaces/abaja_interfaces/msg/detail/steering_feedback__struct.hpp
[0.926s] -- Up-to-date symlink: /home/pavithra/Intelligence_ABAJA-26/ros2_ws/install/abaja_interfaces/include/abaja_interfaces/abaja_interfaces/msg/detail/steering_feedback__traits.hpp
[0.926s] -- Up-to-date symlink: /home/pavithra/Intelligence_ABAJA-26/ros2_ws/install/abaja_interfaces/include/abaja_interfaces/abaja_interfaces/msg/detail/steering_feedback__type_support.hpp
[0.927s] -- Up-to-date symlink: /home/pavithra/Intelligence_ABAJA-26/ros2_ws/install/abaja_interfaces/include/abaja_interfaces/abaja_interfaces/msg/detail/ttc_status__builder.hpp
[0.927s] -- Up-to-date symlink: /home/pavithra/Intelligence_ABAJA-26/ros2_ws/install/abaja_interfaces/include/abaja_interfaces/abaja_interfaces/msg/detail/ttc_status__struct.hpp
[0.927s] -- Up-to-date symlink: /home/pavithra/Intelligence_ABAJA-26/ros2_ws/install/abaja_interfaces/include/abaja_interfaces/abaja_interfaces/msg/detail/ttc_status__traits.hpp
[0.927s] -- Up-to-date symlink: /home/pavithra/Intelligence_ABAJA-26/ros2_ws/install/abaja_interfaces/include/abaja_interfaces/abaja_interfaces/msg/detail/ttc_status__type_support.hpp
[0.927s] -- Up-to-date symlink: /home/pavithra/Intelligence_ABAJA-26/ros2_ws/install/abaja_interfaces/include/abaja_interfaces/abaja_interfaces/msg/detail/vehicle_state__builder.hpp
[0.927s] -- Up-to-date symlink: /home/pavithra/Intelligence_ABAJA-26/ros2_ws/install/abaja_interfaces/include/abaja_interfaces/abaja_interfaces/msg/detail/vehicle_state__struct.hpp
[0.927s] -- Up-to-date symlink: /home/pavithra/Intelligence_ABAJA-26/ros2_ws/install/abaja_interfaces/include/abaja_interfaces/abaja_interfaces/msg/detail/vehicle_state__traits.hpp
[0.928s] -- Up-to-date symlink: /home/pavithra/Intelligence_ABAJA-26/ros2_ws/install/abaja_interfaces/include/abaja_interfaces/abaja_interfaces/msg/detail/vehicle_state__type_support.hpp
[0.928s] -- Up-to-date symlink: /home/pavithra/Intelligence_ABAJA-26/ros2_ws/install/abaja_interfaces/include/abaja_interfaces/abaja_interfaces/msg/detail/wheel_speed__builder.hpp
[0.928s] -- Up-to-date symlink: /home/pavithra/Intelligence_ABAJA-26/ros2_ws/install/abaja_interfaces/include/abaja_interfaces/abaja_interfaces/msg/detail/wheel_speed__struct.hpp
[0.928s] -- Up-to-date symlink: /home/pavithra/Intelligence_ABAJA-26/ros2_ws/install/abaja_interfaces/include/abaja_interfaces/abaja_interfaces/msg/detail/wheel_speed__traits.hpp
[0.928s] -- Up-to-date symlink: /home/pavithra/Intelligence_ABAJA-26/ros2_ws/install/abaja_interfaces/include/abaja_interfaces/abaja_interfaces/msg/detail/wheel_speed__type_support.hpp
[0.928s] -- Up-to-date symlink: /home/pavithra/Intelligence_ABAJA-26/ros2_ws/install/abaja_interfaces/include/abaja_interfaces/abaja_interfaces/msg/detected_object.hpp
[0.928s] -- Up-to-date symlink: /home/pavithra/Intelligence_ABAJA-26/ros2_ws/install/abaja_interfaces/include/abaja_interfaces/abaja_interfaces/msg/detected_object_array.hpp
[0.929s] -- Up-to-date symlink: /home/pavithra/Intelligence_ABAJA-26/ros2_ws/install/abaja_interfaces/include/abaja_interfaces/abaja_interfaces/msg/lane_marking.hpp
[0.929s] -- Up-to-date symlink: /home/pavithra/Intelligence_ABAJA-26/ros2_ws/install/abaja_interfaces/include/abaja_interfaces/abaja_interfaces/msg/lane_state.hpp
[0.929s] -- Up-to-date symlink: /home/pavithra/Intelligence_ABAJA-26/ros2_ws/install/abaja_interfaces/include/abaja_interfaces/abaja_interfaces/msg/mode_status.hpp
[0.929s] -- Up-to-date symlink: /home/pavithra/Intelligence_ABAJA-26/ros2_ws/install/abaja_interfaces/include/abaja_interfaces/abaja_interfaces/msg/object_distance.hpp
[0.929s] -- Up-to-date symlink: /home/pavithra/Intelligence_ABAJA-26/ros2_ws/install/abaja_interfaces/include/abaja_interfaces/abaja_interfaces/msg/object_distance_array.hpp
[0.929s] -- Up-to-date symlink: /home/pavithra/Intelligence_ABAJA-26/ros2_ws/install/abaja_interfaces/include/abaja_interfaces/abaja_interfaces/msg/rosidl_generator_cpp__visibility_control.hpp
[0.930s] -- Up-to-date symlink: /home/pavithra/Intelligence_ABAJA-26/ros2_ws/install/abaja_interfaces/include/abaja_interfaces/abaja_interfaces/msg/safety_state.hpp
[0.930s] -- Up-to-date symlink: /home/pavithra/Intelligence_ABAJA-26/ros2_ws/install/abaja_interfaces/include/abaja_interfaces/abaja_interfaces/msg/steering_feedback.hpp
[0.930s] -- Up-to-date symlink: /home/pavithra/Intelligence_ABAJA-26/ros2_ws/install/abaja_interfaces/include/abaja_interfaces/abaja_interfaces/msg/ttc_status.hpp
[0.931s] -- Up-to-date symlink: /home/pavithra/Intelligence_ABAJA-26/ros2_ws/install/abaja_interfaces/include/abaja_interfaces/abaja_interfaces/msg/vehicle_state.hpp
[0.931s] -- Up-to-date symlink: /home/pavithra/Intelligence_ABAJA-26/ros2_ws/install/abaja_interfaces/include/abaja_interfaces/abaja_interfaces/msg/wheel_speed.hpp
[0.931s] -- Up-to-date symlink: /home/pavithra/Intelligence_ABAJA-26/ros2_ws/install/abaja_interfaces/include/abaja_interfaces/abaja_interfaces/msg/detail/aeb_status__rosidl_typesupport_fastrtps_cpp.hpp
[0.931s] -- Up-to-date symlink: /home/pavithra/Intelligence_ABAJA-26/ros2_ws/install/abaja_interfaces/include/abaja_interfaces/abaja_interfaces/msg/detail/battery_status__rosidl_typesupport_fastrtps_cpp.hpp
[0.931s] -- Up-to-date symlink: /home/pavithra/Intelligence_ABAJA-26/ros2_ws/install/abaja_interfaces/include/abaja_interfaces/abaja_interfaces/msg/detail/control_cmd__rosidl_typesupport_fastrtps_cpp.hpp
[0.931s] -- Up-to-date symlink: /home/pavithra/Intelligence_ABAJA-26/ros2_ws/install/abaja_interfaces/include/abaja_interfaces/abaja_interfaces/msg/detail/dbw_cmd__rosidl_typesupport_fastrtps_cpp.hpp
[0.932s] -- Up-to-date symlink: /home/pavithra/Intelligence_ABAJA-26/ros2_ws/install/abaja_interfaces/include/abaja_interfaces/abaja_interfaces/msg/detail/dbw_status__rosidl_typesupport_fastrtps_cpp.hpp
[0.932s] -- Up-to-date symlink: /home/pavithra/Intelligence_ABAJA-26/ros2_ws/install/abaja_interfaces/include/abaja_interfaces/abaja_interfaces/msg/detail/detected_object__rosidl_typesupport_fastrtps_cpp.hpp
[0.932s] -- Up-to-date symlink: /home/pavithra/Intelligence_ABAJA-26/ros2_ws/install/abaja_interfaces/include/abaja_interfaces/abaja_interfaces/msg/detail/detected_object_array__rosidl_typesupport_fastrtps_cpp.hpp
[0.932s] -- Up-to-date symlink: /home/pavithra/Intelligence_ABAJA-26/ros2_ws/install/abaja_interfaces/include/abaja_interfaces/abaja_interfaces/msg/detail/lane_marking__rosidl_typesupport_fastrtps_cpp.hpp
[0.932s] -- Up-to-date symlink: /home/pavithra/Intelligence_ABAJA-26/ros2_ws/install/abaja_interfaces/include/abaja_interfaces/abaja_interfaces/msg/detail/lane_state__rosidl_typesupport_fastrtps_cpp.hpp
[0.932s] -- Up-to-date symlink: /home/pavithra/Intelligence_ABAJA-26/ros2_ws/install/abaja_interfaces/include/abaja_interfaces/abaja_interfaces/msg/detail/mode_status__rosidl_typesupport_fastrtps_cpp.hpp
[0.933s] -- Up-to-date symlink: /home/pavithra/Intelligence_ABAJA-26/ros2_ws/install/abaja_interfaces/include/abaja_interfaces/abaja_interfaces/msg/detail/object_distance__rosidl_typesupport_fastrtps_cpp.hpp
[0.933s] -- Up-to-date symlink: /home/pavithra/Intelligence_ABAJA-26/ros2_ws/install/abaja_interfaces/include/abaja_interfaces/abaja_interfaces/msg/detail/object_distance_array__rosidl_typesupport_fastrtps_cpp.hpp
[0.933s] -- Up-to-date symlink: /home/pavithra/Intelligence_ABAJA-26/ros2_ws/install/abaja_interfaces/include/abaja_interfaces/abaja_interfaces/msg/detail/safety_state__rosidl_typesupport_fastrtps_cpp.hpp
[0.933s] -- Up-to-date symlink: /home/pavithra/Intelligence_ABAJA-26/ros2_ws/install/abaja_interfaces/include/abaja_interfaces/abaja_interfaces/msg/detail/steering_feedback__rosidl_typesupport_fastrtps_cpp.hpp
[0.933s] -- Up-to-date symlink: /home/pavithra/Intelligence_ABAJA-26/ros2_ws/install/abaja_interfaces/include/abaja_interfaces/abaja_interfaces/msg/detail/ttc_status__rosidl_typesupport_fastrtps_cpp.hpp
[0.933s] -- Up-to-date symlink: /home/pavithra/Intelligence_ABAJA-26/ros2_ws/install/abaja_interfaces/include/abaja_interfaces/abaja_interfaces/msg/detail/vehicle_state__rosidl_typesupport_fastrtps_cpp.hpp
[0.933s] -- Up-to-date symlink: /home/pavithra/Intelligence_ABAJA-26/ros2_ws/install/abaja_interfaces/include/abaja_interfaces/abaja_interfaces/msg/detail/wheel_speed__rosidl_typesupport_fastrtps_cpp.hpp
[0.933s] -- Up-to-date symlink: /home/pavithra/Intelligence_ABAJA-26/ros2_ws/install/abaja_interfaces/include/abaja_interfaces/abaja_interfaces/msg/rosidl_typesupport_fastrtps_cpp__visibility_control.h
[0.934s] -- Up-to-date symlink: /home/pavithra/Intelligence_ABAJA-26/ros2_ws/install/abaja_interfaces/include/abaja_interfaces/abaja_interfaces/msg/detail/aeb_status__rosidl_typesupport_introspection_cpp.hpp
[0.934s] -- Up-to-date symlink: /home/pavithra/Intelligence_ABAJA-26/ros2_ws/install/abaja_interfaces/include/abaja_interfaces/abaja_interfaces/msg/detail/battery_status__rosidl_typesupport_introspection_cpp.hpp
[0.934s] -- Up-to-date symlink: /home/pavithra/Intelligence_ABAJA-26/ros2_ws/install/abaja_interfaces/include/abaja_interfaces/abaja_interfaces/msg/detail/control_cmd__rosidl_typesupport_introspection_cpp.hpp
[0.934s] -- Up-to-date symlink: /home/pavithra/Intelligence_ABAJA-26/ros2_ws/install/abaja_interfaces/include/abaja_interfaces/abaja_interfaces/msg/detail/dbw_cmd__rosidl_typesupport_introspection_cpp.hpp
[0.934s] -- Up-to-date symlink: /home/pavithra/Intelligence_ABAJA-26/ros2_ws/install/abaja_interfaces/include/abaja_interfaces/abaja_interfaces/msg/detail/dbw_status__rosidl_typesupport_introspection_cpp.hpp
[0.934s] -- Up-to-date symlink: /home/pavithra/Intelligence_ABAJA-26/ros2_ws/install/abaja_interfaces/include/abaja_interfaces/abaja_interfaces/msg/detail/detected_object__rosidl_typesupport_introspection_cpp.hpp
[0.934s] -- Up-to-date symlink: /home/pavithra/Intelligence_ABAJA-26/ros2_ws/install/abaja_interfaces/include/abaja_interfaces/abaja_interfaces/msg/detail/detected_object_array__rosidl_typesupport_introspection_cpp.hpp
[0.935s] -- Up-to-date symlink: /home/pavithra/Intelligence_ABAJA-26/ros2_ws/install/abaja_interfaces/include/abaja_interfaces/abaja_interfaces/msg/detail/lane_marking__rosidl_typesupport_introspection_cpp.hpp
[0.935s] -- Up-to-date symlink: /home/pavithra/Intelligence_ABAJA-26/ros2_ws/install/abaja_interfaces/include/abaja_interfaces/abaja_interfaces/msg/detail/lane_state__rosidl_typesupport_introspection_cpp.hpp
[0.935s] -- Up-to-date symlink: /home/pavithra/Intelligence_ABAJA-26/ros2_ws/install/abaja_interfaces/include/abaja_interfaces/abaja_interfaces/msg/detail/mode_status__rosidl_typesupport_introspection_cpp.hpp
[0.935s] -- Up-to-date symlink: /home/pavithra/Intelligence_ABAJA-26/ros2_ws/install/abaja_interfaces/include/abaja_interfaces/abaja_interfaces/msg/detail/object_distance__rosidl_typesupport_introspection_cpp.hpp
[0.935s] -- Up-to-date symlink: /home/pavithra/Intelligence_ABAJA-26/ros2_ws/install/abaja_interfaces/include/abaja_interfaces/abaja_interfaces/msg/detail/object_distance_array__rosidl_typesupport_introspection_cpp.hpp
[0.935s] -- Up-to-date symlink: /home/pavithra/Intelligence_ABAJA-26/ros2_ws/install/abaja_interfaces/include/abaja_interfaces/abaja_interfaces/msg/detail/safety_state__rosidl_typesupport_introspection_cpp.hpp
[0.935s] -- Up-to-date symlink: /home/pavithra/Intelligence_ABAJA-26/ros2_ws/install/abaja_interfaces/include/abaja_interfaces/abaja_interfaces/msg/detail/steering_feedback__rosidl_typesupport_introspection_cpp.hpp
[0.936s] -- Up-to-date symlink: /home/pavithra/Intelligence_ABAJA-26/ros2_ws/install/abaja_interfaces/include/abaja_interfaces/abaja_interfaces/msg/detail/ttc_status__rosidl_typesupport_introspection_cpp.hpp
[0.936s] -- Up-to-date symlink: /home/pavithra/Intelligence_ABAJA-26/ros2_ws/install/abaja_interfaces/include/abaja_interfaces/abaja_interfaces/msg/detail/vehicle_state__rosidl_typesupport_introspection_cpp.hpp
[0.936s] -- Up-to-date symlink: /home/pavithra/Intelligence_ABAJA-26/ros2_ws/install/abaja_interfaces/include/abaja_interfaces/abaja_interfaces/msg/detail/wheel_speed__rosidl_typesupport_introspection_cpp.hpp
[0.936s] -- Up-to-date symlink: /home/pavithra/Intelligence_ABAJA-26/ros2_ws/install/abaja_interfaces/share/abaja_interfaces/environment/pythonpath.sh
[0.936s] -- Up-to-date symlink: /home/pavithra/Intelligence_ABAJA-26/ros2_ws/install/abaja_interfaces/share/abaja_interfaces/environment/pythonpath.dsv
[0.936s] -- Up-to-date symlink: /home/pavithra/Intelligence_ABAJA-26/ros2_ws/install/abaja_interfaces/lib/python3.12/site-packages/abaja_interfaces-0.0.0-py3.12.egg-info/PKG-INFO
[0.937s] -- Up-to-date symlink: /home/pavithra/Intelligence_ABAJA-26/ros2_ws/install/abaja_interfaces/lib/python3.12/site-packages/abaja_interfaces-0.0.0-py3.12.egg-info/SOURCES.txt
[0.937s] -- Up-to-date symlink: /home/pavithra/Intelligence_ABAJA-26/ros2_ws/install/abaja_interfaces/lib/python3.12/site-packages/abaja_interfaces-0.0.0-py3.12.egg-info/dependency_links.txt
[0.937s] -- Up-to-date symlink: /home/pavithra/Intelligence_ABAJA-26/ros2_ws/install/abaja_interfaces/lib/python3.12/site-packages/abaja_interfaces-0.0.0-py3.12.egg-info/top_level.txt
[0.937s] -- Up-to-date symlink: /home/pavithra/Intelligence_ABAJA-26/ros2_ws/install/abaja_interfaces/lib/python3.12/site-packages/abaja_interfaces/__init__.py
[0.937s] -- Up-to-date symlink: /home/pavithra/Intelligence_ABAJA-26/ros2_ws/install/abaja_interfaces/lib/python3.12/site-packages/abaja_interfaces/_abaja_interfaces_s.ep.rosidl_typesupport_c.c
[0.937s] -- Up-to-date symlink: /home/pavithra/Intelligence_ABAJA-26/ros2_ws/install/abaja_interfaces/lib/python3.12/site-packages/abaja_interfaces/_abaja_interfaces_s.ep.rosidl_typesupport_fastrtps_c.c
[0.937s] -- Up-to-date symlink: /home/pavithra/Intelligence_ABAJA-26/ros2_ws/install/abaja_interfaces/lib/python3.12/site-packages/abaja_interfaces/_abaja_interfaces_s.ep.rosidl_typesupport_introspection_c.c
[0.938s] -- Up-to-date symlink: /home/pavithra/Intelligence_ABAJA-26/ros2_ws/install/abaja_interfaces/lib/python3.12/site-packages/abaja_interfaces/abaja_interfaces_s__rosidl_typesupport_c.so
[0.938s] -- Up-to-date symlink: /home/pavithra/Intelligence_ABAJA-26/ros2_ws/install/abaja_interfaces/lib/python3.12/site-packages/abaja_interfaces/abaja_interfaces_s__rosidl_typesupport_fastrtps_c.so
[0.938s] -- Up-to-date symlink: /home/pavithra/Intelligence_ABAJA-26/ros2_ws/install/abaja_interfaces/lib/python3.12/site-packages/abaja_interfaces/abaja_interfaces_s__rosidl_typesupport_introspection_c.so
[0.938s] -- Up-to-date symlink: /home/pavithra/Intelligence_ABAJA-26/ros2_ws/install/abaja_interfaces/lib/python3.12/site-packages/abaja_interfaces/msg/__init__.py
[0.938s] -- Up-to-date symlink: /home/pavithra/Intelligence_ABAJA-26/ros2_ws/install/abaja_interfaces/lib/python3.12/site-packages/abaja_interfaces/msg/_aeb_status.py
[0.938s] -- Up-to-date symlink: /home/pavithra/Intelligence_ABAJA-26/ros2_ws/install/abaja_interfaces/lib/python3.12/site-packages/abaja_interfaces/msg/_aeb_status_s.c
[0.938s] -- Up-to-date symlink: /home/pavithra/Intelligence_ABAJA-26/ros2_ws/install/abaja_interfaces/lib/python3.12/site-packages/abaja_interfaces/msg/_battery_status.py
[0.938s] -- Up-to-date symlink: /home/pavithra/Intelligence_ABAJA-26/ros2_ws/install/abaja_interfaces/lib/python3.12/site-packages/abaja_interfaces/msg/_battery_status_s.c
[0.939s] -- Up-to-date symlink: /home/pavithra/Intelligence_ABAJA-26/ros2_ws/install/abaja_interfaces/lib/python3.12/site-packages/abaja_interfaces/msg/_control_cmd.py
[0.939s] -- Up-to-date symlink: /home/pavithra/Intelligence_ABAJA-26/ros2_ws/install/abaja_interfaces/lib/python3.12/site-packages/abaja_interfaces/msg/_control_cmd_s.c
[0.939s] -- Up-to-date symlink: /home/pavithra/Intelligence_ABAJA-26/ros2_ws/install/abaja_interfaces/lib/python3.12/site-packages/abaja_interfaces/msg/_dbw_cmd.py
[0.939s] -- Up-to-date symlink: /home/pavithra/Intelligence_ABAJA-26/ros2_ws/install/abaja_interfaces/lib/python3.12/site-packages/abaja_interfaces/msg/_dbw_cmd_s.c
[0.939s] -- Up-to-date symlink: /home/pavithra/Intelligence_ABAJA-26/ros2_ws/install/abaja_interfaces/lib/python3.12/site-packages/abaja_interfaces/msg/_dbw_status.py
[0.939s] -- Up-to-date symlink: /home/pavithra/Intelligence_ABAJA-26/ros2_ws/install/abaja_interfaces/lib/python3.12/site-packages/abaja_interfaces/msg/_dbw_status_s.c
[0.939s] -- Up-to-date symlink: /home/pavithra/Intelligence_ABAJA-26/ros2_ws/install/abaja_interfaces/lib/python3.12/site-packages/abaja_interfaces/msg/_detected_object.py
[0.939s] -- Up-to-date symlink: /home/pavithra/Intelligence_ABAJA-26/ros2_ws/install/abaja_interfaces/lib/python3.12/site-packages/abaja_interfaces/msg/_detected_object_array.py
[0.939s] -- Up-to-date symlink: /home/pavithra/Intelligence_ABAJA-26/ros2_ws/install/abaja_interfaces/lib/python3.12/site-packages/abaja_interfaces/msg/_detected_object_array_s.c
[0.939s] -- Up-to-date symlink: /home/pavithra/Intelligence_ABAJA-26/ros2_ws/install/abaja_interfaces/lib/python3.12/site-packages/abaja_interfaces/msg/_detected_object_s.c
[0.940s] -- Up-to-date symlink: /home/pavithra/Intelligence_ABAJA-26/ros2_ws/install/abaja_interfaces/lib/python3.12/site-packages/abaja_interfaces/msg/_lane_marking.py
[0.940s] -- Up-to-date symlink: /home/pavithra/Intelligence_ABAJA-26/ros2_ws/install/abaja_interfaces/lib/python3.12/site-packages/abaja_interfaces/msg/_lane_marking_s.c
[0.940s] -- Up-to-date symlink: /home/pavithra/Intelligence_ABAJA-26/ros2_ws/install/abaja_interfaces/lib/python3.12/site-packages/abaja_interfaces/msg/_lane_state.py
[0.940s] -- Up-to-date symlink: /home/pavithra/Intelligence_ABAJA-26/ros2_ws/install/abaja_interfaces/lib/python3.12/site-packages/abaja_interfaces/msg/_lane_state_s.c
[0.940s] -- Up-to-date symlink: /home/pavithra/Intelligence_ABAJA-26/ros2_ws/install/abaja_interfaces/lib/python3.12/site-packages/abaja_interfaces/msg/_mode_status.py
[0.940s] -- Up-to-date symlink: /home/pavithra/Intelligence_ABAJA-26/ros2_ws/install/abaja_interfaces/lib/python3.12/site-packages/abaja_interfaces/msg/_mode_status_s.c
[0.940s] -- Up-to-date symlink: /home/pavithra/Intelligence_ABAJA-26/ros2_ws/install/abaja_interfaces/lib/python3.12/site-packages/abaja_interfaces/msg/_object_distance.py
[0.940s] -- Up-to-date symlink: /home/pavithra/Intelligence_ABAJA-26/ros2_ws/install/abaja_interfaces/lib/python3.12/site-packages/abaja_interfaces/msg/_object_distance_array.py
[0.940s] -- Up-to-date symlink: /home/pavithra/Intelligence_ABAJA-26/ros2_ws/install/abaja_interfaces/lib/python3.12/site-packages/abaja_interfaces/msg/_object_distance_array_s.c
[0.941s] -- Up-to-date symlink: /home/pavithra/Intelligence_ABAJA-26/ros2_ws/install/abaja_interfaces/lib/python3.12/site-packages/abaja_interfaces/msg/_object_distance_s.c
[0.941s] -- Up-to-date symlink: /home/pavithra/Intelligence_ABAJA-26/ros2_ws/install/abaja_interfaces/lib/python3.12/site-packages/abaja_interfaces/msg/_safety_state.py
[0.941s] -- Up-to-date symlink: /home/pavithra/Intelligence_ABAJA-26/ros2_ws/install/abaja_interfaces/lib/python3.12/site-packages/abaja_interfaces/msg/_safety_state_s.c
[0.941s] -- Up-to-date symlink: /home/pavithra/Intelligence_ABAJA-26/ros2_ws/install/abaja_interfaces/lib/python3.12/site-packages/abaja_interfaces/msg/_steering_feedback.py
[0.941s] -- Up-to-date symlink: /home/pavithra/Intelligence_ABAJA-26/ros2_ws/install/abaja_interfaces/lib/python3.12/site-packages/abaja_interfaces/msg/_steering_feedback_s.c
[0.941s] -- Up-to-date symlink: /home/pavithra/Intelligence_ABAJA-26/ros2_ws/install/abaja_interfaces/lib/python3.12/site-packages/abaja_interfaces/msg/_ttc_status.py
[0.941s] -- Up-to-date symlink: /home/pavithra/Intelligence_ABAJA-26/ros2_ws/install/abaja_interfaces/lib/python3.12/site-packages/abaja_interfaces/msg/_ttc_status_s.c
[0.941s] -- Up-to-date symlink: /home/pavithra/Intelligence_ABAJA-26/ros2_ws/install/abaja_interfaces/lib/python3.12/site-packages/abaja_interfaces/msg/_vehicle_state.py
[0.941s] -- Up-to-date symlink: /home/pavithra/Intelligence_ABAJA-26/ros2_ws/install/abaja_interfaces/lib/python3.12/site-packages/abaja_interfaces/msg/_vehicle_state_s.c
[0.942s] -- Up-to-date symlink: /home/pavithra/Intelligence_ABAJA-26/ros2_ws/install/abaja_interfaces/lib/python3.12/site-packages/abaja_interfaces/msg/_wheel_speed.py
[0.942s] -- Up-to-date symlink: /home/pavithra/Intelligence_ABAJA-26/ros2_ws/install/abaja_interfaces/lib/python3.12/site-packages/abaja_interfaces/msg/_wheel_speed_s.c
[0.942s] -- Up-to-date symlink: /home/pavithra/Intelligence_ABAJA-26/ros2_ws/install/abaja_interfaces/lib/python3.12/site-packages/abaja_interfaces/abaja_interfaces_s__rosidl_typesupport_fastrtps_c.so
[0.942s] -- Up-to-date symlink: /home/pavithra/Intelligence_ABAJA-26/ros2_ws/install/abaja_interfaces/lib/python3.12/site-packages/abaja_interfaces/abaja_interfaces_s__rosidl_typesupport_introspection_c.so
[0.942s] -- Up-to-date symlink: /home/pavithra/Intelligence_ABAJA-26/ros2_ws/install/abaja_interfaces/lib/python3.12/site-packages/abaja_interfaces/abaja_interfaces_s__rosidl_typesupport_c.so
[0.942s] -- Up-to-date symlink: /home/pavithra/Intelligence_ABAJA-26/ros2_ws/install/abaja_interfaces/share/ament_index/resource_index/rust_packages/abaja_interfaces
[0.942s] -- Up-to-date symlink: /home/pavithra/Intelligence_ABAJA-26/ros2_ws/install/abaja_interfaces/share/abaja_interfaces/rust/Cargo.toml
[0.942s] -- Up-to-date symlink: /home/pavithra/Intelligence_ABAJA-26/ros2_ws/install/abaja_interfaces/share/abaja_interfaces/rust/build.rs
[0.942s] -- Up-to-date symlink: /home/pavithra/Intelligence_ABAJA-26/ros2_ws/install/abaja_interfaces/share/abaja_interfaces/rust/src/lib.rs
[0.943s] -- Up-to-date symlink: /home/pavithra/Intelligence_ABAJA-26/ros2_ws/install/abaja_interfaces/share/abaja_interfaces/rust/src/msg.rs
[0.943s] -- Up-to-date symlink: /home/pavithra/Intelligence_ABAJA-26/ros2_ws/install/abaja_interfaces/share/abaja_interfaces/rust/src/msg/rmw.rs
[0.943s] -- Up-to-date symlink: /home/pavithra/Intelligence_ABAJA-26/ros2_ws/install/abaja_interfaces/share/abaja_interfaces/msg/ControlCmd.idl
[0.943s] -- Up-to-date symlink: /home/pavithra/Intelligence_ABAJA-26/ros2_ws/install/abaja_interfaces/share/abaja_interfaces/msg/VehicleState.idl
[0.943s] -- Up-to-date symlink: /home/pavithra/Intelligence_ABAJA-26/ros2_ws/install/abaja_interfaces/share/abaja_interfaces/msg/WheelSpeed.idl
[0.943s] -- Up-to-date symlink: /home/pavithra/Intelligence_ABAJA-26/ros2_ws/install/abaja_interfaces/share/abaja_interfaces/msg/SteeringFeedback.idl
[0.943s] -- Up-to-date symlink: /home/pavithra/Intelligence_ABAJA-26/ros2_ws/install/abaja_interfaces/share/abaja_interfaces/msg/BatteryStatus.idl
[0.943s] -- Up-to-date symlink: /home/pavithra/Intelligence_ABAJA-26/ros2_ws/install/abaja_interfaces/share/abaja_interfaces/msg/ModeStatus.idl
[0.943s] -- Up-to-date symlink: /home/pavithra/Intelligence_ABAJA-26/ros2_ws/install/abaja_interfaces/share/abaja_interfaces/msg/DbwCmd.idl
[0.943s] -- Up-to-date symlink: /home/pavithra/Intelligence_ABAJA-26/ros2_ws/install/abaja_interfaces/share/abaja_interfaces/msg/DbwStatus.idl
[0.944s] -- Up-to-date symlink: /home/pavithra/Intelligence_ABAJA-26/ros2_ws/install/abaja_interfaces/share/abaja_interfaces/msg/DetectedObject.idl
[0.944s] -- Up-to-date symlink: /home/pavithra/Intelligence_ABAJA-26/ros2_ws/install/abaja_interfaces/share/abaja_interfaces/msg/DetectedObjectArray.idl
[0.944s] -- Up-to-date symlink: /home/pavithra/Intelligence_ABAJA-26/ros2_ws/install/abaja_interfaces/share/abaja_interfaces/msg/LaneMarking.idl
[0.944s] -- Up-to-date symlink: /home/pavithra/Intelligence_ABAJA-26/ros2_ws/install/abaja_interfaces/share/abaja_interfaces/msg/LaneState.idl
[0.944s] -- Up-to-date symlink: /home/pavithra/Intelligence_ABAJA-26/ros2_ws/install/abaja_interfaces/share/abaja_interfaces/msg/ObjectDistance.idl
[0.944s] -- Up-to-date symlink: /home/pavithra/Intelligence_ABAJA-26/ros2_ws/install/abaja_interfaces/share/abaja_interfaces/msg/ObjectDistanceArray.idl
[0.944s] -- Up-to-date symlink: /home/pavithra/Intelligence_ABAJA-26/ros2_ws/install/abaja_interfaces/share/abaja_interfaces/msg/TTCStatus.idl
[0.944s] -- Up-to-date symlink: /home/pavithra/Intelligence_ABAJA-26/ros2_ws/install/abaja_interfaces/share/abaja_interfaces/msg/AEBStatus.idl
[0.944s] -- Up-to-date symlink: /home/pavithra/Intelligence_ABAJA-26/ros2_ws/install/abaja_interfaces/share/abaja_interfaces/msg/SafetyState.idl
[0.945s] -- Up-to-date symlink: /home/pavithra/Intelligence_ABAJA-26/ros2_ws/install/abaja_interfaces/share/abaja_interfaces/msg/ControlCmd.msg
[0.945s] -- Up-to-date symlink: /home/pavithra/Intelligence_ABAJA-26/ros2_ws/install/abaja_interfaces/share/abaja_interfaces/msg/VehicleState.msg
[0.945s] -- Up-to-date symlink: /home/pavithra/Intelligence_ABAJA-26/ros2_ws/install/abaja_interfaces/share/abaja_interfaces/msg/WheelSpeed.msg
[0.945s] -- Up-to-date symlink: /home/pavithra/Intelligence_ABAJA-26/ros2_ws/install/abaja_interfaces/share/abaja_interfaces/msg/SteeringFeedback.msg
[0.945s] -- Up-to-date symlink: /home/pavithra/Intelligence_ABAJA-26/ros2_ws/install/abaja_interfaces/share/abaja_interfaces/msg/BatteryStatus.msg
[0.945s] -- Up-to-date symlink: /home/pavithra/Intelligence_ABAJA-26/ros2_ws/install/abaja_interfaces/share/abaja_interfaces/msg/ModeStatus.msg
[0.945s] -- Up-to-date symlink: /home/pavithra/Intelligence_ABAJA-26/ros2_ws/install/abaja_interfaces/share/abaja_interfaces/msg/DbwCmd.msg
[0.945s] -- Up-to-date symlink: /home/pavithra/Intelligence_ABAJA-26/ros2_ws/install/abaja_interfaces/share/abaja_interfaces/msg/DbwStatus.msg
[0.945s] -- Up-to-date symlink: /home/pavithra/Intelligence_ABAJA-26/ros2_ws/install/abaja_interfaces/share/abaja_interfaces/msg/DetectedObject.msg
[0.946s] -- Up-to-date symlink: /home/pavithra/Intelligence_ABAJA-26/ros2_ws/install/abaja_interfaces/share/abaja_interfaces/msg/DetectedObjectArray.msg
[0.946s] -- Up-to-date symlink: /home/pavithra/Intelligence_ABAJA-26/ros2_ws/install/abaja_interfaces/share/abaja_interfaces/msg/LaneMarking.msg
[0.946s] -- Up-to-date symlink: /home/pavithra/Intelligence_ABAJA-26/ros2_ws/install/abaja_interfaces/share/abaja_interfaces/msg/LaneState.msg
[0.946s] -- Up-to-date symlink: /home/pavithra/Intelligence_ABAJA-26/ros2_ws/install/abaja_interfaces/share/abaja_interfaces/msg/ObjectDistance.msg
[0.946s] -- Up-to-date symlink: /home/pavithra/Intelligence_ABAJA-26/ros2_ws/install/abaja_interfaces/share/abaja_interfaces/msg/ObjectDistanceArray.msg
[0.946s] -- Up-to-date symlink: /home/pavithra/Intelligence_ABAJA-26/ros2_ws/install/abaja_interfaces/share/abaja_interfaces/msg/TTCStatus.msg
[0.946s] -- Up-to-date symlink: /home/pavithra/Intelligence_ABAJA-26/ros2_ws/install/abaja_interfaces/share/abaja_interfaces/msg/AEBStatus.msg
[0.946s] -- Up-to-date symlink: /home/pavithra/Intelligence_ABAJA-26/ros2_ws/install/abaja_interfaces/share/abaja_interfaces/msg/SafetyState.msg
[0.947s] -- Up-to-date symlink: /home/pavithra/Intelligence_ABAJA-26/ros2_ws/install/abaja_interfaces/share/ament_index/resource_index/package_run_dependencies/abaja_interfaces
[0.947s] -- Up-to-date symlink: /home/pavithra/Intelligence_ABAJA-26/ros2_ws/install/abaja_interfaces/share/ament_index/resource_index/parent_prefix_path/abaja_interfaces
[0.947s] -- Up-to-date symlink: /home/pavithra/Intelligence_ABAJA-26/ros2_ws/install/abaja_interfaces/share/abaja_interfaces/environment/ament_prefix_path.sh
[0.947s] -- Up-to-date symlink: /home/pavithra/Intelligence_ABAJA-26/ros2_ws/install/abaja_interfaces/share/abaja_interfaces/environment/ament_prefix_path.dsv
[0.947s] -- Up-to-date symlink: /home/pavithra/Intelligence_ABAJA-26/ros2_ws/install/abaja_interfaces/share/abaja_interfaces/environment/path.sh
[0.947s] -- Up-to-date symlink: /home/pavithra/Intelligence_ABAJA-26/ros2_ws/install/abaja_interfaces/share/abaja_interfaces/environment/path.dsv
[0.948s] -- Up-to-date symlink: /home/pavithra/Intelligence_ABAJA-26/ros2_ws/install/abaja_interfaces/share/abaja_interfaces/local_setup.bash
[0.948s] -- Up-to-date symlink: /home/pavithra/Intelligence_ABAJA-26/ros2_ws/install/abaja_interfaces/share/abaja_interfaces/local_setup.sh
[0.948s] -- Up-to-date symlink: /home/pavithra/Intelligence_ABAJA-26/ros2_ws/install/abaja_interfaces/share/abaja_interfaces/local_setup.zsh
[0.948s] -- Up-to-date symlink: /home/pavithra/Intelligence_ABAJA-26/ros2_ws/install/abaja_interfaces/share/abaja_interfaces/local_setup.dsv
[0.948s] -- Symlinking: /home/pavithra/Intelligence_ABAJA-26/ros2_ws/install/abaja_interfaces/share/abaja_interfaces/package.dsv
[0.948s] -- Up-to-date symlink: /home/pavithra/Intelligence_ABAJA-26/ros2_ws/install/abaja_interfaces/share/ament_index/resource_index/packages/abaja_interfaces
[0.948s] -- Up-to-date symlink: /home/pavithra/Intelligence_ABAJA-26/ros2_ws/install/abaja_interfaces/share/abaja_interfaces/cmake/rosidl_cmake-extras.cmake
[0.949s] -- Up-to-date symlink: /home/pavithra/Intelligence_ABAJA-26/ros2_ws/install/abaja_interfaces/share/abaja_interfaces/cmake/ament_cmake_export_dependencies-extras.cmake
[0.949s] -- Up-to-date symlink: /home/pavithra/Intelligence_ABAJA-26/ros2_ws/install/abaja_interfaces/share/abaja_interfaces/cmake/ament_cmake_export_include_directories-extras.cmake
[0.949s] -- Up-to-date symlink: /home/pavithra/Intelligence_ABAJA-26/ros2_ws/install/abaja_interfaces/share/abaja_interfaces/cmake/ament_cmake_export_libraries-extras.cmake
[0.949s] -- Up-to-date symlink: /home/pavithra/Intelligence_ABAJA-26/ros2_ws/install/abaja_interfaces/share/abaja_interfaces/cmake/ament_cmake_export_targets-extras.cmake
[0.949s] -- Up-to-date symlink: /home/pavithra/Intelligence_ABAJA-26/ros2_ws/install/abaja_interfaces/share/abaja_interfaces/cmake/rosidl_cmake_export_typesupport_targets-extras.cmake
[0.949s] -- Up-to-date symlink: /home/pavithra/Intelligence_ABAJA-26/ros2_ws/install/abaja_interfaces/share/abaja_interfaces/cmake/rosidl_cmake_export_typesupport_libraries-extras.cmake
[0.949s] -- Up-to-date symlink: /home/pavithra/Intelligence_ABAJA-26/ros2_ws/install/abaja_interfaces/share/abaja_interfaces/cmake/abaja_interfacesConfig.cmake
[0.950s] -- Up-to-date symlink: /home/pavithra/Intelligence_ABAJA-26/ros2_ws/install/abaja_interfaces/share/abaja_interfaces/cmake/abaja_interfacesConfig-version.cmake
[0.950s] -- Up-to-date symlink: /home/pavithra/Intelligence_ABAJA-26/ros2_ws/install/abaja_interfaces/share/abaja_interfaces/package.xml
[0.950s] -- Up-to-date: /home/pavithra/Intelligence_ABAJA-26/ros2_ws/install/abaja_interfaces/lib/libabaja_interfaces__rosidl_generator_c.so
[0.950s] -- Up-to-date: /home/pavithra/Intelligence_ABAJA-26/ros2_ws/install/abaja_interfaces/lib/libabaja_interfaces__rosidl_typesupport_fastrtps_c.so
[0.951s] -- Up-to-date: /home/pavithra/Intelligence_ABAJA-26/ros2_ws/install/abaja_interfaces/lib/libabaja_interfaces__rosidl_typesupport_introspection_c.so
[0.951s] -- Up-to-date: /home/pavithra/Intelligence_ABAJA-26/ros2_ws/install/abaja_interfaces/lib/libabaja_interfaces__rosidl_typesupport_c.so
[0.951s] -- Up-to-date: /home/pavithra/Intelligence_ABAJA-26/ros2_ws/install/abaja_interfaces/lib/libabaja_interfaces__rosidl_typesupport_fastrtps_cpp.so
[0.951s] -- Up-to-date: /home/pavithra/Intelligence_ABAJA-26/ros2_ws/install/abaja_interfaces/lib/libabaja_interfaces__rosidl_typesupport_introspection_cpp.so
[0.952s] -- Up-to-date: /home/pavithra/Intelligence_ABAJA-26/ros2_ws/install/abaja_interfaces/lib/libabaja_interfaces__rosidl_typesupport_cpp.so
[1.002s] Listing '/home/pavithra/Intelligence_ABAJA-26/ros2_ws/install/abaja_interfaces/lib/python3.12/site-packages/abaja_interfaces'...
[1.002s] Listing '/home/pavithra/Intelligence_ABAJA-26/ros2_ws/install/abaja_interfaces/lib/python3.12/site-packages/abaja_interfaces/msg'...
[1.010s] -- Up-to-date: /home/pavithra/Intelligence_ABAJA-26/ros2_ws/install/abaja_interfaces/lib/libabaja_interfaces__rosidl_generator_py.so
[1.010s] -- Up-to-date: /home/pavithra/Intelligence_ABAJA-26/ros2_ws/install/abaja_interfaces/share/abaja_interfaces/cmake/export_abaja_interfaces__rosidl_generator_cExport.cmake
[1.010s] -- Up-to-date: /home/pavithra/Intelligence_ABAJA-26/ros2_ws/install/abaja_interfaces/share/abaja_interfaces/cmake/export_abaja_interfaces__rosidl_generator_cExport-noconfig.cmake
[1.010s] -- Up-to-date: /home/pavithra/Intelligence_ABAJA-26/ros2_ws/install/abaja_interfaces/share/abaja_interfaces/cmake/export_abaja_interfaces__rosidl_typesupport_fastrtps_cExport.cmake
[1.010s] -- Up-to-date: /home/pavithra/Intelligence_ABAJA-26/ros2_ws/install/abaja_interfaces/share/abaja_interfaces/cmake/export_abaja_interfaces__rosidl_typesupport_fastrtps_cExport-noconfig.cmake
[1.011s] -- Up-to-date: /home/pavithra/Intelligence_ABAJA-26/ros2_ws/install/abaja_interfaces/share/abaja_interfaces/cmake/abaja_interfaces__rosidl_typesupport_introspection_cExport.cmake
[1.011s] -- Up-to-date: /home/pavithra/Intelligence_ABAJA-26/ros2_ws/install/abaja_interfaces/share/abaja_interfaces/cmake/abaja_interfaces__rosidl_typesupport_introspection_cExport-noconfig.cmake
[1.011s] -- Up-to-date: /home/pavithra/Intelligence_ABAJA-26/ros2_ws/install/abaja_interfaces/share/abaja_interfaces/cmake/abaja_interfaces__rosidl_typesupport_cExport.cmake
[1.011s] -- Up-to-date: /home/pavithra/Intelligence_ABAJA-26/ros2_ws/install/abaja_interfaces/share/abaja_interfaces/cmake/abaja_interfaces__rosidl_typesupport_cExport-noconfig.cmake
[1.011s] -- Up-to-date: /home/pavithra/Intelligence_ABAJA-26/ros2_ws/install/abaja_interfaces/share/abaja_interfaces/cmake/export_abaja_interfaces__rosidl_generator_cppExport.cmake
[1.011s] -- Up-to-date: /home/pavithra/Intelligence_ABAJA-26/ros2_ws/install/abaja_interfaces/share/abaja_interfaces/cmake/export_abaja_interfaces__rosidl_typesupport_fastrtps_cppExport.cmake
[1.011s] -- Up-to-date: /home/pavithra/Intelligence_ABAJA-26/ros2_ws/install/abaja_interfaces/share/abaja_interfaces/cmake/export_abaja_interfaces__rosidl_typesupport_fastrtps_cppExport-noconfig.cmake
[1.011s] -- Up-to-date: /home/pavithra/Intelligence_ABAJA-26/ros2_ws/install/abaja_interfaces/share/abaja_interfaces/cmake/abaja_interfaces__rosidl_typesupport_introspection_cppExport.cmake
[1.012s] -- Up-to-date: /home/pavithra/Intelligence_ABAJA-26/ros2_ws/install/abaja_interfaces/share/abaja_interfaces/cmake/abaja_interfaces__rosidl_typesupport_introspection_cppExport-noconfig.cmake
[1.012s] -- Up-to-date: /home/pavithra/Intelligence_ABAJA-26/ros2_ws/install/abaja_interfaces/share/abaja_interfaces/cmake/abaja_interfaces__rosidl_typesupport_cppExport.cmake
[1.012s] -- Up-to-date: /home/pavithra/Intelligence_ABAJA-26/ros2_ws/install/abaja_interfaces/share/abaja_interfaces/cmake/abaja_interfaces__rosidl_typesupport_cppExport-noconfig.cmake
[1.012s] -- Up-to-date: /home/pavithra/Intelligence_ABAJA-26/ros2_ws/install/abaja_interfaces/share/abaja_interfaces/cmake/export_abaja_interfaces__rosidl_generator_pyExport.cmake
[1.012s] -- Up-to-date: /home/pavithra/Intelligence_ABAJA-26/ros2_ws/install/abaja_interfaces/share/abaja_interfaces/cmake/export_abaja_interfaces__rosidl_generator_pyExport-noconfig.cmake
[1.014s] Invoked command in '/home/pavithra/Intelligence_ABAJA-26/ros2_ws/build/abaja_interfaces' returned '0': CMAKE_PREFIX_PATH=${CMAKE_PREFIX_PATH}:/opt/ros/jazzy DEBUGINFOD_URLS=https://debuginfod.ubuntu.com /usr/bin/cmake --install /home/pavithra/Intelligence_ABAJA-26/ros2_ws/build/abaja_interfaces
