[0.113s] Invoking command in '/home/pavithra/ros2_ws/build/abaja_interfaces': CMAKE_PREFIX_PATH=${CMAKE_PREFIX_PATH}:/home/pavithra/ros2_ws/install/abaja_vehicle_state:/home/pavithra/ros2_ws/install/abaja_safety:/home/pavithra/ros2_ws/install/abaja_planning:/home/pavithra/ros2_ws/install/abaja_perception:/home/pavithra/ros2_ws/install/abaja_logging:/home/pavithra/ros2_ws/install/abaja_lane_detection:/home/pavithra/ros2_ws/install/abaja_dbw:/home/pavithra/ros2_ws/install/abaja_control:/home/pavithra/ros2_ws/install/abaja_dbw_bridge:/home/pavithra/ros2_ws/install/abaja_bringup:/home/pavithra/ros2_ws/install/abaja_teleop:/opt/ros/jazzy DEBUGINFOD_URLS=https://debuginfod.ubuntu.com /usr/bin/cmake --build /home/pavithra/ros2_ws/build/abaja_interfaces -- -j12 -l12
[2.118s] [  1%] Built target abaja_interfaces__rs
[2.120s] [  1%] Built target abaja_interfaces__rosidl_generator_type_description
[2.121s] [  1%] Built target ament_cmake_python_symlink_abaja_interfaces
[2.121s] [  1%] Built target abaja_interfaces__cpp
[2.122s] [ 27%] Built target abaja_interfaces__rosidl_generator_c
[2.123s] [ 36%] Built target abaja_interfaces__rosidl_typesupport_introspection_c
[2.123s] [ 46%] Built target abaja_interfaces__rosidl_typesupport_cpp
[2.123s] [ 56%] Built target abaja_interfaces__rosidl_typesupport_c
[2.123s] [ 66%] Built target abaja_interfaces__rosidl_typesupport_introspection_cpp
[2.123s] [ 83%] Built target abaja_interfaces__rosidl_typesupport_fastrtps_cpp
[2.124s] [ 85%] Built target abaja_interfaces__rosidl_typesupport_fastrtps_c
[2.124s] [ 85%] Built target abaja_interfaces
[2.124s] [ 86%] Built target abaja_interfaces__py
[2.124s] [ 95%] Built target abaja_interfaces__rosidl_generator_py
[2.125s] [ 99%] Built target abaja_interfaces_s__rosidl_typesupport_introspection_c
[2.125s] [100%] Built target abaja_interfaces_s__rosidl_typesupport_fastrtps_c
[2.125s] [ 99%] Built target abaja_interfaces_s__rosidl_typesupport_c
[2.125s] running egg_info
[2.125s] writing abaja_interfaces.egg-info/PKG-INFO
[2.125s] writing dependency_links to abaja_interfaces.egg-info/dependency_links.txt
[2.125s] writing top-level names to abaja_interfaces.egg-info/top_level.txt
[2.125s] reading manifest file 'abaja_interfaces.egg-info/SOURCES.txt'
[2.125s] writing manifest file 'abaja_interfaces.egg-info/SOURCES.txt'
[2.126s] [100%] Built target ament_cmake_python_build_abaja_interfaces_egg
[2.426s] Invoked command in '/home/pavithra/ros2_ws/build/abaja_interfaces' returned '0': CMAKE_PREFIX_PATH=${CMAKE_PREFIX_PATH}:/home/pavithra/ros2_ws/install/abaja_vehicle_state:/home/pavithra/ros2_ws/install/abaja_safety:/home/pavithra/ros2_ws/install/abaja_planning:/home/pavithra/ros2_ws/install/abaja_perception:/home/pavithra/ros2_ws/install/abaja_logging:/home/pavithra/ros2_ws/install/abaja_lane_detection:/home/pavithra/ros2_ws/install/abaja_dbw:/home/pavithra/ros2_ws/install/abaja_control:/home/pavithra/ros2_ws/install/abaja_dbw_bridge:/home/pavithra/ros2_ws/install/abaja_bringup:/home/pavithra/ros2_ws/install/abaja_teleop:/opt/ros/jazzy DEBUGINFOD_URLS=https://debuginfod.ubuntu.com /usr/bin/cmake --build /home/pavithra/ros2_ws/build/abaja_interfaces -- -j12 -l12
[2.439s] Invoking command in '/home/pavithra/ros2_ws/build/abaja_interfaces': CMAKE_PREFIX_PATH=${CMAKE_PREFIX_PATH}:/home/pavithra/ros2_ws/install/abaja_vehicle_state:/home/pavithra/ros2_ws/install/abaja_safety:/home/pavithra/ros2_ws/install/abaja_planning:/home/pavithra/ros2_ws/install/abaja_perception:/home/pavithra/ros2_ws/install/abaja_logging:/home/pavithra/ros2_ws/install/abaja_lane_detection:/home/pavithra/ros2_ws/install/abaja_dbw:/home/pavithra/ros2_ws/install/abaja_control:/home/pavithra/ros2_ws/install/abaja_dbw_bridge:/home/pavithra/ros2_ws/install/abaja_bringup:/home/pavithra/ros2_ws/install/abaja_teleop:/opt/ros/jazzy DEBUGINFOD_URLS=https://debuginfod.ubuntu.com /usr/bin/cmake --install /home/pavithra/ros2_ws/build/abaja_interfaces
[2.454s] -- Install configuration: ""
[2.461s] -- Execute custom install script
[2.462s] -- Up-to-date symlink: /home/pavithra/ros2_ws/install/abaja_interfaces/share/ament_index/resource_index/rosidl_interfaces/abaja_interfaces
[2.466s] -- Up-to-date symlink: /home/pavithra/ros2_ws/install/abaja_interfaces/share/abaja_interfaces/msg/ControlCmd.json
[2.470s] -- Up-to-date symlink: /home/pavithra/ros2_ws/install/abaja_interfaces/share/abaja_interfaces/msg/VehicleState.json
[2.470s] -- Up-to-date symlink: /home/pavithra/ros2_ws/install/abaja_interfaces/share/abaja_interfaces/msg/WheelSpeed.json
[2.470s] -- Up-to-date symlink: /home/pavithra/ros2_ws/install/abaja_interfaces/share/abaja_interfaces/msg/SteeringFeedback.json
[2.471s] -- Up-to-date symlink: /home/pavithra/ros2_ws/install/abaja_interfaces/share/abaja_interfaces/msg/BatteryStatus.json
[2.471s] -- Up-to-date symlink: /home/pavithra/ros2_ws/install/abaja_interfaces/share/abaja_interfaces/msg/ModeStatus.json
[2.471s] -- Up-to-date symlink: /home/pavithra/ros2_ws/install/abaja_interfaces/share/abaja_interfaces/msg/DbwCmd.json
[2.471s] -- Up-to-date symlink: /home/pavithra/ros2_ws/install/abaja_interfaces/share/abaja_interfaces/msg/DbwStatus.json
[2.471s] -- Up-to-date symlink: /home/pavithra/ros2_ws/install/abaja_interfaces/share/abaja_interfaces/msg/DetectedObject.json
[2.471s] -- Up-to-date symlink: /home/pavithra/ros2_ws/install/abaja_interfaces/share/abaja_interfaces/msg/DetectedObjectArray.json
[2.471s] -- Up-to-date symlink: /home/pavithra/ros2_ws/install/abaja_interfaces/include/abaja_interfaces/abaja_interfaces/msg/battery_status.h
[2.471s] -- Up-to-date symlink: /home/pavithra/ros2_ws/install/abaja_interfaces/include/abaja_interfaces/abaja_interfaces/msg/control_cmd.h
[2.472s] -- Up-to-date symlink: /home/pavithra/ros2_ws/install/abaja_interfaces/include/abaja_interfaces/abaja_interfaces/msg/dbw_cmd.h
[2.472s] -- Up-to-date symlink: /home/pavithra/ros2_ws/install/abaja_interfaces/include/abaja_interfaces/abaja_interfaces/msg/dbw_status.h
[2.472s] -- Up-to-date symlink: /home/pavithra/ros2_ws/install/abaja_interfaces/include/abaja_interfaces/abaja_interfaces/msg/detail/battery_status__functions.h
[2.472s] -- Up-to-date symlink: /home/pavithra/ros2_ws/install/abaja_interfaces/include/abaja_interfaces/abaja_interfaces/msg/detail/battery_status__struct.h
[2.472s] -- Up-to-date symlink: /home/pavithra/ros2_ws/install/abaja_interfaces/include/abaja_interfaces/abaja_interfaces/msg/detail/battery_status__type_support.h
[2.473s] -- Up-to-date symlink: /home/pavithra/ros2_ws/install/abaja_interfaces/include/abaja_interfaces/abaja_interfaces/msg/detail/control_cmd__functions.h
[2.473s] -- Up-to-date symlink: /home/pavithra/ros2_ws/install/abaja_interfaces/include/abaja_interfaces/abaja_interfaces/msg/detail/control_cmd__struct.h
[2.473s] -- Up-to-date symlink: /home/pavithra/ros2_ws/install/abaja_interfaces/include/abaja_interfaces/abaja_interfaces/msg/detail/control_cmd__type_support.h
[2.473s] -- Up-to-date symlink: /home/pavithra/ros2_ws/install/abaja_interfaces/include/abaja_interfaces/abaja_interfaces/msg/detail/dbw_cmd__functions.h
[2.473s] -- Up-to-date symlink: /home/pavithra/ros2_ws/install/abaja_interfaces/include/abaja_interfaces/abaja_interfaces/msg/detail/dbw_cmd__struct.h
[2.474s] -- Up-to-date symlink: /home/pavithra/ros2_ws/install/abaja_interfaces/include/abaja_interfaces/abaja_interfaces/msg/detail/dbw_cmd__type_support.h
[2.474s] -- Up-to-date symlink: /home/pavithra/ros2_ws/install/abaja_interfaces/include/abaja_interfaces/abaja_interfaces/msg/detail/dbw_status__functions.h
[2.474s] -- Up-to-date symlink: /home/pavithra/ros2_ws/install/abaja_interfaces/include/abaja_interfaces/abaja_interfaces/msg/detail/dbw_status__struct.h
[2.474s] -- Up-to-date symlink: /home/pavithra/ros2_ws/install/abaja_interfaces/include/abaja_interfaces/abaja_interfaces/msg/detail/dbw_status__type_support.h
[2.474s] -- Up-to-date symlink: /home/pavithra/ros2_ws/install/abaja_interfaces/include/abaja_interfaces/abaja_interfaces/msg/detail/detected_object__functions.h
[2.475s] -- Up-to-date symlink: /home/pavithra/ros2_ws/install/abaja_interfaces/include/abaja_interfaces/abaja_interfaces/msg/detail/detected_object__struct.h
[2.475s] -- Up-to-date symlink: /home/pavithra/ros2_ws/install/abaja_interfaces/include/abaja_interfaces/abaja_interfaces/msg/detail/detected_object__type_support.h
[2.475s] -- Up-to-date symlink: /home/pavithra/ros2_ws/install/abaja_interfaces/include/abaja_interfaces/abaja_interfaces/msg/detail/detected_object_array__functions.h
[2.477s] -- Up-to-date symlink: /home/pavithra/ros2_ws/install/abaja_interfaces/include/abaja_interfaces/abaja_interfaces/msg/detail/detected_object_array__struct.h
[2.478s] -- Up-to-date symlink: /home/pavithra/ros2_ws/install/abaja_interfaces/include/abaja_interfaces/abaja_interfaces/msg/detail/detected_object_array__type_support.h
[2.478s] -- Up-to-date symlink: /home/pavithra/ros2_ws/install/abaja_interfaces/include/abaja_interfaces/abaja_interfaces/msg/detail/mode_status__functions.h
[2.479s] -- Up-to-date symlink: /home/pavithra/ros2_ws/install/abaja_interfaces/include/abaja_interfaces/abaja_interfaces/msg/detail/mode_status__struct.h
[2.479s] -- Up-to-date symlink: /home/pavithra/ros2_ws/install/abaja_interfaces/include/abaja_interfaces/abaja_interfaces/msg/detail/mode_status__type_support.h
[2.479s] -- Up-to-date symlink: /home/pavithra/ros2_ws/install/abaja_interfaces/include/abaja_interfaces/abaja_interfaces/msg/detail/steering_feedback__functions.h
[2.479s] -- Up-to-date symlink: /home/pavithra/ros2_ws/install/abaja_interfaces/include/abaja_interfaces/abaja_interfaces/msg/detail/steering_feedback__struct.h
[2.479s] -- Up-to-date symlink: /home/pavithra/ros2_ws/install/abaja_interfaces/include/abaja_interfaces/abaja_interfaces/msg/detail/steering_feedback__type_support.h
[2.479s] -- Up-to-date symlink: /home/pavithra/ros2_ws/install/abaja_interfaces/include/abaja_interfaces/abaja_interfaces/msg/detail/vehicle_state__functions.h
[2.480s] -- Up-to-date symlink: /home/pavithra/ros2_ws/install/abaja_interfaces/include/abaja_interfaces/abaja_interfaces/msg/detail/vehicle_state__struct.h
[2.480s] -- Up-to-date symlink: /home/pavithra/ros2_ws/install/abaja_interfaces/include/abaja_interfaces/abaja_interfaces/msg/detail/vehicle_state__type_support.h
[2.480s] -- Up-to-date symlink: /home/pavithra/ros2_ws/install/abaja_interfaces/include/abaja_interfaces/abaja_interfaces/msg/detail/wheel_speed__functions.h
[2.480s] -- Up-to-date symlink: /home/pavithra/ros2_ws/install/abaja_interfaces/include/abaja_interfaces/abaja_interfaces/msg/detail/wheel_speed__struct.h
[2.480s] -- Up-to-date symlink: /home/pavithra/ros2_ws/install/abaja_interfaces/include/abaja_interfaces/abaja_interfaces/msg/detail/wheel_speed__type_support.h
[2.480s] -- Up-to-date symlink: /home/pavithra/ros2_ws/install/abaja_interfaces/include/abaja_interfaces/abaja_interfaces/msg/detected_object.h
[2.480s] -- Up-to-date symlink: /home/pavithra/ros2_ws/install/abaja_interfaces/include/abaja_interfaces/abaja_interfaces/msg/detected_object_array.h
[2.480s] -- Up-to-date symlink: /home/pavithra/ros2_ws/install/abaja_interfaces/include/abaja_interfaces/abaja_interfaces/msg/mode_status.h
[2.481s] -- Up-to-date symlink: /home/pavithra/ros2_ws/install/abaja_interfaces/include/abaja_interfaces/abaja_interfaces/msg/rosidl_generator_c__visibility_control.h
[2.481s] -- Up-to-date symlink: /home/pavithra/ros2_ws/install/abaja_interfaces/include/abaja_interfaces/abaja_interfaces/msg/steering_feedback.h
[2.486s] -- Up-to-date symlink: /home/pavithra/ros2_ws/install/abaja_interfaces/include/abaja_interfaces/abaja_interfaces/msg/vehicle_state.h
[2.487s] -- Up-to-date symlink: /home/pavithra/ros2_ws/install/abaja_interfaces/include/abaja_interfaces/abaja_interfaces/msg/wheel_speed.h
[2.491s] -- Up-to-date symlink: /home/pavithra/ros2_ws/install/abaja_interfaces/share/abaja_interfaces/environment/library_path.sh
[2.491s] -- Up-to-date symlink: /home/pavithra/ros2_ws/install/abaja_interfaces/share/abaja_interfaces/environment/library_path.dsv
[2.491s] -- Up-to-date symlink: /home/pavithra/ros2_ws/install/abaja_interfaces/include/abaja_interfaces/abaja_interfaces/msg/detail/battery_status__rosidl_typesupport_fastrtps_c.h
[2.491s] -- Up-to-date symlink: /home/pavithra/ros2_ws/install/abaja_interfaces/include/abaja_interfaces/abaja_interfaces/msg/detail/control_cmd__rosidl_typesupport_fastrtps_c.h
[2.492s] -- Up-to-date symlink: /home/pavithra/ros2_ws/install/abaja_interfaces/include/abaja_interfaces/abaja_interfaces/msg/detail/dbw_cmd__rosidl_typesupport_fastrtps_c.h
[2.492s] -- Up-to-date symlink: /home/pavithra/ros2_ws/install/abaja_interfaces/include/abaja_interfaces/abaja_interfaces/msg/detail/dbw_status__rosidl_typesupport_fastrtps_c.h
[2.492s] -- Up-to-date symlink: /home/pavithra/ros2_ws/install/abaja_interfaces/include/abaja_interfaces/abaja_interfaces/msg/detail/detected_object__rosidl_typesupport_fastrtps_c.h
[2.492s] -- Up-to-date symlink: /home/pavithra/ros2_ws/install/abaja_interfaces/include/abaja_interfaces/abaja_interfaces/msg/detail/detected_object_array__rosidl_typesupport_fastrtps_c.h
[2.492s] -- Up-to-date symlink: /home/pavithra/ros2_ws/install/abaja_interfaces/include/abaja_interfaces/abaja_interfaces/msg/detail/mode_status__rosidl_typesupport_fastrtps_c.h
[2.495s] -- Up-to-date symlink: /home/pavithra/ros2_ws/install/abaja_interfaces/include/abaja_interfaces/abaja_interfaces/msg/detail/steering_feedback__rosidl_typesupport_fastrtps_c.h
[2.495s] -- Up-to-date symlink: /home/pavithra/ros2_ws/install/abaja_interfaces/include/abaja_interfaces/abaja_interfaces/msg/detail/vehicle_state__rosidl_typesupport_fastrtps_c.h
[2.496s] -- Up-to-date symlink: /home/pavithra/ros2_ws/install/abaja_interfaces/include/abaja_interfaces/abaja_interfaces/msg/detail/wheel_speed__rosidl_typesupport_fastrtps_c.h
[2.496s] -- Up-to-date symlink: /home/pavithra/ros2_ws/install/abaja_interfaces/include/abaja_interfaces/abaja_interfaces/msg/rosidl_typesupport_fastrtps_c__visibility_control.h
[2.496s] -- Up-to-date symlink: /home/pavithra/ros2_ws/install/abaja_interfaces/include/abaja_interfaces/abaja_interfaces/msg/detail/battery_status__rosidl_typesupport_introspection_c.h
[2.497s] -- Up-to-date symlink: /home/pavithra/ros2_ws/install/abaja_interfaces/include/abaja_interfaces/abaja_interfaces/msg/detail/control_cmd__rosidl_typesupport_introspection_c.h
[2.497s] -- Up-to-date symlink: /home/pavithra/ros2_ws/install/abaja_interfaces/include/abaja_interfaces/abaja_interfaces/msg/detail/dbw_cmd__rosidl_typesupport_introspection_c.h
[2.497s] -- Up-to-date symlink: /home/pavithra/ros2_ws/install/abaja_interfaces/include/abaja_interfaces/abaja_interfaces/msg/detail/dbw_status__rosidl_typesupport_introspection_c.h
[2.497s] -- Up-to-date symlink: /home/pavithra/ros2_ws/install/abaja_interfaces/include/abaja_interfaces/abaja_interfaces/msg/detail/detected_object__rosidl_typesupport_introspection_c.h
[2.497s] -- Up-to-date symlink: /home/pavithra/ros2_ws/install/abaja_interfaces/include/abaja_interfaces/abaja_interfaces/msg/detail/detected_object_array__rosidl_typesupport_introspection_c.h
[2.497s] -- Up-to-date symlink: /home/pavithra/ros2_ws/install/abaja_interfaces/include/abaja_interfaces/abaja_interfaces/msg/detail/mode_status__rosidl_typesupport_introspection_c.h
[2.498s] -- Up-to-date symlink: /home/pavithra/ros2_ws/install/abaja_interfaces/include/abaja_interfaces/abaja_interfaces/msg/detail/steering_feedback__rosidl_typesupport_introspection_c.h
[2.498s] -- Up-to-date symlink: /home/pavithra/ros2_ws/install/abaja_interfaces/include/abaja_interfaces/abaja_interfaces/msg/detail/vehicle_state__rosidl_typesupport_introspection_c.h
[2.498s] -- Up-to-date symlink: /home/pavithra/ros2_ws/install/abaja_interfaces/include/abaja_interfaces/abaja_interfaces/msg/detail/wheel_speed__rosidl_typesupport_introspection_c.h
[2.498s] -- Up-to-date symlink: /home/pavithra/ros2_ws/install/abaja_interfaces/include/abaja_interfaces/abaja_interfaces/msg/rosidl_typesupport_introspection_c__visibility_control.h
[2.498s] -- Up-to-date symlink: /home/pavithra/ros2_ws/install/abaja_interfaces/include/abaja_interfaces/abaja_interfaces/msg/battery_status.hpp
[2.498s] -- Up-to-date symlink: /home/pavithra/ros2_ws/install/abaja_interfaces/include/abaja_interfaces/abaja_interfaces/msg/control_cmd.hpp
[2.499s] -- Up-to-date symlink: /home/pavithra/ros2_ws/install/abaja_interfaces/include/abaja_interfaces/abaja_interfaces/msg/dbw_cmd.hpp
[2.499s] -- Up-to-date symlink: /home/pavithra/ros2_ws/install/abaja_interfaces/include/abaja_interfaces/abaja_interfaces/msg/dbw_status.hpp
[2.499s] -- Up-to-date symlink: /home/pavithra/ros2_ws/install/abaja_interfaces/include/abaja_interfaces/abaja_interfaces/msg/detail/battery_status__builder.hpp
[2.499s] -- Up-to-date symlink: /home/pavithra/ros2_ws/install/abaja_interfaces/include/abaja_interfaces/abaja_interfaces/msg/detail/battery_status__struct.hpp
[2.499s] -- Up-to-date symlink: /home/pavithra/ros2_ws/install/abaja_interfaces/include/abaja_interfaces/abaja_interfaces/msg/detail/battery_status__traits.hpp
[2.504s] -- Up-to-date symlink: /home/pavithra/ros2_ws/install/abaja_interfaces/include/abaja_interfaces/abaja_interfaces/msg/detail/battery_status__type_support.hpp
[2.504s] -- Up-to-date symlink: /home/pavithra/ros2_ws/install/abaja_interfaces/include/abaja_interfaces/abaja_interfaces/msg/detail/control_cmd__builder.hpp
[2.504s] -- Up-to-date symlink: /home/pavithra/ros2_ws/install/abaja_interfaces/include/abaja_interfaces/abaja_interfaces/msg/detail/control_cmd__struct.hpp
[2.504s] -- Up-to-date symlink: /home/pavithra/ros2_ws/install/abaja_interfaces/include/abaja_interfaces/abaja_interfaces/msg/detail/control_cmd__traits.hpp
[2.504s] -- Up-to-date symlink: /home/pavithra/ros2_ws/install/abaja_interfaces/include/abaja_interfaces/abaja_interfaces/msg/detail/control_cmd__type_support.hpp
[2.504s] -- Up-to-date symlink: /home/pavithra/ros2_ws/install/abaja_interfaces/include/abaja_interfaces/abaja_interfaces/msg/detail/dbw_cmd__builder.hpp
[2.505s] -- Up-to-date symlink: /home/pavithra/ros2_ws/install/abaja_interfaces/include/abaja_interfaces/abaja_interfaces/msg/detail/dbw_cmd__struct.hpp
[2.505s] -- Up-to-date symlink: /home/pavithra/ros2_ws/install/abaja_interfaces/include/abaja_interfaces/abaja_interfaces/msg/detail/dbw_cmd__traits.hpp
[2.505s] -- Up-to-date symlink: /home/pavithra/ros2_ws/install/abaja_interfaces/include/abaja_interfaces/abaja_interfaces/msg/detail/dbw_cmd__type_support.hpp
[2.505s] -- Up-to-date symlink: /home/pavithra/ros2_ws/install/abaja_interfaces/include/abaja_interfaces/abaja_interfaces/msg/detail/dbw_status__builder.hpp
[2.505s] -- Up-to-date symlink: /home/pavithra/ros2_ws/install/abaja_interfaces/include/abaja_interfaces/abaja_interfaces/msg/detail/dbw_status__struct.hpp
[2.505s] -- Up-to-date symlink: /home/pavithra/ros2_ws/install/abaja_interfaces/include/abaja_interfaces/abaja_interfaces/msg/detail/dbw_status__traits.hpp
[2.506s] -- Up-to-date symlink: /home/pavithra/ros2_ws/install/abaja_interfaces/include/abaja_interfaces/abaja_interfaces/msg/detail/dbw_status__type_support.hpp
[2.506s] -- Up-to-date symlink: /home/pavithra/ros2_ws/install/abaja_interfaces/include/abaja_interfaces/abaja_interfaces/msg/detail/detected_object__builder.hpp
[2.506s] -- Up-to-date symlink: /home/pavithra/ros2_ws/install/abaja_interfaces/include/abaja_interfaces/abaja_interfaces/msg/detail/detected_object__struct.hpp
[2.506s] -- Up-to-date symlink: /home/pavithra/ros2_ws/install/abaja_interfaces/include/abaja_interfaces/abaja_interfaces/msg/detail/detected_object__traits.hpp
[2.506s] -- Up-to-date symlink: /home/pavithra/ros2_ws/install/abaja_interfaces/include/abaja_interfaces/abaja_interfaces/msg/detail/detected_object__type_support.hpp
[2.506s] -- Up-to-date symlink: /home/pavithra/ros2_ws/install/abaja_interfaces/include/abaja_interfaces/abaja_interfaces/msg/detail/detected_object_array__builder.hpp
[2.506s] -- Up-to-date symlink: /home/pavithra/ros2_ws/install/abaja_interfaces/include/abaja_interfaces/abaja_interfaces/msg/detail/detected_object_array__struct.hpp
[2.506s] -- Up-to-date symlink: /home/pavithra/ros2_ws/install/abaja_interfaces/include/abaja_interfaces/abaja_interfaces/msg/detail/detected_object_array__traits.hpp
[2.507s] -- Up-to-date symlink: /home/pavithra/ros2_ws/install/abaja_interfaces/include/abaja_interfaces/abaja_interfaces/msg/detail/detected_object_array__type_support.hpp
[2.507s] -- Up-to-date symlink: /home/pavithra/ros2_ws/install/abaja_interfaces/include/abaja_interfaces/abaja_interfaces/msg/detail/mode_status__builder.hpp
[2.508s] -- Up-to-date symlink: /home/pavithra/ros2_ws/install/abaja_interfaces/include/abaja_interfaces/abaja_interfaces/msg/detail/mode_status__struct.hpp
[2.514s] -- Up-to-date symlink: /home/pavithra/ros2_ws/install/abaja_interfaces/include/abaja_interfaces/abaja_interfaces/msg/detail/mode_status__traits.hpp
[2.514s] -- Up-to-date symlink: /home/pavithra/ros2_ws/install/abaja_interfaces/include/abaja_interfaces/abaja_interfaces/msg/detail/mode_status__type_support.hpp
[2.515s] -- Up-to-date symlink: /home/pavithra/ros2_ws/install/abaja_interfaces/include/abaja_interfaces/abaja_interfaces/msg/detail/steering_feedback__builder.hpp
[2.515s] -- Up-to-date symlink: /home/pavithra/ros2_ws/install/abaja_interfaces/include/abaja_interfaces/abaja_interfaces/msg/detail/steering_feedback__struct.hpp
[2.515s] -- Up-to-date symlink: /home/pavithra/ros2_ws/install/abaja_interfaces/include/abaja_interfaces/abaja_interfaces/msg/detail/steering_feedback__traits.hpp
[2.515s] -- Up-to-date symlink: /home/pavithra/ros2_ws/install/abaja_interfaces/include/abaja_interfaces/abaja_interfaces/msg/detail/steering_feedback__type_support.hpp
[2.515s] -- Up-to-date symlink: /home/pavithra/ros2_ws/install/abaja_interfaces/include/abaja_interfaces/abaja_interfaces/msg/detail/vehicle_state__builder.hpp
[2.515s] -- Up-to-date symlink: /home/pavithra/ros2_ws/install/abaja_interfaces/include/abaja_interfaces/abaja_interfaces/msg/detail/vehicle_state__struct.hpp
[2.516s] -- Up-to-date symlink: /home/pavithra/ros2_ws/install/abaja_interfaces/include/abaja_interfaces/abaja_interfaces/msg/detail/vehicle_state__traits.hpp
[2.516s] -- Up-to-date symlink: /home/pavithra/ros2_ws/install/abaja_interfaces/include/abaja_interfaces/abaja_interfaces/msg/detail/vehicle_state__type_support.hpp
[2.516s] -- Up-to-date symlink: /home/pavithra/ros2_ws/install/abaja_interfaces/include/abaja_interfaces/abaja_interfaces/msg/detail/wheel_speed__builder.hpp
[2.516s] -- Up-to-date symlink: /home/pavithra/ros2_ws/install/abaja_interfaces/include/abaja_interfaces/abaja_interfaces/msg/detail/wheel_speed__struct.hpp
[2.516s] -- Up-to-date symlink: /home/pavithra/ros2_ws/install/abaja_interfaces/include/abaja_interfaces/abaja_interfaces/msg/detail/wheel_speed__traits.hpp
[2.516s] -- Up-to-date symlink: /home/pavithra/ros2_ws/install/abaja_interfaces/include/abaja_interfaces/abaja_interfaces/msg/detail/wheel_speed__type_support.hpp
[2.516s] -- Up-to-date symlink: /home/pavithra/ros2_ws/install/abaja_interfaces/include/abaja_interfaces/abaja_interfaces/msg/detected_object.hpp
[2.516s] -- Up-to-date symlink: /home/pavithra/ros2_ws/install/abaja_interfaces/include/abaja_interfaces/abaja_interfaces/msg/detected_object_array.hpp
[2.516s] -- Up-to-date symlink: /home/pavithra/ros2_ws/install/abaja_interfaces/include/abaja_interfaces/abaja_interfaces/msg/mode_status.hpp
[2.516s] -- Up-to-date symlink: /home/pavithra/ros2_ws/install/abaja_interfaces/include/abaja_interfaces/abaja_interfaces/msg/rosidl_generator_cpp__visibility_control.hpp
[2.517s] -- Up-to-date symlink: /home/pavithra/ros2_ws/install/abaja_interfaces/include/abaja_interfaces/abaja_interfaces/msg/steering_feedback.hpp
[2.517s] -- Up-to-date symlink: /home/pavithra/ros2_ws/install/abaja_interfaces/include/abaja_interfaces/abaja_interfaces/msg/vehicle_state.hpp
[2.517s] -- Up-to-date symlink: /home/pavithra/ros2_ws/install/abaja_interfaces/include/abaja_interfaces/abaja_interfaces/msg/wheel_speed.hpp
[2.519s] -- Up-to-date symlink: /home/pavithra/ros2_ws/install/abaja_interfaces/include/abaja_interfaces/abaja_interfaces/msg/detail/battery_status__rosidl_typesupport_fastrtps_cpp.hpp
[2.519s] -- Up-to-date symlink: /home/pavithra/ros2_ws/install/abaja_interfaces/include/abaja_interfaces/abaja_interfaces/msg/detail/control_cmd__rosidl_typesupport_fastrtps_cpp.hpp
[2.519s] -- Up-to-date symlink: /home/pavithra/ros2_ws/install/abaja_interfaces/include/abaja_interfaces/abaja_interfaces/msg/detail/dbw_cmd__rosidl_typesupport_fastrtps_cpp.hpp
[2.520s] -- Up-to-date symlink: /home/pavithra/ros2_ws/install/abaja_interfaces/include/abaja_interfaces/abaja_interfaces/msg/detail/dbw_status__rosidl_typesupport_fastrtps_cpp.hpp
[2.520s] -- Up-to-date symlink: /home/pavithra/ros2_ws/install/abaja_interfaces/include/abaja_interfaces/abaja_interfaces/msg/detail/detected_object__rosidl_typesupport_fastrtps_cpp.hpp
[2.520s] -- Up-to-date symlink: /home/pavithra/ros2_ws/install/abaja_interfaces/include/abaja_interfaces/abaja_interfaces/msg/detail/detected_object_array__rosidl_typesupport_fastrtps_cpp.hpp
[2.520s] -- Up-to-date symlink: /home/pavithra/ros2_ws/install/abaja_interfaces/include/abaja_interfaces/abaja_interfaces/msg/detail/mode_status__rosidl_typesupport_fastrtps_cpp.hpp
[2.520s] -- Up-to-date symlink: /home/pavithra/ros2_ws/install/abaja_interfaces/include/abaja_interfaces/abaja_interfaces/msg/detail/steering_feedback__rosidl_typesupport_fastrtps_cpp.hpp
[2.520s] -- Up-to-date symlink: /home/pavithra/ros2_ws/install/abaja_interfaces/include/abaja_interfaces/abaja_interfaces/msg/detail/vehicle_state__rosidl_typesupport_fastrtps_cpp.hpp
[2.521s] -- Up-to-date symlink: /home/pavithra/ros2_ws/install/abaja_interfaces/include/abaja_interfaces/abaja_interfaces/msg/detail/wheel_speed__rosidl_typesupport_fastrtps_cpp.hpp
[2.521s] -- Up-to-date symlink: /home/pavithra/ros2_ws/install/abaja_interfaces/include/abaja_interfaces/abaja_interfaces/msg/rosidl_typesupport_fastrtps_cpp__visibility_control.h
[2.521s] -- Up-to-date symlink: /home/pavithra/ros2_ws/install/abaja_interfaces/include/abaja_interfaces/abaja_interfaces/msg/detail/battery_status__rosidl_typesupport_introspection_cpp.hpp
[2.521s] -- Up-to-date symlink: /home/pavithra/ros2_ws/install/abaja_interfaces/include/abaja_interfaces/abaja_interfaces/msg/detail/control_cmd__rosidl_typesupport_introspection_cpp.hpp
[2.521s] -- Up-to-date symlink: /home/pavithra/ros2_ws/install/abaja_interfaces/include/abaja_interfaces/abaja_interfaces/msg/detail/dbw_cmd__rosidl_typesupport_introspection_cpp.hpp
[2.521s] -- Up-to-date symlink: /home/pavithra/ros2_ws/install/abaja_interfaces/include/abaja_interfaces/abaja_interfaces/msg/detail/dbw_status__rosidl_typesupport_introspection_cpp.hpp
[2.521s] -- Up-to-date symlink: /home/pavithra/ros2_ws/install/abaja_interfaces/include/abaja_interfaces/abaja_interfaces/msg/detail/detected_object__rosidl_typesupport_introspection_cpp.hpp
[2.522s] -- Up-to-date symlink: /home/pavithra/ros2_ws/install/abaja_interfaces/include/abaja_interfaces/abaja_interfaces/msg/detail/detected_object_array__rosidl_typesupport_introspection_cpp.hpp
[2.522s] -- Up-to-date symlink: /home/pavithra/ros2_ws/install/abaja_interfaces/include/abaja_interfaces/abaja_interfaces/msg/detail/mode_status__rosidl_typesupport_introspection_cpp.hpp
[2.526s] -- Up-to-date symlink: /home/pavithra/ros2_ws/install/abaja_interfaces/include/abaja_interfaces/abaja_interfaces/msg/detail/steering_feedback__rosidl_typesupport_introspection_cpp.hpp
[2.526s] -- Up-to-date symlink: /home/pavithra/ros2_ws/install/abaja_interfaces/include/abaja_interfaces/abaja_interfaces/msg/detail/vehicle_state__rosidl_typesupport_introspection_cpp.hpp
[2.527s] -- Up-to-date symlink: /home/pavithra/ros2_ws/install/abaja_interfaces/include/abaja_interfaces/abaja_interfaces/msg/detail/wheel_speed__rosidl_typesupport_introspection_cpp.hpp
[2.527s] -- Up-to-date symlink: /home/pavithra/ros2_ws/install/abaja_interfaces/share/abaja_interfaces/environment/pythonpath.sh
[2.527s] -- Up-to-date symlink: /home/pavithra/ros2_ws/install/abaja_interfaces/share/abaja_interfaces/environment/pythonpath.dsv
[2.527s] -- Up-to-date symlink: /home/pavithra/ros2_ws/install/abaja_interfaces/lib/python3.12/site-packages/abaja_interfaces-0.0.0-py3.12.egg-info/PKG-INFO
[2.527s] -- Up-to-date symlink: /home/pavithra/ros2_ws/install/abaja_interfaces/lib/python3.12/site-packages/abaja_interfaces-0.0.0-py3.12.egg-info/SOURCES.txt
[2.527s] -- Up-to-date symlink: /home/pavithra/ros2_ws/install/abaja_interfaces/lib/python3.12/site-packages/abaja_interfaces-0.0.0-py3.12.egg-info/dependency_links.txt
[2.528s] -- Up-to-date symlink: /home/pavithra/ros2_ws/install/abaja_interfaces/lib/python3.12/site-packages/abaja_interfaces-0.0.0-py3.12.egg-info/top_level.txt
[2.528s] -- Up-to-date symlink: /home/pavithra/ros2_ws/install/abaja_interfaces/lib/python3.12/site-packages/abaja_interfaces/__init__.py
[2.531s] -- Up-to-date symlink: /home/pavithra/ros2_ws/install/abaja_interfaces/lib/python3.12/site-packages/abaja_interfaces/_abaja_interfaces_s.ep.rosidl_typesupport_c.c
[2.533s] -- Up-to-date symlink: /home/pavithra/ros2_ws/install/abaja_interfaces/lib/python3.12/site-packages/abaja_interfaces/_abaja_interfaces_s.ep.rosidl_typesupport_fastrtps_c.c
[2.537s] -- Up-to-date symlink: /home/pavithra/ros2_ws/install/abaja_interfaces/lib/python3.12/site-packages/abaja_interfaces/_abaja_interfaces_s.ep.rosidl_typesupport_introspection_c.c
[2.537s] -- Up-to-date symlink: /home/pavithra/ros2_ws/install/abaja_interfaces/lib/python3.12/site-packages/abaja_interfaces/abaja_interfaces_s__rosidl_typesupport_c.so
[2.538s] -- Up-to-date symlink: /home/pavithra/ros2_ws/install/abaja_interfaces/lib/python3.12/site-packages/abaja_interfaces/abaja_interfaces_s__rosidl_typesupport_fastrtps_c.so
[2.538s] -- Up-to-date symlink: /home/pavithra/ros2_ws/install/abaja_interfaces/lib/python3.12/site-packages/abaja_interfaces/abaja_interfaces_s__rosidl_typesupport_introspection_c.so
[2.538s] -- Up-to-date symlink: /home/pavithra/ros2_ws/install/abaja_interfaces/lib/python3.12/site-packages/abaja_interfaces/msg/__init__.py
[2.538s] -- Up-to-date symlink: /home/pavithra/ros2_ws/install/abaja_interfaces/lib/python3.12/site-packages/abaja_interfaces/msg/_battery_status.py
[2.538s] -- Up-to-date symlink: /home/pavithra/ros2_ws/install/abaja_interfaces/lib/python3.12/site-packages/abaja_interfaces/msg/_battery_status_s.c
[2.538s] -- Up-to-date symlink: /home/pavithra/ros2_ws/install/abaja_interfaces/lib/python3.12/site-packages/abaja_interfaces/msg/_control_cmd.py
[2.538s] -- Up-to-date symlink: /home/pavithra/ros2_ws/install/abaja_interfaces/lib/python3.12/site-packages/abaja_interfaces/msg/_control_cmd_s.c
[2.539s] -- Up-to-date symlink: /home/pavithra/ros2_ws/install/abaja_interfaces/lib/python3.12/site-packages/abaja_interfaces/msg/_dbw_cmd.py
[2.539s] -- Up-to-date symlink: /home/pavithra/ros2_ws/install/abaja_interfaces/lib/python3.12/site-packages/abaja_interfaces/msg/_dbw_cmd_s.c
[2.539s] -- Up-to-date symlink: /home/pavithra/ros2_ws/install/abaja_interfaces/lib/python3.12/site-packages/abaja_interfaces/msg/_dbw_status.py
[2.539s] -- Up-to-date symlink: /home/pavithra/ros2_ws/install/abaja_interfaces/lib/python3.12/site-packages/abaja_interfaces/msg/_dbw_status_s.c
[2.539s] -- Up-to-date symlink: /home/pavithra/ros2_ws/install/abaja_interfaces/lib/python3.12/site-packages/abaja_interfaces/msg/_detected_object.py
[2.539s] -- Up-to-date symlink: /home/pavithra/ros2_ws/install/abaja_interfaces/lib/python3.12/site-packages/abaja_interfaces/msg/_detected_object_array.py
[2.539s] -- Up-to-date symlink: /home/pavithra/ros2_ws/install/abaja_interfaces/lib/python3.12/site-packages/abaja_interfaces/msg/_detected_object_array_s.c
[2.539s] -- Up-to-date symlink: /home/pavithra/ros2_ws/install/abaja_interfaces/lib/python3.12/site-packages/abaja_interfaces/msg/_detected_object_s.c
[2.540s] -- Up-to-date symlink: /home/pavithra/ros2_ws/install/abaja_interfaces/lib/python3.12/site-packages/abaja_interfaces/msg/_mode_status.py
[2.540s] -- Up-to-date symlink: /home/pavithra/ros2_ws/install/abaja_interfaces/lib/python3.12/site-packages/abaja_interfaces/msg/_mode_status_s.c
[2.540s] -- Up-to-date symlink: /home/pavithra/ros2_ws/install/abaja_interfaces/lib/python3.12/site-packages/abaja_interfaces/msg/_steering_feedback.py
[2.540s] -- Up-to-date symlink: /home/pavithra/ros2_ws/install/abaja_interfaces/lib/python3.12/site-packages/abaja_interfaces/msg/_steering_feedback_s.c
[2.540s] -- Up-to-date symlink: /home/pavithra/ros2_ws/install/abaja_interfaces/lib/python3.12/site-packages/abaja_interfaces/msg/_vehicle_state.py
[2.540s] -- Up-to-date symlink: /home/pavithra/ros2_ws/install/abaja_interfaces/lib/python3.12/site-packages/abaja_interfaces/msg/_vehicle_state_s.c
[2.540s] -- Up-to-date symlink: /home/pavithra/ros2_ws/install/abaja_interfaces/lib/python3.12/site-packages/abaja_interfaces/msg/_wheel_speed.py
[2.540s] -- Up-to-date symlink: /home/pavithra/ros2_ws/install/abaja_interfaces/lib/python3.12/site-packages/abaja_interfaces/msg/_wheel_speed_s.c
[2.541s] -- Up-to-date symlink: /home/pavithra/ros2_ws/install/abaja_interfaces/lib/python3.12/site-packages/abaja_interfaces/abaja_interfaces_s__rosidl_typesupport_fastrtps_c.so
[2.541s] -- Up-to-date symlink: /home/pavithra/ros2_ws/install/abaja_interfaces/lib/python3.12/site-packages/abaja_interfaces/abaja_interfaces_s__rosidl_typesupport_introspection_c.so
[2.541s] -- Up-to-date symlink: /home/pavithra/ros2_ws/install/abaja_interfaces/lib/python3.12/site-packages/abaja_interfaces/abaja_interfaces_s__rosidl_typesupport_c.so
[2.551s] -- Up-to-date symlink: /home/pavithra/ros2_ws/install/abaja_interfaces/share/ament_index/resource_index/rust_packages/abaja_interfaces
[2.553s] -- Up-to-date symlink: /home/pavithra/ros2_ws/install/abaja_interfaces/share/abaja_interfaces/rust/Cargo.toml
[2.553s] -- Up-to-date symlink: /home/pavithra/ros2_ws/install/abaja_interfaces/share/abaja_interfaces/rust/build.rs
[2.553s] -- Up-to-date symlink: /home/pavithra/ros2_ws/install/abaja_interfaces/share/abaja_interfaces/rust/src/lib.rs
[2.553s] -- Up-to-date symlink: /home/pavithra/ros2_ws/install/abaja_interfaces/share/abaja_interfaces/rust/src/msg.rs
[2.553s] -- Up-to-date symlink: /home/pavithra/ros2_ws/install/abaja_interfaces/share/abaja_interfaces/rust/src/msg/rmw.rs
[2.553s] -- Up-to-date symlink: /home/pavithra/ros2_ws/install/abaja_interfaces/share/abaja_interfaces/msg/ControlCmd.idl
[2.554s] -- Up-to-date symlink: /home/pavithra/ros2_ws/install/abaja_interfaces/share/abaja_interfaces/msg/VehicleState.idl
[2.555s] -- Up-to-date symlink: /home/pavithra/ros2_ws/install/abaja_interfaces/share/abaja_interfaces/msg/WheelSpeed.idl
[2.557s] -- Up-to-date symlink: /home/pavithra/ros2_ws/install/abaja_interfaces/share/abaja_interfaces/msg/SteeringFeedback.idl
[2.557s] -- Up-to-date symlink: /home/pavithra/ros2_ws/install/abaja_interfaces/share/abaja_interfaces/msg/BatteryStatus.idl
[2.557s] -- Up-to-date symlink: /home/pavithra/ros2_ws/install/abaja_interfaces/share/abaja_interfaces/msg/ModeStatus.idl
[2.557s] -- Up-to-date symlink: /home/pavithra/ros2_ws/install/abaja_interfaces/share/abaja_interfaces/msg/DbwCmd.idl
[2.559s] -- Up-to-date symlink: /home/pavithra/ros2_ws/install/abaja_interfaces/share/abaja_interfaces/msg/DbwStatus.idl
[2.559s] -- Up-to-date symlink: /home/pavithra/ros2_ws/install/abaja_interfaces/share/abaja_interfaces/msg/DetectedObject.idl
[2.559s] -- Up-to-date symlink: /home/pavithra/ros2_ws/install/abaja_interfaces/share/abaja_interfaces/msg/DetectedObjectArray.idl
[2.560s] -- Up-to-date symlink: /home/pavithra/ros2_ws/install/abaja_interfaces/share/abaja_interfaces/msg/ControlCmd.msg
[2.560s] -- Up-to-date symlink: /home/pavithra/ros2_ws/install/abaja_interfaces/share/abaja_interfaces/msg/VehicleState.msg
[2.560s] -- Up-to-date symlink: /home/pavithra/ros2_ws/install/abaja_interfaces/share/abaja_interfaces/msg/WheelSpeed.msg
[2.560s] -- Up-to-date symlink: /home/pavithra/ros2_ws/install/abaja_interfaces/share/abaja_interfaces/msg/SteeringFeedback.msg
[2.560s] -- Up-to-date symlink: /home/pavithra/ros2_ws/install/abaja_interfaces/share/abaja_interfaces/msg/BatteryStatus.msg
[2.561s] -- Up-to-date symlink: /home/pavithra/ros2_ws/install/abaja_interfaces/share/abaja_interfaces/msg/ModeStatus.msg
[2.561s] -- Up-to-date symlink: /home/pavithra/ros2_ws/install/abaja_interfaces/share/abaja_interfaces/msg/DbwCmd.msg
[2.561s] -- Up-to-date symlink: /home/pavithra/ros2_ws/install/abaja_interfaces/share/abaja_interfaces/msg/DbwStatus.msg
[2.561s] -- Up-to-date symlink: /home/pavithra/ros2_ws/install/abaja_interfaces/share/abaja_interfaces/msg/DetectedObject.msg
[2.564s] -- Up-to-date symlink: /home/pavithra/ros2_ws/install/abaja_interfaces/share/abaja_interfaces/msg/DetectedObjectArray.msg
[2.564s] -- Up-to-date symlink: /home/pavithra/ros2_ws/install/abaja_interfaces/share/ament_index/resource_index/package_run_dependencies/abaja_interfaces
[2.564s] -- Up-to-date symlink: /home/pavithra/ros2_ws/install/abaja_interfaces/share/ament_index/resource_index/parent_prefix_path/abaja_interfaces
[2.564s] -- Up-to-date symlink: /home/pavithra/ros2_ws/install/abaja_interfaces/share/abaja_interfaces/environment/ament_prefix_path.sh
[2.564s] -- Up-to-date symlink: /home/pavithra/ros2_ws/install/abaja_interfaces/share/abaja_interfaces/environment/ament_prefix_path.dsv
[2.565s] -- Up-to-date symlink: /home/pavithra/ros2_ws/install/abaja_interfaces/share/abaja_interfaces/environment/path.sh
[2.565s] -- Up-to-date symlink: /home/pavithra/ros2_ws/install/abaja_interfaces/share/abaja_interfaces/environment/path.dsv
[2.565s] -- Up-to-date symlink: /home/pavithra/ros2_ws/install/abaja_interfaces/share/abaja_interfaces/local_setup.bash
[2.565s] -- Up-to-date symlink: /home/pavithra/ros2_ws/install/abaja_interfaces/share/abaja_interfaces/local_setup.sh
[2.566s] -- Up-to-date symlink: /home/pavithra/ros2_ws/install/abaja_interfaces/share/abaja_interfaces/local_setup.zsh
[2.566s] -- Up-to-date symlink: /home/pavithra/ros2_ws/install/abaja_interfaces/share/abaja_interfaces/local_setup.dsv
[2.566s] -- Symlinking: /home/pavithra/ros2_ws/install/abaja_interfaces/share/abaja_interfaces/package.dsv
[2.566s] -- Up-to-date symlink: /home/pavithra/ros2_ws/install/abaja_interfaces/share/ament_index/resource_index/packages/abaja_interfaces
[2.566s] -- Up-to-date symlink: /home/pavithra/ros2_ws/install/abaja_interfaces/share/abaja_interfaces/cmake/rosidl_cmake-extras.cmake
[2.567s] -- Up-to-date symlink: /home/pavithra/ros2_ws/install/abaja_interfaces/share/abaja_interfaces/cmake/ament_cmake_export_dependencies-extras.cmake
[2.567s] -- Up-to-date symlink: /home/pavithra/ros2_ws/install/abaja_interfaces/share/abaja_interfaces/cmake/ament_cmake_export_include_directories-extras.cmake
[2.568s] -- Up-to-date symlink: /home/pavithra/ros2_ws/install/abaja_interfaces/share/abaja_interfaces/cmake/ament_cmake_export_libraries-extras.cmake
[2.568s] -- Up-to-date symlink: /home/pavithra/ros2_ws/install/abaja_interfaces/share/abaja_interfaces/cmake/ament_cmake_export_targets-extras.cmake
[2.568s] -- Up-to-date symlink: /home/pavithra/ros2_ws/install/abaja_interfaces/share/abaja_interfaces/cmake/rosidl_cmake_export_typesupport_targets-extras.cmake
[2.568s] -- Up-to-date symlink: /home/pavithra/ros2_ws/install/abaja_interfaces/share/abaja_interfaces/cmake/rosidl_cmake_export_typesupport_libraries-extras.cmake
[2.568s] -- Up-to-date symlink: /home/pavithra/ros2_ws/install/abaja_interfaces/share/abaja_interfaces/cmake/abaja_interfacesConfig.cmake
[2.569s] -- Up-to-date symlink: /home/pavithra/ros2_ws/install/abaja_interfaces/share/abaja_interfaces/cmake/abaja_interfacesConfig-version.cmake
[2.569s] -- Up-to-date symlink: /home/pavithra/ros2_ws/install/abaja_interfaces/share/abaja_interfaces/package.xml
[2.569s] -- Up-to-date: /home/pavithra/ros2_ws/install/abaja_interfaces/lib/libabaja_interfaces__rosidl_generator_c.so
[2.569s] -- Up-to-date: /home/pavithra/ros2_ws/install/abaja_interfaces/lib/libabaja_interfaces__rosidl_typesupport_fastrtps_c.so
[2.570s] -- Up-to-date: /home/pavithra/ros2_ws/install/abaja_interfaces/lib/libabaja_interfaces__rosidl_typesupport_introspection_c.so
[2.570s] -- Up-to-date: /home/pavithra/ros2_ws/install/abaja_interfaces/lib/libabaja_interfaces__rosidl_typesupport_c.so
[2.570s] -- Up-to-date: /home/pavithra/ros2_ws/install/abaja_interfaces/lib/libabaja_interfaces__rosidl_typesupport_fastrtps_cpp.so
[2.570s] -- Up-to-date: /home/pavithra/ros2_ws/install/abaja_interfaces/lib/libabaja_interfaces__rosidl_typesupport_introspection_cpp.so
[2.570s] -- Up-to-date: /home/pavithra/ros2_ws/install/abaja_interfaces/lib/libabaja_interfaces__rosidl_typesupport_cpp.so
[2.636s] Listing '/home/pavithra/ros2_ws/install/abaja_interfaces/lib/python3.12/site-packages/abaja_interfaces'...
[2.637s] Listing '/home/pavithra/ros2_ws/install/abaja_interfaces/lib/python3.12/site-packages/abaja_interfaces/msg'...
[2.652s] -- Up-to-date: /home/pavithra/ros2_ws/install/abaja_interfaces/lib/libabaja_interfaces__rosidl_generator_py.so
[2.653s] -- Up-to-date: /home/pavithra/ros2_ws/install/abaja_interfaces/share/abaja_interfaces/cmake/export_abaja_interfaces__rosidl_generator_cExport.cmake
[2.654s] -- Up-to-date: /home/pavithra/ros2_ws/install/abaja_interfaces/share/abaja_interfaces/cmake/export_abaja_interfaces__rosidl_generator_cExport-noconfig.cmake
[2.655s] -- Up-to-date: /home/pavithra/ros2_ws/install/abaja_interfaces/share/abaja_interfaces/cmake/export_abaja_interfaces__rosidl_typesupport_fastrtps_cExport.cmake
[2.655s] -- Up-to-date: /home/pavithra/ros2_ws/install/abaja_interfaces/share/abaja_interfaces/cmake/export_abaja_interfaces__rosidl_typesupport_fastrtps_cExport-noconfig.cmake
[2.656s] -- Up-to-date: /home/pavithra/ros2_ws/install/abaja_interfaces/share/abaja_interfaces/cmake/abaja_interfaces__rosidl_typesupport_introspection_cExport.cmake
[2.656s] -- Up-to-date: /home/pavithra/ros2_ws/install/abaja_interfaces/share/abaja_interfaces/cmake/abaja_interfaces__rosidl_typesupport_introspection_cExport-noconfig.cmake
[2.656s] -- Up-to-date: /home/pavithra/ros2_ws/install/abaja_interfaces/share/abaja_interfaces/cmake/abaja_interfaces__rosidl_typesupport_cExport.cmake
[2.656s] -- Up-to-date: /home/pavithra/ros2_ws/install/abaja_interfaces/share/abaja_interfaces/cmake/abaja_interfaces__rosidl_typesupport_cExport-noconfig.cmake
[2.656s] -- Up-to-date: /home/pavithra/ros2_ws/install/abaja_interfaces/share/abaja_interfaces/cmake/export_abaja_interfaces__rosidl_generator_cppExport.cmake
[2.657s] -- Up-to-date: /home/pavithra/ros2_ws/install/abaja_interfaces/share/abaja_interfaces/cmake/export_abaja_interfaces__rosidl_typesupport_fastrtps_cppExport.cmake
[2.657s] -- Up-to-date: /home/pavithra/ros2_ws/install/abaja_interfaces/share/abaja_interfaces/cmake/export_abaja_interfaces__rosidl_typesupport_fastrtps_cppExport-noconfig.cmake
[2.657s] -- Up-to-date: /home/pavithra/ros2_ws/install/abaja_interfaces/share/abaja_interfaces/cmake/abaja_interfaces__rosidl_typesupport_introspection_cppExport.cmake
[2.657s] -- Up-to-date: /home/pavithra/ros2_ws/install/abaja_interfaces/share/abaja_interfaces/cmake/abaja_interfaces__rosidl_typesupport_introspection_cppExport-noconfig.cmake
[2.657s] -- Up-to-date: /home/pavithra/ros2_ws/install/abaja_interfaces/share/abaja_interfaces/cmake/abaja_interfaces__rosidl_typesupport_cppExport.cmake
[2.657s] -- Up-to-date: /home/pavithra/ros2_ws/install/abaja_interfaces/share/abaja_interfaces/cmake/abaja_interfaces__rosidl_typesupport_cppExport-noconfig.cmake
[2.657s] -- Up-to-date: /home/pavithra/ros2_ws/install/abaja_interfaces/share/abaja_interfaces/cmake/export_abaja_interfaces__rosidl_generator_pyExport.cmake
[2.657s] -- Up-to-date: /home/pavithra/ros2_ws/install/abaja_interfaces/share/abaja_interfaces/cmake/export_abaja_interfaces__rosidl_generator_pyExport-noconfig.cmake
[2.660s] Invoked command in '/home/pavithra/ros2_ws/build/abaja_interfaces' returned '0': CMAKE_PREFIX_PATH=${CMAKE_PREFIX_PATH}:/home/pavithra/ros2_ws/install/abaja_vehicle_state:/home/pavithra/ros2_ws/install/abaja_safety:/home/pavithra/ros2_ws/install/abaja_planning:/home/pavithra/ros2_ws/install/abaja_perception:/home/pavithra/ros2_ws/install/abaja_logging:/home/pavithra/ros2_ws/install/abaja_lane_detection:/home/pavithra/ros2_ws/install/abaja_dbw:/home/pavithra/ros2_ws/install/abaja_control:/home/pavithra/ros2_ws/install/abaja_dbw_bridge:/home/pavithra/ros2_ws/install/abaja_bringup:/home/pavithra/ros2_ws/install/abaja_teleop:/opt/ros/jazzy DEBUGINFOD_URLS=https://debuginfod.ubuntu.com /usr/bin/cmake --install /home/pavithra/ros2_ws/build/abaja_interfaces
