-- Found ament_cmake: 2.5.6 (/opt/ros/jazzy/share/ament_cmake/cmake)
-- Override CMake install command with custom implementation using symlinks instead of copying resources
-- Found rosidl_default_generators: 1.6.0 (/opt/ros/jazzy/share/rosidl_default_generators/cmake)
-- Using all available rosidl_typesupport_c: rosidl_typesupport_fastrtps_c;rosidl_typesupport_introspection_c
-- Using all available rosidl_typesupport_cpp: rosidl_typesupport_fastrtps_cpp;rosidl_typesupport_introspection_cpp
-- Found rosidl_adapter: 4.6.7 (/opt/ros/jazzy/share/rosidl_adapter/cmake)
-- Found std_msgs: 5.3.7 (/opt/ros/jazzy/share/std_msgs/cmake)
-- Found ament_cmake_ros: 0.12.0 (/opt/ros/jazzy/share/ament_cmake_ros/cmake)
-- Using all available rosidl_typesupport_c: rosidl_typesupport_fastrtps_c;rosidl_typesupport_introspection_c
-- Using all available rosidl_typesupport_cpp: rosidl_typesupport_fastrtps_cpp;rosidl_typesupport_introspection_cpp
-- Found python_cmake_module: 0.11.1 (/opt/ros/jazzy/share/python_cmake_module/cmake)
-- Found Python3: /usr/bin/python3 (found version "3.12.3") found components: Interpreter Development NumPy Development.Module Development.Embed 
-- Found Python3: /usr/bin/python3 (found version "3.12.3") found components: Interpreter 
-- Found ament_lint_auto: 0.17.5 (/opt/ros/jazzy/share/ament_lint_auto/cmake)
-- Added test 'lint_cmake' to check CMake code style
-- Added test 'xmllint' to check XML markup files
-- Configuring done (1.9s)
-- Generating done (0.1s)
-- Build files have been written to: /home/pavithra/ros2_ws/build/abaja_interfaces
[  0%] [34m[1mGenerating type hashes for ROS interfaces[0m
[  0%] [34m[1mGenerating Rust code for ROS interfaces[0m
[  0%] Built target ament_cmake_python_symlink_abaja_interfaces
running egg_info
writing abaja_interfaces.egg-info/PKG-INFO
writing dependency_links to abaja_interfaces.egg-info/dependency_links.txt
writing top-level names to abaja_interfaces.egg-info/top_level.txt
reading manifest file 'abaja_interfaces.egg-info/SOURCES.txt'
writing manifest file 'abaja_interfaces.egg-info/SOURCES.txt'
[  0%] Built target ament_cmake_python_build_abaja_interfaces_egg
[  0%] Built target abaja_interfaces__rs
[  0%] Built target abaja_interfaces__rosidl_generator_type_description
[  0%] [34m[1mGenerating C code for ROS interfaces[0m
[  0%] [34m[1mGenerating C++ code for ROS interfaces[0m
[  0%] Built target abaja_interfaces__cpp
[  0%] [32mBuilding C object CMakeFiles/abaja_interfaces__rosidl_generator_c.dir/rosidl_generator_c/abaja_interfaces/msg/detail/control_cmd__functions.c.o[0m
[  0%] [32mBuilding C object CMakeFiles/abaja_interfaces__rosidl_generator_c.dir/rosidl_generator_c/abaja_interfaces/msg/detail/vehicle_state__type_support.c.o[0m
[  1%] [32mBuilding C object CMakeFiles/abaja_interfaces__rosidl_generator_c.dir/rosidl_generator_c/abaja_interfaces/msg/detail/wheel_speed__description.c.o[0m
[  2%] [32mBuilding C object CMakeFiles/abaja_interfaces__rosidl_generator_c.dir/rosidl_generator_c/abaja_interfaces/msg/detail/vehicle_state__functions.c.o[0m
[  2%] [32mBuilding C object CMakeFiles/abaja_interfaces__rosidl_generator_c.dir/rosidl_generator_c/abaja_interfaces/msg/detail/wheel_speed__functions.c.o[0m
[  3%] [32mBuilding C object CMakeFiles/abaja_interfaces__rosidl_generator_c.dir/rosidl_generator_c/abaja_interfaces/msg/detail/control_cmd__description.c.o[0m
[  5%] [32mBuilding C object CMakeFiles/abaja_interfaces__rosidl_generator_c.dir/rosidl_generator_c/abaja_interfaces/msg/detail/wheel_speed__type_support.c.o[0m
[  4%] [32mBuilding C object CMakeFiles/abaja_interfaces__rosidl_generator_c.dir/rosidl_generator_c/abaja_interfaces/msg/detail/steering_feedback__functions.c.o[0m
[  4%] [32mBuilding C object CMakeFiles/abaja_interfaces__rosidl_generator_c.dir/rosidl_generator_c/abaja_interfaces/msg/detail/steering_feedback__description.c.o[0m
[  5%] [32mBuilding C object CMakeFiles/abaja_interfaces__rosidl_generator_c.dir/rosidl_generator_c/abaja_interfaces/msg/detail/vehicle_state__description.c.o[0m
[  6%] [32mBuilding C object CMakeFiles/abaja_interfaces__rosidl_generator_c.dir/rosidl_generator_c/abaja_interfaces/msg/detail/control_cmd__type_support.c.o[0m
[  6%] [32mBuilding C object CMakeFiles/abaja_interfaces__rosidl_generator_c.dir/rosidl_generator_c/abaja_interfaces/msg/detail/steering_feedback__type_support.c.o[0m
[  7%] [32mBuilding C object CMakeFiles/abaja_interfaces__rosidl_generator_c.dir/rosidl_generator_c/abaja_interfaces/msg/detail/battery_status__description.c.o[0m
[  7%] [32mBuilding C object CMakeFiles/abaja_interfaces__rosidl_generator_c.dir/rosidl_generator_c/abaja_interfaces/msg/detail/battery_status__functions.c.o[0m
[  7%] [32mBuilding C object CMakeFiles/abaja_interfaces__rosidl_generator_c.dir/rosidl_generator_c/abaja_interfaces/msg/detail/mode_status__description.c.o[0m
[  8%] [32mBuilding C object CMakeFiles/abaja_interfaces__rosidl_generator_c.dir/rosidl_generator_c/abaja_interfaces/msg/detail/battery_status__type_support.c.o[0m
[  9%] [32mBuilding C object CMakeFiles/abaja_interfaces__rosidl_generator_c.dir/rosidl_generator_c/abaja_interfaces/msg/detail/mode_status__functions.c.o[0m
[  9%] [32mBuilding C object CMakeFiles/abaja_interfaces__rosidl_generator_c.dir/rosidl_generator_c/abaja_interfaces/msg/detail/mode_status__type_support.c.o[0m
[ 10%] [32mBuilding C object CMakeFiles/abaja_interfaces__rosidl_generator_c.dir/rosidl_generator_c/abaja_interfaces/msg/detail/dbw_cmd__description.c.o[0m
[ 11%] [32mBuilding C object CMakeFiles/abaja_interfaces__rosidl_generator_c.dir/rosidl_generator_c/abaja_interfaces/msg/detail/dbw_cmd__type_support.c.o[0m
[ 11%] [32mBuilding C object CMakeFiles/abaja_interfaces__rosidl_generator_c.dir/rosidl_generator_c/abaja_interfaces/msg/detail/dbw_cmd__functions.c.o[0m
[ 12%] [32mBuilding C object CMakeFiles/abaja_interfaces__rosidl_generator_c.dir/rosidl_generator_c/abaja_interfaces/msg/detail/dbw_status__functions.c.o[0m
[ 12%] [32mBuilding C object CMakeFiles/abaja_interfaces__rosidl_generator_c.dir/rosidl_generator_c/abaja_interfaces/msg/detail/dbw_status__type_support.c.o[0m
[ 12%] [32mBuilding C object CMakeFiles/abaja_interfaces__rosidl_generator_c.dir/rosidl_generator_c/abaja_interfaces/msg/detail/dbw_status__description.c.o[0m
[ 12%] [32mBuilding C object CMakeFiles/abaja_interfaces__rosidl_generator_c.dir/rosidl_generator_c/abaja_interfaces/msg/detail/detected_object__functions.c.o[0m
[ 13%] [32mBuilding C object CMakeFiles/abaja_interfaces__rosidl_generator_c.dir/rosidl_generator_c/abaja_interfaces/msg/detail/detected_object__description.c.o[0m
[ 14%] [32mBuilding C object CMakeFiles/abaja_interfaces__rosidl_generator_c.dir/rosidl_generator_c/abaja_interfaces/msg/detail/detected_object__type_support.c.o[0m
[ 14%] [32mBuilding C object CMakeFiles/abaja_interfaces__rosidl_generator_c.dir/rosidl_generator_c/abaja_interfaces/msg/detail/detected_object_array__description.c.o[0m
[ 15%] [32mBuilding C object CMakeFiles/abaja_interfaces__rosidl_generator_c.dir/rosidl_generator_c/abaja_interfaces/msg/detail/detected_object_array__functions.c.o[0m
[ 15%] [32mBuilding C object CMakeFiles/abaja_interfaces__rosidl_generator_c.dir/rosidl_generator_c/abaja_interfaces/msg/detail/lane_marking__functions.c.o[0m
[ 16%] [32mBuilding C object CMakeFiles/abaja_interfaces__rosidl_generator_c.dir/rosidl_generator_c/abaja_interfaces/msg/detail/detected_object_array__type_support.c.o[0m
[ 16%] [32mBuilding C object CMakeFiles/abaja_interfaces__rosidl_generator_c.dir/rosidl_generator_c/abaja_interfaces/msg/detail/lane_marking__description.c.o[0m
[ 17%] [32mBuilding C object CMakeFiles/abaja_interfaces__rosidl_generator_c.dir/rosidl_generator_c/abaja_interfaces/msg/detail/lane_marking__type_support.c.o[0m
[ 17%] [32mBuilding C object CMakeFiles/abaja_interfaces__rosidl_generator_c.dir/rosidl_generator_c/abaja_interfaces/msg/detail/lane_state__description.c.o[0m
[ 18%] [32mBuilding C object CMakeFiles/abaja_interfaces__rosidl_generator_c.dir/rosidl_generator_c/abaja_interfaces/msg/detail/lane_state__functions.c.o[0m
[ 19%] [32mBuilding C object CMakeFiles/abaja_interfaces__rosidl_generator_c.dir/rosidl_generator_c/abaja_interfaces/msg/detail/lane_state__type_support.c.o[0m
[ 19%] [32mBuilding C object CMakeFiles/abaja_interfaces__rosidl_generator_c.dir/rosidl_generator_c/abaja_interfaces/msg/detail/object_distance__description.c.o[0m
[ 20%] [32mBuilding C object CMakeFiles/abaja_interfaces__rosidl_generator_c.dir/rosidl_generator_c/abaja_interfaces/msg/detail/object_distance__functions.c.o[0m
[ 21%] [32mBuilding C object CMakeFiles/abaja_interfaces__rosidl_generator_c.dir/rosidl_generator_c/abaja_interfaces/msg/detail/object_distance_array__description.c.o[0m
[ 21%] [32mBuilding C object CMakeFiles/abaja_interfaces__rosidl_generator_c.dir/rosidl_generator_c/abaja_interfaces/msg/detail/object_distance__type_support.c.o[0m
[ 21%] [32mBuilding C object CMakeFiles/abaja_interfaces__rosidl_generator_c.dir/rosidl_generator_c/abaja_interfaces/msg/detail/object_distance_array__functions.c.o[0m
[ 22%] [32mBuilding C object CMakeFiles/abaja_interfaces__rosidl_generator_c.dir/rosidl_generator_c/abaja_interfaces/msg/detail/object_distance_array__type_support.c.o[0m
[ 22%] [32mBuilding C object CMakeFiles/abaja_interfaces__rosidl_generator_c.dir/rosidl_generator_c/abaja_interfaces/msg/detail/ttc_status__type_support.c.o[0m
[ 23%] [32mBuilding C object CMakeFiles/abaja_interfaces__rosidl_generator_c.dir/rosidl_generator_c/abaja_interfaces/msg/detail/ttc_status__functions.c.o[0m
[ 23%] [32mBuilding C object CMakeFiles/abaja_interfaces__rosidl_generator_c.dir/rosidl_generator_c/abaja_interfaces/msg/detail/ttc_status__description.c.o[0m
[ 24%] [32mBuilding C object CMakeFiles/abaja_interfaces__rosidl_generator_c.dir/rosidl_generator_c/abaja_interfaces/msg/detail/aeb_status__description.c.o[0m
[ 24%] [32mBuilding C object CMakeFiles/abaja_interfaces__rosidl_generator_c.dir/rosidl_generator_c/abaja_interfaces/msg/detail/aeb_status__functions.c.o[0m
[ 24%] [32mBuilding C object CMakeFiles/abaja_interfaces__rosidl_generator_c.dir/rosidl_generator_c/abaja_interfaces/msg/detail/safety_state__description.c.o[0m
[ 25%] [32mBuilding C object CMakeFiles/abaja_interfaces__rosidl_generator_c.dir/rosidl_generator_c/abaja_interfaces/msg/detail/aeb_status__type_support.c.o[0m
[ 26%] [32mBuilding C object CMakeFiles/abaja_interfaces__rosidl_generator_c.dir/rosidl_generator_c/abaja_interfaces/msg/detail/safety_state__functions.c.o[0m
[ 26%] [32mBuilding C object CMakeFiles/abaja_interfaces__rosidl_generator_c.dir/rosidl_generator_c/abaja_interfaces/msg/detail/safety_state__type_support.c.o[0m
[ 27%] [32m[1mLinking C shared library libabaja_interfaces__rosidl_generator_c.so[0m
[ 27%] Built target abaja_interfaces__rosidl_generator_c
[ 28%] [34m[1mGenerating C++ type support dispatch for ROS interfaces[0m
[ 29%] [34m[1mGenerating C type support dispatch for ROS interfaces[0m
[ 29%] [34m[1mGenerating C type support for eProsima Fast-RTPS[0m
[ 31%] [34m[1mGenerating C++ introspection for ROS interfaces[0m
[ 31%] [34m[1mGenerating C++ type support for eProsima Fast-RTPS[0m
[ 31%] [34m[1mGenerating C introspection for ROS interfaces[0m
[ 31%] [32mBuilding CXX object CMakeFiles/abaja_interfaces__rosidl_typesupport_c.dir/rosidl_typesupport_c/abaja_interfaces/msg/control_cmd__type_support.cpp.o[0m
[ 31%] [32mBuilding CXX object CMakeFiles/abaja_interfaces__rosidl_typesupport_cpp.dir/rosidl_typesupport_cpp/abaja_interfaces/msg/control_cmd__type_support.cpp.o[0m
[ 32%] [32mBuilding CXX object CMakeFiles/abaja_interfaces__rosidl_typesupport_cpp.dir/rosidl_typesupport_cpp/abaja_interfaces/msg/vehicle_state__type_support.cpp.o[0m
[ 32%] [32mBuilding CXX object CMakeFiles/abaja_interfaces__rosidl_typesupport_cpp.dir/rosidl_typesupport_cpp/abaja_interfaces/msg/wheel_speed__type_support.cpp.o[0m
[ 33%] [32mBuilding CXX object CMakeFiles/abaja_interfaces__rosidl_typesupport_cpp.dir/rosidl_typesupport_cpp/abaja_interfaces/msg/steering_feedback__type_support.cpp.o[0m
[ 34%] [32mBuilding CXX object CMakeFiles/abaja_interfaces__rosidl_typesupport_c.dir/rosidl_typesupport_c/abaja_interfaces/msg/vehicle_state__type_support.cpp.o[0m
[ 35%] [32mBuilding CXX object CMakeFiles/abaja_interfaces__rosidl_typesupport_c.dir/rosidl_typesupport_c/abaja_interfaces/msg/wheel_speed__type_support.cpp.o[0m
[ 35%] [32mBuilding CXX object CMakeFiles/abaja_interfaces__rosidl_typesupport_c.dir/rosidl_typesupport_c/abaja_interfaces/msg/steering_feedback__type_support.cpp.o[0m
[ 36%] [32mBuilding CXX object CMakeFiles/abaja_interfaces__rosidl_typesupport_cpp.dir/rosidl_typesupport_cpp/abaja_interfaces/msg/mode_status__type_support.cpp.o[0m
[ 37%] [32mBuilding CXX object CMakeFiles/abaja_interfaces__rosidl_typesupport_c.dir/rosidl_typesupport_c/abaja_interfaces/msg/battery_status__type_support.cpp.o[0m
[ 37%] [32mBuilding CXX object CMakeFiles/abaja_interfaces__rosidl_typesupport_cpp.dir/rosidl_typesupport_cpp/abaja_interfaces/msg/battery_status__type_support.cpp.o[0m
[ 37%] [32mBuilding CXX object CMakeFiles/abaja_interfaces__rosidl_typesupport_cpp.dir/rosidl_typesupport_cpp/abaja_interfaces/msg/dbw_cmd__type_support.cpp.o[0m
[ 37%] [32mBuilding C object CMakeFiles/abaja_interfaces__rosidl_typesupport_introspection_c.dir/rosidl_typesupport_introspection_c/abaja_interfaces/msg/detail/control_cmd__type_support.c.o[0m
[ 37%] [32mBuilding CXX object CMakeFiles/abaja_interfaces__rosidl_typesupport_c.dir/rosidl_typesupport_c/abaja_interfaces/msg/mode_status__type_support.cpp.o[0m
[ 38%] [32mBuilding CXX object CMakeFiles/abaja_interfaces__rosidl_typesupport_c.dir/rosidl_typesupport_c/abaja_interfaces/msg/dbw_cmd__type_support.cpp.o[0m
[ 39%] [32mBuilding C object CMakeFiles/abaja_interfaces__rosidl_typesupport_introspection_c.dir/rosidl_typesupport_introspection_c/abaja_interfaces/msg/detail/vehicle_state__type_support.c.o[0m
[ 39%] [32mBuilding CXX object CMakeFiles/abaja_interfaces__rosidl_typesupport_c.dir/rosidl_typesupport_c/abaja_interfaces/msg/dbw_status__type_support.cpp.o[0m
[ 40%] [32mBuilding CXX object CMakeFiles/abaja_interfaces__rosidl_typesupport_c.dir/rosidl_typesupport_c/abaja_interfaces/msg/detected_object__type_support.cpp.o[0m
[ 40%] [32mBuilding C object CMakeFiles/abaja_interfaces__rosidl_typesupport_introspection_c.dir/rosidl_typesupport_introspection_c/abaja_interfaces/msg/detail/wheel_speed__type_support.c.o[0m
[ 41%] [32mBuilding C object CMakeFiles/abaja_interfaces__rosidl_typesupport_introspection_c.dir/rosidl_typesupport_introspection_c/abaja_interfaces/msg/detail/steering_feedback__type_support.c.o[0m
[ 41%] [32mBuilding CXX object CMakeFiles/abaja_interfaces__rosidl_typesupport_c.dir/rosidl_typesupport_c/abaja_interfaces/msg/detected_object_array__type_support.cpp.o[0m
[ 42%] [32mBuilding CXX object CMakeFiles/abaja_interfaces__rosidl_typesupport_c.dir/rosidl_typesupport_c/abaja_interfaces/msg/lane_marking__type_support.cpp.o[0m
[ 43%] [32mBuilding C object CMakeFiles/abaja_interfaces__rosidl_typesupport_introspection_c.dir/rosidl_typesupport_introspection_c/abaja_interfaces/msg/detail/battery_status__type_support.c.o[0m
[ 43%] [32mBuilding CXX object CMakeFiles/abaja_interfaces__rosidl_typesupport_introspection_cpp.dir/rosidl_typesupport_introspection_cpp/abaja_interfaces/msg/detail/control_cmd__type_support.cpp.o[0m
[ 44%] [32mBuilding CXX object CMakeFiles/abaja_interfaces__rosidl_typesupport_introspection_cpp.dir/rosidl_typesupport_introspection_cpp/abaja_interfaces/msg/detail/vehicle_state__type_support.cpp.o[0m
[ 44%] [32mBuilding C object CMakeFiles/abaja_interfaces__rosidl_typesupport_introspection_c.dir/rosidl_typesupport_introspection_c/abaja_interfaces/msg/detail/mode_status__type_support.c.o[0m
[ 44%] [32mBuilding CXX object CMakeFiles/abaja_interfaces__rosidl_typesupport_c.dir/rosidl_typesupport_c/abaja_interfaces/msg/lane_state__type_support.cpp.o[0m
[ 45%] [32mBuilding CXX object CMakeFiles/abaja_interfaces__rosidl_typesupport_c.dir/rosidl_typesupport_c/abaja_interfaces/msg/object_distance__type_support.cpp.o[0m
[ 46%] [32mBuilding C object CMakeFiles/abaja_interfaces__rosidl_typesupport_introspection_c.dir/rosidl_typesupport_introspection_c/abaja_interfaces/msg/detail/dbw_cmd__type_support.c.o[0m
[ 46%] [32mBuilding CXX object CMakeFiles/abaja_interfaces__rosidl_typesupport_introspection_cpp.dir/rosidl_typesupport_introspection_cpp/abaja_interfaces/msg/detail/wheel_speed__type_support.cpp.o[0m
[ 47%] [32mBuilding CXX object CMakeFiles/abaja_interfaces__rosidl_typesupport_introspection_cpp.dir/rosidl_typesupport_introspection_cpp/abaja_interfaces/msg/detail/steering_feedback__type_support.cpp.o[0m
[ 47%] [32mBuilding CXX object CMakeFiles/abaja_interfaces__rosidl_typesupport_c.dir/rosidl_typesupport_c/abaja_interfaces/msg/object_distance_array__type_support.cpp.o[0m
[ 47%] [32mBuilding C object CMakeFiles/abaja_interfaces__rosidl_typesupport_introspection_c.dir/rosidl_typesupport_introspection_c/abaja_interfaces/msg/detail/dbw_status__type_support.c.o[0m
[ 47%] [32mBuilding CXX object CMakeFiles/abaja_interfaces__rosidl_typesupport_introspection_cpp.dir/rosidl_typesupport_introspection_cpp/abaja_interfaces/msg/detail/battery_status__type_support.cpp.o[0m
[ 48%] [32mBuilding CXX object CMakeFiles/abaja_interfaces__rosidl_typesupport_c.dir/rosidl_typesupport_c/abaja_interfaces/msg/ttc_status__type_support.cpp.o[0m
[ 49%] [32mBuilding CXX object CMakeFiles/abaja_interfaces__rosidl_typesupport_cpp.dir/rosidl_typesupport_cpp/abaja_interfaces/msg/dbw_status__type_support.cpp.o[0m
[ 50%] [32mBuilding C object CMakeFiles/abaja_interfaces__rosidl_typesupport_introspection_c.dir/rosidl_typesupport_introspection_c/abaja_interfaces/msg/detail/detected_object__type_support.c.o[0m
[ 51%] [32mBuilding CXX object CMakeFiles/abaja_interfaces__rosidl_typesupport_introspection_cpp.dir/rosidl_typesupport_introspection_cpp/abaja_interfaces/msg/detail/mode_status__type_support.cpp.o[0m
[ 51%] [32mBuilding CXX object CMakeFiles/abaja_interfaces__rosidl_typesupport_introspection_cpp.dir/rosidl_typesupport_introspection_cpp/abaja_interfaces/msg/detail/dbw_cmd__type_support.cpp.o[0m
[ 51%] [32mBuilding CXX object CMakeFiles/abaja_interfaces__rosidl_typesupport_c.dir/rosidl_typesupport_c/abaja_interfaces/msg/aeb_status__type_support.cpp.o[0m
[ 51%] [32mBuilding C object CMakeFiles/abaja_interfaces__rosidl_typesupport_introspection_c.dir/rosidl_typesupport_introspection_c/abaja_interfaces/msg/detail/detected_object_array__type_support.c.o[0m
[ 52%] [32mBuilding C object CMakeFiles/abaja_interfaces__rosidl_typesupport_introspection_c.dir/rosidl_typesupport_introspection_c/abaja_interfaces/msg/detail/lane_marking__type_support.c.o[0m
[ 53%] [32mBuilding CXX object CMakeFiles/abaja_interfaces__rosidl_typesupport_c.dir/rosidl_typesupport_c/abaja_interfaces/msg/safety_state__type_support.cpp.o[0m
[ 53%] [32mBuilding C object CMakeFiles/abaja_interfaces__rosidl_typesupport_introspection_c.dir/rosidl_typesupport_introspection_c/abaja_interfaces/msg/detail/lane_state__type_support.c.o[0m
[ 54%] [32mBuilding C object CMakeFiles/abaja_interfaces__rosidl_typesupport_introspection_c.dir/rosidl_typesupport_introspection_c/abaja_interfaces/msg/detail/object_distance__type_support.c.o[0m
[ 54%] [32m[1mLinking CXX shared library libabaja_interfaces__rosidl_typesupport_c.so[0m
[ 55%] [32mBuilding CXX object CMakeFiles/abaja_interfaces__rosidl_typesupport_fastrtps_cpp.dir/rosidl_typesupport_fastrtps_cpp/abaja_interfaces/msg/detail/dds_fastrtps/control_cmd__type_support.cpp.o[0m
[ 55%] [32mBuilding C object CMakeFiles/abaja_interfaces__rosidl_typesupport_introspection_c.dir/rosidl_typesupport_introspection_c/abaja_interfaces/msg/detail/object_distance_array__type_support.c.o[0m
[ 55%] Built target abaja_interfaces__rosidl_typesupport_c
[ 55%] [32mBuilding CXX object CMakeFiles/abaja_interfaces__rosidl_typesupport_cpp.dir/rosidl_typesupport_cpp/abaja_interfaces/msg/detected_object__type_support.cpp.o[0m
[ 56%] [32mBuilding C object CMakeFiles/abaja_interfaces__rosidl_typesupport_introspection_c.dir/rosidl_typesupport_introspection_c/abaja_interfaces/msg/detail/ttc_status__type_support.c.o[0m
[ 57%] [32mBuilding CXX object CMakeFiles/abaja_interfaces__rosidl_typesupport_introspection_cpp.dir/rosidl_typesupport_introspection_cpp/abaja_interfaces/msg/detail/dbw_status__type_support.cpp.o[0m
[ 57%] [32mBuilding CXX object CMakeFiles/abaja_interfaces__rosidl_typesupport_fastrtps_cpp.dir/rosidl_typesupport_fastrtps_cpp/abaja_interfaces/msg/detail/dds_fastrtps/vehicle_state__type_support.cpp.o[0m
[ 58%] [32mBuilding CXX object CMakeFiles/abaja_interfaces__rosidl_typesupport_cpp.dir/rosidl_typesupport_cpp/abaja_interfaces/msg/detected_object_array__type_support.cpp.o[0m
[ 58%] [32mBuilding C object CMakeFiles/abaja_interfaces__rosidl_typesupport_introspection_c.dir/rosidl_typesupport_introspection_c/abaja_interfaces/msg/detail/aeb_status__type_support.c.o[0m
[ 59%] [32mBuilding CXX object CMakeFiles/abaja_interfaces__rosidl_typesupport_fastrtps_cpp.dir/rosidl_typesupport_fastrtps_cpp/abaja_interfaces/msg/detail/dds_fastrtps/wheel_speed__type_support.cpp.o[0m
[ 60%] [32mBuilding C object CMakeFiles/abaja_interfaces__rosidl_typesupport_introspection_c.dir/rosidl_typesupport_introspection_c/abaja_interfaces/msg/detail/safety_state__type_support.c.o[0m
[ 61%] [32mBuilding CXX object CMakeFiles/abaja_interfaces__rosidl_typesupport_fastrtps_c.dir/rosidl_typesupport_fastrtps_c/abaja_interfaces/msg/detail/control_cmd__type_support_c.cpp.o[0m
[ 61%] [32mBuilding CXX object CMakeFiles/abaja_interfaces__rosidl_typesupport_introspection_cpp.dir/rosidl_typesupport_introspection_cpp/abaja_interfaces/msg/detail/detected_object__type_support.cpp.o[0m
[ 62%] [32mBuilding CXX object CMakeFiles/abaja_interfaces__rosidl_typesupport_introspection_cpp.dir/rosidl_typesupport_introspection_cpp/abaja_interfaces/msg/detail/detected_object_array__type_support.cpp.o[0m
[ 62%] [32mBuilding CXX object CMakeFiles/abaja_interfaces__rosidl_typesupport_fastrtps_c.dir/rosidl_typesupport_fastrtps_c/abaja_interfaces/msg/detail/vehicle_state__type_support_c.cpp.o[0m
[ 62%] [32m[1mLinking C shared library libabaja_interfaces__rosidl_typesupport_introspection_c.so[0m
[ 62%] Built target abaja_interfaces__rosidl_typesupport_introspection_c
[ 62%] [32mBuilding CXX object CMakeFiles/abaja_interfaces__rosidl_typesupport_fastrtps_cpp.dir/rosidl_typesupport_fastrtps_cpp/abaja_interfaces/msg/detail/dds_fastrtps/steering_feedback__type_support.cpp.o[0m
[ 62%] [32mBuilding CXX object CMakeFiles/abaja_interfaces__rosidl_typesupport_introspection_cpp.dir/rosidl_typesupport_introspection_cpp/abaja_interfaces/msg/detail/lane_marking__type_support.cpp.o[0m
[ 62%] [32mBuilding CXX object CMakeFiles/abaja_interfaces__rosidl_typesupport_cpp.dir/rosidl_typesupport_cpp/abaja_interfaces/msg/lane_marking__type_support.cpp.o[0m
[ 63%] [32mBuilding CXX object CMakeFiles/abaja_interfaces__rosidl_typesupport_fastrtps_c.dir/rosidl_typesupport_fastrtps_c/abaja_interfaces/msg/detail/wheel_speed__type_support_c.cpp.o[0m
[ 64%] [32mBuilding CXX object CMakeFiles/abaja_interfaces__rosidl_typesupport_fastrtps_c.dir/rosidl_typesupport_fastrtps_c/abaja_interfaces/msg/detail/steering_feedback__type_support_c.cpp.o[0m
[ 65%] [32mBuilding CXX object CMakeFiles/abaja_interfaces__rosidl_typesupport_introspection_cpp.dir/rosidl_typesupport_introspection_cpp/abaja_interfaces/msg/detail/lane_state__type_support.cpp.o[0m
[ 66%] [32mBuilding CXX object CMakeFiles/abaja_interfaces__rosidl_typesupport_fastrtps_cpp.dir/rosidl_typesupport_fastrtps_cpp/abaja_interfaces/msg/detail/dds_fastrtps/battery_status__type_support.cpp.o[0m
[ 67%] [32mBuilding CXX object CMakeFiles/abaja_interfaces__rosidl_typesupport_cpp.dir/rosidl_typesupport_cpp/abaja_interfaces/msg/lane_state__type_support.cpp.o[0m
[ 67%] [32mBuilding CXX object CMakeFiles/abaja_interfaces__rosidl_typesupport_fastrtps_cpp.dir/rosidl_typesupport_fastrtps_cpp/abaja_interfaces/msg/detail/dds_fastrtps/mode_status__type_support.cpp.o[0m
[ 67%] [32mBuilding CXX object CMakeFiles/abaja_interfaces__rosidl_typesupport_cpp.dir/rosidl_typesupport_cpp/abaja_interfaces/msg/object_distance__type_support.cpp.o[0m
[ 67%] [32mBuilding CXX object CMakeFiles/abaja_interfaces__rosidl_typesupport_fastrtps_c.dir/rosidl_typesupport_fastrtps_c/abaja_interfaces/msg/detail/battery_status__type_support_c.cpp.o[0m
[ 67%] [32mBuilding CXX object CMakeFiles/abaja_interfaces__rosidl_typesupport_introspection_cpp.dir/rosidl_typesupport_introspection_cpp/abaja_interfaces/msg/detail/object_distance__type_support.cpp.o[0m
[ 68%] [32mBuilding CXX object CMakeFiles/abaja_interfaces__rosidl_typesupport_fastrtps_cpp.dir/rosidl_typesupport_fastrtps_cpp/abaja_interfaces/msg/detail/dds_fastrtps/dbw_cmd__type_support.cpp.o[0m
[ 69%] [32mBuilding CXX object CMakeFiles/abaja_interfaces__rosidl_typesupport_introspection_cpp.dir/rosidl_typesupport_introspection_cpp/abaja_interfaces/msg/detail/object_distance_array__type_support.cpp.o[0m
[ 69%] [32mBuilding CXX object CMakeFiles/abaja_interfaces__rosidl_typesupport_introspection_cpp.dir/rosidl_typesupport_introspection_cpp/abaja_interfaces/msg/detail/ttc_status__type_support.cpp.o[0m
[ 70%] [32mBuilding CXX object CMakeFiles/abaja_interfaces__rosidl_typesupport_cpp.dir/rosidl_typesupport_cpp/abaja_interfaces/msg/object_distance_array__type_support.cpp.o[0m
[ 71%] [32mBuilding CXX object CMakeFiles/abaja_interfaces__rosidl_typesupport_fastrtps_c.dir/rosidl_typesupport_fastrtps_c/abaja_interfaces/msg/detail/mode_status__type_support_c.cpp.o[0m
[ 71%] [32mBuilding CXX object CMakeFiles/abaja_interfaces__rosidl_typesupport_cpp.dir/rosidl_typesupport_cpp/abaja_interfaces/msg/ttc_status__type_support.cpp.o[0m
[ 71%] [32mBuilding CXX object CMakeFiles/abaja_interfaces__rosidl_typesupport_fastrtps_c.dir/rosidl_typesupport_fastrtps_c/abaja_interfaces/msg/detail/dbw_cmd__type_support_c.cpp.o[0m
[ 72%] [32mBuilding CXX object CMakeFiles/abaja_interfaces__rosidl_typesupport_cpp.dir/rosidl_typesupport_cpp/abaja_interfaces/msg/aeb_status__type_support.cpp.o[0m
[ 73%] [32mBuilding CXX object CMakeFiles/abaja_interfaces__rosidl_typesupport_introspection_cpp.dir/rosidl_typesupport_introspection_cpp/abaja_interfaces/msg/detail/aeb_status__type_support.cpp.o[0m
[ 73%] [32mBuilding CXX object CMakeFiles/abaja_interfaces__rosidl_typesupport_fastrtps_cpp.dir/rosidl_typesupport_fastrtps_cpp/abaja_interfaces/msg/detail/dds_fastrtps/dbw_status__type_support.cpp.o[0m
[ 74%] [32mBuilding CXX object CMakeFiles/abaja_interfaces__rosidl_typesupport_fastrtps_c.dir/rosidl_typesupport_fastrtps_c/abaja_interfaces/msg/detail/dbw_status__type_support_c.cpp.o[0m
[ 74%] [32mBuilding CXX object CMakeFiles/abaja_interfaces__rosidl_typesupport_introspection_cpp.dir/rosidl_typesupport_introspection_cpp/abaja_interfaces/msg/detail/safety_state__type_support.cpp.o[0m
[ 75%] [32mBuilding CXX object CMakeFiles/abaja_interfaces__rosidl_typesupport_fastrtps_cpp.dir/rosidl_typesupport_fastrtps_cpp/abaja_interfaces/msg/detail/dds_fastrtps/detected_object__type_support.cpp.o[0m
[ 75%] [32mBuilding CXX object CMakeFiles/abaja_interfaces__rosidl_typesupport_cpp.dir/rosidl_typesupport_cpp/abaja_interfaces/msg/safety_state__type_support.cpp.o[0m
[ 75%] [32mBuilding CXX object CMakeFiles/abaja_interfaces__rosidl_typesupport_fastrtps_c.dir/rosidl_typesupport_fastrtps_c/abaja_interfaces/msg/detail/detected_object__type_support_c.cpp.o[0m
[ 75%] [32mBuilding CXX object CMakeFiles/abaja_interfaces__rosidl_typesupport_fastrtps_cpp.dir/rosidl_typesupport_fastrtps_cpp/abaja_interfaces/msg/detail/dds_fastrtps/detected_object_array__type_support.cpp.o[0m
[ 76%] [32mBuilding CXX object CMakeFiles/abaja_interfaces__rosidl_typesupport_fastrtps_cpp.dir/rosidl_typesupport_fastrtps_cpp/abaja_interfaces/msg/detail/dds_fastrtps/lane_marking__type_support.cpp.o[0m
[ 77%] [32mBuilding CXX object CMakeFiles/abaja_interfaces__rosidl_typesupport_fastrtps_c.dir/rosidl_typesupport_fastrtps_c/abaja_interfaces/msg/detail/detected_object_array__type_support_c.cpp.o[0m
[ 77%] [32mBuilding CXX object CMakeFiles/abaja_interfaces__rosidl_typesupport_fastrtps_c.dir/rosidl_typesupport_fastrtps_c/abaja_interfaces/msg/detail/lane_marking__type_support_c.cpp.o[0m
[ 77%] [32mBuilding CXX object CMakeFiles/abaja_interfaces__rosidl_typesupport_fastrtps_cpp.dir/rosidl_typesupport_fastrtps_cpp/abaja_interfaces/msg/detail/dds_fastrtps/lane_state__type_support.cpp.o[0m
[ 78%] [32mBuilding CXX object CMakeFiles/abaja_interfaces__rosidl_typesupport_fastrtps_cpp.dir/rosidl_typesupport_fastrtps_cpp/abaja_interfaces/msg/detail/dds_fastrtps/object_distance__type_support.cpp.o[0m
[ 79%] [32m[1mLinking CXX shared library libabaja_interfaces__rosidl_typesupport_introspection_cpp.so[0m
[ 80%] [32mBuilding CXX object CMakeFiles/abaja_interfaces__rosidl_typesupport_fastrtps_c.dir/rosidl_typesupport_fastrtps_c/abaja_interfaces/msg/detail/lane_state__type_support_c.cpp.o[0m
[ 81%] [32m[1mLinking CXX shared library libabaja_interfaces__rosidl_typesupport_cpp.so[0m
[ 81%] Built target abaja_interfaces__rosidl_typesupport_introspection_cpp
[ 81%] Built target abaja_interfaces__rosidl_typesupport_cpp
[ 81%] [32mBuilding CXX object CMakeFiles/abaja_interfaces__rosidl_typesupport_fastrtps_c.dir/rosidl_typesupport_fastrtps_c/abaja_interfaces/msg/detail/object_distance__type_support_c.cpp.o[0m
[ 81%] [32mBuilding CXX object CMakeFiles/abaja_interfaces__rosidl_typesupport_fastrtps_cpp.dir/rosidl_typesupport_fastrtps_cpp/abaja_interfaces/msg/detail/dds_fastrtps/object_distance_array__type_support.cpp.o[0m
[ 82%] [32mBuilding CXX object CMakeFiles/abaja_interfaces__rosidl_typesupport_fastrtps_cpp.dir/rosidl_typesupport_fastrtps_cpp/abaja_interfaces/msg/detail/dds_fastrtps/ttc_status__type_support.cpp.o[0m
[ 83%] [32mBuilding CXX object CMakeFiles/abaja_interfaces__rosidl_typesupport_fastrtps_c.dir/rosidl_typesupport_fastrtps_c/abaja_interfaces/msg/detail/object_distance_array__type_support_c.cpp.o[0m
[ 83%] [32mBuilding CXX object CMakeFiles/abaja_interfaces__rosidl_typesupport_fastrtps_cpp.dir/rosidl_typesupport_fastrtps_cpp/abaja_interfaces/msg/detail/dds_fastrtps/aeb_status__type_support.cpp.o[0m
[ 84%] [32mBuilding CXX object CMakeFiles/abaja_interfaces__rosidl_typesupport_fastrtps_cpp.dir/rosidl_typesupport_fastrtps_cpp/abaja_interfaces/msg/detail/dds_fastrtps/safety_state__type_support.cpp.o[0m
[ 84%] [32mBuilding CXX object CMakeFiles/abaja_interfaces__rosidl_typesupport_fastrtps_c.dir/rosidl_typesupport_fastrtps_c/abaja_interfaces/msg/detail/ttc_status__type_support_c.cpp.o[0m
[ 85%] [32mBuilding CXX object CMakeFiles/abaja_interfaces__rosidl_typesupport_fastrtps_c.dir/rosidl_typesupport_fastrtps_c/abaja_interfaces/msg/detail/aeb_status__type_support_c.cpp.o[0m
[ 85%] [32mBuilding CXX object CMakeFiles/abaja_interfaces__rosidl_typesupport_fastrtps_c.dir/rosidl_typesupport_fastrtps_c/abaja_interfaces/msg/detail/safety_state__type_support_c.cpp.o[0m
[ 85%] [32m[1mLinking CXX shared library libabaja_interfaces__rosidl_typesupport_fastrtps_cpp.so[0m
[ 86%] [32m[1mLinking CXX shared library libabaja_interfaces__rosidl_typesupport_fastrtps_c.so[0m
[ 86%] Built target abaja_interfaces__rosidl_typesupport_fastrtps_cpp
[ 86%] Built target abaja_interfaces__rosidl_typesupport_fastrtps_c
[ 86%] Built target abaja_interfaces
[ 87%] [34m[1mGenerating Python code for ROS interfaces[0m
[ 87%] Built target abaja_interfaces__py
[ 88%] [32mBuilding C object CMakeFiles/abaja_interfaces__rosidl_generator_py.dir/rosidl_generator_py/abaja_interfaces/msg/_steering_feedback_s.c.o[0m
[ 88%] [32mBuilding C object CMakeFiles/abaja_interfaces__rosidl_generator_py.dir/rosidl_generator_py/abaja_interfaces/msg/_wheel_speed_s.c.o[0m
[ 89%] [32mBuilding C object CMakeFiles/abaja_interfaces__rosidl_generator_py.dir/rosidl_generator_py/abaja_interfaces/msg/_mode_status_s.c.o[0m
[ 89%] [32mBuilding C object CMakeFiles/abaja_interfaces__rosidl_generator_py.dir/rosidl_generator_py/abaja_interfaces/msg/_battery_status_s.c.o[0m
[ 90%] [32mBuilding C object CMakeFiles/abaja_interfaces__rosidl_generator_py.dir/rosidl_generator_py/abaja_interfaces/msg/_dbw_status_s.c.o[0m
[ 90%] [32mBuilding C object CMakeFiles/abaja_interfaces__rosidl_generator_py.dir/rosidl_generator_py/abaja_interfaces/msg/_lane_marking_s.c.o[0m
[ 90%] [32mBuilding C object CMakeFiles/abaja_interfaces__rosidl_generator_py.dir/rosidl_generator_py/abaja_interfaces/msg/_control_cmd_s.c.o[0m
[ 91%] [32mBuilding C object CMakeFiles/abaja_interfaces__rosidl_generator_py.dir/rosidl_generator_py/abaja_interfaces/msg/_vehicle_state_s.c.o[0m
[ 92%] [32mBuilding C object CMakeFiles/abaja_interfaces__rosidl_generator_py.dir/rosidl_generator_py/abaja_interfaces/msg/_lane_state_s.c.o[0m
[ 92%] [32mBuilding C object CMakeFiles/abaja_interfaces__rosidl_generator_py.dir/rosidl_generator_py/abaja_interfaces/msg/_detected_object_s.c.o[0m
[ 92%] [32mBuilding C object CMakeFiles/abaja_interfaces__rosidl_generator_py.dir/rosidl_generator_py/abaja_interfaces/msg/_dbw_cmd_s.c.o[0m
[ 93%] [32mBuilding C object CMakeFiles/abaja_interfaces__rosidl_generator_py.dir/rosidl_generator_py/abaja_interfaces/msg/_detected_object_array_s.c.o[0m
[ 93%] [32mBuilding C object CMakeFiles/abaja_interfaces__rosidl_generator_py.dir/rosidl_generator_py/abaja_interfaces/msg/_object_distance_s.c.o[0m
[ 94%] [32mBuilding C object CMakeFiles/abaja_interfaces__rosidl_generator_py.dir/rosidl_generator_py/abaja_interfaces/msg/_object_distance_array_s.c.o[0m
[ 95%] [32mBuilding C object CMakeFiles/abaja_interfaces__rosidl_generator_py.dir/rosidl_generator_py/abaja_interfaces/msg/_aeb_status_s.c.o[0m
[ 95%] [32mBuilding C object CMakeFiles/abaja_interfaces__rosidl_generator_py.dir/rosidl_generator_py/abaja_interfaces/msg/_ttc_status_s.c.o[0m
[ 95%] [32mBuilding C object CMakeFiles/abaja_interfaces__rosidl_generator_py.dir/rosidl_generator_py/abaja_interfaces/msg/_safety_state_s.c.o[0m
[ 96%] [32m[1mLinking C shared library libabaja_interfaces__rosidl_generator_py.so[0m
[ 96%] Built target abaja_interfaces__rosidl_generator_py
[ 97%] [32mBuilding C object CMakeFiles/abaja_interfaces_s__rosidl_typesupport_introspection_c.dir/rosidl_generator_py/abaja_interfaces/_abaja_interfaces_s.ep.rosidl_typesupport_introspection_c.c.o[0m
[ 98%] [32mBuilding C object CMakeFiles/abaja_interfaces_s__rosidl_typesupport_c.dir/rosidl_generator_py/abaja_interfaces/_abaja_interfaces_s.ep.rosidl_typesupport_c.c.o[0m
[ 99%] [32mBuilding C object CMakeFiles/abaja_interfaces_s__rosidl_typesupport_fastrtps_c.dir/rosidl_generator_py/abaja_interfaces/_abaja_interfaces_s.ep.rosidl_typesupport_fastrtps_c.c.o[0m
[ 99%] [32m[1mLinking C shared module rosidl_generator_py/abaja_interfaces/abaja_interfaces_s__rosidl_typesupport_fastrtps_c.so[0m
[100%] [32m[1mLinking C shared module rosidl_generator_py/abaja_interfaces/abaja_interfaces_s__rosidl_typesupport_introspection_c.so[0m
[100%] [32m[1mLinking C shared module rosidl_generator_py/abaja_interfaces/abaja_interfaces_s__rosidl_typesupport_c.so[0m
[100%] Built target abaja_interfaces_s__rosidl_typesupport_fastrtps_c
[100%] Built target abaja_interfaces_s__rosidl_typesupport_introspection_c
[100%] Built target abaja_interfaces_s__rosidl_typesupport_c
-- Install configuration: ""
-- Execute custom install script
-- Up-to-date symlink: /home/pavithra/ros2_ws/install/abaja_interfaces/share/ament_index/resource_index/rosidl_interfaces/abaja_interfaces
-- Up-to-date symlink: /home/pavithra/ros2_ws/install/abaja_interfaces/share/abaja_interfaces/msg/ControlCmd.json
-- Up-to-date symlink: /home/pavithra/ros2_ws/install/abaja_interfaces/share/abaja_interfaces/msg/VehicleState.json
-- Up-to-date symlink: /home/pavithra/ros2_ws/install/abaja_interfaces/share/abaja_interfaces/msg/WheelSpeed.json
-- Up-to-date symlink: /home/pavithra/ros2_ws/install/abaja_interfaces/share/abaja_interfaces/msg/SteeringFeedback.json
-- Up-to-date symlink: /home/pavithra/ros2_ws/install/abaja_interfaces/share/abaja_interfaces/msg/BatteryStatus.json
-- Up-to-date symlink: /home/pavithra/ros2_ws/install/abaja_interfaces/share/abaja_interfaces/msg/ModeStatus.json
-- Up-to-date symlink: /home/pavithra/ros2_ws/install/abaja_interfaces/share/abaja_interfaces/msg/DbwCmd.json
-- Up-to-date symlink: /home/pavithra/ros2_ws/install/abaja_interfaces/share/abaja_interfaces/msg/DbwStatus.json
-- Up-to-date symlink: /home/pavithra/ros2_ws/install/abaja_interfaces/share/abaja_interfaces/msg/DetectedObject.json
-- Up-to-date symlink: /home/pavithra/ros2_ws/install/abaja_interfaces/share/abaja_interfaces/msg/DetectedObjectArray.json
-- Symlinking: /home/pavithra/ros2_ws/install/abaja_interfaces/share/abaja_interfaces/msg/LaneMarking.json
-- Symlinking: /home/pavithra/ros2_ws/install/abaja_interfaces/share/abaja_interfaces/msg/LaneState.json
-- Symlinking: /home/pavithra/ros2_ws/install/abaja_interfaces/share/abaja_interfaces/msg/ObjectDistance.json
-- Symlinking: /home/pavithra/ros2_ws/install/abaja_interfaces/share/abaja_interfaces/msg/ObjectDistanceArray.json
-- Symlinking: /home/pavithra/ros2_ws/install/abaja_interfaces/share/abaja_interfaces/msg/TTCStatus.json
-- Symlinking: /home/pavithra/ros2_ws/install/abaja_interfaces/share/abaja_interfaces/msg/AEBStatus.json
-- Symlinking: /home/pavithra/ros2_ws/install/abaja_interfaces/share/abaja_interfaces/msg/SafetyState.json
-- Symlinking: /home/pavithra/ros2_ws/install/abaja_interfaces/include/abaja_interfaces/abaja_interfaces/msg/aeb_status.h
-- Up-to-date symlink: /home/pavithra/ros2_ws/install/abaja_interfaces/include/abaja_interfaces/abaja_interfaces/msg/battery_status.h
-- Up-to-date symlink: /home/pavithra/ros2_ws/install/abaja_interfaces/include/abaja_interfaces/abaja_interfaces/msg/control_cmd.h
-- Up-to-date symlink: /home/pavithra/ros2_ws/install/abaja_interfaces/include/abaja_interfaces/abaja_interfaces/msg/dbw_cmd.h
-- Up-to-date symlink: /home/pavithra/ros2_ws/install/abaja_interfaces/include/abaja_interfaces/abaja_interfaces/msg/dbw_status.h
-- Symlinking: /home/pavithra/ros2_ws/install/abaja_interfaces/include/abaja_interfaces/abaja_interfaces/msg/detail/aeb_status__functions.h
-- Symlinking: /home/pavithra/ros2_ws/install/abaja_interfaces/include/abaja_interfaces/abaja_interfaces/msg/detail/aeb_status__struct.h
-- Symlinking: /home/pavithra/ros2_ws/install/abaja_interfaces/include/abaja_interfaces/abaja_interfaces/msg/detail/aeb_status__type_support.h
-- Up-to-date symlink: /home/pavithra/ros2_ws/install/abaja_interfaces/include/abaja_interfaces/abaja_interfaces/msg/detail/battery_status__functions.h
-- Up-to-date symlink: /home/pavithra/ros2_ws/install/abaja_interfaces/include/abaja_interfaces/abaja_interfaces/msg/detail/battery_status__struct.h
-- Up-to-date symlink: /home/pavithra/ros2_ws/install/abaja_interfaces/include/abaja_interfaces/abaja_interfaces/msg/detail/battery_status__type_support.h
-- Up-to-date symlink: /home/pavithra/ros2_ws/install/abaja_interfaces/include/abaja_interfaces/abaja_interfaces/msg/detail/control_cmd__functions.h
-- Up-to-date symlink: /home/pavithra/ros2_ws/install/abaja_interfaces/include/abaja_interfaces/abaja_interfaces/msg/detail/control_cmd__struct.h
-- Up-to-date symlink: /home/pavithra/ros2_ws/install/abaja_interfaces/include/abaja_interfaces/abaja_interfaces/msg/detail/control_cmd__type_support.h
-- Up-to-date symlink: /home/pavithra/ros2_ws/install/abaja_interfaces/include/abaja_interfaces/abaja_interfaces/msg/detail/dbw_cmd__functions.h
-- Up-to-date symlink: /home/pavithra/ros2_ws/install/abaja_interfaces/include/abaja_interfaces/abaja_interfaces/msg/detail/dbw_cmd__struct.h
-- Up-to-date symlink: /home/pavithra/ros2_ws/install/abaja_interfaces/include/abaja_interfaces/abaja_interfaces/msg/detail/dbw_cmd__type_support.h
-- Up-to-date symlink: /home/pavithra/ros2_ws/install/abaja_interfaces/include/abaja_interfaces/abaja_interfaces/msg/detail/dbw_status__functions.h
-- Up-to-date symlink: /home/pavithra/ros2_ws/install/abaja_interfaces/include/abaja_interfaces/abaja_interfaces/msg/detail/dbw_status__struct.h
-- Up-to-date symlink: /home/pavithra/ros2_ws/install/abaja_interfaces/include/abaja_interfaces/abaja_interfaces/msg/detail/dbw_status__type_support.h
-- Up-to-date symlink: /home/pavithra/ros2_ws/install/abaja_interfaces/include/abaja_interfaces/abaja_interfaces/msg/detail/detected_object__functions.h
-- Up-to-date symlink: /home/pavithra/ros2_ws/install/abaja_interfaces/include/abaja_interfaces/abaja_interfaces/msg/detail/detected_object__struct.h
-- Up-to-date symlink: /home/pavithra/ros2_ws/install/abaja_interfaces/include/abaja_interfaces/abaja_interfaces/msg/detail/detected_object__type_support.h
-- Up-to-date symlink: /home/pavithra/ros2_ws/install/abaja_interfaces/include/abaja_interfaces/abaja_interfaces/msg/detail/detected_object_array__functions.h
-- Up-to-date symlink: /home/pavithra/ros2_ws/install/abaja_interfaces/include/abaja_interfaces/abaja_interfaces/msg/detail/detected_object_array__struct.h
-- Up-to-date symlink: /home/pavithra/ros2_ws/install/abaja_interfaces/include/abaja_interfaces/abaja_interfaces/msg/detail/detected_object_array__type_support.h
-- Symlinking: /home/pavithra/ros2_ws/install/abaja_interfaces/include/abaja_interfaces/abaja_interfaces/msg/detail/lane_marking__functions.h
-- Symlinking: /home/pavithra/ros2_ws/install/abaja_interfaces/include/abaja_interfaces/abaja_interfaces/msg/detail/lane_marking__struct.h
-- Symlinking: /home/pavithra/ros2_ws/install/abaja_interfaces/include/abaja_interfaces/abaja_interfaces/msg/detail/lane_marking__type_support.h
-- Symlinking: /home/pavithra/ros2_ws/install/abaja_interfaces/include/abaja_interfaces/abaja_interfaces/msg/detail/lane_state__functions.h
-- Symlinking: /home/pavithra/ros2_ws/install/abaja_interfaces/include/abaja_interfaces/abaja_interfaces/msg/detail/lane_state__struct.h
-- Symlinking: /home/pavithra/ros2_ws/install/abaja_interfaces/include/abaja_interfaces/abaja_interfaces/msg/detail/lane_state__type_support.h
-- Up-to-date symlink: /home/pavithra/ros2_ws/install/abaja_interfaces/include/abaja_interfaces/abaja_interfaces/msg/detail/mode_status__functions.h
-- Up-to-date symlink: /home/pavithra/ros2_ws/install/abaja_interfaces/include/abaja_interfaces/abaja_interfaces/msg/detail/mode_status__struct.h
-- Up-to-date symlink: /home/pavithra/ros2_ws/install/abaja_interfaces/include/abaja_interfaces/abaja_interfaces/msg/detail/mode_status__type_support.h
-- Symlinking: /home/pavithra/ros2_ws/install/abaja_interfaces/include/abaja_interfaces/abaja_interfaces/msg/detail/object_distance__functions.h
-- Symlinking: /home/pavithra/ros2_ws/install/abaja_interfaces/include/abaja_interfaces/abaja_interfaces/msg/detail/object_distance__struct.h
-- Symlinking: /home/pavithra/ros2_ws/install/abaja_interfaces/include/abaja_interfaces/abaja_interfaces/msg/detail/object_distance__type_support.h
-- Symlinking: /home/pavithra/ros2_ws/install/abaja_interfaces/include/abaja_interfaces/abaja_interfaces/msg/detail/object_distance_array__functions.h
-- Symlinking: /home/pavithra/ros2_ws/install/abaja_interfaces/include/abaja_interfaces/abaja_interfaces/msg/detail/object_distance_array__struct.h
-- Symlinking: /home/pavithra/ros2_ws/install/abaja_interfaces/include/abaja_interfaces/abaja_interfaces/msg/detail/object_distance_array__type_support.h
-- Symlinking: /home/pavithra/ros2_ws/install/abaja_interfaces/include/abaja_interfaces/abaja_interfaces/msg/detail/safety_state__functions.h
-- Symlinking: /home/pavithra/ros2_ws/install/abaja_interfaces/include/abaja_interfaces/abaja_interfaces/msg/detail/safety_state__struct.h
-- Symlinking: /home/pavithra/ros2_ws/install/abaja_interfaces/include/abaja_interfaces/abaja_interfaces/msg/detail/safety_state__type_support.h
-- Up-to-date symlink: /home/pavithra/ros2_ws/install/abaja_interfaces/include/abaja_interfaces/abaja_interfaces/msg/detail/steering_feedback__functions.h
-- Up-to-date symlink: /home/pavithra/ros2_ws/install/abaja_interfaces/include/abaja_interfaces/abaja_interfaces/msg/detail/steering_feedback__struct.h
-- Up-to-date symlink: /home/pavithra/ros2_ws/install/abaja_interfaces/include/abaja_interfaces/abaja_interfaces/msg/detail/steering_feedback__type_support.h
-- Symlinking: /home/pavithra/ros2_ws/install/abaja_interfaces/include/abaja_interfaces/abaja_interfaces/msg/detail/ttc_status__functions.h
-- Symlinking: /home/pavithra/ros2_ws/install/abaja_interfaces/include/abaja_interfaces/abaja_interfaces/msg/detail/ttc_status__struct.h
-- Symlinking: /home/pavithra/ros2_ws/install/abaja_interfaces/include/abaja_interfaces/abaja_interfaces/msg/detail/ttc_status__type_support.h
-- Up-to-date symlink: /home/pavithra/ros2_ws/install/abaja_interfaces/include/abaja_interfaces/abaja_interfaces/msg/detail/vehicle_state__functions.h
-- Up-to-date symlink: /home/pavithra/ros2_ws/install/abaja_interfaces/include/abaja_interfaces/abaja_interfaces/msg/detail/vehicle_state__struct.h
-- Up-to-date symlink: /home/pavithra/ros2_ws/install/abaja_interfaces/include/abaja_interfaces/abaja_interfaces/msg/detail/vehicle_state__type_support.h
-- Up-to-date symlink: /home/pavithra/ros2_ws/install/abaja_interfaces/include/abaja_interfaces/abaja_interfaces/msg/detail/wheel_speed__functions.h
-- Up-to-date symlink: /home/pavithra/ros2_ws/install/abaja_interfaces/include/abaja_interfaces/abaja_interfaces/msg/detail/wheel_speed__struct.h
-- Up-to-date symlink: /home/pavithra/ros2_ws/install/abaja_interfaces/include/abaja_interfaces/abaja_interfaces/msg/detail/wheel_speed__type_support.h
-- Up-to-date symlink: /home/pavithra/ros2_ws/install/abaja_interfaces/include/abaja_interfaces/abaja_interfaces/msg/detected_object.h
-- Up-to-date symlink: /home/pavithra/ros2_ws/install/abaja_interfaces/include/abaja_interfaces/abaja_interfaces/msg/detected_object_array.h
-- Symlinking: /home/pavithra/ros2_ws/install/abaja_interfaces/include/abaja_interfaces/abaja_interfaces/msg/lane_marking.h
-- Symlinking: /home/pavithra/ros2_ws/install/abaja_interfaces/include/abaja_interfaces/abaja_interfaces/msg/lane_state.h
-- Up-to-date symlink: /home/pavithra/ros2_ws/install/abaja_interfaces/include/abaja_interfaces/abaja_interfaces/msg/mode_status.h
-- Symlinking: /home/pavithra/ros2_ws/install/abaja_interfaces/include/abaja_interfaces/abaja_interfaces/msg/object_distance.h
-- Symlinking: /home/pavithra/ros2_ws/install/abaja_interfaces/include/abaja_interfaces/abaja_interfaces/msg/object_distance_array.h
-- Up-to-date symlink: /home/pavithra/ros2_ws/install/abaja_interfaces/include/abaja_interfaces/abaja_interfaces/msg/rosidl_generator_c__visibility_control.h
-- Symlinking: /home/pavithra/ros2_ws/install/abaja_interfaces/include/abaja_interfaces/abaja_interfaces/msg/safety_state.h
-- Up-to-date symlink: /home/pavithra/ros2_ws/install/abaja_interfaces/include/abaja_interfaces/abaja_interfaces/msg/steering_feedback.h
-- Symlinking: /home/pavithra/ros2_ws/install/abaja_interfaces/include/abaja_interfaces/abaja_interfaces/msg/ttc_status.h
-- Up-to-date symlink: /home/pavithra/ros2_ws/install/abaja_interfaces/include/abaja_interfaces/abaja_interfaces/msg/vehicle_state.h
-- Up-to-date symlink: /home/pavithra/ros2_ws/install/abaja_interfaces/include/abaja_interfaces/abaja_interfaces/msg/wheel_speed.h
-- Up-to-date symlink: /home/pavithra/ros2_ws/install/abaja_interfaces/share/abaja_interfaces/environment/library_path.sh
-- Up-to-date symlink: /home/pavithra/ros2_ws/install/abaja_interfaces/share/abaja_interfaces/environment/library_path.dsv
-- Symlinking: /home/pavithra/ros2_ws/install/abaja_interfaces/include/abaja_interfaces/abaja_interfaces/msg/detail/aeb_status__rosidl_typesupport_fastrtps_c.h
-- Up-to-date symlink: /home/pavithra/ros2_ws/install/abaja_interfaces/include/abaja_interfaces/abaja_interfaces/msg/detail/battery_status__rosidl_typesupport_fastrtps_c.h
-- Up-to-date symlink: /home/pavithra/ros2_ws/install/abaja_interfaces/include/abaja_interfaces/abaja_interfaces/msg/detail/control_cmd__rosidl_typesupport_fastrtps_c.h
-- Up-to-date symlink: /home/pavithra/ros2_ws/install/abaja_interfaces/include/abaja_interfaces/abaja_interfaces/msg/detail/dbw_cmd__rosidl_typesupport_fastrtps_c.h
-- Up-to-date symlink: /home/pavithra/ros2_ws/install/abaja_interfaces/include/abaja_interfaces/abaja_interfaces/msg/detail/dbw_status__rosidl_typesupport_fastrtps_c.h
-- Up-to-date symlink: /home/pavithra/ros2_ws/install/abaja_interfaces/include/abaja_interfaces/abaja_interfaces/msg/detail/detected_object__rosidl_typesupport_fastrtps_c.h
-- Up-to-date symlink: /home/pavithra/ros2_ws/install/abaja_interfaces/include/abaja_interfaces/abaja_interfaces/msg/detail/detected_object_array__rosidl_typesupport_fastrtps_c.h
-- Symlinking: /home/pavithra/ros2_ws/install/abaja_interfaces/include/abaja_interfaces/abaja_interfaces/msg/detail/lane_marking__rosidl_typesupport_fastrtps_c.h
-- Symlinking: /home/pavithra/ros2_ws/install/abaja_interfaces/include/abaja_interfaces/abaja_interfaces/msg/detail/lane_state__rosidl_typesupport_fastrtps_c.h
-- Up-to-date symlink: /home/pavithra/ros2_ws/install/abaja_interfaces/include/abaja_interfaces/abaja_interfaces/msg/detail/mode_status__rosidl_typesupport_fastrtps_c.h
-- Symlinking: /home/pavithra/ros2_ws/install/abaja_interfaces/include/abaja_interfaces/abaja_interfaces/msg/detail/object_distance__rosidl_typesupport_fastrtps_c.h
-- Symlinking: /home/pavithra/ros2_ws/install/abaja_interfaces/include/abaja_interfaces/abaja_interfaces/msg/detail/object_distance_array__rosidl_typesupport_fastrtps_c.h
-- Symlinking: /home/pavithra/ros2_ws/install/abaja_interfaces/include/abaja_interfaces/abaja_interfaces/msg/detail/safety_state__rosidl_typesupport_fastrtps_c.h
-- Up-to-date symlink: /home/pavithra/ros2_ws/install/abaja_interfaces/include/abaja_interfaces/abaja_interfaces/msg/detail/steering_feedback__rosidl_typesupport_fastrtps_c.h
-- Symlinking: /home/pavithra/ros2_ws/install/abaja_interfaces/include/abaja_interfaces/abaja_interfaces/msg/detail/ttc_status__rosidl_typesupport_fastrtps_c.h
-- Up-to-date symlink: /home/pavithra/ros2_ws/install/abaja_interfaces/include/abaja_interfaces/abaja_interfaces/msg/detail/vehicle_state__rosidl_typesupport_fastrtps_c.h
-- Up-to-date symlink: /home/pavithra/ros2_ws/install/abaja_interfaces/include/abaja_interfaces/abaja_interfaces/msg/detail/wheel_speed__rosidl_typesupport_fastrtps_c.h
-- Up-to-date symlink: /home/pavithra/ros2_ws/install/abaja_interfaces/include/abaja_interfaces/abaja_interfaces/msg/rosidl_typesupport_fastrtps_c__visibility_control.h
-- Symlinking: /home/pavithra/ros2_ws/install/abaja_interfaces/include/abaja_interfaces/abaja_interfaces/msg/detail/aeb_status__rosidl_typesupport_introspection_c.h
-- Up-to-date symlink: /home/pavithra/ros2_ws/install/abaja_interfaces/include/abaja_interfaces/abaja_interfaces/msg/detail/battery_status__rosidl_typesupport_introspection_c.h
-- Up-to-date symlink: /home/pavithra/ros2_ws/install/abaja_interfaces/include/abaja_interfaces/abaja_interfaces/msg/detail/control_cmd__rosidl_typesupport_introspection_c.h
-- Up-to-date symlink: /home/pavithra/ros2_ws/install/abaja_interfaces/include/abaja_interfaces/abaja_interfaces/msg/detail/dbw_cmd__rosidl_typesupport_introspection_c.h
-- Up-to-date symlink: /home/pavithra/ros2_ws/install/abaja_interfaces/include/abaja_interfaces/abaja_interfaces/msg/detail/dbw_status__rosidl_typesupport_introspection_c.h
-- Up-to-date symlink: /home/pavithra/ros2_ws/install/abaja_interfaces/include/abaja_interfaces/abaja_interfaces/msg/detail/detected_object__rosidl_typesupport_introspection_c.h
-- Up-to-date symlink: /home/pavithra/ros2_ws/install/abaja_interfaces/include/abaja_interfaces/abaja_interfaces/msg/detail/detected_object_array__rosidl_typesupport_introspection_c.h
-- Symlinking: /home/pavithra/ros2_ws/install/abaja_interfaces/include/abaja_interfaces/abaja_interfaces/msg/detail/lane_marking__rosidl_typesupport_introspection_c.h
-- Symlinking: /home/pavithra/ros2_ws/install/abaja_interfaces/include/abaja_interfaces/abaja_interfaces/msg/detail/lane_state__rosidl_typesupport_introspection_c.h
-- Up-to-date symlink: /home/pavithra/ros2_ws/install/abaja_interfaces/include/abaja_interfaces/abaja_interfaces/msg/detail/mode_status__rosidl_typesupport_introspection_c.h
-- Symlinking: /home/pavithra/ros2_ws/install/abaja_interfaces/include/abaja_interfaces/abaja_interfaces/msg/detail/object_distance__rosidl_typesupport_introspection_c.h
-- Symlinking: /home/pavithra/ros2_ws/install/abaja_interfaces/include/abaja_interfaces/abaja_interfaces/msg/detail/object_distance_array__rosidl_typesupport_introspection_c.h
-- Symlinking: /home/pavithra/ros2_ws/install/abaja_interfaces/include/abaja_interfaces/abaja_interfaces/msg/detail/safety_state__rosidl_typesupport_introspection_c.h
-- Up-to-date symlink: /home/pavithra/ros2_ws/install/abaja_interfaces/include/abaja_interfaces/abaja_interfaces/msg/detail/steering_feedback__rosidl_typesupport_introspection_c.h
-- Symlinking: /home/pavithra/ros2_ws/install/abaja_interfaces/include/abaja_interfaces/abaja_interfaces/msg/detail/ttc_status__rosidl_typesupport_introspection_c.h
-- Up-to-date symlink: /home/pavithra/ros2_ws/install/abaja_interfaces/include/abaja_interfaces/abaja_interfaces/msg/detail/vehicle_state__rosidl_typesupport_introspection_c.h
-- Up-to-date symlink: /home/pavithra/ros2_ws/install/abaja_interfaces/include/abaja_interfaces/abaja_interfaces/msg/detail/wheel_speed__rosidl_typesupport_introspection_c.h
-- Up-to-date symlink: /home/pavithra/ros2_ws/install/abaja_interfaces/include/abaja_interfaces/abaja_interfaces/msg/rosidl_typesupport_introspection_c__visibility_control.h
-- Symlinking: /home/pavithra/ros2_ws/install/abaja_interfaces/include/abaja_interfaces/abaja_interfaces/msg/aeb_status.hpp
-- Up-to-date symlink: /home/pavithra/ros2_ws/install/abaja_interfaces/include/abaja_interfaces/abaja_interfaces/msg/battery_status.hpp
-- Up-to-date symlink: /home/pavithra/ros2_ws/install/abaja_interfaces/include/abaja_interfaces/abaja_interfaces/msg/control_cmd.hpp
-- Up-to-date symlink: /home/pavithra/ros2_ws/install/abaja_interfaces/include/abaja_interfaces/abaja_interfaces/msg/dbw_cmd.hpp
-- Up-to-date symlink: /home/pavithra/ros2_ws/install/abaja_interfaces/include/abaja_interfaces/abaja_interfaces/msg/dbw_status.hpp
-- Symlinking: /home/pavithra/ros2_ws/install/abaja_interfaces/include/abaja_interfaces/abaja_interfaces/msg/detail/aeb_status__builder.hpp
-- Symlinking: /home/pavithra/ros2_ws/install/abaja_interfaces/include/abaja_interfaces/abaja_interfaces/msg/detail/aeb_status__struct.hpp
-- Symlinking: /home/pavithra/ros2_ws/install/abaja_interfaces/include/abaja_interfaces/abaja_interfaces/msg/detail/aeb_status__traits.hpp
-- Symlinking: /home/pavithra/ros2_ws/install/abaja_interfaces/include/abaja_interfaces/abaja_interfaces/msg/detail/aeb_status__type_support.hpp
-- Up-to-date symlink: /home/pavithra/ros2_ws/install/abaja_interfaces/include/abaja_interfaces/abaja_interfaces/msg/detail/battery_status__builder.hpp
-- Up-to-date symlink: /home/pavithra/ros2_ws/install/abaja_interfaces/include/abaja_interfaces/abaja_interfaces/msg/detail/battery_status__struct.hpp
-- Up-to-date symlink: /home/pavithra/ros2_ws/install/abaja_interfaces/include/abaja_interfaces/abaja_interfaces/msg/detail/battery_status__traits.hpp
-- Up-to-date symlink: /home/pavithra/ros2_ws/install/abaja_interfaces/include/abaja_interfaces/abaja_interfaces/msg/detail/battery_status__type_support.hpp
-- Up-to-date symlink: /home/pavithra/ros2_ws/install/abaja_interfaces/include/abaja_interfaces/abaja_interfaces/msg/detail/control_cmd__builder.hpp
-- Up-to-date symlink: /home/pavithra/ros2_ws/install/abaja_interfaces/include/abaja_interfaces/abaja_interfaces/msg/detail/control_cmd__struct.hpp
-- Up-to-date symlink: /home/pavithra/ros2_ws/install/abaja_interfaces/include/abaja_interfaces/abaja_interfaces/msg/detail/control_cmd__traits.hpp
-- Up-to-date symlink: /home/pavithra/ros2_ws/install/abaja_interfaces/include/abaja_interfaces/abaja_interfaces/msg/detail/control_cmd__type_support.hpp
-- Up-to-date symlink: /home/pavithra/ros2_ws/install/abaja_interfaces/include/abaja_interfaces/abaja_interfaces/msg/detail/dbw_cmd__builder.hpp
-- Up-to-date symlink: /home/pavithra/ros2_ws/install/abaja_interfaces/include/abaja_interfaces/abaja_interfaces/msg/detail/dbw_cmd__struct.hpp
-- Up-to-date symlink: /home/pavithra/ros2_ws/install/abaja_interfaces/include/abaja_interfaces/abaja_interfaces/msg/detail/dbw_cmd__traits.hpp
-- Up-to-date symlink: /home/pavithra/ros2_ws/install/abaja_interfaces/include/abaja_interfaces/abaja_interfaces/msg/detail/dbw_cmd__type_support.hpp
-- Up-to-date symlink: /home/pavithra/ros2_ws/install/abaja_interfaces/include/abaja_interfaces/abaja_interfaces/msg/detail/dbw_status__builder.hpp
-- Up-to-date symlink: /home/pavithra/ros2_ws/install/abaja_interfaces/include/abaja_interfaces/abaja_interfaces/msg/detail/dbw_status__struct.hpp
-- Up-to-date symlink: /home/pavithra/ros2_ws/install/abaja_interfaces/include/abaja_interfaces/abaja_interfaces/msg/detail/dbw_status__traits.hpp
-- Up-to-date symlink: /home/pavithra/ros2_ws/install/abaja_interfaces/include/abaja_interfaces/abaja_interfaces/msg/detail/dbw_status__type_support.hpp
-- Up-to-date symlink: /home/pavithra/ros2_ws/install/abaja_interfaces/include/abaja_interfaces/abaja_interfaces/msg/detail/detected_object__builder.hpp
-- Up-to-date symlink: /home/pavithra/ros2_ws/install/abaja_interfaces/include/abaja_interfaces/abaja_interfaces/msg/detail/detected_object__struct.hpp
-- Up-to-date symlink: /home/pavithra/ros2_ws/install/abaja_interfaces/include/abaja_interfaces/abaja_interfaces/msg/detail/detected_object__traits.hpp
-- Up-to-date symlink: /home/pavithra/ros2_ws/install/abaja_interfaces/include/abaja_interfaces/abaja_interfaces/msg/detail/detected_object__type_support.hpp
-- Up-to-date symlink: /home/pavithra/ros2_ws/install/abaja_interfaces/include/abaja_interfaces/abaja_interfaces/msg/detail/detected_object_array__builder.hpp
-- Up-to-date symlink: /home/pavithra/ros2_ws/install/abaja_interfaces/include/abaja_interfaces/abaja_interfaces/msg/detail/detected_object_array__struct.hpp
-- Up-to-date symlink: /home/pavithra/ros2_ws/install/abaja_interfaces/include/abaja_interfaces/abaja_interfaces/msg/detail/detected_object_array__traits.hpp
-- Up-to-date symlink: /home/pavithra/ros2_ws/install/abaja_interfaces/include/abaja_interfaces/abaja_interfaces/msg/detail/detected_object_array__type_support.hpp
-- Symlinking: /home/pavithra/ros2_ws/install/abaja_interfaces/include/abaja_interfaces/abaja_interfaces/msg/detail/lane_marking__builder.hpp
-- Symlinking: /home/pavithra/ros2_ws/install/abaja_interfaces/include/abaja_interfaces/abaja_interfaces/msg/detail/lane_marking__struct.hpp
-- Symlinking: /home/pavithra/ros2_ws/install/abaja_interfaces/include/abaja_interfaces/abaja_interfaces/msg/detail/lane_marking__traits.hpp
-- Symlinking: /home/pavithra/ros2_ws/install/abaja_interfaces/include/abaja_interfaces/abaja_interfaces/msg/detail/lane_marking__type_support.hpp
-- Symlinking: /home/pavithra/ros2_ws/install/abaja_interfaces/include/abaja_interfaces/abaja_interfaces/msg/detail/lane_state__builder.hpp
-- Symlinking: /home/pavithra/ros2_ws/install/abaja_interfaces/include/abaja_interfaces/abaja_interfaces/msg/detail/lane_state__struct.hpp
-- Symlinking: /home/pavithra/ros2_ws/install/abaja_interfaces/include/abaja_interfaces/abaja_interfaces/msg/detail/lane_state__traits.hpp
-- Symlinking: /home/pavithra/ros2_ws/install/abaja_interfaces/include/abaja_interfaces/abaja_interfaces/msg/detail/lane_state__type_support.hpp
-- Up-to-date symlink: /home/pavithra/ros2_ws/install/abaja_interfaces/include/abaja_interfaces/abaja_interfaces/msg/detail/mode_status__builder.hpp
-- Up-to-date symlink: /home/pavithra/ros2_ws/install/abaja_interfaces/include/abaja_interfaces/abaja_interfaces/msg/detail/mode_status__struct.hpp
-- Up-to-date symlink: /home/pavithra/ros2_ws/install/abaja_interfaces/include/abaja_interfaces/abaja_interfaces/msg/detail/mode_status__traits.hpp
-- Up-to-date symlink: /home/pavithra/ros2_ws/install/abaja_interfaces/include/abaja_interfaces/abaja_interfaces/msg/detail/mode_status__type_support.hpp
-- Symlinking: /home/pavithra/ros2_ws/install/abaja_interfaces/include/abaja_interfaces/abaja_interfaces/msg/detail/object_distance__builder.hpp
-- Symlinking: /home/pavithra/ros2_ws/install/abaja_interfaces/include/abaja_interfaces/abaja_interfaces/msg/detail/object_distance__struct.hpp
-- Symlinking: /home/pavithra/ros2_ws/install/abaja_interfaces/include/abaja_interfaces/abaja_interfaces/msg/detail/object_distance__traits.hpp
-- Symlinking: /home/pavithra/ros2_ws/install/abaja_interfaces/include/abaja_interfaces/abaja_interfaces/msg/detail/object_distance__type_support.hpp
-- Symlinking: /home/pavithra/ros2_ws/install/abaja_interfaces/include/abaja_interfaces/abaja_interfaces/msg/detail/object_distance_array__builder.hpp
-- Symlinking: /home/pavithra/ros2_ws/install/abaja_interfaces/include/abaja_interfaces/abaja_interfaces/msg/detail/object_distance_array__struct.hpp
-- Symlinking: /home/pavithra/ros2_ws/install/abaja_interfaces/include/abaja_interfaces/abaja_interfaces/msg/detail/object_distance_array__traits.hpp
-- Symlinking: /home/pavithra/ros2_ws/install/abaja_interfaces/include/abaja_interfaces/abaja_interfaces/msg/detail/object_distance_array__type_support.hpp
-- Symlinking: /home/pavithra/ros2_ws/install/abaja_interfaces/include/abaja_interfaces/abaja_interfaces/msg/detail/safety_state__builder.hpp
-- Symlinking: /home/pavithra/ros2_ws/install/abaja_interfaces/include/abaja_interfaces/abaja_interfaces/msg/detail/safety_state__struct.hpp
-- Symlinking: /home/pavithra/ros2_ws/install/abaja_interfaces/include/abaja_interfaces/abaja_interfaces/msg/detail/safety_state__traits.hpp
-- Symlinking: /home/pavithra/ros2_ws/install/abaja_interfaces/include/abaja_interfaces/abaja_interfaces/msg/detail/safety_state__type_support.hpp
-- Up-to-date symlink: /home/pavithra/ros2_ws/install/abaja_interfaces/include/abaja_interfaces/abaja_interfaces/msg/detail/steering_feedback__builder.hpp
-- Up-to-date symlink: /home/pavithra/ros2_ws/install/abaja_interfaces/include/abaja_interfaces/abaja_interfaces/msg/detail/steering_feedback__struct.hpp
-- Up-to-date symlink: /home/pavithra/ros2_ws/install/abaja_interfaces/include/abaja_interfaces/abaja_interfaces/msg/detail/steering_feedback__traits.hpp
-- Up-to-date symlink: /home/pavithra/ros2_ws/install/abaja_interfaces/include/abaja_interfaces/abaja_interfaces/msg/detail/steering_feedback__type_support.hpp
-- Symlinking: /home/pavithra/ros2_ws/install/abaja_interfaces/include/abaja_interfaces/abaja_interfaces/msg/detail/ttc_status__builder.hpp
-- Symlinking: /home/pavithra/ros2_ws/install/abaja_interfaces/include/abaja_interfaces/abaja_interfaces/msg/detail/ttc_status__struct.hpp
-- Symlinking: /home/pavithra/ros2_ws/install/abaja_interfaces/include/abaja_interfaces/abaja_interfaces/msg/detail/ttc_status__traits.hpp
-- Symlinking: /home/pavithra/ros2_ws/install/abaja_interfaces/include/abaja_interfaces/abaja_interfaces/msg/detail/ttc_status__type_support.hpp
-- Up-to-date symlink: /home/pavithra/ros2_ws/install/abaja_interfaces/include/abaja_interfaces/abaja_interfaces/msg/detail/vehicle_state__builder.hpp
-- Up-to-date symlink: /home/pavithra/ros2_ws/install/abaja_interfaces/include/abaja_interfaces/abaja_interfaces/msg/detail/vehicle_state__struct.hpp
-- Up-to-date symlink: /home/pavithra/ros2_ws/install/abaja_interfaces/include/abaja_interfaces/abaja_interfaces/msg/detail/vehicle_state__traits.hpp
-- Up-to-date symlink: /home/pavithra/ros2_ws/install/abaja_interfaces/include/abaja_interfaces/abaja_interfaces/msg/detail/vehicle_state__type_support.hpp
-- Up-to-date symlink: /home/pavithra/ros2_ws/install/abaja_interfaces/include/abaja_interfaces/abaja_interfaces/msg/detail/wheel_speed__builder.hpp
-- Up-to-date symlink: /home/pavithra/ros2_ws/install/abaja_interfaces/include/abaja_interfaces/abaja_interfaces/msg/detail/wheel_speed__struct.hpp
-- Up-to-date symlink: /home/pavithra/ros2_ws/install/abaja_interfaces/include/abaja_interfaces/abaja_interfaces/msg/detail/wheel_speed__traits.hpp
-- Up-to-date symlink: /home/pavithra/ros2_ws/install/abaja_interfaces/include/abaja_interfaces/abaja_interfaces/msg/detail/wheel_speed__type_support.hpp
-- Up-to-date symlink: /home/pavithra/ros2_ws/install/abaja_interfaces/include/abaja_interfaces/abaja_interfaces/msg/detected_object.hpp
-- Up-to-date symlink: /home/pavithra/ros2_ws/install/abaja_interfaces/include/abaja_interfaces/abaja_interfaces/msg/detected_object_array.hpp
-- Symlinking: /home/pavithra/ros2_ws/install/abaja_interfaces/include/abaja_interfaces/abaja_interfaces/msg/lane_marking.hpp
-- Symlinking: /home/pavithra/ros2_ws/install/abaja_interfaces/include/abaja_interfaces/abaja_interfaces/msg/lane_state.hpp
-- Up-to-date symlink: /home/pavithra/ros2_ws/install/abaja_interfaces/include/abaja_interfaces/abaja_interfaces/msg/mode_status.hpp
-- Symlinking: /home/pavithra/ros2_ws/install/abaja_interfaces/include/abaja_interfaces/abaja_interfaces/msg/object_distance.hpp
-- Symlinking: /home/pavithra/ros2_ws/install/abaja_interfaces/include/abaja_interfaces/abaja_interfaces/msg/object_distance_array.hpp
-- Up-to-date symlink: /home/pavithra/ros2_ws/install/abaja_interfaces/include/abaja_interfaces/abaja_interfaces/msg/rosidl_generator_cpp__visibility_control.hpp
-- Symlinking: /home/pavithra/ros2_ws/install/abaja_interfaces/include/abaja_interfaces/abaja_interfaces/msg/safety_state.hpp
-- Up-to-date symlink: /home/pavithra/ros2_ws/install/abaja_interfaces/include/abaja_interfaces/abaja_interfaces/msg/steering_feedback.hpp
-- Symlinking: /home/pavithra/ros2_ws/install/abaja_interfaces/include/abaja_interfaces/abaja_interfaces/msg/ttc_status.hpp
-- Up-to-date symlink: /home/pavithra/ros2_ws/install/abaja_interfaces/include/abaja_interfaces/abaja_interfaces/msg/vehicle_state.hpp
-- Up-to-date symlink: /home/pavithra/ros2_ws/install/abaja_interfaces/include/abaja_interfaces/abaja_interfaces/msg/wheel_speed.hpp
-- Symlinking: /home/pavithra/ros2_ws/install/abaja_interfaces/include/abaja_interfaces/abaja_interfaces/msg/detail/aeb_status__rosidl_typesupport_fastrtps_cpp.hpp
-- Up-to-date symlink: /home/pavithra/ros2_ws/install/abaja_interfaces/include/abaja_interfaces/abaja_interfaces/msg/detail/battery_status__rosidl_typesupport_fastrtps_cpp.hpp
-- Up-to-date symlink: /home/pavithra/ros2_ws/install/abaja_interfaces/include/abaja_interfaces/abaja_interfaces/msg/detail/control_cmd__rosidl_typesupport_fastrtps_cpp.hpp
-- Up-to-date symlink: /home/pavithra/ros2_ws/install/abaja_interfaces/include/abaja_interfaces/abaja_interfaces/msg/detail/dbw_cmd__rosidl_typesupport_fastrtps_cpp.hpp
-- Up-to-date symlink: /home/pavithra/ros2_ws/install/abaja_interfaces/include/abaja_interfaces/abaja_interfaces/msg/detail/dbw_status__rosidl_typesupport_fastrtps_cpp.hpp
-- Up-to-date symlink: /home/pavithra/ros2_ws/install/abaja_interfaces/include/abaja_interfaces/abaja_interfaces/msg/detail/detected_object__rosidl_typesupport_fastrtps_cpp.hpp
-- Up-to-date symlink: /home/pavithra/ros2_ws/install/abaja_interfaces/include/abaja_interfaces/abaja_interfaces/msg/detail/detected_object_array__rosidl_typesupport_fastrtps_cpp.hpp
-- Symlinking: /home/pavithra/ros2_ws/install/abaja_interfaces/include/abaja_interfaces/abaja_interfaces/msg/detail/lane_marking__rosidl_typesupport_fastrtps_cpp.hpp
-- Symlinking: /home/pavithra/ros2_ws/install/abaja_interfaces/include/abaja_interfaces/abaja_interfaces/msg/detail/lane_state__rosidl_typesupport_fastrtps_cpp.hpp
-- Up-to-date symlink: /home/pavithra/ros2_ws/install/abaja_interfaces/include/abaja_interfaces/abaja_interfaces/msg/detail/mode_status__rosidl_typesupport_fastrtps_cpp.hpp
-- Symlinking: /home/pavithra/ros2_ws/install/abaja_interfaces/include/abaja_interfaces/abaja_interfaces/msg/detail/object_distance__rosidl_typesupport_fastrtps_cpp.hpp
-- Symlinking: /home/pavithra/ros2_ws/install/abaja_interfaces/include/abaja_interfaces/abaja_interfaces/msg/detail/object_distance_array__rosidl_typesupport_fastrtps_cpp.hpp
-- Symlinking: /home/pavithra/ros2_ws/install/abaja_interfaces/include/abaja_interfaces/abaja_interfaces/msg/detail/safety_state__rosidl_typesupport_fastrtps_cpp.hpp
-- Up-to-date symlink: /home/pavithra/ros2_ws/install/abaja_interfaces/include/abaja_interfaces/abaja_interfaces/msg/detail/steering_feedback__rosidl_typesupport_fastrtps_cpp.hpp
-- Symlinking: /home/pavithra/ros2_ws/install/abaja_interfaces/include/abaja_interfaces/abaja_interfaces/msg/detail/ttc_status__rosidl_typesupport_fastrtps_cpp.hpp
-- Up-to-date symlink: /home/pavithra/ros2_ws/install/abaja_interfaces/include/abaja_interfaces/abaja_interfaces/msg/detail/vehicle_state__rosidl_typesupport_fastrtps_cpp.hpp
-- Up-to-date symlink: /home/pavithra/ros2_ws/install/abaja_interfaces/include/abaja_interfaces/abaja_interfaces/msg/detail/wheel_speed__rosidl_typesupport_fastrtps_cpp.hpp
-- Up-to-date symlink: /home/pavithra/ros2_ws/install/abaja_interfaces/include/abaja_interfaces/abaja_interfaces/msg/rosidl_typesupport_fastrtps_cpp__visibility_control.h
-- Symlinking: /home/pavithra/ros2_ws/install/abaja_interfaces/include/abaja_interfaces/abaja_interfaces/msg/detail/aeb_status__rosidl_typesupport_introspection_cpp.hpp
-- Up-to-date symlink: /home/pavithra/ros2_ws/install/abaja_interfaces/include/abaja_interfaces/abaja_interfaces/msg/detail/battery_status__rosidl_typesupport_introspection_cpp.hpp
-- Up-to-date symlink: /home/pavithra/ros2_ws/install/abaja_interfaces/include/abaja_interfaces/abaja_interfaces/msg/detail/control_cmd__rosidl_typesupport_introspection_cpp.hpp
-- Up-to-date symlink: /home/pavithra/ros2_ws/install/abaja_interfaces/include/abaja_interfaces/abaja_interfaces/msg/detail/dbw_cmd__rosidl_typesupport_introspection_cpp.hpp
-- Up-to-date symlink: /home/pavithra/ros2_ws/install/abaja_interfaces/include/abaja_interfaces/abaja_interfaces/msg/detail/dbw_status__rosidl_typesupport_introspection_cpp.hpp
-- Up-to-date symlink: /home/pavithra/ros2_ws/install/abaja_interfaces/include/abaja_interfaces/abaja_interfaces/msg/detail/detected_object__rosidl_typesupport_introspection_cpp.hpp
-- Up-to-date symlink: /home/pavithra/ros2_ws/install/abaja_interfaces/include/abaja_interfaces/abaja_interfaces/msg/detail/detected_object_array__rosidl_typesupport_introspection_cpp.hpp
-- Symlinking: /home/pavithra/ros2_ws/install/abaja_interfaces/include/abaja_interfaces/abaja_interfaces/msg/detail/lane_marking__rosidl_typesupport_introspection_cpp.hpp
-- Symlinking: /home/pavithra/ros2_ws/install/abaja_interfaces/include/abaja_interfaces/abaja_interfaces/msg/detail/lane_state__rosidl_typesupport_introspection_cpp.hpp
-- Up-to-date symlink: /home/pavithra/ros2_ws/install/abaja_interfaces/include/abaja_interfaces/abaja_interfaces/msg/detail/mode_status__rosidl_typesupport_introspection_cpp.hpp
-- Symlinking: /home/pavithra/ros2_ws/install/abaja_interfaces/include/abaja_interfaces/abaja_interfaces/msg/detail/object_distance__rosidl_typesupport_introspection_cpp.hpp
-- Symlinking: /home/pavithra/ros2_ws/install/abaja_interfaces/include/abaja_interfaces/abaja_interfaces/msg/detail/object_distance_array__rosidl_typesupport_introspection_cpp.hpp
-- Symlinking: /home/pavithra/ros2_ws/install/abaja_interfaces/include/abaja_interfaces/abaja_interfaces/msg/detail/safety_state__rosidl_typesupport_introspection_cpp.hpp
-- Up-to-date symlink: /home/pavithra/ros2_ws/install/abaja_interfaces/include/abaja_interfaces/abaja_interfaces/msg/detail/steering_feedback__rosidl_typesupport_introspection_cpp.hpp
-- Symlinking: /home/pavithra/ros2_ws/install/abaja_interfaces/include/abaja_interfaces/abaja_interfaces/msg/detail/ttc_status__rosidl_typesupport_introspection_cpp.hpp
-- Up-to-date symlink: /home/pavithra/ros2_ws/install/abaja_interfaces/include/abaja_interfaces/abaja_interfaces/msg/detail/vehicle_state__rosidl_typesupport_introspection_cpp.hpp
-- Up-to-date symlink: /home/pavithra/ros2_ws/install/abaja_interfaces/include/abaja_interfaces/abaja_interfaces/msg/detail/wheel_speed__rosidl_typesupport_introspection_cpp.hpp
-- Up-to-date symlink: /home/pavithra/ros2_ws/install/abaja_interfaces/share/abaja_interfaces/environment/pythonpath.sh
-- Up-to-date symlink: /home/pavithra/ros2_ws/install/abaja_interfaces/share/abaja_interfaces/environment/pythonpath.dsv
-- Up-to-date symlink: /home/pavithra/ros2_ws/install/abaja_interfaces/lib/python3.12/site-packages/abaja_interfaces-0.0.0-py3.12.egg-info/PKG-INFO
-- Up-to-date symlink: /home/pavithra/ros2_ws/install/abaja_interfaces/lib/python3.12/site-packages/abaja_interfaces-0.0.0-py3.12.egg-info/SOURCES.txt
-- Up-to-date symlink: /home/pavithra/ros2_ws/install/abaja_interfaces/lib/python3.12/site-packages/abaja_interfaces-0.0.0-py3.12.egg-info/dependency_links.txt
-- Up-to-date symlink: /home/pavithra/ros2_ws/install/abaja_interfaces/lib/python3.12/site-packages/abaja_interfaces-0.0.0-py3.12.egg-info/top_level.txt
-- Up-to-date symlink: /home/pavithra/ros2_ws/install/abaja_interfaces/lib/python3.12/site-packages/abaja_interfaces/__init__.py
-- Up-to-date symlink: /home/pavithra/ros2_ws/install/abaja_interfaces/lib/python3.12/site-packages/abaja_interfaces/_abaja_interfaces_s.ep.rosidl_typesupport_c.c
-- Up-to-date symlink: /home/pavithra/ros2_ws/install/abaja_interfaces/lib/python3.12/site-packages/abaja_interfaces/_abaja_interfaces_s.ep.rosidl_typesupport_fastrtps_c.c
-- Up-to-date symlink: /home/pavithra/ros2_ws/install/abaja_interfaces/lib/python3.12/site-packages/abaja_interfaces/_abaja_interfaces_s.ep.rosidl_typesupport_introspection_c.c
-- Up-to-date symlink: /home/pavithra/ros2_ws/install/abaja_interfaces/lib/python3.12/site-packages/abaja_interfaces/abaja_interfaces_s__rosidl_typesupport_c.so
-- Up-to-date symlink: /home/pavithra/ros2_ws/install/abaja_interfaces/lib/python3.12/site-packages/abaja_interfaces/abaja_interfaces_s__rosidl_typesupport_fastrtps_c.so
-- Up-to-date symlink: /home/pavithra/ros2_ws/install/abaja_interfaces/lib/python3.12/site-packages/abaja_interfaces/abaja_interfaces_s__rosidl_typesupport_introspection_c.so
-- Up-to-date symlink: /home/pavithra/ros2_ws/install/abaja_interfaces/lib/python3.12/site-packages/abaja_interfaces/msg/__init__.py
-- Symlinking: /home/pavithra/ros2_ws/install/abaja_interfaces/lib/python3.12/site-packages/abaja_interfaces/msg/_aeb_status.py
-- Symlinking: /home/pavithra/ros2_ws/install/abaja_interfaces/lib/python3.12/site-packages/abaja_interfaces/msg/_aeb_status_s.c
-- Up-to-date symlink: /home/pavithra/ros2_ws/install/abaja_interfaces/lib/python3.12/site-packages/abaja_interfaces/msg/_battery_status.py
-- Up-to-date symlink: /home/pavithra/ros2_ws/install/abaja_interfaces/lib/python3.12/site-packages/abaja_interfaces/msg/_battery_status_s.c
-- Up-to-date symlink: /home/pavithra/ros2_ws/install/abaja_interfaces/lib/python3.12/site-packages/abaja_interfaces/msg/_control_cmd.py
-- Up-to-date symlink: /home/pavithra/ros2_ws/install/abaja_interfaces/lib/python3.12/site-packages/abaja_interfaces/msg/_control_cmd_s.c
-- Up-to-date symlink: /home/pavithra/ros2_ws/install/abaja_interfaces/lib/python3.12/site-packages/abaja_interfaces/msg/_dbw_cmd.py
-- Up-to-date symlink: /home/pavithra/ros2_ws/install/abaja_interfaces/lib/python3.12/site-packages/abaja_interfaces/msg/_dbw_cmd_s.c
-- Up-to-date symlink: /home/pavithra/ros2_ws/install/abaja_interfaces/lib/python3.12/site-packages/abaja_interfaces/msg/_dbw_status.py
-- Up-to-date symlink: /home/pavithra/ros2_ws/install/abaja_interfaces/lib/python3.12/site-packages/abaja_interfaces/msg/_dbw_status_s.c
-- Up-to-date symlink: /home/pavithra/ros2_ws/install/abaja_interfaces/lib/python3.12/site-packages/abaja_interfaces/msg/_detected_object.py
-- Up-to-date symlink: /home/pavithra/ros2_ws/install/abaja_interfaces/lib/python3.12/site-packages/abaja_interfaces/msg/_detected_object_array.py
-- Up-to-date symlink: /home/pavithra/ros2_ws/install/abaja_interfaces/lib/python3.12/site-packages/abaja_interfaces/msg/_detected_object_array_s.c
-- Up-to-date symlink: /home/pavithra/ros2_ws/install/abaja_interfaces/lib/python3.12/site-packages/abaja_interfaces/msg/_detected_object_s.c
-- Symlinking: /home/pavithra/ros2_ws/install/abaja_interfaces/lib/python3.12/site-packages/abaja_interfaces/msg/_lane_marking.py
-- Symlinking: /home/pavithra/ros2_ws/install/abaja_interfaces/lib/python3.12/site-packages/abaja_interfaces/msg/_lane_marking_s.c
-- Symlinking: /home/pavithra/ros2_ws/install/abaja_interfaces/lib/python3.12/site-packages/abaja_interfaces/msg/_lane_state.py
-- Symlinking: /home/pavithra/ros2_ws/install/abaja_interfaces/lib/python3.12/site-packages/abaja_interfaces/msg/_lane_state_s.c
-- Up-to-date symlink: /home/pavithra/ros2_ws/install/abaja_interfaces/lib/python3.12/site-packages/abaja_interfaces/msg/_mode_status.py
-- Up-to-date symlink: /home/pavithra/ros2_ws/install/abaja_interfaces/lib/python3.12/site-packages/abaja_interfaces/msg/_mode_status_s.c
-- Symlinking: /home/pavithra/ros2_ws/install/abaja_interfaces/lib/python3.12/site-packages/abaja_interfaces/msg/_object_distance.py
-- Symlinking: /home/pavithra/ros2_ws/install/abaja_interfaces/lib/python3.12/site-packages/abaja_interfaces/msg/_object_distance_array.py
-- Symlinking: /home/pavithra/ros2_ws/install/abaja_interfaces/lib/python3.12/site-packages/abaja_interfaces/msg/_object_distance_array_s.c
-- Symlinking: /home/pavithra/ros2_ws/install/abaja_interfaces/lib/python3.12/site-packages/abaja_interfaces/msg/_object_distance_s.c
-- Symlinking: /home/pavithra/ros2_ws/install/abaja_interfaces/lib/python3.12/site-packages/abaja_interfaces/msg/_safety_state.py
-- Symlinking: /home/pavithra/ros2_ws/install/abaja_interfaces/lib/python3.12/site-packages/abaja_interfaces/msg/_safety_state_s.c
-- Up-to-date symlink: /home/pavithra/ros2_ws/install/abaja_interfaces/lib/python3.12/site-packages/abaja_interfaces/msg/_steering_feedback.py
-- Up-to-date symlink: /home/pavithra/ros2_ws/install/abaja_interfaces/lib/python3.12/site-packages/abaja_interfaces/msg/_steering_feedback_s.c
-- Symlinking: /home/pavithra/ros2_ws/install/abaja_interfaces/lib/python3.12/site-packages/abaja_interfaces/msg/_ttc_status.py
-- Symlinking: /home/pavithra/ros2_ws/install/abaja_interfaces/lib/python3.12/site-packages/abaja_interfaces/msg/_ttc_status_s.c
-- Up-to-date symlink: /home/pavithra/ros2_ws/install/abaja_interfaces/lib/python3.12/site-packages/abaja_interfaces/msg/_vehicle_state.py
-- Up-to-date symlink: /home/pavithra/ros2_ws/install/abaja_interfaces/lib/python3.12/site-packages/abaja_interfaces/msg/_vehicle_state_s.c
-- Up-to-date symlink: /home/pavithra/ros2_ws/install/abaja_interfaces/lib/python3.12/site-packages/abaja_interfaces/msg/_wheel_speed.py
-- Up-to-date symlink: /home/pavithra/ros2_ws/install/abaja_interfaces/lib/python3.12/site-packages/abaja_interfaces/msg/_wheel_speed_s.c
-- Up-to-date symlink: /home/pavithra/ros2_ws/install/abaja_interfaces/lib/python3.12/site-packages/abaja_interfaces/abaja_interfaces_s__rosidl_typesupport_fastrtps_c.so
-- Up-to-date symlink: /home/pavithra/ros2_ws/install/abaja_interfaces/lib/python3.12/site-packages/abaja_interfaces/abaja_interfaces_s__rosidl_typesupport_introspection_c.so
-- Up-to-date symlink: /home/pavithra/ros2_ws/install/abaja_interfaces/lib/python3.12/site-packages/abaja_interfaces/abaja_interfaces_s__rosidl_typesupport_c.so
-- Up-to-date symlink: /home/pavithra/ros2_ws/install/abaja_interfaces/share/ament_index/resource_index/rust_packages/abaja_interfaces
-- Up-to-date symlink: /home/pavithra/ros2_ws/install/abaja_interfaces/share/abaja_interfaces/rust/Cargo.toml
-- Up-to-date symlink: /home/pavithra/ros2_ws/install/abaja_interfaces/share/abaja_interfaces/rust/build.rs
-- Up-to-date symlink: /home/pavithra/ros2_ws/install/abaja_interfaces/share/abaja_interfaces/rust/src/lib.rs
-- Up-to-date symlink: /home/pavithra/ros2_ws/install/abaja_interfaces/share/abaja_interfaces/rust/src/msg.rs
-- Up-to-date symlink: /home/pavithra/ros2_ws/install/abaja_interfaces/share/abaja_interfaces/rust/src/msg/rmw.rs
-- Up-to-date symlink: /home/pavithra/ros2_ws/install/abaja_interfaces/share/abaja_interfaces/msg/ControlCmd.idl
-- Up-to-date symlink: /home/pavithra/ros2_ws/install/abaja_interfaces/share/abaja_interfaces/msg/VehicleState.idl
-- Up-to-date symlink: /home/pavithra/ros2_ws/install/abaja_interfaces/share/abaja_interfaces/msg/WheelSpeed.idl
-- Up-to-date symlink: /home/pavithra/ros2_ws/install/abaja_interfaces/share/abaja_interfaces/msg/SteeringFeedback.idl
-- Up-to-date symlink: /home/pavithra/ros2_ws/install/abaja_interfaces/share/abaja_interfaces/msg/BatteryStatus.idl
-- Up-to-date symlink: /home/pavithra/ros2_ws/install/abaja_interfaces/share/abaja_interfaces/msg/ModeStatus.idl
-- Up-to-date symlink: /home/pavithra/ros2_ws/install/abaja_interfaces/share/abaja_interfaces/msg/DbwCmd.idl
-- Up-to-date symlink: /home/pavithra/ros2_ws/install/abaja_interfaces/share/abaja_interfaces/msg/DbwStatus.idl
-- Up-to-date symlink: /home/pavithra/ros2_ws/install/abaja_interfaces/share/abaja_interfaces/msg/DetectedObject.idl
-- Up-to-date symlink: /home/pavithra/ros2_ws/install/abaja_interfaces/share/abaja_interfaces/msg/DetectedObjectArray.idl
-- Symlinking: /home/pavithra/ros2_ws/install/abaja_interfaces/share/abaja_interfaces/msg/LaneMarking.idl
-- Symlinking: /home/pavithra/ros2_ws/install/abaja_interfaces/share/abaja_interfaces/msg/LaneState.idl
-- Symlinking: /home/pavithra/ros2_ws/install/abaja_interfaces/share/abaja_interfaces/msg/ObjectDistance.idl
-- Symlinking: /home/pavithra/ros2_ws/install/abaja_interfaces/share/abaja_interfaces/msg/ObjectDistanceArray.idl
-- Symlinking: /home/pavithra/ros2_ws/install/abaja_interfaces/share/abaja_interfaces/msg/TTCStatus.idl
-- Symlinking: /home/pavithra/ros2_ws/install/abaja_interfaces/share/abaja_interfaces/msg/AEBStatus.idl
-- Symlinking: /home/pavithra/ros2_ws/install/abaja_interfaces/share/abaja_interfaces/msg/SafetyState.idl
-- Up-to-date symlink: /home/pavithra/ros2_ws/install/abaja_interfaces/share/abaja_interfaces/msg/ControlCmd.msg
-- Up-to-date symlink: /home/pavithra/ros2_ws/install/abaja_interfaces/share/abaja_interfaces/msg/VehicleState.msg
-- Up-to-date symlink: /home/pavithra/ros2_ws/install/abaja_interfaces/share/abaja_interfaces/msg/WheelSpeed.msg
-- Up-to-date symlink: /home/pavithra/ros2_ws/install/abaja_interfaces/share/abaja_interfaces/msg/SteeringFeedback.msg
-- Up-to-date symlink: /home/pavithra/ros2_ws/install/abaja_interfaces/share/abaja_interfaces/msg/BatteryStatus.msg
-- Up-to-date symlink: /home/pavithra/ros2_ws/install/abaja_interfaces/share/abaja_interfaces/msg/ModeStatus.msg
-- Up-to-date symlink: /home/pavithra/ros2_ws/install/abaja_interfaces/share/abaja_interfaces/msg/DbwCmd.msg
-- Up-to-date symlink: /home/pavithra/ros2_ws/install/abaja_interfaces/share/abaja_interfaces/msg/DbwStatus.msg
-- Up-to-date symlink: /home/pavithra/ros2_ws/install/abaja_interfaces/share/abaja_interfaces/msg/DetectedObject.msg
-- Up-to-date symlink: /home/pavithra/ros2_ws/install/abaja_interfaces/share/abaja_interfaces/msg/DetectedObjectArray.msg
-- Symlinking: /home/pavithra/ros2_ws/install/abaja_interfaces/share/abaja_interfaces/msg/LaneMarking.msg
-- Symlinking: /home/pavithra/ros2_ws/install/abaja_interfaces/share/abaja_interfaces/msg/LaneState.msg
-- Symlinking: /home/pavithra/ros2_ws/install/abaja_interfaces/share/abaja_interfaces/msg/ObjectDistance.msg
-- Symlinking: /home/pavithra/ros2_ws/install/abaja_interfaces/share/abaja_interfaces/msg/ObjectDistanceArray.msg
-- Symlinking: /home/pavithra/ros2_ws/install/abaja_interfaces/share/abaja_interfaces/msg/TTCStatus.msg
-- Symlinking: /home/pavithra/ros2_ws/install/abaja_interfaces/share/abaja_interfaces/msg/AEBStatus.msg
-- Symlinking: /home/pavithra/ros2_ws/install/abaja_interfaces/share/abaja_interfaces/msg/SafetyState.msg
-- Up-to-date symlink: /home/pavithra/ros2_ws/install/abaja_interfaces/share/ament_index/resource_index/package_run_dependencies/abaja_interfaces
-- Up-to-date symlink: /home/pavithra/ros2_ws/install/abaja_interfaces/share/ament_index/resource_index/parent_prefix_path/abaja_interfaces
-- Up-to-date symlink: /home/pavithra/ros2_ws/install/abaja_interfaces/share/abaja_interfaces/environment/ament_prefix_path.sh
-- Up-to-date symlink: /home/pavithra/ros2_ws/install/abaja_interfaces/share/abaja_interfaces/environment/ament_prefix_path.dsv
-- Up-to-date symlink: /home/pavithra/ros2_ws/install/abaja_interfaces/share/abaja_interfaces/environment/path.sh
-- Up-to-date symlink: /home/pavithra/ros2_ws/install/abaja_interfaces/share/abaja_interfaces/environment/path.dsv
-- Up-to-date symlink: /home/pavithra/ros2_ws/install/abaja_interfaces/share/abaja_interfaces/local_setup.bash
-- Up-to-date symlink: /home/pavithra/ros2_ws/install/abaja_interfaces/share/abaja_interfaces/local_setup.sh
-- Up-to-date symlink: /home/pavithra/ros2_ws/install/abaja_interfaces/share/abaja_interfaces/local_setup.zsh
-- Up-to-date symlink: /home/pavithra/ros2_ws/install/abaja_interfaces/share/abaja_interfaces/local_setup.dsv
-- Symlinking: /home/pavithra/ros2_ws/install/abaja_interfaces/share/abaja_interfaces/package.dsv
-- Up-to-date symlink: /home/pavithra/ros2_ws/install/abaja_interfaces/share/ament_index/resource_index/packages/abaja_interfaces
-- Up-to-date symlink: /home/pavithra/ros2_ws/install/abaja_interfaces/share/abaja_interfaces/cmake/rosidl_cmake-extras.cmake
-- Up-to-date symlink: /home/pavithra/ros2_ws/install/abaja_interfaces/share/abaja_interfaces/cmake/ament_cmake_export_dependencies-extras.cmake
-- Up-to-date symlink: /home/pavithra/ros2_ws/install/abaja_interfaces/share/abaja_interfaces/cmake/ament_cmake_export_include_directories-extras.cmake
-- Up-to-date symlink: /home/pavithra/ros2_ws/install/abaja_interfaces/share/abaja_interfaces/cmake/ament_cmake_export_libraries-extras.cmake
-- Up-to-date symlink: /home/pavithra/ros2_ws/install/abaja_interfaces/share/abaja_interfaces/cmake/ament_cmake_export_targets-extras.cmake
-- Up-to-date symlink: /home/pavithra/ros2_ws/install/abaja_interfaces/share/abaja_interfaces/cmake/rosidl_cmake_export_typesupport_targets-extras.cmake
-- Up-to-date symlink: /home/pavithra/ros2_ws/install/abaja_interfaces/share/abaja_interfaces/cmake/rosidl_cmake_export_typesupport_libraries-extras.cmake
-- Up-to-date symlink: /home/pavithra/ros2_ws/install/abaja_interfaces/share/abaja_interfaces/cmake/abaja_interfacesConfig.cmake
-- Up-to-date symlink: /home/pavithra/ros2_ws/install/abaja_interfaces/share/abaja_interfaces/cmake/abaja_interfacesConfig-version.cmake
-- Up-to-date symlink: /home/pavithra/ros2_ws/install/abaja_interfaces/share/abaja_interfaces/package.xml
-- Installing: /home/pavithra/ros2_ws/install/abaja_interfaces/lib/libabaja_interfaces__rosidl_generator_c.so
-- Set non-toolchain portion of runtime path of "/home/pavithra/ros2_ws/install/abaja_interfaces/lib/libabaja_interfaces__rosidl_generator_c.so" to ""
-- Installing: /home/pavithra/ros2_ws/install/abaja_interfaces/lib/libabaja_interfaces__rosidl_typesupport_fastrtps_c.so
-- Set non-toolchain portion of runtime path of "/home/pavithra/ros2_ws/install/abaja_interfaces/lib/libabaja_interfaces__rosidl_typesupport_fastrtps_c.so" to ""
-- Installing: /home/pavithra/ros2_ws/install/abaja_interfaces/lib/libabaja_interfaces__rosidl_typesupport_introspection_c.so
-- Set non-toolchain portion of runtime path of "/home/pavithra/ros2_ws/install/abaja_interfaces/lib/libabaja_interfaces__rosidl_typesupport_introspection_c.so" to ""
-- Installing: /home/pavithra/ros2_ws/install/abaja_interfaces/lib/libabaja_interfaces__rosidl_typesupport_c.so
-- Set non-toolchain portion of runtime path of "/home/pavithra/ros2_ws/install/abaja_interfaces/lib/libabaja_interfaces__rosidl_typesupport_c.so" to ""
-- Installing: /home/pavithra/ros2_ws/install/abaja_interfaces/lib/libabaja_interfaces__rosidl_typesupport_fastrtps_cpp.so
-- Set non-toolchain portion of runtime path of "/home/pavithra/ros2_ws/install/abaja_interfaces/lib/libabaja_interfaces__rosidl_typesupport_fastrtps_cpp.so" to ""
-- Installing: /home/pavithra/ros2_ws/install/abaja_interfaces/lib/libabaja_interfaces__rosidl_typesupport_introspection_cpp.so
-- Set non-toolchain portion of runtime path of "/home/pavithra/ros2_ws/install/abaja_interfaces/lib/libabaja_interfaces__rosidl_typesupport_introspection_cpp.so" to ""
-- Installing: /home/pavithra/ros2_ws/install/abaja_interfaces/lib/libabaja_interfaces__rosidl_typesupport_cpp.so
-- Set non-toolchain portion of runtime path of "/home/pavithra/ros2_ws/install/abaja_interfaces/lib/libabaja_interfaces__rosidl_typesupport_cpp.so" to ""
Listing '/home/pavithra/ros2_ws/install/abaja_interfaces/lib/python3.12/site-packages/abaja_interfaces'...
Compiling '/home/pavithra/ros2_ws/install/abaja_interfaces/lib/python3.12/site-packages/abaja_interfaces/__init__.py'...
Listing '/home/pavithra/ros2_ws/install/abaja_interfaces/lib/python3.12/site-packages/abaja_interfaces/msg'...
Compiling '/home/pavithra/ros2_ws/install/abaja_interfaces/lib/python3.12/site-packages/abaja_interfaces/msg/__init__.py'...
Compiling '/home/pavithra/ros2_ws/install/abaja_interfaces/lib/python3.12/site-packages/abaja_interfaces/msg/_aeb_status.py'...
Compiling '/home/pavithra/ros2_ws/install/abaja_interfaces/lib/python3.12/site-packages/abaja_interfaces/msg/_battery_status.py'...
Compiling '/home/pavithra/ros2_ws/install/abaja_interfaces/lib/python3.12/site-packages/abaja_interfaces/msg/_control_cmd.py'...
Compiling '/home/pavithra/ros2_ws/install/abaja_interfaces/lib/python3.12/site-packages/abaja_interfaces/msg/_dbw_cmd.py'...
Compiling '/home/pavithra/ros2_ws/install/abaja_interfaces/lib/python3.12/site-packages/abaja_interfaces/msg/_dbw_status.py'...
Compiling '/home/pavithra/ros2_ws/install/abaja_interfaces/lib/python3.12/site-packages/abaja_interfaces/msg/_detected_object.py'...
Compiling '/home/pavithra/ros2_ws/install/abaja_interfaces/lib/python3.12/site-packages/abaja_interfaces/msg/_detected_object_array.py'...
Compiling '/home/pavithra/ros2_ws/install/abaja_interfaces/lib/python3.12/site-packages/abaja_interfaces/msg/_lane_marking.py'...
Compiling '/home/pavithra/ros2_ws/install/abaja_interfaces/lib/python3.12/site-packages/abaja_interfaces/msg/_lane_state.py'...
Compiling '/home/pavithra/ros2_ws/install/abaja_interfaces/lib/python3.12/site-packages/abaja_interfaces/msg/_mode_status.py'...
Compiling '/home/pavithra/ros2_ws/install/abaja_interfaces/lib/python3.12/site-packages/abaja_interfaces/msg/_object_distance.py'...
Compiling '/home/pavithra/ros2_ws/install/abaja_interfaces/lib/python3.12/site-packages/abaja_interfaces/msg/_object_distance_array.py'...
Compiling '/home/pavithra/ros2_ws/install/abaja_interfaces/lib/python3.12/site-packages/abaja_interfaces/msg/_safety_state.py'...
Compiling '/home/pavithra/ros2_ws/install/abaja_interfaces/lib/python3.12/site-packages/abaja_interfaces/msg/_steering_feedback.py'...
Compiling '/home/pavithra/ros2_ws/install/abaja_interfaces/lib/python3.12/site-packages/abaja_interfaces/msg/_ttc_status.py'...
Compiling '/home/pavithra/ros2_ws/install/abaja_interfaces/lib/python3.12/site-packages/abaja_interfaces/msg/_vehicle_state.py'...
Compiling '/home/pavithra/ros2_ws/install/abaja_interfaces/lib/python3.12/site-packages/abaja_interfaces/msg/_wheel_speed.py'...
-- Installing: /home/pavithra/ros2_ws/install/abaja_interfaces/lib/libabaja_interfaces__rosidl_generator_py.so
-- Set non-toolchain portion of runtime path of "/home/pavithra/ros2_ws/install/abaja_interfaces/lib/libabaja_interfaces__rosidl_generator_py.so" to ""
-- Up-to-date: /home/pavithra/ros2_ws/install/abaja_interfaces/share/abaja_interfaces/cmake/export_abaja_interfaces__rosidl_generator_cExport.cmake
-- Up-to-date: /home/pavithra/ros2_ws/install/abaja_interfaces/share/abaja_interfaces/cmake/export_abaja_interfaces__rosidl_generator_cExport-noconfig.cmake
-- Up-to-date: /home/pavithra/ros2_ws/install/abaja_interfaces/share/abaja_interfaces/cmake/export_abaja_interfaces__rosidl_typesupport_fastrtps_cExport.cmake
-- Up-to-date: /home/pavithra/ros2_ws/install/abaja_interfaces/share/abaja_interfaces/cmake/export_abaja_interfaces__rosidl_typesupport_fastrtps_cExport-noconfig.cmake
-- Up-to-date: /home/pavithra/ros2_ws/install/abaja_interfaces/share/abaja_interfaces/cmake/abaja_interfaces__rosidl_typesupport_introspection_cExport.cmake
-- Up-to-date: /home/pavithra/ros2_ws/install/abaja_interfaces/share/abaja_interfaces/cmake/abaja_interfaces__rosidl_typesupport_introspection_cExport-noconfig.cmake
-- Up-to-date: /home/pavithra/ros2_ws/install/abaja_interfaces/share/abaja_interfaces/cmake/abaja_interfaces__rosidl_typesupport_cExport.cmake
-- Up-to-date: /home/pavithra/ros2_ws/install/abaja_interfaces/share/abaja_interfaces/cmake/abaja_interfaces__rosidl_typesupport_cExport-noconfig.cmake
-- Up-to-date: /home/pavithra/ros2_ws/install/abaja_interfaces/share/abaja_interfaces/cmake/export_abaja_interfaces__rosidl_generator_cppExport.cmake
-- Up-to-date: /home/pavithra/ros2_ws/install/abaja_interfaces/share/abaja_interfaces/cmake/export_abaja_interfaces__rosidl_typesupport_fastrtps_cppExport.cmake
-- Up-to-date: /home/pavithra/ros2_ws/install/abaja_interfaces/share/abaja_interfaces/cmake/export_abaja_interfaces__rosidl_typesupport_fastrtps_cppExport-noconfig.cmake
-- Up-to-date: /home/pavithra/ros2_ws/install/abaja_interfaces/share/abaja_interfaces/cmake/abaja_interfaces__rosidl_typesupport_introspection_cppExport.cmake
-- Up-to-date: /home/pavithra/ros2_ws/install/abaja_interfaces/share/abaja_interfaces/cmake/abaja_interfaces__rosidl_typesupport_introspection_cppExport-noconfig.cmake
-- Up-to-date: /home/pavithra/ros2_ws/install/abaja_interfaces/share/abaja_interfaces/cmake/abaja_interfaces__rosidl_typesupport_cppExport.cmake
-- Up-to-date: /home/pavithra/ros2_ws/install/abaja_interfaces/share/abaja_interfaces/cmake/abaja_interfaces__rosidl_typesupport_cppExport-noconfig.cmake
-- Up-to-date: /home/pavithra/ros2_ws/install/abaja_interfaces/share/abaja_interfaces/cmake/export_abaja_interfaces__rosidl_generator_pyExport.cmake
-- Up-to-date: /home/pavithra/ros2_ws/install/abaja_interfaces/share/abaja_interfaces/cmake/export_abaja_interfaces__rosidl_generator_pyExport-noconfig.cmake
