[  2%] Built target abaja_interfaces__rosidl_generator_type_description
[  4%] Built target abaja_interfaces__rs
[  4%] Built target ament_cmake_python_symlink_abaja_interfaces
[ 22%] Built target abaja_interfaces__rosidl_generator_c
[ 24%] Built target abaja_interfaces__cpp
[ 33%] Built target abaja_interfaces__rosidl_typesupport_c
[ 42%] Built target abaja_interfaces__rosidl_typesupport_introspection_c
[ 51%] Built target abaja_interfaces__rosidl_typesupport_fastrtps_cpp
[ 60%] Built target abaja_interfaces__rosidl_typesupport_introspection_cpp
[ 77%] Built target abaja_interfaces__rosidl_typesupport_fastrtps_c
[ 77%] Built target abaja_interfaces__rosidl_typesupport_cpp
[ 77%] Built target abaja_interfaces
[ 80%] Built target abaja_interfaces__py
[ 86%] Built target abaja_interfaces__rosidl_generator_py
[ 91%] Built target abaja_interfaces_s__rosidl_typesupport_fastrtps_c
[ 95%] Built target abaja_interfaces_s__rosidl_typesupport_introspection_c
[100%] Built target abaja_interfaces_s__rosidl_typesupport_c
running egg_info
writing abaja_interfaces.egg-info/PKG-INFO
writing dependency_links to abaja_interfaces.egg-info/dependency_links.txt
writing top-level names to abaja_interfaces.egg-info/top_level.txt
reading manifest file 'abaja_interfaces.egg-info/SOURCES.txt'
writing manifest file 'abaja_interfaces.egg-info/SOURCES.txt'
[100%] Built target ament_cmake_python_build_abaja_interfaces_egg
-- Install configuration: ""
-- Execute custom install script
-- Up-to-date symlink: /home/pavithra/ros2_ws/install/abaja_interfaces/share/ament_index/resource_index/rosidl_interfaces/abaja_interfaces
-- Up-to-date symlink: /home/pavithra/ros2_ws/install/abaja_interfaces/share/abaja_interfaces/msg/ControlCmd.json
-- Up-to-date symlink: /home/pavithra/ros2_ws/install/abaja_interfaces/share/abaja_interfaces/msg/VehicleState.json
-- Up-to-date symlink: /home/pavithra/ros2_ws/install/abaja_interfaces/include/abaja_interfaces/abaja_interfaces/msg/control_cmd.h
-- Up-to-date symlink: /home/pavithra/ros2_ws/install/abaja_interfaces/include/abaja_interfaces/abaja_interfaces/msg/detail/control_cmd__functions.h
-- Up-to-date symlink: /home/pavithra/ros2_ws/install/abaja_interfaces/include/abaja_interfaces/abaja_interfaces/msg/detail/control_cmd__struct.h
-- Up-to-date symlink: /home/pavithra/ros2_ws/install/abaja_interfaces/include/abaja_interfaces/abaja_interfaces/msg/detail/control_cmd__type_support.h
-- Up-to-date symlink: /home/pavithra/ros2_ws/install/abaja_interfaces/include/abaja_interfaces/abaja_interfaces/msg/detail/vehicle_state__functions.h
-- Up-to-date symlink: /home/pavithra/ros2_ws/install/abaja_interfaces/include/abaja_interfaces/abaja_interfaces/msg/detail/vehicle_state__struct.h
-- Up-to-date symlink: /home/pavithra/ros2_ws/install/abaja_interfaces/include/abaja_interfaces/abaja_interfaces/msg/detail/vehicle_state__type_support.h
-- Up-to-date symlink: /home/pavithra/ros2_ws/install/abaja_interfaces/include/abaja_interfaces/abaja_interfaces/msg/rosidl_generator_c__visibility_control.h
-- Up-to-date symlink: /home/pavithra/ros2_ws/install/abaja_interfaces/include/abaja_interfaces/abaja_interfaces/msg/vehicle_state.h
-- Up-to-date symlink: /home/pavithra/ros2_ws/install/abaja_interfaces/share/abaja_interfaces/environment/library_path.sh
-- Up-to-date symlink: /home/pavithra/ros2_ws/install/abaja_interfaces/share/abaja_interfaces/environment/library_path.dsv
-- Up-to-date symlink: /home/pavithra/ros2_ws/install/abaja_interfaces/include/abaja_interfaces/abaja_interfaces/msg/detail/control_cmd__rosidl_typesupport_fastrtps_c.h
-- Up-to-date symlink: /home/pavithra/ros2_ws/install/abaja_interfaces/include/abaja_interfaces/abaja_interfaces/msg/detail/vehicle_state__rosidl_typesupport_fastrtps_c.h
-- Up-to-date symlink: /home/pavithra/ros2_ws/install/abaja_interfaces/include/abaja_interfaces/abaja_interfaces/msg/rosidl_typesupport_fastrtps_c__visibility_control.h
-- Up-to-date symlink: /home/pavithra/ros2_ws/install/abaja_interfaces/include/abaja_interfaces/abaja_interfaces/msg/detail/control_cmd__rosidl_typesupport_introspection_c.h
-- Up-to-date symlink: /home/pavithra/ros2_ws/install/abaja_interfaces/include/abaja_interfaces/abaja_interfaces/msg/detail/vehicle_state__rosidl_typesupport_introspection_c.h
-- Up-to-date symlink: /home/pavithra/ros2_ws/install/abaja_interfaces/include/abaja_interfaces/abaja_interfaces/msg/rosidl_typesupport_introspection_c__visibility_control.h
-- Up-to-date symlink: /home/pavithra/ros2_ws/install/abaja_interfaces/include/abaja_interfaces/abaja_interfaces/msg/control_cmd.hpp
-- Up-to-date symlink: /home/pavithra/ros2_ws/install/abaja_interfaces/include/abaja_interfaces/abaja_interfaces/msg/detail/control_cmd__builder.hpp
-- Up-to-date symlink: /home/pavithra/ros2_ws/install/abaja_interfaces/include/abaja_interfaces/abaja_interfaces/msg/detail/control_cmd__struct.hpp
-- Up-to-date symlink: /home/pavithra/ros2_ws/install/abaja_interfaces/include/abaja_interfaces/abaja_interfaces/msg/detail/control_cmd__traits.hpp
-- Up-to-date symlink: /home/pavithra/ros2_ws/install/abaja_interfaces/include/abaja_interfaces/abaja_interfaces/msg/detail/control_cmd__type_support.hpp
-- Up-to-date symlink: /home/pavithra/ros2_ws/install/abaja_interfaces/include/abaja_interfaces/abaja_interfaces/msg/detail/vehicle_state__builder.hpp
-- Up-to-date symlink: /home/pavithra/ros2_ws/install/abaja_interfaces/include/abaja_interfaces/abaja_interfaces/msg/detail/vehicle_state__struct.hpp
-- Up-to-date symlink: /home/pavithra/ros2_ws/install/abaja_interfaces/include/abaja_interfaces/abaja_interfaces/msg/detail/vehicle_state__traits.hpp
-- Up-to-date symlink: /home/pavithra/ros2_ws/install/abaja_interfaces/include/abaja_interfaces/abaja_interfaces/msg/detail/vehicle_state__type_support.hpp
-- Up-to-date symlink: /home/pavithra/ros2_ws/install/abaja_interfaces/include/abaja_interfaces/abaja_interfaces/msg/rosidl_generator_cpp__visibility_control.hpp
-- Up-to-date symlink: /home/pavithra/ros2_ws/install/abaja_interfaces/include/abaja_interfaces/abaja_interfaces/msg/vehicle_state.hpp
-- Up-to-date symlink: /home/pavithra/ros2_ws/install/abaja_interfaces/include/abaja_interfaces/abaja_interfaces/msg/detail/control_cmd__rosidl_typesupport_fastrtps_cpp.hpp
-- Up-to-date symlink: /home/pavithra/ros2_ws/install/abaja_interfaces/include/abaja_interfaces/abaja_interfaces/msg/detail/vehicle_state__rosidl_typesupport_fastrtps_cpp.hpp
-- Up-to-date symlink: /home/pavithra/ros2_ws/install/abaja_interfaces/include/abaja_interfaces/abaja_interfaces/msg/rosidl_typesupport_fastrtps_cpp__visibility_control.h
-- Up-to-date symlink: /home/pavithra/ros2_ws/install/abaja_interfaces/include/abaja_interfaces/abaja_interfaces/msg/detail/control_cmd__rosidl_typesupport_introspection_cpp.hpp
-- Up-to-date symlink: /home/pavithra/ros2_ws/install/abaja_interfaces/include/abaja_interfaces/abaja_interfaces/msg/detail/vehicle_state__rosidl_typesupport_introspection_cpp.hpp
-- Up-to-date symlink: /home/pavithra/ros2_ws/install/abaja_interfaces/share/abaja_interfaces/environment/pythonpath.sh
-- Up-to-date symlink: /home/pavithra/ros2_ws/install/abaja_interfaces/share/abaja_interfaces/environment/pythonpath.dsv
-- Up-to-date symlink: /home/pavithra/ros2_ws/install/abaja_interfaces/lib/python3.12/site-packages/abaja_interfaces-0.0.0-py3.12.egg-info/PKG-INFO
-- Up-to-date symlink: /home/pavithra/ros2_ws/install/abaja_interfaces/lib/python3.12/site-packages/abaja_interfaces-0.0.0-py3.12.egg-info/SOURCES.txt
-- Up-to-date symlink: /home/pavithra/ros2_ws/install/abaja_interfaces/lib/python3.12/site-packages/abaja_interfaces-0.0.0-py3.12.egg-info/dependency_links.txt
-- Up-to-date symlink: /home/pavithra/ros2_ws/install/abaja_interfaces/lib/python3.12/site-packages/abaja_interfaces-0.0.0-py3.12.egg-info/top_level.txt
-- Up-to-date symlink: /home/pavithra/ros2_ws/install/abaja_interfaces/lib/python3.12/site-packages/abaja_interfaces/__init__.py
-- Up-to-date symlink: /home/pavithra/ros2_ws/install/abaja_interfaces/lib/python3.12/site-packages/abaja_interfaces/_abaja_interfaces_s.ep.rosidl_typesupport_c.c
-- Up-to-date symlink: /home/pavithra/ros2_ws/install/abaja_interfaces/lib/python3.12/site-packages/abaja_interfaces/_abaja_interfaces_s.ep.rosidl_typesupport_fastrtps_c.c
-- Up-to-date symlink: /home/pavithra/ros2_ws/install/abaja_interfaces/lib/python3.12/site-packages/abaja_interfaces/_abaja_interfaces_s.ep.rosidl_typesupport_introspection_c.c
-- Up-to-date symlink: /home/pavithra/ros2_ws/install/abaja_interfaces/lib/python3.12/site-packages/abaja_interfaces/abaja_interfaces_s__rosidl_typesupport_c.so
-- Up-to-date symlink: /home/pavithra/ros2_ws/install/abaja_interfaces/lib/python3.12/site-packages/abaja_interfaces/abaja_interfaces_s__rosidl_typesupport_fastrtps_c.so
-- Up-to-date symlink: /home/pavithra/ros2_ws/install/abaja_interfaces/lib/python3.12/site-packages/abaja_interfaces/abaja_interfaces_s__rosidl_typesupport_introspection_c.so
-- Up-to-date symlink: /home/pavithra/ros2_ws/install/abaja_interfaces/lib/python3.12/site-packages/abaja_interfaces/msg/__init__.py
-- Up-to-date symlink: /home/pavithra/ros2_ws/install/abaja_interfaces/lib/python3.12/site-packages/abaja_interfaces/msg/_control_cmd.py
-- Up-to-date symlink: /home/pavithra/ros2_ws/install/abaja_interfaces/lib/python3.12/site-packages/abaja_interfaces/msg/_control_cmd_s.c
-- Up-to-date symlink: /home/pavithra/ros2_ws/install/abaja_interfaces/lib/python3.12/site-packages/abaja_interfaces/msg/_vehicle_state.py
-- Up-to-date symlink: /home/pavithra/ros2_ws/install/abaja_interfaces/lib/python3.12/site-packages/abaja_interfaces/msg/_vehicle_state_s.c
-- Up-to-date symlink: /home/pavithra/ros2_ws/install/abaja_interfaces/lib/python3.12/site-packages/abaja_interfaces/abaja_interfaces_s__rosidl_typesupport_fastrtps_c.so
-- Up-to-date symlink: /home/pavithra/ros2_ws/install/abaja_interfaces/lib/python3.12/site-packages/abaja_interfaces/abaja_interfaces_s__rosidl_typesupport_introspection_c.so
-- Up-to-date symlink: /home/pavithra/ros2_ws/install/abaja_interfaces/lib/python3.12/site-packages/abaja_interfaces/abaja_interfaces_s__rosidl_typesupport_c.so
-- Up-to-date symlink: /home/pavithra/ros2_ws/install/abaja_interfaces/share/ament_index/resource_index/rust_packages/abaja_interfaces
-- Up-to-date symlink: /home/pavithra/ros2_ws/install/abaja_interfaces/share/abaja_interfaces/rust/Cargo.toml
-- Up-to-date symlink: /home/pavithra/ros2_ws/install/abaja_interfaces/share/abaja_interfaces/rust/build.rs
-- Up-to-date symlink: /home/pavithra/ros2_ws/install/abaja_interfaces/share/abaja_interfaces/rust/src/lib.rs
-- Up-to-date symlink: /home/pavithra/ros2_ws/install/abaja_interfaces/share/abaja_interfaces/rust/src/msg.rs
-- Up-to-date symlink: /home/pavithra/ros2_ws/install/abaja_interfaces/share/abaja_interfaces/rust/src/msg/rmw.rs
-- Up-to-date symlink: /home/pavithra/ros2_ws/install/abaja_interfaces/share/abaja_interfaces/msg/ControlCmd.idl
-- Up-to-date symlink: /home/pavithra/ros2_ws/install/abaja_interfaces/share/abaja_interfaces/msg/VehicleState.idl
-- Up-to-date symlink: /home/pavithra/ros2_ws/install/abaja_interfaces/share/abaja_interfaces/msg/ControlCmd.msg
-- Up-to-date symlink: /home/pavithra/ros2_ws/install/abaja_interfaces/share/abaja_interfaces/msg/VehicleState.msg
-- Up-to-date symlink: /home/pavithra/ros2_ws/install/abaja_interfaces/share/ament_index/resource_index/package_run_dependencies/abaja_interfaces
-- Up-to-date symlink: /home/pavithra/ros2_ws/install/abaja_interfaces/share/ament_index/resource_index/parent_prefix_path/abaja_interfaces
-- Up-to-date symlink: /home/pavithra/ros2_ws/install/abaja_interfaces/share/abaja_interfaces/environment/ament_prefix_path.sh
-- Up-to-date symlink: /home/pavithra/ros2_ws/install/abaja_interfaces/share/abaja_interfaces/environment/ament_prefix_path.dsv
-- Up-to-date symlink: /home/pavithra/ros2_ws/install/abaja_interfaces/share/abaja_interfaces/environment/path.sh
-- Up-to-date symlink: /home/pavithra/ros2_ws/install/abaja_interfaces/share/abaja_interfaces/environment/path.dsv
-- Up-to-date symlink: /home/pavithra/ros2_ws/install/abaja_interfaces/share/abaja_interfaces/local_setup.bash
-- Up-to-date symlink: /home/pavithra/ros2_ws/install/abaja_interfaces/share/abaja_interfaces/local_setup.sh
-- Up-to-date symlink: /home/pavithra/ros2_ws/install/abaja_interfaces/share/abaja_interfaces/local_setup.zsh
-- Up-to-date symlink: /home/pavithra/ros2_ws/install/abaja_interfaces/share/abaja_interfaces/local_setup.dsv
-- Symlinking: /home/pavithra/ros2_ws/install/abaja_interfaces/share/abaja_interfaces/package.dsv
-- Up-to-date symlink: /home/pavithra/ros2_ws/install/abaja_interfaces/share/ament_index/resource_index/packages/abaja_interfaces
-- Up-to-date symlink: /home/pavithra/ros2_ws/install/abaja_interfaces/share/abaja_interfaces/cmake/rosidl_cmake-extras.cmake
-- Up-to-date symlink: /home/pavithra/ros2_ws/install/abaja_interfaces/share/abaja_interfaces/cmake/ament_cmake_export_dependencies-extras.cmake
-- Up-to-date symlink: /home/pavithra/ros2_ws/install/abaja_interfaces/share/abaja_interfaces/cmake/ament_cmake_export_include_directories-extras.cmake
-- Up-to-date symlink: /home/pavithra/ros2_ws/install/abaja_interfaces/share/abaja_interfaces/cmake/ament_cmake_export_libraries-extras.cmake
-- Up-to-date symlink: /home/pavithra/ros2_ws/install/abaja_interfaces/share/abaja_interfaces/cmake/ament_cmake_export_targets-extras.cmake
-- Up-to-date symlink: /home/pavithra/ros2_ws/install/abaja_interfaces/share/abaja_interfaces/cmake/rosidl_cmake_export_typesupport_targets-extras.cmake
-- Up-to-date symlink: /home/pavithra/ros2_ws/install/abaja_interfaces/share/abaja_interfaces/cmake/rosidl_cmake_export_typesupport_libraries-extras.cmake
-- Up-to-date symlink: /home/pavithra/ros2_ws/install/abaja_interfaces/share/abaja_interfaces/cmake/abaja_interfacesConfig.cmake
-- Up-to-date symlink: /home/pavithra/ros2_ws/install/abaja_interfaces/share/abaja_interfaces/cmake/abaja_interfacesConfig-version.cmake
-- Up-to-date symlink: /home/pavithra/ros2_ws/install/abaja_interfaces/share/abaja_interfaces/package.xml
-- Up-to-date: /home/pavithra/ros2_ws/install/abaja_interfaces/lib/libabaja_interfaces__rosidl_generator_c.so
-- Up-to-date: /home/pavithra/ros2_ws/install/abaja_interfaces/lib/libabaja_interfaces__rosidl_typesupport_fastrtps_c.so
-- Up-to-date: /home/pavithra/ros2_ws/install/abaja_interfaces/lib/libabaja_interfaces__rosidl_typesupport_introspection_c.so
-- Up-to-date: /home/pavithra/ros2_ws/install/abaja_interfaces/lib/libabaja_interfaces__rosidl_typesupport_c.so
-- Up-to-date: /home/pavithra/ros2_ws/install/abaja_interfaces/lib/libabaja_interfaces__rosidl_typesupport_fastrtps_cpp.so
-- Up-to-date: /home/pavithra/ros2_ws/install/abaja_interfaces/lib/libabaja_interfaces__rosidl_typesupport_introspection_cpp.so
-- Up-to-date: /home/pavithra/ros2_ws/install/abaja_interfaces/lib/libabaja_interfaces__rosidl_typesupport_cpp.so
Listing '/home/pavithra/ros2_ws/install/abaja_interfaces/lib/python3.12/site-packages/abaja_interfaces'...
Listing '/home/pavithra/ros2_ws/install/abaja_interfaces/lib/python3.12/site-packages/abaja_interfaces/msg'...
-- Up-to-date: /home/pavithra/ros2_ws/install/abaja_interfaces/lib/libabaja_interfaces__rosidl_generator_py.so
-- Up-to-date: /home/pavithra/ros2_ws/install/abaja_interfaces/share/abaja_interfaces/cmake/export_abaja_interfaces__rosidl_generator_cExport.cmake
-- Up-to-date: /home/pavithra/ros2_ws/install/abaja_interfaces/share/abaja_interfaces/cmake/export_abaja_interfaces__rosidl_generator_cExport-noconfig.cmake
-- Up-to-date: /home/pavithra/ros2_ws/install/abaja_interfaces/share/abaja_interfaces/cmake/export_abaja_interfaces__rosidl_typesupport_fastrtps_cExport.cmake
-- Up-to-date: /home/pavithra/ros2_ws/install/abaja_interfaces/share/abaja_interfaces/cmake/export_abaja_interfaces__rosidl_typesupport_fastrtps_cExport-noconfig.cmake
-- Up-to-date: /home/pavithra/ros2_ws/install/abaja_interfaces/share/abaja_interfaces/cmake/abaja_interfaces__rosidl_typesupport_introspection_cExport.cmake
-- Up-to-date: /home/pavithra/ros2_ws/install/abaja_interfaces/share/abaja_interfaces/cmake/abaja_interfaces__rosidl_typesupport_introspection_cExport-noconfig.cmake
-- Up-to-date: /home/pavithra/ros2_ws/install/abaja_interfaces/share/abaja_interfaces/cmake/abaja_interfaces__rosidl_typesupport_cExport.cmake
-- Up-to-date: /home/pavithra/ros2_ws/install/abaja_interfaces/share/abaja_interfaces/cmake/abaja_interfaces__rosidl_typesupport_cExport-noconfig.cmake
-- Up-to-date: /home/pavithra/ros2_ws/install/abaja_interfaces/share/abaja_interfaces/cmake/export_abaja_interfaces__rosidl_generator_cppExport.cmake
-- Up-to-date: /home/pavithra/ros2_ws/install/abaja_interfaces/share/abaja_interfaces/cmake/export_abaja_interfaces__rosidl_typesupport_fastrtps_cppExport.cmake
-- Up-to-date: /home/pavithra/ros2_ws/install/abaja_interfaces/share/abaja_interfaces/cmake/export_abaja_interfaces__rosidl_typesupport_fastrtps_cppExport-noconfig.cmake
-- Up-to-date: /home/pavithra/ros2_ws/install/abaja_interfaces/share/abaja_interfaces/cmake/abaja_interfaces__rosidl_typesupport_introspection_cppExport.cmake
-- Up-to-date: /home/pavithra/ros2_ws/install/abaja_interfaces/share/abaja_interfaces/cmake/abaja_interfaces__rosidl_typesupport_introspection_cppExport-noconfig.cmake
-- Up-to-date: /home/pavithra/ros2_ws/install/abaja_interfaces/share/abaja_interfaces/cmake/abaja_interfaces__rosidl_typesupport_cppExport.cmake
-- Up-to-date: /home/pavithra/ros2_ws/install/abaja_interfaces/share/abaja_interfaces/cmake/abaja_interfaces__rosidl_typesupport_cppExport-noconfig.cmake
-- Up-to-date: /home/pavithra/ros2_ws/install/abaja_interfaces/share/abaja_interfaces/cmake/export_abaja_interfaces__rosidl_generator_pyExport.cmake
-- Up-to-date: /home/pavithra/ros2_ws/install/abaja_interfaces/share/abaja_interfaces/cmake/export_abaja_interfaces__rosidl_generator_pyExport-noconfig.cmake
