running develop
running egg_info
writing abaja_bringup.egg-info/PKG-INFO
writing dependency_links to abaja_bringup.egg-info/dependency_links.txt
writing requirements to abaja_bringup.egg-info/requires.txt
writing top-level names to abaja_bringup.egg-info/top_level.txt
reading manifest file 'abaja_bringup.egg-info/SOURCES.txt'
writing manifest file 'abaja_bringup.egg-info/SOURCES.txt'
running build_ext
Creating /home/pavithra/Intelligence_ABAJA-26/ros2_ws/install/abaja_bringup/lib/python3.12/site-packages/abaja-bringup.egg-link (link to .)

Installed /home/pavithra/Intelligence_ABAJA-26/ros2_ws/build/abaja_bringup
running symlink_data
symbolically linking /home/pavithra/Intelligence_ABAJA-26/ros2_ws/build/abaja_bringup/launch/stage8_navigation.launch.py -> /home/pavithra/Intelligence_ABAJA-26/ros2_ws/install/abaja_bringup/share/abaja_bringup/launch
symbolically linking /home/pavithra/Intelligence_ABAJA-26/ros2_ws/build/abaja_bringup/launch/full_autonomy_gazebo_nav.launch.py -> /home/pavithra/Intelligence_ABAJA-26/ros2_ws/install/abaja_bringup/share/abaja_bringup/launch
creating /home/pavithra/Intelligence_ABAJA-26/ros2_ws/install/abaja_bringup/share/abaja_bringup/config
symbolically linking /home/pavithra/Intelligence_ABAJA-26/ros2_ws/build/abaja_bringup/config/slam_toolbox.yaml -> /home/pavithra/Intelligence_ABAJA-26/ros2_ws/install/abaja_bringup/share/abaja_bringup/config
symbolically linking /home/pavithra/Intelligence_ABAJA-26/ros2_ws/build/abaja_bringup/config/traffic_signal_config.yaml -> /home/pavithra/Intelligence_ABAJA-26/ros2_ws/install/abaja_bringup/share/abaja_bringup/config
symbolically linking /home/pavithra/Intelligence_ABAJA-26/ros2_ws/build/abaja_bringup/config/mission_waypoints.yaml -> /home/pavithra/Intelligence_ABAJA-26/ros2_ws/install/abaja_bringup/share/abaja_bringup/config
symbolically linking /home/pavithra/Intelligence_ABAJA-26/ros2_ws/build/abaja_bringup/config/nav2_params.yaml -> /home/pavithra/Intelligence_ABAJA-26/ros2_ws/install/abaja_bringup/share/abaja_bringup/config
creating /home/pavithra/Intelligence_ABAJA-26/ros2_ws/install/abaja_bringup/share/abaja_bringup/maps
