/home/pavithra/Intelligence_ABAJA-26/ros2_ws/install/abaja_perception/lib/python3.12/site-packages/abaja_perception/camera_node.py
/home/pavithra/Intelligence_ABAJA-26/ros2_ws/install/abaja_perception/lib/python3.12/site-packages/abaja_perception/__init__.py
/home/pavithra/Intelligence_ABAJA-26/ros2_ws/install/abaja_perception/lib/python3.12/site-packages/abaja_perception/object_detection_node.py
/home/pavithra/Intelligence_ABAJA-26/ros2_ws/install/abaja_perception/lib/python3.12/site-packages/abaja_perception/detection_recorder_node.py
/home/pavithra/Intelligence_ABAJA-26/ros2_ws/install/abaja_perception/lib/python3.12/site-packages/abaja_perception/radar_perception_node.py
/home/pavithra/Intelligence_ABAJA-26/ros2_ws/install/abaja_perception/lib/python3.12/site-packages/abaja_perception/sim_camera_viewer_node.py
/home/pavithra/Intelligence_ABAJA-26/ros2_ws/install/abaja_perception/lib/python3.12/site-packages/abaja_perception/detection_display_node.py
/home/pavithra/Intelligence_ABAJA-26/ros2_ws/install/abaja_perception/lib/python3.12/site-packages/abaja_perception/__pycache__/camera_node.cpython-312.pyc
/home/pavithra/Intelligence_ABAJA-26/ros2_ws/install/abaja_perception/lib/python3.12/site-packages/abaja_perception/__pycache__/__init__.cpython-312.pyc
/home/pavithra/Intelligence_ABAJA-26/ros2_ws/install/abaja_perception/lib/python3.12/site-packages/abaja_perception/__pycache__/object_detection_node.cpython-312.pyc
/home/pavithra/Intelligence_ABAJA-26/ros2_ws/install/abaja_perception/lib/python3.12/site-packages/abaja_perception/__pycache__/detection_recorder_node.cpython-312.pyc
/home/pavithra/Intelligence_ABAJA-26/ros2_ws/install/abaja_perception/lib/python3.12/site-packages/abaja_perception/__pycache__/radar_perception_node.cpython-312.pyc
/home/pavithra/Intelligence_ABAJA-26/ros2_ws/install/abaja_perception/lib/python3.12/site-packages/abaja_perception/__pycache__/sim_camera_viewer_node.cpython-312.pyc
/home/pavithra/Intelligence_ABAJA-26/ros2_ws/install/abaja_perception/lib/python3.12/site-packages/abaja_perception/__pycache__/detection_display_node.cpython-312.pyc
/home/pavithra/Intelligence_ABAJA-26/ros2_ws/install/abaja_perception/share/ament_index/resource_index/packages/abaja_perception
/home/pavithra/Intelligence_ABAJA-26/ros2_ws/install/abaja_perception/share/abaja_perception/package.xml
/home/pavithra/Intelligence_ABAJA-26/ros2_ws/install/abaja_perception/lib/python3.12/site-packages/abaja_perception-0.0.0-py3.12.egg-info/entry_points.txt
/home/pavithra/Intelligence_ABAJA-26/ros2_ws/install/abaja_perception/lib/python3.12/site-packages/abaja_perception-0.0.0-py3.12.egg-info/zip-safe
/home/pavithra/Intelligence_ABAJA-26/ros2_ws/install/abaja_perception/lib/python3.12/site-packages/abaja_perception-0.0.0-py3.12.egg-info/top_level.txt
/home/pavithra/Intelligence_ABAJA-26/ros2_ws/install/abaja_perception/lib/python3.12/site-packages/abaja_perception-0.0.0-py3.12.egg-info/requires.txt
/home/pavithra/Intelligence_ABAJA-26/ros2_ws/install/abaja_perception/lib/python3.12/site-packages/abaja_perception-0.0.0-py3.12.egg-info/dependency_links.txt
/home/pavithra/Intelligence_ABAJA-26/ros2_ws/install/abaja_perception/lib/python3.12/site-packages/abaja_perception-0.0.0-py3.12.egg-info/PKG-INFO
/home/pavithra/Intelligence_ABAJA-26/ros2_ws/install/abaja_perception/lib/python3.12/site-packages/abaja_perception-0.0.0-py3.12.egg-info/SOURCES.txt
/home/pavithra/Intelligence_ABAJA-26/ros2_ws/install/abaja_perception/lib/abaja_perception/camera_node
/home/pavithra/Intelligence_ABAJA-26/ros2_ws/install/abaja_perception/lib/abaja_perception/detection_display_node
/home/pavithra/Intelligence_ABAJA-26/ros2_ws/install/abaja_perception/lib/abaja_perception/detection_recorder_node
/home/pavithra/Intelligence_ABAJA-26/ros2_ws/install/abaja_perception/lib/abaja_perception/object_detection_node
/home/pavithra/Intelligence_ABAJA-26/ros2_ws/install/abaja_perception/lib/abaja_perception/sim_camera_viewer_node
