running develop
running egg_info
creating abaja_safety.egg-info
writing abaja_safety.egg-info/PKG-INFO
writing dependency_links to abaja_safety.egg-info/dependency_links.txt
writing entry points to abaja_safety.egg-info/entry_points.txt
writing requirements to abaja_safety.egg-info/requires.txt
writing top-level names to abaja_safety.egg-info/top_level.txt
writing manifest file 'abaja_safety.egg-info/SOURCES.txt'
reading manifest file 'abaja_safety.egg-info/SOURCES.txt'
writing manifest file 'abaja_safety.egg-info/SOURCES.txt'
running build_ext
Creating /home/pavithra/Intelligence_ABAJA-26/ros2_ws/install/abaja_safety/lib/python3.12/site-packages/abaja-safety.egg-link (link to .)
Installing safety_monitor_node script to /home/pavithra/Intelligence_ABAJA-26/ros2_ws/install/abaja_safety/lib/abaja_safety

Installed /home/pavithra/Intelligence_ABAJA-26/ros2_ws/build/abaja_safety
running symlink_data
creating /home/pavithra/Intelligence_ABAJA-26/ros2_ws/install/abaja_safety/share/ament_index
creating /home/pavithra/Intelligence_ABAJA-26/ros2_ws/install/abaja_safety/share/ament_index/resource_index
creating /home/pavithra/Intelligence_ABAJA-26/ros2_ws/install/abaja_safety/share/ament_index/resource_index/packages
symbolically linking /home/pavithra/Intelligence_ABAJA-26/ros2_ws/build/abaja_safety/resource/abaja_safety -> /home/pavithra/Intelligence_ABAJA-26/ros2_ws/install/abaja_safety/share/ament_index/resource_index/packages
symbolically linking /home/pavithra/Intelligence_ABAJA-26/ros2_ws/build/abaja_safety/package.xml -> /home/pavithra/Intelligence_ABAJA-26/ros2_ws/install/abaja_safety/share/abaja_safety
