running develop
running egg_info
creating abaja_bringup.egg-info
writing abaja_bringup.egg-info/PKG-INFO
writing dependency_links to abaja_bringup.egg-info/dependency_links.txt
writing requirements to abaja_bringup.egg-info/requires.txt
writing top-level names to abaja_bringup.egg-info/top_level.txt
writing manifest file 'abaja_bringup.egg-info/SOURCES.txt'
reading manifest file 'abaja_bringup.egg-info/SOURCES.txt'
writing manifest file 'abaja_bringup.egg-info/SOURCES.txt'
running build_ext
Creating /home/pavithra/Intelligence_ABAJA-26/ros2_ws/install/abaja_bringup/lib/python3.12/site-packages/abaja-bringup.egg-link (link to .)

Installed /home/pavithra/Intelligence_ABAJA-26/ros2_ws/build/abaja_bringup
running symlink_data
creating /home/pavithra/Intelligence_ABAJA-26/ros2_ws/install/abaja_bringup/share/ament_index
creating /home/pavithra/Intelligence_ABAJA-26/ros2_ws/install/abaja_bringup/share/ament_index/resource_index
creating /home/pavithra/Intelligence_ABAJA-26/ros2_ws/install/abaja_bringup/share/ament_index/resource_index/packages
symbolically linking /home/pavithra/Intelligence_ABAJA-26/ros2_ws/build/abaja_bringup/resource/abaja_bringup -> /home/pavithra/Intelligence_ABAJA-26/ros2_ws/install/abaja_bringup/share/ament_index/resource_index/packages
symbolically linking /home/pavithra/Intelligence_ABAJA-26/ros2_ws/build/abaja_bringup/package.xml -> /home/pavithra/Intelligence_ABAJA-26/ros2_ws/install/abaja_bringup/share/abaja_bringup
creating /home/pavithra/Intelligence_ABAJA-26/ros2_ws/install/abaja_bringup/share/abaja_bringup/launch
symbolically linking /home/pavithra/Intelligence_ABAJA-26/ros2_ws/build/abaja_bringup/launch/stage7_full_system.launch.py -> /home/pavithra/Intelligence_ABAJA-26/ros2_ws/install/abaja_bringup/share/abaja_bringup/launch
symbolically linking /home/pavithra/Intelligence_ABAJA-26/ros2_ws/build/abaja_bringup/launch/stage2_3_4_bringup.launch.py -> /home/pavithra/Intelligence_ABAJA-26/ros2_ws/install/abaja_bringup/share/abaja_bringup/launch
symbolically linking /home/pavithra/Intelligence_ABAJA-26/ros2_ws/build/abaja_bringup/launch/autonomy_bringup.launch.py -> /home/pavithra/Intelligence_ABAJA-26/ros2_ws/install/abaja_bringup/share/abaja_bringup/launch
symbolically linking /home/pavithra/Intelligence_ABAJA-26/ros2_ws/build/abaja_bringup/launch/stage2_vehicle_state.launch.py -> /home/pavithra/Intelligence_ABAJA-26/ros2_ws/install/abaja_bringup/share/abaja_bringup/launch
symbolically linking /home/pavithra/Intelligence_ABAJA-26/ros2_ws/build/abaja_bringup/launch/stage6_aeb.launch.py -> /home/pavithra/Intelligence_ABAJA-26/ros2_ws/install/abaja_bringup/share/abaja_bringup/launch
symbolically linking /home/pavithra/Intelligence_ABAJA-26/ros2_ws/build/abaja_bringup/launch/bringup.launch.py -> /home/pavithra/Intelligence_ABAJA-26/ros2_ws/install/abaja_bringup/share/abaja_bringup/launch
symbolically linking /home/pavithra/Intelligence_ABAJA-26/ros2_ws/build/abaja_bringup/launch/sim_bringup.launch.py -> /home/pavithra/Intelligence_ABAJA-26/ros2_ws/install/abaja_bringup/share/abaja_bringup/launch
symbolically linking /home/pavithra/Intelligence_ABAJA-26/ros2_ws/build/abaja_bringup/launch/stage4_perception.launch.py -> /home/pavithra/Intelligence_ABAJA-26/ros2_ws/install/abaja_bringup/share/abaja_bringup/launch
symbolically linking /home/pavithra/Intelligence_ABAJA-26/ros2_ws/build/abaja_bringup/launch/stage7_sim_only.launch.py -> /home/pavithra/Intelligence_ABAJA-26/ros2_ws/install/abaja_bringup/share/abaja_bringup/launch
symbolically linking /home/pavithra/Intelligence_ABAJA-26/ros2_ws/build/abaja_bringup/launch/stage5_lane.launch.py -> /home/pavithra/Intelligence_ABAJA-26/ros2_ws/install/abaja_bringup/share/abaja_bringup/launch
symbolically linking /home/pavithra/Intelligence_ABAJA-26/ros2_ws/build/abaja_bringup/launch/stage3_dbw.launch.py -> /home/pavithra/Intelligence_ABAJA-26/ros2_ws/install/abaja_bringup/share/abaja_bringup/launch
