[0.645s] Invoking command in '/home/pavithra/Intelligence_ABAJA-26/ros2_ws/build/abaja_bringup': AMENT_PREFIX_PATH=/home/pavithra/Intelligence_ABAJA-26/ros2_ws/install/abaja_teleop:/home/pavithra/Intelligence_ABAJA-26/ros2_ws/install/abaja_description:${AMENT_PREFIX_PATH} CMAKE_PREFIX_PATH=/home/pavithra/Intelligence_ABAJA-26/ros2_ws/install/abaja_description:${CMAKE_PREFIX_PATH} DEBUGINFOD_URLS=https://debuginfod.ubuntu.com PYTHONPATH=/home/pavithra/Intelligence_ABAJA-26/ros2_ws/build/abaja_bringup/prefix_override:/usr/lib/python3/dist-packages/colcon_core/task/python/colcon_distutils_commands:/home/pavithra/Intelligence_ABAJA-26/ros2_ws/install/abaja_bringup/lib/python3.12/site-packages:/home/pavithra/Intelligence_ABAJA-26/ros2_ws/build/abaja_teleop:/home/pavithra/Intelligence_ABAJA-26/ros2_ws/install/abaja_teleop/lib/python3.12/site-packages:${PYTHONPATH} /usr/bin/python3 -W ignore:setup.py install is deprecated -W ignore:easy_install command is deprecated setup.py develop --editable --build-directory /home/pavithra/Intelligence_ABAJA-26/ros2_ws/build/abaja_bringup/build --no-deps symlink_data
[0.962s] running develop
[1.125s] running egg_info
[1.125s] creating abaja_bringup.egg-info
[1.139s] writing abaja_bringup.egg-info/PKG-INFO
[1.139s] writing dependency_links to abaja_bringup.egg-info/dependency_links.txt
[1.139s] writing requirements to abaja_bringup.egg-info/requires.txt
[1.139s] writing top-level names to abaja_bringup.egg-info/top_level.txt
[1.139s] writing manifest file 'abaja_bringup.egg-info/SOURCES.txt'
[1.168s] reading manifest file 'abaja_bringup.egg-info/SOURCES.txt'
[1.169s] writing manifest file 'abaja_bringup.egg-info/SOURCES.txt'
[1.185s] running build_ext
[1.185s] Creating /home/pavithra/Intelligence_ABAJA-26/ros2_ws/install/abaja_bringup/lib/python3.12/site-packages/abaja-bringup.egg-link (link to .)
[1.185s] 
[1.185s] Installed /home/pavithra/Intelligence_ABAJA-26/ros2_ws/build/abaja_bringup
[1.186s] running symlink_data
[1.186s] creating /home/pavithra/Intelligence_ABAJA-26/ros2_ws/install/abaja_bringup/share/ament_index
[1.186s] creating /home/pavithra/Intelligence_ABAJA-26/ros2_ws/install/abaja_bringup/share/ament_index/resource_index
[1.186s] creating /home/pavithra/Intelligence_ABAJA-26/ros2_ws/install/abaja_bringup/share/ament_index/resource_index/packages
[1.186s] symbolically linking /home/pavithra/Intelligence_ABAJA-26/ros2_ws/build/abaja_bringup/resource/abaja_bringup -> /home/pavithra/Intelligence_ABAJA-26/ros2_ws/install/abaja_bringup/share/ament_index/resource_index/packages
[1.187s] symbolically linking /home/pavithra/Intelligence_ABAJA-26/ros2_ws/build/abaja_bringup/package.xml -> /home/pavithra/Intelligence_ABAJA-26/ros2_ws/install/abaja_bringup/share/abaja_bringup
[1.187s] creating /home/pavithra/Intelligence_ABAJA-26/ros2_ws/install/abaja_bringup/share/abaja_bringup/launch
[1.187s] symbolically linking /home/pavithra/Intelligence_ABAJA-26/ros2_ws/build/abaja_bringup/launch/stage7_full_system.launch.py -> /home/pavithra/Intelligence_ABAJA-26/ros2_ws/install/abaja_bringup/share/abaja_bringup/launch
[1.187s] symbolically linking /home/pavithra/Intelligence_ABAJA-26/ros2_ws/build/abaja_bringup/launch/stage2_3_4_bringup.launch.py -> /home/pavithra/Intelligence_ABAJA-26/ros2_ws/install/abaja_bringup/share/abaja_bringup/launch
[1.187s] symbolically linking /home/pavithra/Intelligence_ABAJA-26/ros2_ws/build/abaja_bringup/launch/autonomy_bringup.launch.py -> /home/pavithra/Intelligence_ABAJA-26/ros2_ws/install/abaja_bringup/share/abaja_bringup/launch
[1.187s] symbolically linking /home/pavithra/Intelligence_ABAJA-26/ros2_ws/build/abaja_bringup/launch/stage2_vehicle_state.launch.py -> /home/pavithra/Intelligence_ABAJA-26/ros2_ws/install/abaja_bringup/share/abaja_bringup/launch
[1.187s] symbolically linking /home/pavithra/Intelligence_ABAJA-26/ros2_ws/build/abaja_bringup/launch/stage6_aeb.launch.py -> /home/pavithra/Intelligence_ABAJA-26/ros2_ws/install/abaja_bringup/share/abaja_bringup/launch
[1.188s] symbolically linking /home/pavithra/Intelligence_ABAJA-26/ros2_ws/build/abaja_bringup/launch/bringup.launch.py -> /home/pavithra/Intelligence_ABAJA-26/ros2_ws/install/abaja_bringup/share/abaja_bringup/launch
[1.188s] symbolically linking /home/pavithra/Intelligence_ABAJA-26/ros2_ws/build/abaja_bringup/launch/sim_bringup.launch.py -> /home/pavithra/Intelligence_ABAJA-26/ros2_ws/install/abaja_bringup/share/abaja_bringup/launch
[1.188s] symbolically linking /home/pavithra/Intelligence_ABAJA-26/ros2_ws/build/abaja_bringup/launch/stage4_perception.launch.py -> /home/pavithra/Intelligence_ABAJA-26/ros2_ws/install/abaja_bringup/share/abaja_bringup/launch
[1.188s] symbolically linking /home/pavithra/Intelligence_ABAJA-26/ros2_ws/build/abaja_bringup/launch/stage7_sim_only.launch.py -> /home/pavithra/Intelligence_ABAJA-26/ros2_ws/install/abaja_bringup/share/abaja_bringup/launch
[1.188s] symbolically linking /home/pavithra/Intelligence_ABAJA-26/ros2_ws/build/abaja_bringup/launch/stage5_lane.launch.py -> /home/pavithra/Intelligence_ABAJA-26/ros2_ws/install/abaja_bringup/share/abaja_bringup/launch
[1.188s] symbolically linking /home/pavithra/Intelligence_ABAJA-26/ros2_ws/build/abaja_bringup/launch/stage3_dbw.launch.py -> /home/pavithra/Intelligence_ABAJA-26/ros2_ws/install/abaja_bringup/share/abaja_bringup/launch
[1.235s] Invoked command in '/home/pavithra/Intelligence_ABAJA-26/ros2_ws/build/abaja_bringup' returned '0': AMENT_PREFIX_PATH=/home/pavithra/Intelligence_ABAJA-26/ros2_ws/install/abaja_teleop:/home/pavithra/Intelligence_ABAJA-26/ros2_ws/install/abaja_description:${AMENT_PREFIX_PATH} CMAKE_PREFIX_PATH=/home/pavithra/Intelligence_ABAJA-26/ros2_ws/install/abaja_description:${CMAKE_PREFIX_PATH} DEBUGINFOD_URLS=https://debuginfod.ubuntu.com PYTHONPATH=/home/pavithra/Intelligence_ABAJA-26/ros2_ws/build/abaja_bringup/prefix_override:/usr/lib/python3/dist-packages/colcon_core/task/python/colcon_distutils_commands:/home/pavithra/Intelligence_ABAJA-26/ros2_ws/install/abaja_bringup/lib/python3.12/site-packages:/home/pavithra/Intelligence_ABAJA-26/ros2_ws/build/abaja_teleop:/home/pavithra/Intelligence_ABAJA-26/ros2_ws/install/abaja_teleop/lib/python3.12/site-packages:${PYTHONPATH} /usr/bin/python3 -W ignore:setup.py install is deprecated -W ignore:easy_install command is deprecated setup.py develop --editable --build-directory /home/pavithra/Intelligence_ABAJA-26/ros2_ws/build/abaja_bringup/build --no-deps symlink_data
