[0.972s] Invoking command in '/home/pavithra/ros2_ws/src/abaja_teleop': DEBUGINFOD_URLS=https://debuginfod.ubuntu.com PYTHONPATH=/home/pavithra/ros2_ws/build/abaja_teleop/prefix_override:/usr/lib/python3/dist-packages/colcon_core/task/python/colcon_distutils_commands:/home/pavithra/ros2_ws/install/abaja_teleop/lib/python3.12/site-packages:${PYTHONPATH} /usr/bin/python3 -W ignore:setup.py install is deprecated -W ignore:easy_install command is deprecated setup.py egg_info --egg-base ../../build/abaja_teleop build --build-base /home/pavithra/ros2_ws/build/abaja_teleop/build install --record /home/pavithra/ros2_ws/build/abaja_teleop/install.log --single-version-externally-managed install_data
[1.242s] running egg_info
[1.262s] writing ../../build/abaja_teleop/abaja_teleop.egg-info/PKG-INFO
[1.262s] writing dependency_links to ../../build/abaja_teleop/abaja_teleop.egg-info/dependency_links.txt
[1.262s] writing entry points to ../../build/abaja_teleop/abaja_teleop.egg-info/entry_points.txt
[1.263s] writing requirements to ../../build/abaja_teleop/abaja_teleop.egg-info/requires.txt
[1.263s] writing top-level names to ../../build/abaja_teleop/abaja_teleop.egg-info/top_level.txt
[1.308s] reading manifest file '../../build/abaja_teleop/abaja_teleop.egg-info/SOURCES.txt'
[1.310s] writing manifest file '../../build/abaja_teleop/abaja_teleop.egg-info/SOURCES.txt'
[1.310s] running build
[1.311s] running build_py
[1.311s] running install
[1.321s] running install_lib
[1.345s] running install_data
[1.345s] running install_egg_info
[1.366s] removing '/home/pavithra/ros2_ws/install/abaja_teleop/lib/python3.12/site-packages/abaja_teleop-0.1.0-py3.12.egg-info' (and everything under it)
[1.366s] Copying ../../build/abaja_teleop/abaja_teleop.egg-info to /home/pavithra/ros2_ws/install/abaja_teleop/lib/python3.12/site-packages/abaja_teleop-0.1.0-py3.12.egg-info
[1.367s] running install_scripts
[1.491s] Installing keyboard_teleop script to /home/pavithra/ros2_ws/install/abaja_teleop/lib/abaja_teleop
[1.492s] writing list of installed files to '/home/pavithra/ros2_ws/build/abaja_teleop/install.log'
[1.532s] Invoked command in '/home/pavithra/ros2_ws/src/abaja_teleop' returned '0': DEBUGINFOD_URLS=https://debuginfod.ubuntu.com PYTHONPATH=/home/pavithra/ros2_ws/build/abaja_teleop/prefix_override:/usr/lib/python3/dist-packages/colcon_core/task/python/colcon_distutils_commands:/home/pavithra/ros2_ws/install/abaja_teleop/lib/python3.12/site-packages:${PYTHONPATH} /usr/bin/python3 -W ignore:setup.py install is deprecated -W ignore:easy_install command is deprecated setup.py egg_info --egg-base ../../build/abaja_teleop build --build-base /home/pavithra/ros2_ws/build/abaja_teleop/build install --record /home/pavithra/ros2_ws/build/abaja_teleop/install.log --single-version-externally-managed install_data
