[2.113s] Invoking command in '/home/pavithra/Intelligence_ABAJA-26/ros2_ws/build/abaja_aeb': AMENT_PREFIX_PATH=/home/pavithra/Intelligence_ABAJA-26/ros2_ws/install/abaja_interfaces:${AMENT_PREFIX_PATH} CMAKE_PREFIX_PATH=/home/pavithra/Intelligence_ABAJA-26/ros2_ws/install/abaja_interfaces:${CMAKE_PREFIX_PATH} DEBUGINFOD_URLS=https://debuginfod.ubuntu.com LD_LIBRARY_PATH=/home/pavithra/Intelligence_ABAJA-26/ros2_ws/install/abaja_interfaces/lib:${LD_LIBRARY_PATH} PYTHONPATH=/home/pavithra/Intelligence_ABAJA-26/ros2_ws/build/abaja_aeb/prefix_override:/usr/lib/python3/dist-packages/colcon_core/task/python/colcon_distutils_commands:/home/pavithra/Intelligence_ABAJA-26/ros2_ws/install/abaja_aeb/lib/python3.12/site-packages:/home/pavithra/Intelligence_ABAJA-26/ros2_ws/install/abaja_interfaces/lib/python3.12/site-packages:${PYTHONPATH} /usr/bin/python3 -W ignore:setup.py install is deprecated -W ignore:easy_install command is deprecated setup.py develop --editable --build-directory /home/pavithra/Intelligence_ABAJA-26/ros2_ws/build/abaja_aeb/build --no-deps symlink_data
[2.691s] running develop
[2.987s] running egg_info
[2.987s] creating abaja_aeb.egg-info
[3.006s] writing abaja_aeb.egg-info/PKG-INFO
[3.006s] writing dependency_links to abaja_aeb.egg-info/dependency_links.txt
[3.006s] writing entry points to abaja_aeb.egg-info/entry_points.txt
[3.007s] writing requirements to abaja_aeb.egg-info/requires.txt
[3.007s] writing top-level names to abaja_aeb.egg-info/top_level.txt
[3.007s] writing manifest file 'abaja_aeb.egg-info/SOURCES.txt'
[3.041s] reading manifest file 'abaja_aeb.egg-info/SOURCES.txt'
[3.042s] writing manifest file 'abaja_aeb.egg-info/SOURCES.txt'
[3.058s] running build_ext
[3.058s] Creating /home/pavithra/Intelligence_ABAJA-26/ros2_ws/install/abaja_aeb/lib/python3.12/site-packages/abaja-aeb.egg-link (link to .)
[3.058s] Installing aeb_controller_node script to /home/pavithra/Intelligence_ABAJA-26/ros2_ws/install/abaja_aeb/lib/abaja_aeb
[3.059s] Installing object_distance_estimator_node script to /home/pavithra/Intelligence_ABAJA-26/ros2_ws/install/abaja_aeb/lib/abaja_aeb
[3.059s] Installing ttc_calculator_node script to /home/pavithra/Intelligence_ABAJA-26/ros2_ws/install/abaja_aeb/lib/abaja_aeb
[3.059s] 
[3.059s] Installed /home/pavithra/Intelligence_ABAJA-26/ros2_ws/build/abaja_aeb
[3.060s] running symlink_data
[3.060s] creating /home/pavithra/Intelligence_ABAJA-26/ros2_ws/install/abaja_aeb/share/ament_index
[3.060s] creating /home/pavithra/Intelligence_ABAJA-26/ros2_ws/install/abaja_aeb/share/ament_index/resource_index
[3.060s] creating /home/pavithra/Intelligence_ABAJA-26/ros2_ws/install/abaja_aeb/share/ament_index/resource_index/packages
[3.060s] symbolically linking /home/pavithra/Intelligence_ABAJA-26/ros2_ws/build/abaja_aeb/resource/abaja_aeb -> /home/pavithra/Intelligence_ABAJA-26/ros2_ws/install/abaja_aeb/share/ament_index/resource_index/packages
[3.060s] symbolically linking /home/pavithra/Intelligence_ABAJA-26/ros2_ws/build/abaja_aeb/package.xml -> /home/pavithra/Intelligence_ABAJA-26/ros2_ws/install/abaja_aeb/share/abaja_aeb
[3.094s] Invoked command in '/home/pavithra/Intelligence_ABAJA-26/ros2_ws/build/abaja_aeb' returned '0': AMENT_PREFIX_PATH=/home/pavithra/Intelligence_ABAJA-26/ros2_ws/install/abaja_interfaces:${AMENT_PREFIX_PATH} CMAKE_PREFIX_PATH=/home/pavithra/Intelligence_ABAJA-26/ros2_ws/install/abaja_interfaces:${CMAKE_PREFIX_PATH} DEBUGINFOD_URLS=https://debuginfod.ubuntu.com LD_LIBRARY_PATH=/home/pavithra/Intelligence_ABAJA-26/ros2_ws/install/abaja_interfaces/lib:${LD_LIBRARY_PATH} PYTHONPATH=/home/pavithra/Intelligence_ABAJA-26/ros2_ws/build/abaja_aeb/prefix_override:/usr/lib/python3/dist-packages/colcon_core/task/python/colcon_distutils_commands:/home/pavithra/Intelligence_ABAJA-26/ros2_ws/install/abaja_aeb/lib/python3.12/site-packages:/home/pavithra/Intelligence_ABAJA-26/ros2_ws/install/abaja_interfaces/lib/python3.12/site-packages:${PYTHONPATH} /usr/bin/python3 -W ignore:setup.py install is deprecated -W ignore:easy_install command is deprecated setup.py develop --editable --build-directory /home/pavithra/Intelligence_ABAJA-26/ros2_ws/build/abaja_aeb/build --no-deps symlink_data
