[0.042s] Invoking command in '/home/pavithra/ros2_ws/build/abaja_description': CMAKE_PREFIX_PATH=${CMAKE_PREFIX_PATH}:/home/pavithra/ros2_ws/install/abaja_vehicle_state:/home/pavithra/ros2_ws/install/abaja_safety:/home/pavithra/ros2_ws/install/abaja_planning:/home/pavithra/ros2_ws/install/abaja_perception:/home/pavithra/ros2_ws/install/abaja_logging:/home/pavithra/ros2_ws/install/abaja_lane_detection:/home/pavithra/ros2_ws/install/abaja_control:/home/pavithra/ros2_ws/install/abaja_dbw_bridge:/home/pavithra/ros2_ws/install/abaja_bringup:/home/pavithra/ros2_ws/install/abaja_teleop:/opt/ros/jazzy DEBUGINFOD_URLS=https://debuginfod.ubuntu.com /usr/bin/cmake --build /home/pavithra/ros2_ws/build/abaja_description -- -j12 -l12
[1.002s] Invoked command in '/home/pavithra/ros2_ws/build/abaja_description' returned '0': CMAKE_PREFIX_PATH=${CMAKE_PREFIX_PATH}:/home/pavithra/ros2_ws/install/abaja_vehicle_state:/home/pavithra/ros2_ws/install/abaja_safety:/home/pavithra/ros2_ws/install/abaja_planning:/home/pavithra/ros2_ws/install/abaja_perception:/home/pavithra/ros2_ws/install/abaja_logging:/home/pavithra/ros2_ws/install/abaja_lane_detection:/home/pavithra/ros2_ws/install/abaja_control:/home/pavithra/ros2_ws/install/abaja_dbw_bridge:/home/pavithra/ros2_ws/install/abaja_bringup:/home/pavithra/ros2_ws/install/abaja_teleop:/opt/ros/jazzy DEBUGINFOD_URLS=https://debuginfod.ubuntu.com /usr/bin/cmake --build /home/pavithra/ros2_ws/build/abaja_description -- -j12 -l12
[1.012s] Invoking command in '/home/pavithra/ros2_ws/build/abaja_description': CMAKE_PREFIX_PATH=${CMAKE_PREFIX_PATH}:/home/pavithra/ros2_ws/install/abaja_vehicle_state:/home/pavithra/ros2_ws/install/abaja_safety:/home/pavithra/ros2_ws/install/abaja_planning:/home/pavithra/ros2_ws/install/abaja_perception:/home/pavithra/ros2_ws/install/abaja_logging:/home/pavithra/ros2_ws/install/abaja_lane_detection:/home/pavithra/ros2_ws/install/abaja_control:/home/pavithra/ros2_ws/install/abaja_dbw_bridge:/home/pavithra/ros2_ws/install/abaja_bringup:/home/pavithra/ros2_ws/install/abaja_teleop:/opt/ros/jazzy DEBUGINFOD_URLS=https://debuginfod.ubuntu.com /usr/bin/cmake --install /home/pavithra/ros2_ws/build/abaja_description
[1.178s] -- Install configuration: ""
[1.178s] -- Execute custom install script
[1.179s] -- Up-to-date symlink: /home/pavithra/ros2_ws/install/abaja_description/share/abaja_description/urdf/abaja_buggy.urdf.xacro
[1.179s] -- Up-to-date symlink: /home/pavithra/ros2_ws/install/abaja_description/share/abaja_description/urdf/chassis.xacro
[1.179s] -- Up-to-date symlink: /home/pavithra/ros2_ws/install/abaja_description/share/abaja_description/urdf/materials.xacro
[1.179s] -- Up-to-date symlink: /home/pavithra/ros2_ws/install/abaja_description/share/abaja_description/urdf/sensors.xacro
[1.180s] -- Up-to-date symlink: /home/pavithra/ros2_ws/install/abaja_description/share/abaja_description/urdf/wheels.xacro
[1.180s] -- Up-to-date symlink: /home/pavithra/ros2_ws/install/abaja_description/share/abaja_description/launch/display.launch.py
[1.180s] -- Up-to-date symlink: /home/pavithra/ros2_ws/install/abaja_description/share/abaja_description/launch/gazebo.launch.py
[1.181s] -- Up-to-date symlink: /home/pavithra/ros2_ws/install/abaja_description/share/abaja_description/rviz/abaja_display.rviz
[1.181s] -- Up-to-date symlink: /home/pavithra/ros2_ws/install/abaja_description/share/abaja_description/meshes/README.md
[1.181s] -- Up-to-date symlink: /home/pavithra/ros2_ws/install/abaja_description/share/ament_index/resource_index/package_run_dependencies/abaja_description
[1.181s] -- Up-to-date symlink: /home/pavithra/ros2_ws/install/abaja_description/share/ament_index/resource_index/parent_prefix_path/abaja_description
[1.182s] -- Up-to-date symlink: /home/pavithra/ros2_ws/install/abaja_description/share/abaja_description/environment/ament_prefix_path.sh
[1.182s] -- Up-to-date symlink: /home/pavithra/ros2_ws/install/abaja_description/share/abaja_description/environment/ament_prefix_path.dsv
[1.182s] -- Up-to-date symlink: /home/pavithra/ros2_ws/install/abaja_description/share/abaja_description/environment/path.sh
[1.183s] -- Up-to-date symlink: /home/pavithra/ros2_ws/install/abaja_description/share/abaja_description/environment/path.dsv
[1.183s] -- Up-to-date symlink: /home/pavithra/ros2_ws/install/abaja_description/share/abaja_description/local_setup.bash
[1.183s] -- Up-to-date symlink: /home/pavithra/ros2_ws/install/abaja_description/share/abaja_description/local_setup.sh
[1.184s] -- Up-to-date symlink: /home/pavithra/ros2_ws/install/abaja_description/share/abaja_description/local_setup.zsh
[1.184s] -- Up-to-date symlink: /home/pavithra/ros2_ws/install/abaja_description/share/abaja_description/local_setup.dsv
[1.184s] -- Symlinking: /home/pavithra/ros2_ws/install/abaja_description/share/abaja_description/package.dsv
[1.185s] -- Up-to-date symlink: /home/pavithra/ros2_ws/install/abaja_description/share/ament_index/resource_index/packages/abaja_description
[1.185s] -- Up-to-date symlink: /home/pavithra/ros2_ws/install/abaja_description/share/abaja_description/cmake/abaja_descriptionConfig.cmake
[1.186s] -- Up-to-date symlink: /home/pavithra/ros2_ws/install/abaja_description/share/abaja_description/cmake/abaja_descriptionConfig-version.cmake
[1.187s] -- Up-to-date symlink: /home/pavithra/ros2_ws/install/abaja_description/share/abaja_description/package.xml
[1.188s] Invoked command in '/home/pavithra/ros2_ws/build/abaja_description' returned '0': CMAKE_PREFIX_PATH=${CMAKE_PREFIX_PATH}:/home/pavithra/ros2_ws/install/abaja_vehicle_state:/home/pavithra/ros2_ws/install/abaja_safety:/home/pavithra/ros2_ws/install/abaja_planning:/home/pavithra/ros2_ws/install/abaja_perception:/home/pavithra/ros2_ws/install/abaja_logging:/home/pavithra/ros2_ws/install/abaja_lane_detection:/home/pavithra/ros2_ws/install/abaja_control:/home/pavithra/ros2_ws/install/abaja_dbw_bridge:/home/pavithra/ros2_ws/install/abaja_bringup:/home/pavithra/ros2_ws/install/abaja_teleop:/opt/ros/jazzy DEBUGINFOD_URLS=https://debuginfod.ubuntu.com /usr/bin/cmake --install /home/pavithra/ros2_ws/build/abaja_description
