[2.119s] Invoking command in '/home/pavithra/Intelligence_ABAJA-26/ros2_ws/build/abaja_vehicle_state': AMENT_PREFIX_PATH=/home/pavithra/Intelligence_ABAJA-26/ros2_ws/install/abaja_interfaces:${AMENT_PREFIX_PATH} CMAKE_PREFIX_PATH=/home/pavithra/Intelligence_ABAJA-26/ros2_ws/install/abaja_interfaces:${CMAKE_PREFIX_PATH} DEBUGINFOD_URLS=https://debuginfod.ubuntu.com LD_LIBRARY_PATH=/home/pavithra/Intelligence_ABAJA-26/ros2_ws/install/abaja_interfaces/lib:${LD_LIBRARY_PATH} PYTHONPATH=/home/pavithra/Intelligence_ABAJA-26/ros2_ws/build/abaja_vehicle_state/prefix_override:/usr/lib/python3/dist-packages/colcon_core/task/python/colcon_distutils_commands:/home/pavithra/Intelligence_ABAJA-26/ros2_ws/install/abaja_vehicle_state/lib/python3.12/site-packages:/home/pavithra/Intelligence_ABAJA-26/ros2_ws/install/abaja_interfaces/lib/python3.12/site-packages:${PYTHONPATH} /usr/bin/python3 -W ignore:setup.py install is deprecated -W ignore:easy_install command is deprecated setup.py develop --editable --build-directory /home/pavithra/Intelligence_ABAJA-26/ros2_ws/build/abaja_vehicle_state/build --no-deps symlink_data
[2.686s] running develop
[3.013s] running egg_info
[3.013s] creating abaja_vehicle_state.egg-info
[3.041s] writing abaja_vehicle_state.egg-info/PKG-INFO
[3.042s] writing dependency_links to abaja_vehicle_state.egg-info/dependency_links.txt
[3.042s] writing entry points to abaja_vehicle_state.egg-info/entry_points.txt
[3.042s] writing requirements to abaja_vehicle_state.egg-info/requires.txt
[3.042s] writing top-level names to abaja_vehicle_state.egg-info/top_level.txt
[3.042s] writing manifest file 'abaja_vehicle_state.egg-info/SOURCES.txt'
[3.078s] reading manifest file 'abaja_vehicle_state.egg-info/SOURCES.txt'
[3.078s] writing manifest file 'abaja_vehicle_state.egg-info/SOURCES.txt'
[3.094s] running build_ext
[3.094s] Creating /home/pavithra/Intelligence_ABAJA-26/ros2_ws/install/abaja_vehicle_state/lib/python3.12/site-packages/abaja-vehicle-state.egg-link (link to .)
[3.095s] Installing battery_monitor_node script to /home/pavithra/Intelligence_ABAJA-26/ros2_ws/install/abaja_vehicle_state/lib/abaja_vehicle_state
[3.095s] Installing mode_status_node script to /home/pavithra/Intelligence_ABAJA-26/ros2_ws/install/abaja_vehicle_state/lib/abaja_vehicle_state
[3.095s] Installing steering_feedback_node script to /home/pavithra/Intelligence_ABAJA-26/ros2_ws/install/abaja_vehicle_state/lib/abaja_vehicle_state
[3.095s] Installing vehicle_dashboard_node script to /home/pavithra/Intelligence_ABAJA-26/ros2_ws/install/abaja_vehicle_state/lib/abaja_vehicle_state
[3.095s] Installing vehicle_state_node script to /home/pavithra/Intelligence_ABAJA-26/ros2_ws/install/abaja_vehicle_state/lib/abaja_vehicle_state
[3.095s] Installing wheel_speed_node script to /home/pavithra/Intelligence_ABAJA-26/ros2_ws/install/abaja_vehicle_state/lib/abaja_vehicle_state
[3.096s] 
[3.096s] Installed /home/pavithra/Intelligence_ABAJA-26/ros2_ws/build/abaja_vehicle_state
[3.096s] running symlink_data
[3.096s] creating /home/pavithra/Intelligence_ABAJA-26/ros2_ws/install/abaja_vehicle_state/share/ament_index
[3.096s] creating /home/pavithra/Intelligence_ABAJA-26/ros2_ws/install/abaja_vehicle_state/share/ament_index/resource_index
[3.096s] creating /home/pavithra/Intelligence_ABAJA-26/ros2_ws/install/abaja_vehicle_state/share/ament_index/resource_index/packages
[3.096s] symbolically linking /home/pavithra/Intelligence_ABAJA-26/ros2_ws/build/abaja_vehicle_state/resource/abaja_vehicle_state -> /home/pavithra/Intelligence_ABAJA-26/ros2_ws/install/abaja_vehicle_state/share/ament_index/resource_index/packages
[3.096s] symbolically linking /home/pavithra/Intelligence_ABAJA-26/ros2_ws/build/abaja_vehicle_state/package.xml -> /home/pavithra/Intelligence_ABAJA-26/ros2_ws/install/abaja_vehicle_state/share/abaja_vehicle_state
[3.131s] Invoked command in '/home/pavithra/Intelligence_ABAJA-26/ros2_ws/build/abaja_vehicle_state' returned '0': AMENT_PREFIX_PATH=/home/pavithra/Intelligence_ABAJA-26/ros2_ws/install/abaja_interfaces:${AMENT_PREFIX_PATH} CMAKE_PREFIX_PATH=/home/pavithra/Intelligence_ABAJA-26/ros2_ws/install/abaja_interfaces:${CMAKE_PREFIX_PATH} DEBUGINFOD_URLS=https://debuginfod.ubuntu.com LD_LIBRARY_PATH=/home/pavithra/Intelligence_ABAJA-26/ros2_ws/install/abaja_interfaces/lib:${LD_LIBRARY_PATH} PYTHONPATH=/home/pavithra/Intelligence_ABAJA-26/ros2_ws/build/abaja_vehicle_state/prefix_override:/usr/lib/python3/dist-packages/colcon_core/task/python/colcon_distutils_commands:/home/pavithra/Intelligence_ABAJA-26/ros2_ws/install/abaja_vehicle_state/lib/python3.12/site-packages:/home/pavithra/Intelligence_ABAJA-26/ros2_ws/install/abaja_interfaces/lib/python3.12/site-packages:${PYTHONPATH} /usr/bin/python3 -W ignore:setup.py install is deprecated -W ignore:easy_install command is deprecated setup.py develop --editable --build-directory /home/pavithra/Intelligence_ABAJA-26/ros2_ws/build/abaja_vehicle_state/build --no-deps symlink_data
