[0.095s] DEBUG:colcon:Command line arguments: ['/usr/bin/colcon', 'build', '--symlink-install', '--packages-select', 'abaja_perception', 'abaja_description', 'abaja_bringup']
[0.095s] DEBUG:colcon:Parsed command line arguments: Namespace(log_base=None, log_level=None, verb_name='build', build_base='build', install_base='install', merge_install=False, symlink_install=True, test_result_base=None, continue_on_error=False, executor='parallel', parallel_workers=12, event_handlers=None, ignore_user_meta=False, metas=['./colcon.meta'], base_paths=['.'], packages_ignore=None, packages_ignore_regex=None, paths=None, packages_up_to=None, packages_up_to_regex=None, packages_above=None, packages_above_and_dependencies=None, packages_above_depth=None, packages_select_by_dep=None, packages_skip_by_dep=None, packages_skip_up_to=None, packages_select_build_failed=False, packages_skip_build_finished=False, packages_select_test_failures=False, packages_skip_test_passed=False, packages_select=['abaja_perception', 'abaja_description', 'abaja_bringup'], packages_skip=None, packages_select_regex=None, packages_skip_regex=None, packages_start=None, packages_end=None, allow_overriding=[], cmake_args=None, cmake_target=None, cmake_target_skip_unavailable=False, cmake_clean_cache=False, cmake_clean_first=False, cmake_force_configure=False, ament_cmake_args=None, catkin_cmake_args=None, catkin_skip_building_tests=False, mixin_files=None, mixin=None, verb_parser=<colcon_mixin.mixin.mixin_argument.MixinArgumentDecorator object at 0x7fa6b0190d70>, verb_extension=<colcon_core.verb.build.BuildVerb object at 0x7fa6b0190710>, main=<bound method BuildVerb.main of <colcon_core.verb.build.BuildVerb object at 0x7fa6b0190710>>, mixin_verb=('build',))
[0.123s] Level 1:colcon.colcon_core.package_discovery:discover_packages(colcon_meta) check parameters
[0.123s] Level 1:colcon.colcon_core.package_discovery:discover_packages(recursive) check parameters
[0.123s] Level 1:colcon.colcon_core.package_discovery:discover_packages(ignore) check parameters
[0.123s] Level 1:colcon.colcon_core.package_discovery:discover_packages(path) check parameters
[0.123s] Level 1:colcon.colcon_core.package_discovery:discover_packages(colcon_meta) discover
[0.123s] Level 1:colcon.colcon_core.package_discovery:discover_packages(recursive) discover
[0.123s] INFO:colcon.colcon_core.package_discovery:Crawling recursively for packages in '/home/pavithra/Intelligence_ABAJA-26/ros2_ws'
[0.123s] Level 1:colcon.colcon_core.package_identification:_identify(.) by extensions ['ignore', 'ignore_ament_install']
[0.123s] Level 1:colcon.colcon_core.package_identification:_identify(.) by extension 'ignore'
[0.123s] Level 1:colcon.colcon_core.package_identification:_identify(.) by extension 'ignore_ament_install'
[0.123s] Level 1:colcon.colcon_core.package_identification:_identify(.) by extensions ['colcon_pkg']
[0.123s] Level 1:colcon.colcon_core.package_identification:_identify(.) by extension 'colcon_pkg'
[0.123s] Level 1:colcon.colcon_core.package_identification:_identify(.) by extensions ['colcon_meta']
[0.123s] Level 1:colcon.colcon_core.package_identification:_identify(.) by extension 'colcon_meta'
[0.123s] Level 1:colcon.colcon_core.package_identification:_identify(.) by extensions ['ros']
[0.123s] Level 1:colcon.colcon_core.package_identification:_identify(.) by extension 'ros'
[0.142s] Level 1:colcon.colcon_core.package_identification:_identify(.) by extensions ['cmake', 'python']
[0.142s] Level 1:colcon.colcon_core.package_identification:_identify(.) by extension 'cmake'
[0.142s] Level 1:colcon.colcon_core.package_identification:_identify(.) by extension 'python'
[0.142s] Level 1:colcon.colcon_core.package_identification:_identify(.) by extensions ['python_setup_py']
[0.142s] Level 1:colcon.colcon_core.package_identification:_identify(.) by extension 'python_setup_py'
[0.142s] Level 1:colcon.colcon_core.package_identification:_identify(build) by extensions ['ignore', 'ignore_ament_install']
[0.142s] Level 1:colcon.colcon_core.package_identification:_identify(build) by extension 'ignore'
[0.142s] Level 1:colcon.colcon_core.package_identification:_identify(build) ignored
[0.142s] Level 1:colcon.colcon_core.package_identification:_identify(install) by extensions ['ignore', 'ignore_ament_install']
[0.142s] Level 1:colcon.colcon_core.package_identification:_identify(install) by extension 'ignore'
[0.143s] Level 1:colcon.colcon_core.package_identification:_identify(install) ignored
[0.143s] Level 1:colcon.colcon_core.package_identification:_identify(log) by extensions ['ignore', 'ignore_ament_install']
[0.143s] Level 1:colcon.colcon_core.package_identification:_identify(log) by extension 'ignore'
[0.143s] Level 1:colcon.colcon_core.package_identification:_identify(log) ignored
[0.143s] Level 1:colcon.colcon_core.package_identification:_identify(logs) by extensions ['ignore', 'ignore_ament_install']
[0.143s] Level 1:colcon.colcon_core.package_identification:_identify(logs) by extension 'ignore'
[0.143s] Level 1:colcon.colcon_core.package_identification:_identify(logs) by extension 'ignore_ament_install'
[0.143s] Level 1:colcon.colcon_core.package_identification:_identify(logs) by extensions ['colcon_pkg']
[0.143s] Level 1:colcon.colcon_core.package_identification:_identify(logs) by extension 'colcon_pkg'
[0.143s] Level 1:colcon.colcon_core.package_identification:_identify(logs) by extensions ['colcon_meta']
[0.143s] Level 1:colcon.colcon_core.package_identification:_identify(logs) by extension 'colcon_meta'
[0.143s] Level 1:colcon.colcon_core.package_identification:_identify(logs) by extensions ['ros']
[0.143s] Level 1:colcon.colcon_core.package_identification:_identify(logs) by extension 'ros'
[0.143s] Level 1:colcon.colcon_core.package_identification:_identify(logs) by extensions ['cmake', 'python']
[0.143s] Level 1:colcon.colcon_core.package_identification:_identify(logs) by extension 'cmake'
[0.143s] Level 1:colcon.colcon_core.package_identification:_identify(logs) by extension 'python'
[0.143s] Level 1:colcon.colcon_core.package_identification:_identify(logs) by extensions ['python_setup_py']
[0.143s] Level 1:colcon.colcon_core.package_identification:_identify(logs) by extension 'python_setup_py'
[0.143s] Level 1:colcon.colcon_core.package_identification:_identify(src) by extensions ['ignore', 'ignore_ament_install']
[0.143s] Level 1:colcon.colcon_core.package_identification:_identify(src) by extension 'ignore'
[0.143s] Level 1:colcon.colcon_core.package_identification:_identify(src) by extension 'ignore_ament_install'
[0.143s] Level 1:colcon.colcon_core.package_identification:_identify(src) by extensions ['colcon_pkg']
[0.143s] Level 1:colcon.colcon_core.package_identification:_identify(src) by extension 'colcon_pkg'
[0.143s] Level 1:colcon.colcon_core.package_identification:_identify(src) by extensions ['colcon_meta']
[0.143s] Level 1:colcon.colcon_core.package_identification:_identify(src) by extension 'colcon_meta'
[0.143s] Level 1:colcon.colcon_core.package_identification:_identify(src) by extensions ['ros']
[0.143s] Level 1:colcon.colcon_core.package_identification:_identify(src) by extension 'ros'
[0.143s] Level 1:colcon.colcon_core.package_identification:_identify(src) by extensions ['cmake', 'python']
[0.143s] Level 1:colcon.colcon_core.package_identification:_identify(src) by extension 'cmake'
[0.143s] Level 1:colcon.colcon_core.package_identification:_identify(src) by extension 'python'
[0.143s] Level 1:colcon.colcon_core.package_identification:_identify(src) by extensions ['python_setup_py']
[0.143s] Level 1:colcon.colcon_core.package_identification:_identify(src) by extension 'python_setup_py'
[0.143s] Level 1:colcon.colcon_core.package_identification:_identify(src/abaja_aeb) by extensions ['ignore', 'ignore_ament_install']
[0.143s] Level 1:colcon.colcon_core.package_identification:_identify(src/abaja_aeb) by extension 'ignore'
[0.143s] Level 1:colcon.colcon_core.package_identification:_identify(src/abaja_aeb) by extension 'ignore_ament_install'
[0.143s] Level 1:colcon.colcon_core.package_identification:_identify(src/abaja_aeb) by extensions ['colcon_pkg']
[0.143s] Level 1:colcon.colcon_core.package_identification:_identify(src/abaja_aeb) by extension 'colcon_pkg'
[0.143s] Level 1:colcon.colcon_core.package_identification:_identify(src/abaja_aeb) by extensions ['colcon_meta']
[0.143s] Level 1:colcon.colcon_core.package_identification:_identify(src/abaja_aeb) by extension 'colcon_meta'
[0.143s] Level 1:colcon.colcon_core.package_identification:_identify(src/abaja_aeb) by extensions ['ros']
[0.144s] Level 1:colcon.colcon_core.package_identification:_identify(src/abaja_aeb) by extension 'ros'
[0.145s] DEBUG:colcon.colcon_core.package_identification:Package 'src/abaja_aeb' with type 'ros.ament_python' and name 'abaja_aeb'
[0.145s] Level 1:colcon.colcon_core.package_identification:_identify(src/abaja_bringup) by extensions ['ignore', 'ignore_ament_install']
[0.145s] Level 1:colcon.colcon_core.package_identification:_identify(src/abaja_bringup) by extension 'ignore'
[0.145s] Level 1:colcon.colcon_core.package_identification:_identify(src/abaja_bringup) by extension 'ignore_ament_install'
[0.145s] Level 1:colcon.colcon_core.package_identification:_identify(src/abaja_bringup) by extensions ['colcon_pkg']
[0.145s] Level 1:colcon.colcon_core.package_identification:_identify(src/abaja_bringup) by extension 'colcon_pkg'
[0.145s] Level 1:colcon.colcon_core.package_identification:_identify(src/abaja_bringup) by extensions ['colcon_meta']
[0.145s] Level 1:colcon.colcon_core.package_identification:_identify(src/abaja_bringup) by extension 'colcon_meta'
[0.145s] Level 1:colcon.colcon_core.package_identification:_identify(src/abaja_bringup) by extensions ['ros']
[0.145s] Level 1:colcon.colcon_core.package_identification:_identify(src/abaja_bringup) by extension 'ros'
[0.146s] DEBUG:colcon.colcon_core.package_identification:Package 'src/abaja_bringup' with type 'ros.ament_python' and name 'abaja_bringup'
[0.146s] Level 1:colcon.colcon_core.package_identification:_identify(src/abaja_control) by extensions ['ignore', 'ignore_ament_install']
[0.146s] Level 1:colcon.colcon_core.package_identification:_identify(src/abaja_control) by extension 'ignore'
[0.146s] Level 1:colcon.colcon_core.package_identification:_identify(src/abaja_control) by extension 'ignore_ament_install'
[0.146s] Level 1:colcon.colcon_core.package_identification:_identify(src/abaja_control) by extensions ['colcon_pkg']
[0.146s] Level 1:colcon.colcon_core.package_identification:_identify(src/abaja_control) by extension 'colcon_pkg'
[0.146s] Level 1:colcon.colcon_core.package_identification:_identify(src/abaja_control) by extensions ['colcon_meta']
[0.146s] Level 1:colcon.colcon_core.package_identification:_identify(src/abaja_control) by extension 'colcon_meta'
[0.146s] Level 1:colcon.colcon_core.package_identification:_identify(src/abaja_control) by extensions ['ros']
[0.146s] Level 1:colcon.colcon_core.package_identification:_identify(src/abaja_control) by extension 'ros'
[0.146s] DEBUG:colcon.colcon_core.package_identification:Package 'src/abaja_control' with type 'ros.ament_python' and name 'abaja_control'
[0.146s] Level 1:colcon.colcon_core.package_identification:_identify(src/abaja_dbw) by extensions ['ignore', 'ignore_ament_install']
[0.146s] Level 1:colcon.colcon_core.package_identification:_identify(src/abaja_dbw) by extension 'ignore'
[0.147s] Level 1:colcon.colcon_core.package_identification:_identify(src/abaja_dbw) by extension 'ignore_ament_install'
[0.147s] Level 1:colcon.colcon_core.package_identification:_identify(src/abaja_dbw) by extensions ['colcon_pkg']
[0.147s] Level 1:colcon.colcon_core.package_identification:_identify(src/abaja_dbw) by extension 'colcon_pkg'
[0.147s] Level 1:colcon.colcon_core.package_identification:_identify(src/abaja_dbw) by extensions ['colcon_meta']
[0.147s] Level 1:colcon.colcon_core.package_identification:_identify(src/abaja_dbw) by extension 'colcon_meta'
[0.147s] Level 1:colcon.colcon_core.package_identification:_identify(src/abaja_dbw) by extensions ['ros']
[0.147s] Level 1:colcon.colcon_core.package_identification:_identify(src/abaja_dbw) by extension 'ros'
[0.147s] DEBUG:colcon.colcon_core.package_identification:Package 'src/abaja_dbw' with type 'ros.ament_python' and name 'abaja_dbw'
[0.147s] Level 1:colcon.colcon_core.package_identification:_identify(src/abaja_dbw_bridge) by extensions ['ignore', 'ignore_ament_install']
[0.147s] Level 1:colcon.colcon_core.package_identification:_identify(src/abaja_dbw_bridge) by extension 'ignore'
[0.147s] Level 1:colcon.colcon_core.package_identification:_identify(src/abaja_dbw_bridge) by extension 'ignore_ament_install'
[0.147s] Level 1:colcon.colcon_core.package_identification:_identify(src/abaja_dbw_bridge) by extensions ['colcon_pkg']
[0.147s] Level 1:colcon.colcon_core.package_identification:_identify(src/abaja_dbw_bridge) by extension 'colcon_pkg'
[0.147s] Level 1:colcon.colcon_core.package_identification:_identify(src/abaja_dbw_bridge) by extensions ['colcon_meta']
[0.147s] Level 1:colcon.colcon_core.package_identification:_identify(src/abaja_dbw_bridge) by extension 'colcon_meta'
[0.147s] Level 1:colcon.colcon_core.package_identification:_identify(src/abaja_dbw_bridge) by extensions ['ros']
[0.147s] Level 1:colcon.colcon_core.package_identification:_identify(src/abaja_dbw_bridge) by extension 'ros'
[0.148s] DEBUG:colcon.colcon_core.package_identification:Package 'src/abaja_dbw_bridge' with type 'ros.ament_python' and name 'abaja_dbw_bridge'
[0.148s] Level 1:colcon.colcon_core.package_identification:_identify(src/abaja_description) by extensions ['ignore', 'ignore_ament_install']
[0.148s] Level 1:colcon.colcon_core.package_identification:_identify(src/abaja_description) by extension 'ignore'
[0.148s] Level 1:colcon.colcon_core.package_identification:_identify(src/abaja_description) by extension 'ignore_ament_install'
[0.148s] Level 1:colcon.colcon_core.package_identification:_identify(src/abaja_description) by extensions ['colcon_pkg']
[0.148s] Level 1:colcon.colcon_core.package_identification:_identify(src/abaja_description) by extension 'colcon_pkg'
[0.148s] Level 1:colcon.colcon_core.package_identification:_identify(src/abaja_description) by extensions ['colcon_meta']
[0.148s] Level 1:colcon.colcon_core.package_identification:_identify(src/abaja_description) by extension 'colcon_meta'
[0.148s] Level 1:colcon.colcon_core.package_identification:_identify(src/abaja_description) by extensions ['ros']
[0.148s] Level 1:colcon.colcon_core.package_identification:_identify(src/abaja_description) by extension 'ros'
[0.149s] DEBUG:colcon.colcon_core.package_identification:Package 'src/abaja_description' with type 'ros.ament_cmake' and name 'abaja_description'
[0.149s] Level 1:colcon.colcon_core.package_identification:_identify(src/abaja_interfaces) by extensions ['ignore', 'ignore_ament_install']
[0.149s] Level 1:colcon.colcon_core.package_identification:_identify(src/abaja_interfaces) by extension 'ignore'
[0.149s] Level 1:colcon.colcon_core.package_identification:_identify(src/abaja_interfaces) by extension 'ignore_ament_install'
[0.149s] Level 1:colcon.colcon_core.package_identification:_identify(src/abaja_interfaces) by extensions ['colcon_pkg']
[0.149s] Level 1:colcon.colcon_core.package_identification:_identify(src/abaja_interfaces) by extension 'colcon_pkg'
[0.149s] Level 1:colcon.colcon_core.package_identification:_identify(src/abaja_interfaces) by extensions ['colcon_meta']
[0.149s] Level 1:colcon.colcon_core.package_identification:_identify(src/abaja_interfaces) by extension 'colcon_meta'
[0.149s] Level 1:colcon.colcon_core.package_identification:_identify(src/abaja_interfaces) by extensions ['ros']
[0.149s] Level 1:colcon.colcon_core.package_identification:_identify(src/abaja_interfaces) by extension 'ros'
[0.150s] DEBUG:colcon.colcon_core.package_identification:Package 'src/abaja_interfaces' with type 'ros.ament_cmake' and name 'abaja_interfaces'
[0.150s] Level 1:colcon.colcon_core.package_identification:_identify(src/abaja_lane_detection) by extensions ['ignore', 'ignore_ament_install']
[0.150s] Level 1:colcon.colcon_core.package_identification:_identify(src/abaja_lane_detection) by extension 'ignore'
[0.150s] Level 1:colcon.colcon_core.package_identification:_identify(src/abaja_lane_detection) by extension 'ignore_ament_install'
[0.150s] Level 1:colcon.colcon_core.package_identification:_identify(src/abaja_lane_detection) by extensions ['colcon_pkg']
[0.150s] Level 1:colcon.colcon_core.package_identification:_identify(src/abaja_lane_detection) by extension 'colcon_pkg'
[0.150s] Level 1:colcon.colcon_core.package_identification:_identify(src/abaja_lane_detection) by extensions ['colcon_meta']
[0.150s] Level 1:colcon.colcon_core.package_identification:_identify(src/abaja_lane_detection) by extension 'colcon_meta'
[0.150s] Level 1:colcon.colcon_core.package_identification:_identify(src/abaja_lane_detection) by extensions ['ros']
[0.150s] Level 1:colcon.colcon_core.package_identification:_identify(src/abaja_lane_detection) by extension 'ros'
[0.150s] DEBUG:colcon.colcon_core.package_identification:Package 'src/abaja_lane_detection' with type 'ros.ament_python' and name 'abaja_lane_detection'
[0.150s] Level 1:colcon.colcon_core.package_identification:_identify(src/abaja_logging) by extensions ['ignore', 'ignore_ament_install']
[0.150s] Level 1:colcon.colcon_core.package_identification:_identify(src/abaja_logging) by extension 'ignore'
[0.150s] Level 1:colcon.colcon_core.package_identification:_identify(src/abaja_logging) by extension 'ignore_ament_install'
[0.150s] Level 1:colcon.colcon_core.package_identification:_identify(src/abaja_logging) by extensions ['colcon_pkg']
[0.150s] Level 1:colcon.colcon_core.package_identification:_identify(src/abaja_logging) by extension 'colcon_pkg'
[0.151s] Level 1:colcon.colcon_core.package_identification:_identify(src/abaja_logging) by extensions ['colcon_meta']
[0.151s] Level 1:colcon.colcon_core.package_identification:_identify(src/abaja_logging) by extension 'colcon_meta'
[0.151s] Level 1:colcon.colcon_core.package_identification:_identify(src/abaja_logging) by extensions ['ros']
[0.151s] Level 1:colcon.colcon_core.package_identification:_identify(src/abaja_logging) by extension 'ros'
[0.151s] DEBUG:colcon.colcon_core.package_identification:Package 'src/abaja_logging' with type 'ros.ament_python' and name 'abaja_logging'
[0.151s] Level 1:colcon.colcon_core.package_identification:_identify(src/abaja_perception) by extensions ['ignore', 'ignore_ament_install']
[0.151s] Level 1:colcon.colcon_core.package_identification:_identify(src/abaja_perception) by extension 'ignore'
[0.151s] Level 1:colcon.colcon_core.package_identification:_identify(src/abaja_perception) by extension 'ignore_ament_install'
[0.151s] Level 1:colcon.colcon_core.package_identification:_identify(src/abaja_perception) by extensions ['colcon_pkg']
[0.151s] Level 1:colcon.colcon_core.package_identification:_identify(src/abaja_perception) by extension 'colcon_pkg'
[0.151s] Level 1:colcon.colcon_core.package_identification:_identify(src/abaja_perception) by extensions ['colcon_meta']
[0.151s] Level 1:colcon.colcon_core.package_identification:_identify(src/abaja_perception) by extension 'colcon_meta'
[0.151s] Level 1:colcon.colcon_core.package_identification:_identify(src/abaja_perception) by extensions ['ros']
[0.151s] Level 1:colcon.colcon_core.package_identification:_identify(src/abaja_perception) by extension 'ros'
[0.151s] DEBUG:colcon.colcon_core.package_identification:Package 'src/abaja_perception' with type 'ros.ament_python' and name 'abaja_perception'
[0.151s] Level 1:colcon.colcon_core.package_identification:_identify(src/abaja_planning) by extensions ['ignore', 'ignore_ament_install']
[0.151s] Level 1:colcon.colcon_core.package_identification:_identify(src/abaja_planning) by extension 'ignore'
[0.151s] Level 1:colcon.colcon_core.package_identification:_identify(src/abaja_planning) by extension 'ignore_ament_install'
[0.151s] Level 1:colcon.colcon_core.package_identification:_identify(src/abaja_planning) by extensions ['colcon_pkg']
[0.151s] Level 1:colcon.colcon_core.package_identification:_identify(src/abaja_planning) by extension 'colcon_pkg'
[0.151s] Level 1:colcon.colcon_core.package_identification:_identify(src/abaja_planning) by extensions ['colcon_meta']
[0.152s] Level 1:colcon.colcon_core.package_identification:_identify(src/abaja_planning) by extension 'colcon_meta'
[0.152s] Level 1:colcon.colcon_core.package_identification:_identify(src/abaja_planning) by extensions ['ros']
[0.152s] Level 1:colcon.colcon_core.package_identification:_identify(src/abaja_planning) by extension 'ros'
[0.152s] DEBUG:colcon.colcon_core.package_identification:Package 'src/abaja_planning' with type 'ros.ament_python' and name 'abaja_planning'
[0.152s] Level 1:colcon.colcon_core.package_identification:_identify(src/abaja_safety) by extensions ['ignore', 'ignore_ament_install']
[0.152s] Level 1:colcon.colcon_core.package_identification:_identify(src/abaja_safety) by extension 'ignore'
[0.152s] Level 1:colcon.colcon_core.package_identification:_identify(src/abaja_safety) by extension 'ignore_ament_install'
[0.152s] Level 1:colcon.colcon_core.package_identification:_identify(src/abaja_safety) by extensions ['colcon_pkg']
[0.152s] Level 1:colcon.colcon_core.package_identification:_identify(src/abaja_safety) by extension 'colcon_pkg'
[0.152s] Level 1:colcon.colcon_core.package_identification:_identify(src/abaja_safety) by extensions ['colcon_meta']
[0.152s] Level 1:colcon.colcon_core.package_identification:_identify(src/abaja_safety) by extension 'colcon_meta'
[0.152s] Level 1:colcon.colcon_core.package_identification:_identify(src/abaja_safety) by extensions ['ros']
[0.152s] Level 1:colcon.colcon_core.package_identification:_identify(src/abaja_safety) by extension 'ros'
[0.153s] DEBUG:colcon.colcon_core.package_identification:Package 'src/abaja_safety' with type 'ros.ament_python' and name 'abaja_safety'
[0.153s] Level 1:colcon.colcon_core.package_identification:_identify(src/abaja_teleop) by extensions ['ignore', 'ignore_ament_install']
[0.153s] Level 1:colcon.colcon_core.package_identification:_identify(src/abaja_teleop) by extension 'ignore'
[0.153s] Level 1:colcon.colcon_core.package_identification:_identify(src/abaja_teleop) by extension 'ignore_ament_install'
[0.153s] Level 1:colcon.colcon_core.package_identification:_identify(src/abaja_teleop) by extensions ['colcon_pkg']
[0.153s] Level 1:colcon.colcon_core.package_identification:_identify(src/abaja_teleop) by extension 'colcon_pkg'
[0.153s] Level 1:colcon.colcon_core.package_identification:_identify(src/abaja_teleop) by extensions ['colcon_meta']
[0.153s] Level 1:colcon.colcon_core.package_identification:_identify(src/abaja_teleop) by extension 'colcon_meta'
[0.153s] Level 1:colcon.colcon_core.package_identification:_identify(src/abaja_teleop) by extensions ['ros']
[0.153s] Level 1:colcon.colcon_core.package_identification:_identify(src/abaja_teleop) by extension 'ros'
[0.153s] DEBUG:colcon.colcon_core.package_identification:Package 'src/abaja_teleop' with type 'ros.ament_python' and name 'abaja_teleop'
[0.153s] Level 1:colcon.colcon_core.package_identification:_identify(src/abaja_vehicle_state) by extensions ['ignore', 'ignore_ament_install']
[0.153s] Level 1:colcon.colcon_core.package_identification:_identify(src/abaja_vehicle_state) by extension 'ignore'
[0.153s] Level 1:colcon.colcon_core.package_identification:_identify(src/abaja_vehicle_state) by extension 'ignore_ament_install'
[0.153s] Level 1:colcon.colcon_core.package_identification:_identify(src/abaja_vehicle_state) by extensions ['colcon_pkg']
[0.153s] Level 1:colcon.colcon_core.package_identification:_identify(src/abaja_vehicle_state) by extension 'colcon_pkg'
[0.153s] Level 1:colcon.colcon_core.package_identification:_identify(src/abaja_vehicle_state) by extensions ['colcon_meta']
[0.153s] Level 1:colcon.colcon_core.package_identification:_identify(src/abaja_vehicle_state) by extension 'colcon_meta'
[0.153s] Level 1:colcon.colcon_core.package_identification:_identify(src/abaja_vehicle_state) by extensions ['ros']
[0.153s] Level 1:colcon.colcon_core.package_identification:_identify(src/abaja_vehicle_state) by extension 'ros'
[0.154s] DEBUG:colcon.colcon_core.package_identification:Package 'src/abaja_vehicle_state' with type 'ros.ament_python' and name 'abaja_vehicle_state'
[0.154s] Level 1:colcon.colcon_core.package_discovery:discover_packages(recursive) using defaults
[0.154s] Level 1:colcon.colcon_core.package_discovery:discover_packages(ignore) discover
[0.154s] Level 1:colcon.colcon_core.package_discovery:discover_packages(ignore) using defaults
[0.154s] Level 1:colcon.colcon_core.package_discovery:discover_packages(path) discover
[0.154s] Level 1:colcon.colcon_core.package_discovery:discover_packages(path) using defaults
[0.171s] INFO:colcon.colcon_core.package_selection:Skipping not selected package 'abaja_dbw_bridge' in 'src/abaja_dbw_bridge'
[0.171s] INFO:colcon.colcon_core.package_selection:Skipping not selected package 'abaja_interfaces' in 'src/abaja_interfaces'
[0.171s] INFO:colcon.colcon_core.package_selection:Skipping not selected package 'abaja_planning' in 'src/abaja_planning'
[0.171s] INFO:colcon.colcon_core.package_selection:Skipping not selected package 'abaja_safety' in 'src/abaja_safety'
[0.171s] INFO:colcon.colcon_core.package_selection:Skipping not selected package 'abaja_teleop' in 'src/abaja_teleop'
[0.171s] INFO:colcon.colcon_core.package_selection:Skipping not selected package 'abaja_aeb' in 'src/abaja_aeb'
[0.171s] INFO:colcon.colcon_core.package_selection:Skipping not selected package 'abaja_control' in 'src/abaja_control'
[0.171s] INFO:colcon.colcon_core.package_selection:Skipping not selected package 'abaja_dbw' in 'src/abaja_dbw'
[0.171s] INFO:colcon.colcon_core.package_selection:Skipping not selected package 'abaja_lane_detection' in 'src/abaja_lane_detection'
[0.171s] INFO:colcon.colcon_core.package_selection:Skipping not selected package 'abaja_logging' in 'src/abaja_logging'
[0.171s] INFO:colcon.colcon_core.package_selection:Skipping not selected package 'abaja_vehicle_state' in 'src/abaja_vehicle_state'
[0.172s] Level 1:colcon.colcon_core.package_discovery:discover_packages(prefix_path) check parameters
[0.172s] Level 1:colcon.colcon_core.package_discovery:discover_packages(prefix_path) discover
[0.174s] DEBUG:colcon.colcon_installed_package_information.package_discovery:Found 373 installed packages in /opt/ros/jazzy
[0.176s] Level 1:colcon.colcon_core.package_discovery:discover_packages(prefix_path) using defaults
[0.205s] Level 5:colcon.colcon_core.verb:set package 'abaja_description' build argument 'cmake_args' from command line to 'None'
[0.206s] Level 5:colcon.colcon_core.verb:set package 'abaja_description' build argument 'cmake_target' from command line to 'None'
[0.206s] Level 5:colcon.colcon_core.verb:set package 'abaja_description' build argument 'cmake_target_skip_unavailable' from command line to 'False'
[0.206s] Level 5:colcon.colcon_core.verb:set package 'abaja_description' build argument 'cmake_clean_cache' from command line to 'False'
[0.206s] Level 5:colcon.colcon_core.verb:set package 'abaja_description' build argument 'cmake_clean_first' from command line to 'False'
[0.206s] Level 5:colcon.colcon_core.verb:set package 'abaja_description' build argument 'cmake_force_configure' from command line to 'False'
[0.206s] Level 5:colcon.colcon_core.verb:set package 'abaja_description' build argument 'ament_cmake_args' from command line to 'None'
[0.206s] Level 5:colcon.colcon_core.verb:set package 'abaja_description' build argument 'catkin_cmake_args' from command line to 'None'
[0.206s] Level 5:colcon.colcon_core.verb:set package 'abaja_description' build argument 'catkin_skip_building_tests' from command line to 'False'
[0.206s] DEBUG:colcon.colcon_core.verb:Building package 'abaja_description' with the following arguments: {'ament_cmake_args': None, 'build_base': '/home/pavithra/Intelligence_ABAJA-26/ros2_ws/build/abaja_description', 'catkin_cmake_args': None, 'catkin_skip_building_tests': False, 'cmake_args': None, 'cmake_clean_cache': False, 'cmake_clean_first': False, 'cmake_force_configure': False, 'cmake_target': None, 'cmake_target_skip_unavailable': False, 'install_base': '/home/pavithra/Intelligence_ABAJA-26/ros2_ws/install/abaja_description', 'merge_install': False, 'path': '/home/pavithra/Intelligence_ABAJA-26/ros2_ws/src/abaja_description', 'symlink_install': True, 'test_result_base': None}
[0.206s] Level 5:colcon.colcon_core.verb:set package 'abaja_bringup' build argument 'cmake_args' from command line to 'None'
[0.206s] Level 5:colcon.colcon_core.verb:set package 'abaja_bringup' build argument 'cmake_target' from command line to 'None'
[0.206s] Level 5:colcon.colcon_core.verb:set package 'abaja_bringup' build argument 'cmake_target_skip_unavailable' from command line to 'False'
[0.206s] Level 5:colcon.colcon_core.verb:set package 'abaja_bringup' build argument 'cmake_clean_cache' from command line to 'False'
[0.206s] Level 5:colcon.colcon_core.verb:set package 'abaja_bringup' build argument 'cmake_clean_first' from command line to 'False'
[0.206s] Level 5:colcon.colcon_core.verb:set package 'abaja_bringup' build argument 'cmake_force_configure' from command line to 'False'
[0.206s] Level 5:colcon.colcon_core.verb:set package 'abaja_bringup' build argument 'ament_cmake_args' from command line to 'None'
[0.206s] Level 5:colcon.colcon_core.verb:set package 'abaja_bringup' build argument 'catkin_cmake_args' from command line to 'None'
[0.206s] Level 5:colcon.colcon_core.verb:set package 'abaja_bringup' build argument 'catkin_skip_building_tests' from command line to 'False'
[0.206s] DEBUG:colcon.colcon_core.verb:Building package 'abaja_bringup' with the following arguments: {'ament_cmake_args': None, 'build_base': '/home/pavithra/Intelligence_ABAJA-26/ros2_ws/build/abaja_bringup', 'catkin_cmake_args': None, 'catkin_skip_building_tests': False, 'cmake_args': None, 'cmake_clean_cache': False, 'cmake_clean_first': False, 'cmake_force_configure': False, 'cmake_target': None, 'cmake_target_skip_unavailable': False, 'install_base': '/home/pavithra/Intelligence_ABAJA-26/ros2_ws/install/abaja_bringup', 'merge_install': False, 'path': '/home/pavithra/Intelligence_ABAJA-26/ros2_ws/src/abaja_bringup', 'symlink_install': True, 'test_result_base': None}
[0.206s] Level 5:colcon.colcon_core.verb:set package 'abaja_perception' build argument 'cmake_args' from command line to 'None'
[0.206s] Level 5:colcon.colcon_core.verb:set package 'abaja_perception' build argument 'cmake_target' from command line to 'None'
[0.206s] Level 5:colcon.colcon_core.verb:set package 'abaja_perception' build argument 'cmake_target_skip_unavailable' from command line to 'False'
[0.206s] Level 5:colcon.colcon_core.verb:set package 'abaja_perception' build argument 'cmake_clean_cache' from command line to 'False'
[0.206s] Level 5:colcon.colcon_core.verb:set package 'abaja_perception' build argument 'cmake_clean_first' from command line to 'False'
[0.206s] Level 5:colcon.colcon_core.verb:set package 'abaja_perception' build argument 'cmake_force_configure' from command line to 'False'
[0.206s] Level 5:colcon.colcon_core.verb:set package 'abaja_perception' build argument 'ament_cmake_args' from command line to 'None'
[0.206s] Level 5:colcon.colcon_core.verb:set package 'abaja_perception' build argument 'catkin_cmake_args' from command line to 'None'
[0.206s] Level 5:colcon.colcon_core.verb:set package 'abaja_perception' build argument 'catkin_skip_building_tests' from command line to 'False'
[0.206s] DEBUG:colcon.colcon_core.verb:Building package 'abaja_perception' with the following arguments: {'ament_cmake_args': None, 'build_base': '/home/pavithra/Intelligence_ABAJA-26/ros2_ws/build/abaja_perception', 'catkin_cmake_args': None, 'catkin_skip_building_tests': False, 'cmake_args': None, 'cmake_clean_cache': False, 'cmake_clean_first': False, 'cmake_force_configure': False, 'cmake_target': None, 'cmake_target_skip_unavailable': False, 'install_base': '/home/pavithra/Intelligence_ABAJA-26/ros2_ws/install/abaja_perception', 'merge_install': False, 'path': '/home/pavithra/Intelligence_ABAJA-26/ros2_ws/src/abaja_perception', 'symlink_install': True, 'test_result_base': None}
[0.206s] INFO:colcon.colcon_core.executor:Executing jobs using 'parallel' executor
[0.207s] DEBUG:colcon.colcon_parallel_executor.executor.parallel:run_until_complete
[0.207s] INFO:colcon.colcon_ros.task.ament_cmake.build:Building ROS package in '/home/pavithra/Intelligence_ABAJA-26/ros2_ws/src/abaja_description' with build type 'ament_cmake'
[0.207s] INFO:colcon.colcon_cmake.task.cmake.build:Building CMake package in '/home/pavithra/Intelligence_ABAJA-26/ros2_ws/src/abaja_description'
[0.209s] INFO:colcon.colcon_core.plugin_system:Skipping extension 'colcon_core.shell.bat': Not used on non-Windows systems
[0.210s] INFO:colcon.colcon_core.shell:Skip shell extension 'powershell' for command environment: Not usable outside of PowerShell
[0.210s] DEBUG:colcon.colcon_core.shell:Skip shell extension 'dsv' for command environment
[0.212s] INFO:colcon.colcon_ros.task.ament_python.build:Building ROS package in '/home/pavithra/Intelligence_ABAJA-26/ros2_ws/src/abaja_perception' with build type 'ament_python'
[0.212s] Level 1:colcon.colcon_core.shell:create_environment_hook('abaja_perception', 'ament_prefix_path')
[0.212s] INFO:colcon.colcon_core.shell:Creating environment hook '/home/pavithra/Intelligence_ABAJA-26/ros2_ws/install/abaja_perception/share/abaja_perception/hook/ament_prefix_path.ps1'
[0.212s] INFO:colcon.colcon_core.shell:Creating environment descriptor '/home/pavithra/Intelligence_ABAJA-26/ros2_ws/install/abaja_perception/share/abaja_perception/hook/ament_prefix_path.dsv'
[0.213s] INFO:colcon.colcon_core.shell:Creating environment hook '/home/pavithra/Intelligence_ABAJA-26/ros2_ws/install/abaja_perception/share/abaja_perception/hook/ament_prefix_path.sh'
[0.213s] INFO:colcon.colcon_core.shell:Skip shell extension 'powershell' for command environment: Not usable outside of PowerShell
[0.213s] DEBUG:colcon.colcon_core.shell:Skip shell extension 'dsv' for command environment
[0.219s] DEBUG:colcon.colcon_core.event_handler.log_command:Invoking command in '/home/pavithra/Intelligence_ABAJA-26/ros2_ws/build/abaja_description': CMAKE_PREFIX_PATH=${CMAKE_PREFIX_PATH}:/opt/ros/jazzy DEBUGINFOD_URLS=https://debuginfod.ubuntu.com /usr/bin/cmake --build /home/pavithra/Intelligence_ABAJA-26/ros2_ws/build/abaja_description -- -j12 -l12
[0.439s] INFO:colcon.colcon_core.task.python.build:Building Python package in '/home/pavithra/Intelligence_ABAJA-26/ros2_ws/src/abaja_perception'
[0.439s] INFO:colcon.colcon_core.shell:Skip shell extension 'powershell' for command environment: Not usable outside of PowerShell
[0.439s] DEBUG:colcon.colcon_core.shell:Skip shell extension 'dsv' for command environment
[0.595s] DEBUG:colcon.colcon_core.event_handler.log_command:Invoked command in '/home/pavithra/Intelligence_ABAJA-26/ros2_ws/build/abaja_description' returned '0': CMAKE_PREFIX_PATH=${CMAKE_PREFIX_PATH}:/opt/ros/jazzy DEBUGINFOD_URLS=https://debuginfod.ubuntu.com /usr/bin/cmake --build /home/pavithra/Intelligence_ABAJA-26/ros2_ws/build/abaja_description -- -j12 -l12
[0.608s] DEBUG:colcon.colcon_core.event_handler.log_command:Invoking command in '/home/pavithra/Intelligence_ABAJA-26/ros2_ws/build/abaja_description': CMAKE_PREFIX_PATH=${CMAKE_PREFIX_PATH}:/opt/ros/jazzy DEBUGINFOD_URLS=https://debuginfod.ubuntu.com /usr/bin/cmake --install /home/pavithra/Intelligence_ABAJA-26/ros2_ws/build/abaja_description
[0.645s] Level 1:colcon.colcon_core.environment:create_environment_scripts_only(abaja_description)
[0.645s] DEBUG:colcon.colcon_core.event_handler.log_command:Invoked command in '/home/pavithra/Intelligence_ABAJA-26/ros2_ws/build/abaja_description' returned '0': CMAKE_PREFIX_PATH=${CMAKE_PREFIX_PATH}:/opt/ros/jazzy DEBUGINFOD_URLS=https://debuginfod.ubuntu.com /usr/bin/cmake --install /home/pavithra/Intelligence_ABAJA-26/ros2_ws/build/abaja_description
[0.649s] Level 1:colcon.colcon_core.environment:checking '/home/pavithra/Intelligence_ABAJA-26/ros2_ws/install/abaja_description' for CMake module files
[0.650s] Level 1:colcon.colcon_core.environment:checking '/home/pavithra/Intelligence_ABAJA-26/ros2_ws/install/abaja_description' for CMake config files
[0.651s] Level 1:colcon.colcon_core.shell:create_environment_hook('abaja_description', 'cmake_prefix_path')
[0.651s] INFO:colcon.colcon_core.shell:Creating environment hook '/home/pavithra/Intelligence_ABAJA-26/ros2_ws/install/abaja_description/share/abaja_description/hook/cmake_prefix_path.ps1'
[0.651s] INFO:colcon.colcon_core.shell:Creating environment descriptor '/home/pavithra/Intelligence_ABAJA-26/ros2_ws/install/abaja_description/share/abaja_description/hook/cmake_prefix_path.dsv'
[0.651s] INFO:colcon.colcon_core.shell:Creating environment hook '/home/pavithra/Intelligence_ABAJA-26/ros2_ws/install/abaja_description/share/abaja_description/hook/cmake_prefix_path.sh'
[0.652s] Level 1:colcon.colcon_core.environment:checking '/home/pavithra/Intelligence_ABAJA-26/ros2_ws/install/abaja_description/bin'
[0.652s] Level 1:colcon.colcon_core.environment:checking '/home/pavithra/Intelligence_ABAJA-26/ros2_ws/install/abaja_description/lib/pkgconfig/abaja_description.pc'
[0.652s] Level 1:colcon.colcon_core.environment:checking '/home/pavithra/Intelligence_ABAJA-26/ros2_ws/install/abaja_description/lib/python3.12/site-packages'
[0.652s] Level 1:colcon.colcon_core.environment:checking '/home/pavithra/Intelligence_ABAJA-26/ros2_ws/install/abaja_description/bin'
[0.652s] INFO:colcon.colcon_core.shell:Creating package script '/home/pavithra/Intelligence_ABAJA-26/ros2_ws/install/abaja_description/share/abaja_description/package.ps1'
[0.653s] INFO:colcon.colcon_core.shell:Creating package descriptor '/home/pavithra/Intelligence_ABAJA-26/ros2_ws/install/abaja_description/share/abaja_description/package.dsv'
[0.653s] INFO:colcon.colcon_core.shell:Creating package script '/home/pavithra/Intelligence_ABAJA-26/ros2_ws/install/abaja_description/share/abaja_description/package.sh'
[0.654s] INFO:colcon.colcon_core.shell:Creating package script '/home/pavithra/Intelligence_ABAJA-26/ros2_ws/install/abaja_description/share/abaja_description/package.bash'
[0.654s] INFO:colcon.colcon_core.shell:Creating package script '/home/pavithra/Intelligence_ABAJA-26/ros2_ws/install/abaja_description/share/abaja_description/package.zsh'
[0.654s] Level 1:colcon.colcon_core.environment:create_file_with_runtime_dependencies(/home/pavithra/Intelligence_ABAJA-26/ros2_ws/install/abaja_description/share/colcon-core/packages/abaja_description)
[0.655s] Level 1:colcon.colcon_core.environment:create_environment_scripts_only(abaja_description)
[0.655s] Level 1:colcon.colcon_core.environment:checking '/home/pavithra/Intelligence_ABAJA-26/ros2_ws/install/abaja_description' for CMake module files
[0.655s] Level 1:colcon.colcon_core.environment:checking '/home/pavithra/Intelligence_ABAJA-26/ros2_ws/install/abaja_description' for CMake config files
[0.655s] Level 1:colcon.colcon_core.shell:create_environment_hook('abaja_description', 'cmake_prefix_path')
[0.655s] INFO:colcon.colcon_core.shell:Creating environment hook '/home/pavithra/Intelligence_ABAJA-26/ros2_ws/install/abaja_description/share/abaja_description/hook/cmake_prefix_path.ps1'
[0.656s] INFO:colcon.colcon_core.shell:Creating environment descriptor '/home/pavithra/Intelligence_ABAJA-26/ros2_ws/install/abaja_description/share/abaja_description/hook/cmake_prefix_path.dsv'
[0.656s] INFO:colcon.colcon_core.shell:Creating environment hook '/home/pavithra/Intelligence_ABAJA-26/ros2_ws/install/abaja_description/share/abaja_description/hook/cmake_prefix_path.sh'
[0.656s] Level 1:colcon.colcon_core.environment:checking '/home/pavithra/Intelligence_ABAJA-26/ros2_ws/install/abaja_description/bin'
[0.656s] Level 1:colcon.colcon_core.environment:checking '/home/pavithra/Intelligence_ABAJA-26/ros2_ws/install/abaja_description/lib/pkgconfig/abaja_description.pc'
[0.656s] Level 1:colcon.colcon_core.environment:checking '/home/pavithra/Intelligence_ABAJA-26/ros2_ws/install/abaja_description/lib/python3.12/site-packages'
[0.657s] Level 1:colcon.colcon_core.environment:checking '/home/pavithra/Intelligence_ABAJA-26/ros2_ws/install/abaja_description/bin'
[0.657s] INFO:colcon.colcon_core.shell:Creating package script '/home/pavithra/Intelligence_ABAJA-26/ros2_ws/install/abaja_description/share/abaja_description/package.ps1'
[0.657s] INFO:colcon.colcon_core.shell:Creating package descriptor '/home/pavithra/Intelligence_ABAJA-26/ros2_ws/install/abaja_description/share/abaja_description/package.dsv'
[0.658s] INFO:colcon.colcon_core.shell:Creating package script '/home/pavithra/Intelligence_ABAJA-26/ros2_ws/install/abaja_description/share/abaja_description/package.sh'
[0.658s] INFO:colcon.colcon_core.shell:Creating package script '/home/pavithra/Intelligence_ABAJA-26/ros2_ws/install/abaja_description/share/abaja_description/package.bash'
[0.658s] INFO:colcon.colcon_core.shell:Creating package script '/home/pavithra/Intelligence_ABAJA-26/ros2_ws/install/abaja_description/share/abaja_description/package.zsh'
[0.659s] Level 1:colcon.colcon_core.environment:create_file_with_runtime_dependencies(/home/pavithra/Intelligence_ABAJA-26/ros2_ws/install/abaja_description/share/colcon-core/packages/abaja_description)
[0.659s] INFO:colcon.colcon_ros.task.ament_python.build:Building ROS package in '/home/pavithra/Intelligence_ABAJA-26/ros2_ws/src/abaja_bringup' with build type 'ament_python'
[0.659s] Level 1:colcon.colcon_core.shell:create_environment_hook('abaja_bringup', 'ament_prefix_path')
[0.659s] INFO:colcon.colcon_core.shell:Creating environment hook '/home/pavithra/Intelligence_ABAJA-26/ros2_ws/install/abaja_bringup/share/abaja_bringup/hook/ament_prefix_path.ps1'
[0.660s] INFO:colcon.colcon_core.shell:Creating environment descriptor '/home/pavithra/Intelligence_ABAJA-26/ros2_ws/install/abaja_bringup/share/abaja_bringup/hook/ament_prefix_path.dsv'
[0.660s] INFO:colcon.colcon_core.shell:Creating environment hook '/home/pavithra/Intelligence_ABAJA-26/ros2_ws/install/abaja_bringup/share/abaja_bringup/hook/ament_prefix_path.sh'
[0.660s] INFO:colcon.colcon_core.shell:Skip shell extension 'powershell' for command environment: Not usable outside of PowerShell
[0.661s] DEBUG:colcon.colcon_core.shell:Skip shell extension 'dsv' for command environment
[0.852s] INFO:colcon.colcon_core.task.python.build:Building Python package in '/home/pavithra/Intelligence_ABAJA-26/ros2_ws/src/abaja_bringup'
[0.852s] INFO:colcon.colcon_core.shell:Skip shell extension 'powershell' for command environment: Not usable outside of PowerShell
[0.852s] DEBUG:colcon.colcon_core.shell:Skip shell extension 'dsv' for command environment
[0.920s] DEBUG:colcon.colcon_core.event_handler.log_command:Invoking command in '/home/pavithra/Intelligence_ABAJA-26/ros2_ws/build/abaja_perception': AMENT_PREFIX_PATH=/home/pavithra/Intelligence_ABAJA-26/ros2_ws/install/abaja_interfaces:${AMENT_PREFIX_PATH} CMAKE_PREFIX_PATH=/home/pavithra/Intelligence_ABAJA-26/ros2_ws/install/abaja_interfaces:${CMAKE_PREFIX_PATH} DEBUGINFOD_URLS=https://debuginfod.ubuntu.com LD_LIBRARY_PATH=/home/pavithra/Intelligence_ABAJA-26/ros2_ws/install/abaja_interfaces/lib:${LD_LIBRARY_PATH} PYTHONPATH=/home/pavithra/Intelligence_ABAJA-26/ros2_ws/build/abaja_perception/prefix_override:/usr/lib/python3/dist-packages/colcon_core/task/python/colcon_distutils_commands:/home/pavithra/Intelligence_ABAJA-26/ros2_ws/install/abaja_perception/lib/python3.12/site-packages:/home/pavithra/Intelligence_ABAJA-26/ros2_ws/install/abaja_interfaces/lib/python3.12/site-packages:${PYTHONPATH} /usr/bin/python3 -W ignore:setup.py install is deprecated -W ignore:easy_install command is deprecated setup.py develop --editable --build-directory /home/pavithra/Intelligence_ABAJA-26/ros2_ws/build/abaja_perception/build --no-deps symlink_data
[1.296s] DEBUG:colcon.colcon_core.event_handler.log_command:Invoking command in '/home/pavithra/Intelligence_ABAJA-26/ros2_ws/build/abaja_bringup': AMENT_PREFIX_PATH=/home/pavithra/Intelligence_ABAJA-26/ros2_ws/install/abaja_teleop:/home/pavithra/Intelligence_ABAJA-26/ros2_ws/install/abaja_description:${AMENT_PREFIX_PATH} CMAKE_PREFIX_PATH=/home/pavithra/Intelligence_ABAJA-26/ros2_ws/install/abaja_description:${CMAKE_PREFIX_PATH} DEBUGINFOD_URLS=https://debuginfod.ubuntu.com PYTHONPATH=/home/pavithra/Intelligence_ABAJA-26/ros2_ws/build/abaja_bringup/prefix_override:/usr/lib/python3/dist-packages/colcon_core/task/python/colcon_distutils_commands:/home/pavithra/Intelligence_ABAJA-26/ros2_ws/install/abaja_bringup/lib/python3.12/site-packages:/home/pavithra/Intelligence_ABAJA-26/ros2_ws/build/abaja_teleop:/home/pavithra/Intelligence_ABAJA-26/ros2_ws/install/abaja_teleop/lib/python3.12/site-packages:${PYTHONPATH} /usr/bin/python3 -W ignore:setup.py install is deprecated -W ignore:easy_install command is deprecated setup.py develop --editable --build-directory /home/pavithra/Intelligence_ABAJA-26/ros2_ws/build/abaja_bringup/build --no-deps symlink_data
[1.389s] Level 1:colcon.colcon_core.shell:create_environment_hook('abaja_perception', 'pythonpath_develop')
[1.389s] INFO:colcon.colcon_core.shell:Creating environment hook '/home/pavithra/Intelligence_ABAJA-26/ros2_ws/build/abaja_perception/share/abaja_perception/hook/pythonpath_develop.ps1'
[1.390s] DEBUG:colcon.colcon_core.event_handler.log_command:Invoked command in '/home/pavithra/Intelligence_ABAJA-26/ros2_ws/build/abaja_perception' returned '0': AMENT_PREFIX_PATH=/home/pavithra/Intelligence_ABAJA-26/ros2_ws/install/abaja_interfaces:${AMENT_PREFIX_PATH} CMAKE_PREFIX_PATH=/home/pavithra/Intelligence_ABAJA-26/ros2_ws/install/abaja_interfaces:${CMAKE_PREFIX_PATH} DEBUGINFOD_URLS=https://debuginfod.ubuntu.com LD_LIBRARY_PATH=/home/pavithra/Intelligence_ABAJA-26/ros2_ws/install/abaja_interfaces/lib:${LD_LIBRARY_PATH} PYTHONPATH=/home/pavithra/Intelligence_ABAJA-26/ros2_ws/build/abaja_perception/prefix_override:/usr/lib/python3/dist-packages/colcon_core/task/python/colcon_distutils_commands:/home/pavithra/Intelligence_ABAJA-26/ros2_ws/install/abaja_perception/lib/python3.12/site-packages:/home/pavithra/Intelligence_ABAJA-26/ros2_ws/install/abaja_interfaces/lib/python3.12/site-packages:${PYTHONPATH} /usr/bin/python3 -W ignore:setup.py install is deprecated -W ignore:easy_install command is deprecated setup.py develop --editable --build-directory /home/pavithra/Intelligence_ABAJA-26/ros2_ws/build/abaja_perception/build --no-deps symlink_data
[1.390s] INFO:colcon.colcon_core.shell:Creating environment descriptor '/home/pavithra/Intelligence_ABAJA-26/ros2_ws/build/abaja_perception/share/abaja_perception/hook/pythonpath_develop.dsv'
[1.390s] INFO:colcon.colcon_core.shell:Creating environment hook '/home/pavithra/Intelligence_ABAJA-26/ros2_ws/build/abaja_perception/share/abaja_perception/hook/pythonpath_develop.sh'
[1.391s] Level 1:colcon.colcon_core.environment:checking '/home/pavithra/Intelligence_ABAJA-26/ros2_ws/install/abaja_perception' for CMake module files
[1.391s] Level 1:colcon.colcon_core.environment:checking '/home/pavithra/Intelligence_ABAJA-26/ros2_ws/install/abaja_perception' for CMake config files
[1.391s] Level 1:colcon.colcon_core.environment:checking '/home/pavithra/Intelligence_ABAJA-26/ros2_ws/install/abaja_perception/lib'
[1.391s] Level 1:colcon.colcon_core.environment:checking '/home/pavithra/Intelligence_ABAJA-26/ros2_ws/install/abaja_perception/bin'
[1.392s] Level 1:colcon.colcon_core.environment:checking '/home/pavithra/Intelligence_ABAJA-26/ros2_ws/install/abaja_perception/lib/pkgconfig/abaja_perception.pc'
[1.392s] Level 1:colcon.colcon_core.environment:checking '/home/pavithra/Intelligence_ABAJA-26/ros2_ws/install/abaja_perception/lib/python3.12/site-packages'
[1.392s] Level 1:colcon.colcon_core.shell:create_environment_hook('abaja_perception', 'pythonpath')
[1.392s] INFO:colcon.colcon_core.shell:Creating environment hook '/home/pavithra/Intelligence_ABAJA-26/ros2_ws/install/abaja_perception/share/abaja_perception/hook/pythonpath.ps1'
[1.392s] INFO:colcon.colcon_core.shell:Creating environment descriptor '/home/pavithra/Intelligence_ABAJA-26/ros2_ws/install/abaja_perception/share/abaja_perception/hook/pythonpath.dsv'
[1.393s] INFO:colcon.colcon_core.shell:Creating environment hook '/home/pavithra/Intelligence_ABAJA-26/ros2_ws/install/abaja_perception/share/abaja_perception/hook/pythonpath.sh'
[1.393s] Level 1:colcon.colcon_core.environment:checking '/home/pavithra/Intelligence_ABAJA-26/ros2_ws/install/abaja_perception/bin'
[1.393s] Level 1:colcon.colcon_core.environment:create_environment_scripts_only(abaja_perception)
[1.394s] INFO:colcon.colcon_core.shell:Creating package script '/home/pavithra/Intelligence_ABAJA-26/ros2_ws/install/abaja_perception/share/abaja_perception/package.ps1'
[1.394s] INFO:colcon.colcon_core.shell:Creating package descriptor '/home/pavithra/Intelligence_ABAJA-26/ros2_ws/install/abaja_perception/share/abaja_perception/package.dsv'
[1.394s] INFO:colcon.colcon_core.shell:Creating package script '/home/pavithra/Intelligence_ABAJA-26/ros2_ws/install/abaja_perception/share/abaja_perception/package.sh'
[1.395s] INFO:colcon.colcon_core.shell:Creating package script '/home/pavithra/Intelligence_ABAJA-26/ros2_ws/install/abaja_perception/share/abaja_perception/package.bash'
[1.395s] INFO:colcon.colcon_core.shell:Creating package script '/home/pavithra/Intelligence_ABAJA-26/ros2_ws/install/abaja_perception/share/abaja_perception/package.zsh'
[1.395s] Level 1:colcon.colcon_core.environment:create_file_with_runtime_dependencies(/home/pavithra/Intelligence_ABAJA-26/ros2_ws/install/abaja_perception/share/colcon-core/packages/abaja_perception)
[1.721s] Level 1:colcon.colcon_core.shell:create_environment_hook('abaja_bringup', 'pythonpath_develop')
[1.722s] INFO:colcon.colcon_core.shell:Creating environment hook '/home/pavithra/Intelligence_ABAJA-26/ros2_ws/build/abaja_bringup/share/abaja_bringup/hook/pythonpath_develop.ps1'
[1.722s] DEBUG:colcon.colcon_core.event_handler.log_command:Invoked command in '/home/pavithra/Intelligence_ABAJA-26/ros2_ws/build/abaja_bringup' returned '0': AMENT_PREFIX_PATH=/home/pavithra/Intelligence_ABAJA-26/ros2_ws/install/abaja_teleop:/home/pavithra/Intelligence_ABAJA-26/ros2_ws/install/abaja_description:${AMENT_PREFIX_PATH} CMAKE_PREFIX_PATH=/home/pavithra/Intelligence_ABAJA-26/ros2_ws/install/abaja_description:${CMAKE_PREFIX_PATH} DEBUGINFOD_URLS=https://debuginfod.ubuntu.com PYTHONPATH=/home/pavithra/Intelligence_ABAJA-26/ros2_ws/build/abaja_bringup/prefix_override:/usr/lib/python3/dist-packages/colcon_core/task/python/colcon_distutils_commands:/home/pavithra/Intelligence_ABAJA-26/ros2_ws/install/abaja_bringup/lib/python3.12/site-packages:/home/pavithra/Intelligence_ABAJA-26/ros2_ws/build/abaja_teleop:/home/pavithra/Intelligence_ABAJA-26/ros2_ws/install/abaja_teleop/lib/python3.12/site-packages:${PYTHONPATH} /usr/bin/python3 -W ignore:setup.py install is deprecated -W ignore:easy_install command is deprecated setup.py develop --editable --build-directory /home/pavithra/Intelligence_ABAJA-26/ros2_ws/build/abaja_bringup/build --no-deps symlink_data
[1.723s] INFO:colcon.colcon_core.shell:Creating environment descriptor '/home/pavithra/Intelligence_ABAJA-26/ros2_ws/build/abaja_bringup/share/abaja_bringup/hook/pythonpath_develop.dsv'
[1.723s] INFO:colcon.colcon_core.shell:Creating environment hook '/home/pavithra/Intelligence_ABAJA-26/ros2_ws/build/abaja_bringup/share/abaja_bringup/hook/pythonpath_develop.sh'
[1.723s] Level 1:colcon.colcon_core.environment:checking '/home/pavithra/Intelligence_ABAJA-26/ros2_ws/install/abaja_bringup' for CMake module files
[1.723s] Level 1:colcon.colcon_core.environment:checking '/home/pavithra/Intelligence_ABAJA-26/ros2_ws/install/abaja_bringup' for CMake config files
[1.724s] Level 1:colcon.colcon_core.environment:checking '/home/pavithra/Intelligence_ABAJA-26/ros2_ws/install/abaja_bringup/lib'
[1.724s] Level 1:colcon.colcon_core.environment:checking '/home/pavithra/Intelligence_ABAJA-26/ros2_ws/install/abaja_bringup/bin'
[1.724s] Level 1:colcon.colcon_core.environment:checking '/home/pavithra/Intelligence_ABAJA-26/ros2_ws/install/abaja_bringup/lib/pkgconfig/abaja_bringup.pc'
[1.724s] Level 1:colcon.colcon_core.environment:checking '/home/pavithra/Intelligence_ABAJA-26/ros2_ws/install/abaja_bringup/lib/python3.12/site-packages'
[1.724s] Level 1:colcon.colcon_core.shell:create_environment_hook('abaja_bringup', 'pythonpath')
[1.724s] INFO:colcon.colcon_core.shell:Creating environment hook '/home/pavithra/Intelligence_ABAJA-26/ros2_ws/install/abaja_bringup/share/abaja_bringup/hook/pythonpath.ps1'
[1.724s] INFO:colcon.colcon_core.shell:Creating environment descriptor '/home/pavithra/Intelligence_ABAJA-26/ros2_ws/install/abaja_bringup/share/abaja_bringup/hook/pythonpath.dsv'
[1.724s] INFO:colcon.colcon_core.shell:Creating environment hook '/home/pavithra/Intelligence_ABAJA-26/ros2_ws/install/abaja_bringup/share/abaja_bringup/hook/pythonpath.sh'
[1.725s] Level 1:colcon.colcon_core.environment:checking '/home/pavithra/Intelligence_ABAJA-26/ros2_ws/install/abaja_bringup/bin'
[1.725s] Level 1:colcon.colcon_core.environment:create_environment_scripts_only(abaja_bringup)
[1.725s] INFO:colcon.colcon_core.shell:Creating package script '/home/pavithra/Intelligence_ABAJA-26/ros2_ws/install/abaja_bringup/share/abaja_bringup/package.ps1'
[1.725s] INFO:colcon.colcon_core.shell:Creating package descriptor '/home/pavithra/Intelligence_ABAJA-26/ros2_ws/install/abaja_bringup/share/abaja_bringup/package.dsv'
[1.726s] INFO:colcon.colcon_core.shell:Creating package script '/home/pavithra/Intelligence_ABAJA-26/ros2_ws/install/abaja_bringup/share/abaja_bringup/package.sh'
[1.726s] INFO:colcon.colcon_core.shell:Creating package script '/home/pavithra/Intelligence_ABAJA-26/ros2_ws/install/abaja_bringup/share/abaja_bringup/package.bash'
[1.726s] INFO:colcon.colcon_core.shell:Creating package script '/home/pavithra/Intelligence_ABAJA-26/ros2_ws/install/abaja_bringup/share/abaja_bringup/package.zsh'
[1.727s] Level 1:colcon.colcon_core.environment:create_file_with_runtime_dependencies(/home/pavithra/Intelligence_ABAJA-26/ros2_ws/install/abaja_bringup/share/colcon-core/packages/abaja_bringup)
[1.727s] DEBUG:colcon.colcon_parallel_executor.executor.parallel:closing loop
[1.727s] DEBUG:colcon.colcon_parallel_executor.executor.parallel:loop closed
[1.727s] DEBUG:colcon.colcon_parallel_executor.executor.parallel:run_until_complete finished with '0'
[1.727s] DEBUG:colcon.colcon_core.event_reactor:joining thread
[1.731s] INFO:colcon.colcon_core.plugin_system:Skipping extension 'colcon_notification.desktop_notification.terminal_notifier': Not used on non-Darwin systems
[1.731s] INFO:colcon.colcon_core.plugin_system:Skipping extension 'colcon_notification.desktop_notification.win32': Not used on non-Windows systems
[1.731s] INFO:colcon.colcon_notification.desktop_notification:Sending desktop notification using 'notify2'
[1.747s] DEBUG:colcon.colcon_core.event_reactor:joined thread
[1.747s] INFO:colcon.colcon_core.shell:Creating prefix script '/home/pavithra/Intelligence_ABAJA-26/ros2_ws/install/local_setup.ps1'
[1.749s] INFO:colcon.colcon_core.shell:Creating prefix util module '/home/pavithra/Intelligence_ABAJA-26/ros2_ws/install/_local_setup_util_ps1.py'
[1.751s] INFO:colcon.colcon_core.shell:Creating prefix chain script '/home/pavithra/Intelligence_ABAJA-26/ros2_ws/install/setup.ps1'
[1.752s] INFO:colcon.colcon_core.shell:Creating prefix script '/home/pavithra/Intelligence_ABAJA-26/ros2_ws/install/local_setup.sh'
[1.752s] INFO:colcon.colcon_core.shell:Creating prefix util module '/home/pavithra/Intelligence_ABAJA-26/ros2_ws/install/_local_setup_util_sh.py'
[1.753s] INFO:colcon.colcon_core.shell:Creating prefix chain script '/home/pavithra/Intelligence_ABAJA-26/ros2_ws/install/setup.sh'
[1.754s] INFO:colcon.colcon_core.shell:Creating prefix script '/home/pavithra/Intelligence_ABAJA-26/ros2_ws/install/local_setup.bash'
[1.754s] INFO:colcon.colcon_core.shell:Creating prefix chain script '/home/pavithra/Intelligence_ABAJA-26/ros2_ws/install/setup.bash'
[1.755s] INFO:colcon.colcon_core.shell:Creating prefix script '/home/pavithra/Intelligence_ABAJA-26/ros2_ws/install/local_setup.zsh'
[1.756s] INFO:colcon.colcon_core.shell:Creating prefix chain script '/home/pavithra/Intelligence_ABAJA-26/ros2_ws/install/setup.zsh'
