[0.088s] DEBUG:colcon:Command line arguments: ['/usr/bin/colcon', 'build', '--symlink-install', '--packages-select', 'abaja_interfaces', 'abaja_planning', 'abaja_control', 'abaja_bringup', 'abaja_dbw', '--cmake-args', '-DCMAKE_BUILD_TYPE=Release']
[0.088s] DEBUG:colcon:Parsed command line arguments: Namespace(log_base=None, log_level=None, verb_name='build', build_base='build', install_base='install', merge_install=False, symlink_install=True, test_result_base=None, continue_on_error=False, executor='parallel', parallel_workers=12, event_handlers=None, ignore_user_meta=False, metas=['./colcon.meta'], base_paths=['.'], packages_ignore=None, packages_ignore_regex=None, paths=None, packages_up_to=None, packages_up_to_regex=None, packages_above=None, packages_above_and_dependencies=None, packages_above_depth=None, packages_select_by_dep=None, packages_skip_by_dep=None, packages_skip_up_to=None, packages_select_build_failed=False, packages_skip_build_finished=False, packages_select_test_failures=False, packages_skip_test_passed=False, packages_select=['abaja_interfaces', 'abaja_planning', 'abaja_control', 'abaja_bringup', 'abaja_dbw'], packages_skip=None, packages_select_regex=None, packages_skip_regex=None, packages_start=None, packages_end=None, allow_overriding=[], cmake_args=['-DCMAKE_BUILD_TYPE=Release'], cmake_target=None, cmake_target_skip_unavailable=False, cmake_clean_cache=False, cmake_clean_first=False, cmake_force_configure=False, ament_cmake_args=None, catkin_cmake_args=None, catkin_skip_building_tests=False, mixin_files=None, mixin=None, verb_parser=<colcon_mixin.mixin.mixin_argument.MixinArgumentDecorator object at 0x7ec7d8d80b90>, verb_extension=<colcon_core.verb.build.BuildVerb object at 0x7ec7d8d80530>, main=<bound method BuildVerb.main of <colcon_core.verb.build.BuildVerb object at 0x7ec7d8d80530>>, mixin_verb=('build',))
[0.115s] Level 1:colcon.colcon_core.package_discovery:discover_packages(colcon_meta) check parameters
[0.115s] Level 1:colcon.colcon_core.package_discovery:discover_packages(recursive) check parameters
[0.115s] Level 1:colcon.colcon_core.package_discovery:discover_packages(ignore) check parameters
[0.115s] Level 1:colcon.colcon_core.package_discovery:discover_packages(path) check parameters
[0.115s] Level 1:colcon.colcon_core.package_discovery:discover_packages(colcon_meta) discover
[0.115s] Level 1:colcon.colcon_core.package_discovery:discover_packages(recursive) discover
[0.115s] INFO:colcon.colcon_core.package_discovery:Crawling recursively for packages in '/home/pavithra/Intelligence_ABAJA-26/ros2_ws'
[0.115s] Level 1:colcon.colcon_core.package_identification:_identify(.) by extensions ['ignore', 'ignore_ament_install']
[0.115s] Level 1:colcon.colcon_core.package_identification:_identify(.) by extension 'ignore'
[0.115s] Level 1:colcon.colcon_core.package_identification:_identify(.) by extension 'ignore_ament_install'
[0.115s] Level 1:colcon.colcon_core.package_identification:_identify(.) by extensions ['colcon_pkg']
[0.115s] Level 1:colcon.colcon_core.package_identification:_identify(.) by extension 'colcon_pkg'
[0.115s] Level 1:colcon.colcon_core.package_identification:_identify(.) by extensions ['colcon_meta']
[0.116s] Level 1:colcon.colcon_core.package_identification:_identify(.) by extension 'colcon_meta'
[0.116s] Level 1:colcon.colcon_core.package_identification:_identify(.) by extensions ['ros']
[0.116s] Level 1:colcon.colcon_core.package_identification:_identify(.) by extension 'ros'
[0.135s] Level 1:colcon.colcon_core.package_identification:_identify(.) by extensions ['cmake', 'python']
[0.135s] Level 1:colcon.colcon_core.package_identification:_identify(.) by extension 'cmake'
[0.135s] Level 1:colcon.colcon_core.package_identification:_identify(.) by extension 'python'
[0.135s] Level 1:colcon.colcon_core.package_identification:_identify(.) by extensions ['python_setup_py']
[0.135s] Level 1:colcon.colcon_core.package_identification:_identify(.) by extension 'python_setup_py'
[0.136s] Level 1:colcon.colcon_core.package_identification:_identify(build) by extensions ['ignore', 'ignore_ament_install']
[0.136s] Level 1:colcon.colcon_core.package_identification:_identify(build) by extension 'ignore'
[0.136s] Level 1:colcon.colcon_core.package_identification:_identify(build) ignored
[0.136s] Level 1:colcon.colcon_core.package_identification:_identify(install) by extensions ['ignore', 'ignore_ament_install']
[0.136s] Level 1:colcon.colcon_core.package_identification:_identify(install) by extension 'ignore'
[0.136s] Level 1:colcon.colcon_core.package_identification:_identify(install) ignored
[0.136s] Level 1:colcon.colcon_core.package_identification:_identify(log) by extensions ['ignore', 'ignore_ament_install']
[0.136s] Level 1:colcon.colcon_core.package_identification:_identify(log) by extension 'ignore'
[0.136s] Level 1:colcon.colcon_core.package_identification:_identify(log) ignored
[0.136s] Level 1:colcon.colcon_core.package_identification:_identify(logs) by extensions ['ignore', 'ignore_ament_install']
[0.136s] Level 1:colcon.colcon_core.package_identification:_identify(logs) by extension 'ignore'
[0.136s] Level 1:colcon.colcon_core.package_identification:_identify(logs) by extension 'ignore_ament_install'
[0.137s] Level 1:colcon.colcon_core.package_identification:_identify(logs) by extensions ['colcon_pkg']
[0.137s] Level 1:colcon.colcon_core.package_identification:_identify(logs) by extension 'colcon_pkg'
[0.137s] Level 1:colcon.colcon_core.package_identification:_identify(logs) by extensions ['colcon_meta']
[0.137s] Level 1:colcon.colcon_core.package_identification:_identify(logs) by extension 'colcon_meta'
[0.137s] Level 1:colcon.colcon_core.package_identification:_identify(logs) by extensions ['ros']
[0.137s] Level 1:colcon.colcon_core.package_identification:_identify(logs) by extension 'ros'
[0.137s] Level 1:colcon.colcon_core.package_identification:_identify(logs) by extensions ['cmake', 'python']
[0.137s] Level 1:colcon.colcon_core.package_identification:_identify(logs) by extension 'cmake'
[0.137s] Level 1:colcon.colcon_core.package_identification:_identify(logs) by extension 'python'
[0.137s] Level 1:colcon.colcon_core.package_identification:_identify(logs) by extensions ['python_setup_py']
[0.137s] Level 1:colcon.colcon_core.package_identification:_identify(logs) by extension 'python_setup_py'
[0.137s] Level 1:colcon.colcon_core.package_identification:_identify(src) by extensions ['ignore', 'ignore_ament_install']
[0.137s] Level 1:colcon.colcon_core.package_identification:_identify(src) by extension 'ignore'
[0.137s] Level 1:colcon.colcon_core.package_identification:_identify(src) by extension 'ignore_ament_install'
[0.137s] Level 1:colcon.colcon_core.package_identification:_identify(src) by extensions ['colcon_pkg']
[0.137s] Level 1:colcon.colcon_core.package_identification:_identify(src) by extension 'colcon_pkg'
[0.137s] Level 1:colcon.colcon_core.package_identification:_identify(src) by extensions ['colcon_meta']
[0.137s] Level 1:colcon.colcon_core.package_identification:_identify(src) by extension 'colcon_meta'
[0.137s] Level 1:colcon.colcon_core.package_identification:_identify(src) by extensions ['ros']
[0.137s] Level 1:colcon.colcon_core.package_identification:_identify(src) by extension 'ros'
[0.137s] Level 1:colcon.colcon_core.package_identification:_identify(src) by extensions ['cmake', 'python']
[0.137s] Level 1:colcon.colcon_core.package_identification:_identify(src) by extension 'cmake'
[0.137s] Level 1:colcon.colcon_core.package_identification:_identify(src) by extension 'python'
[0.137s] Level 1:colcon.colcon_core.package_identification:_identify(src) by extensions ['python_setup_py']
[0.137s] Level 1:colcon.colcon_core.package_identification:_identify(src) by extension 'python_setup_py'
[0.137s] Level 1:colcon.colcon_core.package_identification:_identify(src/abaja_aeb) by extensions ['ignore', 'ignore_ament_install']
[0.137s] Level 1:colcon.colcon_core.package_identification:_identify(src/abaja_aeb) by extension 'ignore'
[0.137s] Level 1:colcon.colcon_core.package_identification:_identify(src/abaja_aeb) by extension 'ignore_ament_install'
[0.137s] Level 1:colcon.colcon_core.package_identification:_identify(src/abaja_aeb) by extensions ['colcon_pkg']
[0.137s] Level 1:colcon.colcon_core.package_identification:_identify(src/abaja_aeb) by extension 'colcon_pkg'
[0.137s] Level 1:colcon.colcon_core.package_identification:_identify(src/abaja_aeb) by extensions ['colcon_meta']
[0.137s] Level 1:colcon.colcon_core.package_identification:_identify(src/abaja_aeb) by extension 'colcon_meta'
[0.137s] Level 1:colcon.colcon_core.package_identification:_identify(src/abaja_aeb) by extensions ['ros']
[0.137s] Level 1:colcon.colcon_core.package_identification:_identify(src/abaja_aeb) by extension 'ros'
[0.140s] DEBUG:colcon.colcon_core.package_identification:Package 'src/abaja_aeb' with type 'ros.ament_python' and name 'abaja_aeb'
[0.140s] Level 1:colcon.colcon_core.package_identification:_identify(src/abaja_bringup) by extensions ['ignore', 'ignore_ament_install']
[0.140s] Level 1:colcon.colcon_core.package_identification:_identify(src/abaja_bringup) by extension 'ignore'
[0.140s] Level 1:colcon.colcon_core.package_identification:_identify(src/abaja_bringup) by extension 'ignore_ament_install'
[0.140s] Level 1:colcon.colcon_core.package_identification:_identify(src/abaja_bringup) by extensions ['colcon_pkg']
[0.140s] Level 1:colcon.colcon_core.package_identification:_identify(src/abaja_bringup) by extension 'colcon_pkg'
[0.140s] Level 1:colcon.colcon_core.package_identification:_identify(src/abaja_bringup) by extensions ['colcon_meta']
[0.140s] Level 1:colcon.colcon_core.package_identification:_identify(src/abaja_bringup) by extension 'colcon_meta'
[0.140s] Level 1:colcon.colcon_core.package_identification:_identify(src/abaja_bringup) by extensions ['ros']
[0.140s] Level 1:colcon.colcon_core.package_identification:_identify(src/abaja_bringup) by extension 'ros'
[0.141s] DEBUG:colcon.colcon_core.package_identification:Package 'src/abaja_bringup' with type 'ros.ament_python' and name 'abaja_bringup'
[0.141s] Level 1:colcon.colcon_core.package_identification:_identify(src/abaja_control) by extensions ['ignore', 'ignore_ament_install']
[0.141s] Level 1:colcon.colcon_core.package_identification:_identify(src/abaja_control) by extension 'ignore'
[0.141s] Level 1:colcon.colcon_core.package_identification:_identify(src/abaja_control) by extension 'ignore_ament_install'
[0.141s] Level 1:colcon.colcon_core.package_identification:_identify(src/abaja_control) by extensions ['colcon_pkg']
[0.141s] Level 1:colcon.colcon_core.package_identification:_identify(src/abaja_control) by extension 'colcon_pkg'
[0.141s] Level 1:colcon.colcon_core.package_identification:_identify(src/abaja_control) by extensions ['colcon_meta']
[0.141s] Level 1:colcon.colcon_core.package_identification:_identify(src/abaja_control) by extension 'colcon_meta'
[0.141s] Level 1:colcon.colcon_core.package_identification:_identify(src/abaja_control) by extensions ['ros']
[0.141s] Level 1:colcon.colcon_core.package_identification:_identify(src/abaja_control) by extension 'ros'
[0.141s] DEBUG:colcon.colcon_core.package_identification:Package 'src/abaja_control' with type 'ros.ament_python' and name 'abaja_control'
[0.141s] Level 1:colcon.colcon_core.package_identification:_identify(src/abaja_dbw) by extensions ['ignore', 'ignore_ament_install']
[0.141s] Level 1:colcon.colcon_core.package_identification:_identify(src/abaja_dbw) by extension 'ignore'
[0.141s] Level 1:colcon.colcon_core.package_identification:_identify(src/abaja_dbw) by extension 'ignore_ament_install'
[0.141s] Level 1:colcon.colcon_core.package_identification:_identify(src/abaja_dbw) by extensions ['colcon_pkg']
[0.141s] Level 1:colcon.colcon_core.package_identification:_identify(src/abaja_dbw) by extension 'colcon_pkg'
[0.141s] Level 1:colcon.colcon_core.package_identification:_identify(src/abaja_dbw) by extensions ['colcon_meta']
[0.141s] Level 1:colcon.colcon_core.package_identification:_identify(src/abaja_dbw) by extension 'colcon_meta'
[0.141s] Level 1:colcon.colcon_core.package_identification:_identify(src/abaja_dbw) by extensions ['ros']
[0.141s] Level 1:colcon.colcon_core.package_identification:_identify(src/abaja_dbw) by extension 'ros'
[0.142s] DEBUG:colcon.colcon_core.package_identification:Package 'src/abaja_dbw' with type 'ros.ament_python' and name 'abaja_dbw'
[0.142s] Level 1:colcon.colcon_core.package_identification:_identify(src/abaja_dbw_bridge) by extensions ['ignore', 'ignore_ament_install']
[0.142s] Level 1:colcon.colcon_core.package_identification:_identify(src/abaja_dbw_bridge) by extension 'ignore'
[0.142s] Level 1:colcon.colcon_core.package_identification:_identify(src/abaja_dbw_bridge) by extension 'ignore_ament_install'
[0.142s] Level 1:colcon.colcon_core.package_identification:_identify(src/abaja_dbw_bridge) by extensions ['colcon_pkg']
[0.142s] Level 1:colcon.colcon_core.package_identification:_identify(src/abaja_dbw_bridge) by extension 'colcon_pkg'
[0.142s] Level 1:colcon.colcon_core.package_identification:_identify(src/abaja_dbw_bridge) by extensions ['colcon_meta']
[0.142s] Level 1:colcon.colcon_core.package_identification:_identify(src/abaja_dbw_bridge) by extension 'colcon_meta'
[0.142s] Level 1:colcon.colcon_core.package_identification:_identify(src/abaja_dbw_bridge) by extensions ['ros']
[0.142s] Level 1:colcon.colcon_core.package_identification:_identify(src/abaja_dbw_bridge) by extension 'ros'
[0.142s] DEBUG:colcon.colcon_core.package_identification:Package 'src/abaja_dbw_bridge' with type 'ros.ament_python' and name 'abaja_dbw_bridge'
[0.142s] Level 1:colcon.colcon_core.package_identification:_identify(src/abaja_description) by extensions ['ignore', 'ignore_ament_install']
[0.143s] Level 1:colcon.colcon_core.package_identification:_identify(src/abaja_description) by extension 'ignore'
[0.143s] Level 1:colcon.colcon_core.package_identification:_identify(src/abaja_description) by extension 'ignore_ament_install'
[0.143s] Level 1:colcon.colcon_core.package_identification:_identify(src/abaja_description) by extensions ['colcon_pkg']
[0.143s] Level 1:colcon.colcon_core.package_identification:_identify(src/abaja_description) by extension 'colcon_pkg'
[0.143s] Level 1:colcon.colcon_core.package_identification:_identify(src/abaja_description) by extensions ['colcon_meta']
[0.143s] Level 1:colcon.colcon_core.package_identification:_identify(src/abaja_description) by extension 'colcon_meta'
[0.143s] Level 1:colcon.colcon_core.package_identification:_identify(src/abaja_description) by extensions ['ros']
[0.143s] Level 1:colcon.colcon_core.package_identification:_identify(src/abaja_description) by extension 'ros'
[0.143s] DEBUG:colcon.colcon_core.package_identification:Package 'src/abaja_description' with type 'ros.ament_cmake' and name 'abaja_description'
[0.143s] Level 1:colcon.colcon_core.package_identification:_identify(src/abaja_interfaces) by extensions ['ignore', 'ignore_ament_install']
[0.143s] Level 1:colcon.colcon_core.package_identification:_identify(src/abaja_interfaces) by extension 'ignore'
[0.143s] Level 1:colcon.colcon_core.package_identification:_identify(src/abaja_interfaces) by extension 'ignore_ament_install'
[0.143s] Level 1:colcon.colcon_core.package_identification:_identify(src/abaja_interfaces) by extensions ['colcon_pkg']
[0.143s] Level 1:colcon.colcon_core.package_identification:_identify(src/abaja_interfaces) by extension 'colcon_pkg'
[0.143s] Level 1:colcon.colcon_core.package_identification:_identify(src/abaja_interfaces) by extensions ['colcon_meta']
[0.143s] Level 1:colcon.colcon_core.package_identification:_identify(src/abaja_interfaces) by extension 'colcon_meta'
[0.143s] Level 1:colcon.colcon_core.package_identification:_identify(src/abaja_interfaces) by extensions ['ros']
[0.143s] Level 1:colcon.colcon_core.package_identification:_identify(src/abaja_interfaces) by extension 'ros'
[0.143s] DEBUG:colcon.colcon_core.package_identification:Package 'src/abaja_interfaces' with type 'ros.ament_cmake' and name 'abaja_interfaces'
[0.144s] Level 1:colcon.colcon_core.package_identification:_identify(src/abaja_lane_detection) by extensions ['ignore', 'ignore_ament_install']
[0.144s] Level 1:colcon.colcon_core.package_identification:_identify(src/abaja_lane_detection) by extension 'ignore'
[0.144s] Level 1:colcon.colcon_core.package_identification:_identify(src/abaja_lane_detection) by extension 'ignore_ament_install'
[0.144s] Level 1:colcon.colcon_core.package_identification:_identify(src/abaja_lane_detection) by extensions ['colcon_pkg']
[0.144s] Level 1:colcon.colcon_core.package_identification:_identify(src/abaja_lane_detection) by extension 'colcon_pkg'
[0.144s] Level 1:colcon.colcon_core.package_identification:_identify(src/abaja_lane_detection) by extensions ['colcon_meta']
[0.144s] Level 1:colcon.colcon_core.package_identification:_identify(src/abaja_lane_detection) by extension 'colcon_meta'
[0.144s] Level 1:colcon.colcon_core.package_identification:_identify(src/abaja_lane_detection) by extensions ['ros']
[0.144s] Level 1:colcon.colcon_core.package_identification:_identify(src/abaja_lane_detection) by extension 'ros'
[0.144s] DEBUG:colcon.colcon_core.package_identification:Package 'src/abaja_lane_detection' with type 'ros.ament_python' and name 'abaja_lane_detection'
[0.144s] Level 1:colcon.colcon_core.package_identification:_identify(src/abaja_logging) by extensions ['ignore', 'ignore_ament_install']
[0.144s] Level 1:colcon.colcon_core.package_identification:_identify(src/abaja_logging) by extension 'ignore'
[0.144s] Level 1:colcon.colcon_core.package_identification:_identify(src/abaja_logging) by extension 'ignore_ament_install'
[0.144s] Level 1:colcon.colcon_core.package_identification:_identify(src/abaja_logging) by extensions ['colcon_pkg']
[0.144s] Level 1:colcon.colcon_core.package_identification:_identify(src/abaja_logging) by extension 'colcon_pkg'
[0.144s] Level 1:colcon.colcon_core.package_identification:_identify(src/abaja_logging) by extensions ['colcon_meta']
[0.144s] Level 1:colcon.colcon_core.package_identification:_identify(src/abaja_logging) by extension 'colcon_meta'
[0.144s] Level 1:colcon.colcon_core.package_identification:_identify(src/abaja_logging) by extensions ['ros']
[0.144s] Level 1:colcon.colcon_core.package_identification:_identify(src/abaja_logging) by extension 'ros'
[0.144s] DEBUG:colcon.colcon_core.package_identification:Package 'src/abaja_logging' with type 'ros.ament_python' and name 'abaja_logging'
[0.145s] Level 1:colcon.colcon_core.package_identification:_identify(src/abaja_perception) by extensions ['ignore', 'ignore_ament_install']
[0.145s] Level 1:colcon.colcon_core.package_identification:_identify(src/abaja_perception) by extension 'ignore'
[0.145s] Level 1:colcon.colcon_core.package_identification:_identify(src/abaja_perception) by extension 'ignore_ament_install'
[0.145s] Level 1:colcon.colcon_core.package_identification:_identify(src/abaja_perception) by extensions ['colcon_pkg']
[0.145s] Level 1:colcon.colcon_core.package_identification:_identify(src/abaja_perception) by extension 'colcon_pkg'
[0.145s] Level 1:colcon.colcon_core.package_identification:_identify(src/abaja_perception) by extensions ['colcon_meta']
[0.145s] Level 1:colcon.colcon_core.package_identification:_identify(src/abaja_perception) by extension 'colcon_meta'
[0.145s] Level 1:colcon.colcon_core.package_identification:_identify(src/abaja_perception) by extensions ['ros']
[0.145s] Level 1:colcon.colcon_core.package_identification:_identify(src/abaja_perception) by extension 'ros'
[0.145s] DEBUG:colcon.colcon_core.package_identification:Package 'src/abaja_perception' with type 'ros.ament_python' and name 'abaja_perception'
[0.145s] Level 1:colcon.colcon_core.package_identification:_identify(src/abaja_planning) by extensions ['ignore', 'ignore_ament_install']
[0.145s] Level 1:colcon.colcon_core.package_identification:_identify(src/abaja_planning) by extension 'ignore'
[0.145s] Level 1:colcon.colcon_core.package_identification:_identify(src/abaja_planning) by extension 'ignore_ament_install'
[0.145s] Level 1:colcon.colcon_core.package_identification:_identify(src/abaja_planning) by extensions ['colcon_pkg']
[0.145s] Level 1:colcon.colcon_core.package_identification:_identify(src/abaja_planning) by extension 'colcon_pkg'
[0.145s] Level 1:colcon.colcon_core.package_identification:_identify(src/abaja_planning) by extensions ['colcon_meta']
[0.145s] Level 1:colcon.colcon_core.package_identification:_identify(src/abaja_planning) by extension 'colcon_meta'
[0.145s] Level 1:colcon.colcon_core.package_identification:_identify(src/abaja_planning) by extensions ['ros']
[0.145s] Level 1:colcon.colcon_core.package_identification:_identify(src/abaja_planning) by extension 'ros'
[0.146s] DEBUG:colcon.colcon_core.package_identification:Package 'src/abaja_planning' with type 'ros.ament_python' and name 'abaja_planning'
[0.146s] Level 1:colcon.colcon_core.package_identification:_identify(src/abaja_safety) by extensions ['ignore', 'ignore_ament_install']
[0.146s] Level 1:colcon.colcon_core.package_identification:_identify(src/abaja_safety) by extension 'ignore'
[0.146s] Level 1:colcon.colcon_core.package_identification:_identify(src/abaja_safety) by extension 'ignore_ament_install'
[0.146s] Level 1:colcon.colcon_core.package_identification:_identify(src/abaja_safety) by extensions ['colcon_pkg']
[0.146s] Level 1:colcon.colcon_core.package_identification:_identify(src/abaja_safety) by extension 'colcon_pkg'
[0.146s] Level 1:colcon.colcon_core.package_identification:_identify(src/abaja_safety) by extensions ['colcon_meta']
[0.146s] Level 1:colcon.colcon_core.package_identification:_identify(src/abaja_safety) by extension 'colcon_meta'
[0.146s] Level 1:colcon.colcon_core.package_identification:_identify(src/abaja_safety) by extensions ['ros']
[0.146s] Level 1:colcon.colcon_core.package_identification:_identify(src/abaja_safety) by extension 'ros'
[0.147s] DEBUG:colcon.colcon_core.package_identification:Package 'src/abaja_safety' with type 'ros.ament_python' and name 'abaja_safety'
[0.147s] Level 1:colcon.colcon_core.package_identification:_identify(src/abaja_teleop) by extensions ['ignore', 'ignore_ament_install']
[0.147s] Level 1:colcon.colcon_core.package_identification:_identify(src/abaja_teleop) by extension 'ignore'
[0.147s] Level 1:colcon.colcon_core.package_identification:_identify(src/abaja_teleop) by extension 'ignore_ament_install'
[0.147s] Level 1:colcon.colcon_core.package_identification:_identify(src/abaja_teleop) by extensions ['colcon_pkg']
[0.147s] Level 1:colcon.colcon_core.package_identification:_identify(src/abaja_teleop) by extension 'colcon_pkg'
[0.147s] Level 1:colcon.colcon_core.package_identification:_identify(src/abaja_teleop) by extensions ['colcon_meta']
[0.147s] Level 1:colcon.colcon_core.package_identification:_identify(src/abaja_teleop) by extension 'colcon_meta'
[0.147s] Level 1:colcon.colcon_core.package_identification:_identify(src/abaja_teleop) by extensions ['ros']
[0.147s] Level 1:colcon.colcon_core.package_identification:_identify(src/abaja_teleop) by extension 'ros'
[0.148s] DEBUG:colcon.colcon_core.package_identification:Package 'src/abaja_teleop' with type 'ros.ament_python' and name 'abaja_teleop'
[0.148s] Level 1:colcon.colcon_core.package_identification:_identify(src/abaja_vehicle_state) by extensions ['ignore', 'ignore_ament_install']
[0.148s] Level 1:colcon.colcon_core.package_identification:_identify(src/abaja_vehicle_state) by extension 'ignore'
[0.148s] Level 1:colcon.colcon_core.package_identification:_identify(src/abaja_vehicle_state) by extension 'ignore_ament_install'
[0.148s] Level 1:colcon.colcon_core.package_identification:_identify(src/abaja_vehicle_state) by extensions ['colcon_pkg']
[0.148s] Level 1:colcon.colcon_core.package_identification:_identify(src/abaja_vehicle_state) by extension 'colcon_pkg'
[0.148s] Level 1:colcon.colcon_core.package_identification:_identify(src/abaja_vehicle_state) by extensions ['colcon_meta']
[0.148s] Level 1:colcon.colcon_core.package_identification:_identify(src/abaja_vehicle_state) by extension 'colcon_meta'
[0.148s] Level 1:colcon.colcon_core.package_identification:_identify(src/abaja_vehicle_state) by extensions ['ros']
[0.148s] Level 1:colcon.colcon_core.package_identification:_identify(src/abaja_vehicle_state) by extension 'ros'
[0.148s] DEBUG:colcon.colcon_core.package_identification:Package 'src/abaja_vehicle_state' with type 'ros.ament_python' and name 'abaja_vehicle_state'
[0.148s] Level 1:colcon.colcon_core.package_discovery:discover_packages(recursive) using defaults
[0.148s] Level 1:colcon.colcon_core.package_discovery:discover_packages(ignore) discover
[0.148s] Level 1:colcon.colcon_core.package_discovery:discover_packages(ignore) using defaults
[0.148s] Level 1:colcon.colcon_core.package_discovery:discover_packages(path) discover
[0.148s] Level 1:colcon.colcon_core.package_discovery:discover_packages(path) using defaults
[0.166s] INFO:colcon.colcon_core.package_selection:Skipping not selected package 'abaja_dbw_bridge' in 'src/abaja_dbw_bridge'
[0.166s] INFO:colcon.colcon_core.package_selection:Skipping not selected package 'abaja_description' in 'src/abaja_description'
[0.166s] INFO:colcon.colcon_core.package_selection:Skipping not selected package 'abaja_safety' in 'src/abaja_safety'
[0.166s] INFO:colcon.colcon_core.package_selection:Skipping not selected package 'abaja_teleop' in 'src/abaja_teleop'
[0.166s] INFO:colcon.colcon_core.package_selection:Skipping not selected package 'abaja_aeb' in 'src/abaja_aeb'
[0.166s] INFO:colcon.colcon_core.package_selection:Skipping not selected package 'abaja_lane_detection' in 'src/abaja_lane_detection'
[0.166s] INFO:colcon.colcon_core.package_selection:Skipping not selected package 'abaja_logging' in 'src/abaja_logging'
[0.166s] INFO:colcon.colcon_core.package_selection:Skipping not selected package 'abaja_perception' in 'src/abaja_perception'
[0.166s] INFO:colcon.colcon_core.package_selection:Skipping not selected package 'abaja_vehicle_state' in 'src/abaja_vehicle_state'
[0.166s] Level 1:colcon.colcon_core.package_discovery:discover_packages(prefix_path) check parameters
[0.166s] Level 1:colcon.colcon_core.package_discovery:discover_packages(prefix_path) discover
[0.170s] DEBUG:colcon.colcon_installed_package_information.package_discovery:Found 373 installed packages in /opt/ros/jazzy
[0.171s] Level 1:colcon.colcon_core.package_discovery:discover_packages(prefix_path) using defaults
[0.205s] Level 5:colcon.colcon_core.verb:set package 'abaja_interfaces' build argument 'cmake_args' from command line to '['-DCMAKE_BUILD_TYPE=Release']'
[0.205s] Level 5:colcon.colcon_core.verb:set package 'abaja_interfaces' build argument 'cmake_target' from command line to 'None'
[0.205s] Level 5:colcon.colcon_core.verb:set package 'abaja_interfaces' build argument 'cmake_target_skip_unavailable' from command line to 'False'
[0.205s] Level 5:colcon.colcon_core.verb:set package 'abaja_interfaces' build argument 'cmake_clean_cache' from command line to 'False'
[0.205s] Level 5:colcon.colcon_core.verb:set package 'abaja_interfaces' build argument 'cmake_clean_first' from command line to 'False'
[0.205s] Level 5:colcon.colcon_core.verb:set package 'abaja_interfaces' build argument 'cmake_force_configure' from command line to 'False'
[0.205s] Level 5:colcon.colcon_core.verb:set package 'abaja_interfaces' build argument 'ament_cmake_args' from command line to 'None'
[0.205s] Level 5:colcon.colcon_core.verb:set package 'abaja_interfaces' build argument 'catkin_cmake_args' from command line to 'None'
[0.205s] Level 5:colcon.colcon_core.verb:set package 'abaja_interfaces' build argument 'catkin_skip_building_tests' from command line to 'False'
[0.205s] DEBUG:colcon.colcon_core.verb:Building package 'abaja_interfaces' with the following arguments: {'ament_cmake_args': None, 'build_base': '/home/pavithra/Intelligence_ABAJA-26/ros2_ws/build/abaja_interfaces', 'catkin_cmake_args': None, 'catkin_skip_building_tests': False, 'cmake_args': ['-DCMAKE_BUILD_TYPE=Release'], 'cmake_clean_cache': False, 'cmake_clean_first': False, 'cmake_force_configure': False, 'cmake_target': None, 'cmake_target_skip_unavailable': False, 'install_base': '/home/pavithra/Intelligence_ABAJA-26/ros2_ws/install/abaja_interfaces', 'merge_install': False, 'path': '/home/pavithra/Intelligence_ABAJA-26/ros2_ws/src/abaja_interfaces', 'symlink_install': True, 'test_result_base': None}
[0.205s] Level 5:colcon.colcon_core.verb:set package 'abaja_control' build argument 'cmake_args' from command line to '['-DCMAKE_BUILD_TYPE=Release']'
[0.205s] Level 5:colcon.colcon_core.verb:set package 'abaja_control' build argument 'cmake_target' from command line to 'None'
[0.205s] Level 5:colcon.colcon_core.verb:set package 'abaja_control' build argument 'cmake_target_skip_unavailable' from command line to 'False'
[0.205s] Level 5:colcon.colcon_core.verb:set package 'abaja_control' build argument 'cmake_clean_cache' from command line to 'False'
[0.205s] Level 5:colcon.colcon_core.verb:set package 'abaja_control' build argument 'cmake_clean_first' from command line to 'False'
[0.205s] Level 5:colcon.colcon_core.verb:set package 'abaja_control' build argument 'cmake_force_configure' from command line to 'False'
[0.205s] Level 5:colcon.colcon_core.verb:set package 'abaja_control' build argument 'ament_cmake_args' from command line to 'None'
[0.205s] Level 5:colcon.colcon_core.verb:set package 'abaja_control' build argument 'catkin_cmake_args' from command line to 'None'
[0.205s] Level 5:colcon.colcon_core.verb:set package 'abaja_control' build argument 'catkin_skip_building_tests' from command line to 'False'
[0.205s] DEBUG:colcon.colcon_core.verb:Building package 'abaja_control' with the following arguments: {'ament_cmake_args': None, 'build_base': '/home/pavithra/Intelligence_ABAJA-26/ros2_ws/build/abaja_control', 'catkin_cmake_args': None, 'catkin_skip_building_tests': False, 'cmake_args': ['-DCMAKE_BUILD_TYPE=Release'], 'cmake_clean_cache': False, 'cmake_clean_first': False, 'cmake_force_configure': False, 'cmake_target': None, 'cmake_target_skip_unavailable': False, 'install_base': '/home/pavithra/Intelligence_ABAJA-26/ros2_ws/install/abaja_control', 'merge_install': False, 'path': '/home/pavithra/Intelligence_ABAJA-26/ros2_ws/src/abaja_control', 'symlink_install': True, 'test_result_base': None}
[0.205s] Level 5:colcon.colcon_core.verb:set package 'abaja_dbw' build argument 'cmake_args' from command line to '['-DCMAKE_BUILD_TYPE=Release']'
[0.205s] Level 5:colcon.colcon_core.verb:set package 'abaja_dbw' build argument 'cmake_target' from command line to 'None'
[0.205s] Level 5:colcon.colcon_core.verb:set package 'abaja_dbw' build argument 'cmake_target_skip_unavailable' from command line to 'False'
[0.205s] Level 5:colcon.colcon_core.verb:set package 'abaja_dbw' build argument 'cmake_clean_cache' from command line to 'False'
[0.205s] Level 5:colcon.colcon_core.verb:set package 'abaja_dbw' build argument 'cmake_clean_first' from command line to 'False'
[0.205s] Level 5:colcon.colcon_core.verb:set package 'abaja_dbw' build argument 'cmake_force_configure' from command line to 'False'
[0.205s] Level 5:colcon.colcon_core.verb:set package 'abaja_dbw' build argument 'ament_cmake_args' from command line to 'None'
[0.205s] Level 5:colcon.colcon_core.verb:set package 'abaja_dbw' build argument 'catkin_cmake_args' from command line to 'None'
[0.205s] Level 5:colcon.colcon_core.verb:set package 'abaja_dbw' build argument 'catkin_skip_building_tests' from command line to 'False'
[0.205s] DEBUG:colcon.colcon_core.verb:Building package 'abaja_dbw' with the following arguments: {'ament_cmake_args': None, 'build_base': '/home/pavithra/Intelligence_ABAJA-26/ros2_ws/build/abaja_dbw', 'catkin_cmake_args': None, 'catkin_skip_building_tests': False, 'cmake_args': ['-DCMAKE_BUILD_TYPE=Release'], 'cmake_clean_cache': False, 'cmake_clean_first': False, 'cmake_force_configure': False, 'cmake_target': None, 'cmake_target_skip_unavailable': False, 'install_base': '/home/pavithra/Intelligence_ABAJA-26/ros2_ws/install/abaja_dbw', 'merge_install': False, 'path': '/home/pavithra/Intelligence_ABAJA-26/ros2_ws/src/abaja_dbw', 'symlink_install': True, 'test_result_base': None}
[0.206s] Level 5:colcon.colcon_core.verb:set package 'abaja_planning' build argument 'cmake_args' from command line to '['-DCMAKE_BUILD_TYPE=Release']'
[0.206s] Level 5:colcon.colcon_core.verb:set package 'abaja_planning' build argument 'cmake_target' from command line to 'None'
[0.206s] Level 5:colcon.colcon_core.verb:set package 'abaja_planning' build argument 'cmake_target_skip_unavailable' from command line to 'False'
[0.206s] Level 5:colcon.colcon_core.verb:set package 'abaja_planning' build argument 'cmake_clean_cache' from command line to 'False'
[0.206s] Level 5:colcon.colcon_core.verb:set package 'abaja_planning' build argument 'cmake_clean_first' from command line to 'False'
[0.206s] Level 5:colcon.colcon_core.verb:set package 'abaja_planning' build argument 'cmake_force_configure' from command line to 'False'
[0.206s] Level 5:colcon.colcon_core.verb:set package 'abaja_planning' build argument 'ament_cmake_args' from command line to 'None'
[0.206s] Level 5:colcon.colcon_core.verb:set package 'abaja_planning' build argument 'catkin_cmake_args' from command line to 'None'
[0.206s] Level 5:colcon.colcon_core.verb:set package 'abaja_planning' build argument 'catkin_skip_building_tests' from command line to 'False'
[0.206s] DEBUG:colcon.colcon_core.verb:Building package 'abaja_planning' with the following arguments: {'ament_cmake_args': None, 'build_base': '/home/pavithra/Intelligence_ABAJA-26/ros2_ws/build/abaja_planning', 'catkin_cmake_args': None, 'catkin_skip_building_tests': False, 'cmake_args': ['-DCMAKE_BUILD_TYPE=Release'], 'cmake_clean_cache': False, 'cmake_clean_first': False, 'cmake_force_configure': False, 'cmake_target': None, 'cmake_target_skip_unavailable': False, 'install_base': '/home/pavithra/Intelligence_ABAJA-26/ros2_ws/install/abaja_planning', 'merge_install': False, 'path': '/home/pavithra/Intelligence_ABAJA-26/ros2_ws/src/abaja_planning', 'symlink_install': True, 'test_result_base': None}
[0.206s] Level 5:colcon.colcon_core.verb:set package 'abaja_bringup' build argument 'cmake_args' from command line to '['-DCMAKE_BUILD_TYPE=Release']'
[0.206s] Level 5:colcon.colcon_core.verb:set package 'abaja_bringup' build argument 'cmake_target' from command line to 'None'
[0.206s] Level 5:colcon.colcon_core.verb:set package 'abaja_bringup' build argument 'cmake_target_skip_unavailable' from command line to 'False'
[0.206s] Level 5:colcon.colcon_core.verb:set package 'abaja_bringup' build argument 'cmake_clean_cache' from command line to 'False'
[0.206s] Level 5:colcon.colcon_core.verb:set package 'abaja_bringup' build argument 'cmake_clean_first' from command line to 'False'
[0.206s] Level 5:colcon.colcon_core.verb:set package 'abaja_bringup' build argument 'cmake_force_configure' from command line to 'False'
[0.206s] Level 5:colcon.colcon_core.verb:set package 'abaja_bringup' build argument 'ament_cmake_args' from command line to 'None'
[0.206s] Level 5:colcon.colcon_core.verb:set package 'abaja_bringup' build argument 'catkin_cmake_args' from command line to 'None'
[0.206s] Level 5:colcon.colcon_core.verb:set package 'abaja_bringup' build argument 'catkin_skip_building_tests' from command line to 'False'
[0.206s] DEBUG:colcon.colcon_core.verb:Building package 'abaja_bringup' with the following arguments: {'ament_cmake_args': None, 'build_base': '/home/pavithra/Intelligence_ABAJA-26/ros2_ws/build/abaja_bringup', 'catkin_cmake_args': None, 'catkin_skip_building_tests': False, 'cmake_args': ['-DCMAKE_BUILD_TYPE=Release'], 'cmake_clean_cache': False, 'cmake_clean_first': False, 'cmake_force_configure': False, 'cmake_target': None, 'cmake_target_skip_unavailable': False, 'install_base': '/home/pavithra/Intelligence_ABAJA-26/ros2_ws/install/abaja_bringup', 'merge_install': False, 'path': '/home/pavithra/Intelligence_ABAJA-26/ros2_ws/src/abaja_bringup', 'symlink_install': True, 'test_result_base': None}
[0.206s] INFO:colcon.colcon_core.executor:Executing jobs using 'parallel' executor
[0.207s] DEBUG:colcon.colcon_parallel_executor.executor.parallel:run_until_complete
[0.207s] INFO:colcon.colcon_ros.task.ament_cmake.build:Building ROS package in '/home/pavithra/Intelligence_ABAJA-26/ros2_ws/src/abaja_interfaces' with build type 'ament_cmake'
[0.207s] INFO:colcon.colcon_cmake.task.cmake.build:Building CMake package in '/home/pavithra/Intelligence_ABAJA-26/ros2_ws/src/abaja_interfaces'
[0.209s] INFO:colcon.colcon_core.plugin_system:Skipping extension 'colcon_core.shell.bat': Not used on non-Windows systems
[0.209s] INFO:colcon.colcon_core.shell:Skip shell extension 'powershell' for command environment: Not usable outside of PowerShell
[0.209s] DEBUG:colcon.colcon_core.shell:Skip shell extension 'dsv' for command environment
[0.215s] DEBUG:colcon.colcon_core.event_handler.log_command:Invoking command in '/home/pavithra/Intelligence_ABAJA-26/ros2_ws/build/abaja_interfaces': CMAKE_PREFIX_PATH=${CMAKE_PREFIX_PATH}:/opt/ros/jazzy DEBUGINFOD_URLS=https://debuginfod.ubuntu.com /usr/bin/cmake /home/pavithra/Intelligence_ABAJA-26/ros2_ws/src/abaja_interfaces -DCMAKE_BUILD_TYPE=Release -DAMENT_CMAKE_SYMLINK_INSTALL=1 -DCMAKE_INSTALL_PREFIX=/home/pavithra/Intelligence_ABAJA-26/ros2_ws/install/abaja_interfaces
[1.766s] DEBUG:colcon.colcon_core.event_handler.log_command:Invoked command in '/home/pavithra/Intelligence_ABAJA-26/ros2_ws/build/abaja_interfaces' returned '0': CMAKE_PREFIX_PATH=${CMAKE_PREFIX_PATH}:/opt/ros/jazzy DEBUGINFOD_URLS=https://debuginfod.ubuntu.com /usr/bin/cmake /home/pavithra/Intelligence_ABAJA-26/ros2_ws/src/abaja_interfaces -DCMAKE_BUILD_TYPE=Release -DAMENT_CMAKE_SYMLINK_INSTALL=1 -DCMAKE_INSTALL_PREFIX=/home/pavithra/Intelligence_ABAJA-26/ros2_ws/install/abaja_interfaces
[1.768s] DEBUG:colcon.colcon_core.event_handler.log_command:Invoking command in '/home/pavithra/Intelligence_ABAJA-26/ros2_ws/build/abaja_interfaces': CMAKE_PREFIX_PATH=${CMAKE_PREFIX_PATH}:/opt/ros/jazzy DEBUGINFOD_URLS=https://debuginfod.ubuntu.com /usr/bin/cmake --build /home/pavithra/Intelligence_ABAJA-26/ros2_ws/build/abaja_interfaces -- -j12 -l12
[9.345s] DEBUG:colcon.colcon_core.event_handler.log_command:Invoked command in '/home/pavithra/Intelligence_ABAJA-26/ros2_ws/build/abaja_interfaces' returned '0': CMAKE_PREFIX_PATH=${CMAKE_PREFIX_PATH}:/opt/ros/jazzy DEBUGINFOD_URLS=https://debuginfod.ubuntu.com /usr/bin/cmake --build /home/pavithra/Intelligence_ABAJA-26/ros2_ws/build/abaja_interfaces -- -j12 -l12
[9.364s] DEBUG:colcon.colcon_core.event_handler.log_command:Invoking command in '/home/pavithra/Intelligence_ABAJA-26/ros2_ws/build/abaja_interfaces': CMAKE_PREFIX_PATH=${CMAKE_PREFIX_PATH}:/opt/ros/jazzy DEBUGINFOD_URLS=https://debuginfod.ubuntu.com /usr/bin/cmake --install /home/pavithra/Intelligence_ABAJA-26/ros2_ws/build/abaja_interfaces
[9.550s] Level 1:colcon.colcon_core.environment:create_environment_scripts_only(abaja_interfaces)
[9.550s] DEBUG:colcon.colcon_core.event_handler.log_command:Invoked command in '/home/pavithra/Intelligence_ABAJA-26/ros2_ws/build/abaja_interfaces' returned '0': CMAKE_PREFIX_PATH=${CMAKE_PREFIX_PATH}:/opt/ros/jazzy DEBUGINFOD_URLS=https://debuginfod.ubuntu.com /usr/bin/cmake --install /home/pavithra/Intelligence_ABAJA-26/ros2_ws/build/abaja_interfaces
[9.557s] Level 1:colcon.colcon_core.environment:checking '/home/pavithra/Intelligence_ABAJA-26/ros2_ws/install/abaja_interfaces' for CMake module files
[9.559s] Level 1:colcon.colcon_core.environment:checking '/home/pavithra/Intelligence_ABAJA-26/ros2_ws/install/abaja_interfaces' for CMake config files
[9.560s] Level 1:colcon.colcon_core.shell:create_environment_hook('abaja_interfaces', 'cmake_prefix_path')
[9.560s] INFO:colcon.colcon_core.shell:Creating environment hook '/home/pavithra/Intelligence_ABAJA-26/ros2_ws/install/abaja_interfaces/share/abaja_interfaces/hook/cmake_prefix_path.ps1'
[9.561s] INFO:colcon.colcon_core.shell:Creating environment descriptor '/home/pavithra/Intelligence_ABAJA-26/ros2_ws/install/abaja_interfaces/share/abaja_interfaces/hook/cmake_prefix_path.dsv'
[9.562s] INFO:colcon.colcon_core.shell:Creating environment hook '/home/pavithra/Intelligence_ABAJA-26/ros2_ws/install/abaja_interfaces/share/abaja_interfaces/hook/cmake_prefix_path.sh'
[9.563s] Level 1:colcon.colcon_core.environment:checking '/home/pavithra/Intelligence_ABAJA-26/ros2_ws/install/abaja_interfaces/lib'
[9.563s] Level 1:colcon.colcon_core.shell:create_environment_hook('abaja_interfaces', 'ld_library_path_lib')
[9.564s] INFO:colcon.colcon_core.shell:Creating environment hook '/home/pavithra/Intelligence_ABAJA-26/ros2_ws/install/abaja_interfaces/share/abaja_interfaces/hook/ld_library_path_lib.ps1'
[9.564s] INFO:colcon.colcon_core.shell:Creating environment descriptor '/home/pavithra/Intelligence_ABAJA-26/ros2_ws/install/abaja_interfaces/share/abaja_interfaces/hook/ld_library_path_lib.dsv'
[9.565s] INFO:colcon.colcon_core.shell:Creating environment hook '/home/pavithra/Intelligence_ABAJA-26/ros2_ws/install/abaja_interfaces/share/abaja_interfaces/hook/ld_library_path_lib.sh'
[9.565s] Level 1:colcon.colcon_core.environment:checking '/home/pavithra/Intelligence_ABAJA-26/ros2_ws/install/abaja_interfaces/bin'
[9.566s] Level 1:colcon.colcon_core.environment:checking '/home/pavithra/Intelligence_ABAJA-26/ros2_ws/install/abaja_interfaces/lib/pkgconfig/abaja_interfaces.pc'
[9.566s] Level 1:colcon.colcon_core.environment:checking '/home/pavithra/Intelligence_ABAJA-26/ros2_ws/install/abaja_interfaces/lib/python3.12/site-packages'
[9.566s] Level 1:colcon.colcon_core.shell:create_environment_hook('abaja_interfaces', 'pythonpath')
[9.567s] INFO:colcon.colcon_core.shell:Creating environment hook '/home/pavithra/Intelligence_ABAJA-26/ros2_ws/install/abaja_interfaces/share/abaja_interfaces/hook/pythonpath.ps1'
[9.568s] INFO:colcon.colcon_core.shell:Creating environment descriptor '/home/pavithra/Intelligence_ABAJA-26/ros2_ws/install/abaja_interfaces/share/abaja_interfaces/hook/pythonpath.dsv'
[9.570s] INFO:colcon.colcon_core.shell:Creating environment hook '/home/pavithra/Intelligence_ABAJA-26/ros2_ws/install/abaja_interfaces/share/abaja_interfaces/hook/pythonpath.sh'
[9.572s] Level 1:colcon.colcon_core.environment:checking '/home/pavithra/Intelligence_ABAJA-26/ros2_ws/install/abaja_interfaces/bin'
[9.573s] INFO:colcon.colcon_core.shell:Creating package script '/home/pavithra/Intelligence_ABAJA-26/ros2_ws/install/abaja_interfaces/share/abaja_interfaces/package.ps1'
[9.575s] INFO:colcon.colcon_core.shell:Creating package descriptor '/home/pavithra/Intelligence_ABAJA-26/ros2_ws/install/abaja_interfaces/share/abaja_interfaces/package.dsv'
[9.577s] INFO:colcon.colcon_core.shell:Creating package script '/home/pavithra/Intelligence_ABAJA-26/ros2_ws/install/abaja_interfaces/share/abaja_interfaces/package.sh'
[9.579s] INFO:colcon.colcon_core.shell:Creating package script '/home/pavithra/Intelligence_ABAJA-26/ros2_ws/install/abaja_interfaces/share/abaja_interfaces/package.bash'
[9.581s] INFO:colcon.colcon_core.shell:Creating package script '/home/pavithra/Intelligence_ABAJA-26/ros2_ws/install/abaja_interfaces/share/abaja_interfaces/package.zsh'
[9.582s] Level 1:colcon.colcon_core.environment:create_file_with_runtime_dependencies(/home/pavithra/Intelligence_ABAJA-26/ros2_ws/install/abaja_interfaces/share/colcon-core/packages/abaja_interfaces)
[9.583s] Level 1:colcon.colcon_core.environment:create_environment_scripts_only(abaja_interfaces)
[9.584s] Level 1:colcon.colcon_core.environment:checking '/home/pavithra/Intelligence_ABAJA-26/ros2_ws/install/abaja_interfaces' for CMake module files
[9.585s] Level 1:colcon.colcon_core.environment:checking '/home/pavithra/Intelligence_ABAJA-26/ros2_ws/install/abaja_interfaces' for CMake config files
[9.586s] Level 1:colcon.colcon_core.shell:create_environment_hook('abaja_interfaces', 'cmake_prefix_path')
[9.586s] INFO:colcon.colcon_core.shell:Creating environment hook '/home/pavithra/Intelligence_ABAJA-26/ros2_ws/install/abaja_interfaces/share/abaja_interfaces/hook/cmake_prefix_path.ps1'
[9.587s] INFO:colcon.colcon_core.shell:Creating environment descriptor '/home/pavithra/Intelligence_ABAJA-26/ros2_ws/install/abaja_interfaces/share/abaja_interfaces/hook/cmake_prefix_path.dsv'
[9.588s] INFO:colcon.colcon_core.shell:Creating environment hook '/home/pavithra/Intelligence_ABAJA-26/ros2_ws/install/abaja_interfaces/share/abaja_interfaces/hook/cmake_prefix_path.sh'
[9.589s] Level 1:colcon.colcon_core.environment:checking '/home/pavithra/Intelligence_ABAJA-26/ros2_ws/install/abaja_interfaces/lib'
[9.589s] Level 1:colcon.colcon_core.shell:create_environment_hook('abaja_interfaces', 'ld_library_path_lib')
[9.590s] INFO:colcon.colcon_core.shell:Creating environment hook '/home/pavithra/Intelligence_ABAJA-26/ros2_ws/install/abaja_interfaces/share/abaja_interfaces/hook/ld_library_path_lib.ps1'
[9.590s] INFO:colcon.colcon_core.shell:Creating environment descriptor '/home/pavithra/Intelligence_ABAJA-26/ros2_ws/install/abaja_interfaces/share/abaja_interfaces/hook/ld_library_path_lib.dsv'
[9.591s] INFO:colcon.colcon_core.shell:Creating environment hook '/home/pavithra/Intelligence_ABAJA-26/ros2_ws/install/abaja_interfaces/share/abaja_interfaces/hook/ld_library_path_lib.sh'
[9.592s] Level 1:colcon.colcon_core.environment:checking '/home/pavithra/Intelligence_ABAJA-26/ros2_ws/install/abaja_interfaces/bin'
[9.592s] Level 1:colcon.colcon_core.environment:checking '/home/pavithra/Intelligence_ABAJA-26/ros2_ws/install/abaja_interfaces/lib/pkgconfig/abaja_interfaces.pc'
[9.593s] Level 1:colcon.colcon_core.environment:checking '/home/pavithra/Intelligence_ABAJA-26/ros2_ws/install/abaja_interfaces/lib/python3.12/site-packages'
[9.593s] Level 1:colcon.colcon_core.shell:create_environment_hook('abaja_interfaces', 'pythonpath')
[9.593s] INFO:colcon.colcon_core.shell:Creating environment hook '/home/pavithra/Intelligence_ABAJA-26/ros2_ws/install/abaja_interfaces/share/abaja_interfaces/hook/pythonpath.ps1'
[9.594s] INFO:colcon.colcon_core.shell:Creating environment descriptor '/home/pavithra/Intelligence_ABAJA-26/ros2_ws/install/abaja_interfaces/share/abaja_interfaces/hook/pythonpath.dsv'
[9.595s] INFO:colcon.colcon_core.shell:Creating environment hook '/home/pavithra/Intelligence_ABAJA-26/ros2_ws/install/abaja_interfaces/share/abaja_interfaces/hook/pythonpath.sh'
[9.596s] Level 1:colcon.colcon_core.environment:checking '/home/pavithra/Intelligence_ABAJA-26/ros2_ws/install/abaja_interfaces/bin'
[9.597s] INFO:colcon.colcon_core.shell:Creating package script '/home/pavithra/Intelligence_ABAJA-26/ros2_ws/install/abaja_interfaces/share/abaja_interfaces/package.ps1'
[9.598s] INFO:colcon.colcon_core.shell:Creating package descriptor '/home/pavithra/Intelligence_ABAJA-26/ros2_ws/install/abaja_interfaces/share/abaja_interfaces/package.dsv'
[9.599s] INFO:colcon.colcon_core.shell:Creating package script '/home/pavithra/Intelligence_ABAJA-26/ros2_ws/install/abaja_interfaces/share/abaja_interfaces/package.sh'
[9.599s] INFO:colcon.colcon_core.shell:Creating package script '/home/pavithra/Intelligence_ABAJA-26/ros2_ws/install/abaja_interfaces/share/abaja_interfaces/package.bash'
[9.600s] INFO:colcon.colcon_core.shell:Creating package script '/home/pavithra/Intelligence_ABAJA-26/ros2_ws/install/abaja_interfaces/share/abaja_interfaces/package.zsh'
[9.601s] Level 1:colcon.colcon_core.environment:create_file_with_runtime_dependencies(/home/pavithra/Intelligence_ABAJA-26/ros2_ws/install/abaja_interfaces/share/colcon-core/packages/abaja_interfaces)
[9.601s] INFO:colcon.colcon_ros.task.ament_python.build:Building ROS package in '/home/pavithra/Intelligence_ABAJA-26/ros2_ws/src/abaja_control' with build type 'ament_python'
[9.601s] Level 1:colcon.colcon_core.shell:create_environment_hook('abaja_control', 'ament_prefix_path')
[9.602s] INFO:colcon.colcon_core.shell:Creating environment hook '/home/pavithra/Intelligence_ABAJA-26/ros2_ws/install/abaja_control/share/abaja_control/hook/ament_prefix_path.ps1'
[9.603s] INFO:colcon.colcon_core.shell:Creating environment descriptor '/home/pavithra/Intelligence_ABAJA-26/ros2_ws/install/abaja_control/share/abaja_control/hook/ament_prefix_path.dsv'
[9.604s] INFO:colcon.colcon_core.shell:Creating environment hook '/home/pavithra/Intelligence_ABAJA-26/ros2_ws/install/abaja_control/share/abaja_control/hook/ament_prefix_path.sh'
[9.606s] INFO:colcon.colcon_core.shell:Skip shell extension 'powershell' for command environment: Not usable outside of PowerShell
[9.606s] DEBUG:colcon.colcon_core.shell:Skip shell extension 'dsv' for command environment
[9.614s] INFO:colcon.colcon_ros.task.ament_python.build:Building ROS package in '/home/pavithra/Intelligence_ABAJA-26/ros2_ws/src/abaja_dbw' with build type 'ament_python'
[9.614s] Level 1:colcon.colcon_core.shell:create_environment_hook('abaja_dbw', 'ament_prefix_path')
[9.615s] INFO:colcon.colcon_core.shell:Creating environment hook '/home/pavithra/Intelligence_ABAJA-26/ros2_ws/install/abaja_dbw/share/abaja_dbw/hook/ament_prefix_path.ps1'
[9.616s] INFO:colcon.colcon_core.shell:Creating environment descriptor '/home/pavithra/Intelligence_ABAJA-26/ros2_ws/install/abaja_dbw/share/abaja_dbw/hook/ament_prefix_path.dsv'
[9.617s] INFO:colcon.colcon_core.shell:Creating environment hook '/home/pavithra/Intelligence_ABAJA-26/ros2_ws/install/abaja_dbw/share/abaja_dbw/hook/ament_prefix_path.sh'
[9.618s] INFO:colcon.colcon_core.shell:Skip shell extension 'powershell' for command environment: Not usable outside of PowerShell
[9.618s] DEBUG:colcon.colcon_core.shell:Skip shell extension 'dsv' for command environment
[9.625s] INFO:colcon.colcon_ros.task.ament_python.build:Building ROS package in '/home/pavithra/Intelligence_ABAJA-26/ros2_ws/src/abaja_planning' with build type 'ament_python'
[9.625s] Level 1:colcon.colcon_core.shell:create_environment_hook('abaja_planning', 'ament_prefix_path')
[9.625s] INFO:colcon.colcon_core.shell:Creating environment hook '/home/pavithra/Intelligence_ABAJA-26/ros2_ws/install/abaja_planning/share/abaja_planning/hook/ament_prefix_path.ps1'
[9.626s] INFO:colcon.colcon_core.shell:Creating environment descriptor '/home/pavithra/Intelligence_ABAJA-26/ros2_ws/install/abaja_planning/share/abaja_planning/hook/ament_prefix_path.dsv'
[9.627s] INFO:colcon.colcon_core.shell:Creating environment hook '/home/pavithra/Intelligence_ABAJA-26/ros2_ws/install/abaja_planning/share/abaja_planning/hook/ament_prefix_path.sh'
[9.629s] INFO:colcon.colcon_core.shell:Skip shell extension 'powershell' for command environment: Not usable outside of PowerShell
[9.629s] DEBUG:colcon.colcon_core.shell:Skip shell extension 'dsv' for command environment
[9.798s] INFO:colcon.colcon_core.task.python.build:Building Python package in '/home/pavithra/Intelligence_ABAJA-26/ros2_ws/src/abaja_control'
[9.799s] INFO:colcon.colcon_core.shell:Skip shell extension 'powershell' for command environment: Not usable outside of PowerShell
[9.799s] DEBUG:colcon.colcon_core.shell:Skip shell extension 'dsv' for command environment
[9.979s] INFO:colcon.colcon_core.task.python.build:Building Python package in '/home/pavithra/Intelligence_ABAJA-26/ros2_ws/src/abaja_dbw'
[9.979s] INFO:colcon.colcon_core.shell:Skip shell extension 'powershell' for command environment: Not usable outside of PowerShell
[9.979s] DEBUG:colcon.colcon_core.shell:Skip shell extension 'dsv' for command environment
[10.133s] INFO:colcon.colcon_core.task.python.build:Building Python package in '/home/pavithra/Intelligence_ABAJA-26/ros2_ws/src/abaja_planning'
[10.134s] INFO:colcon.colcon_core.shell:Skip shell extension 'powershell' for command environment: Not usable outside of PowerShell
[10.134s] DEBUG:colcon.colcon_core.shell:Skip shell extension 'dsv' for command environment
[10.594s] DEBUG:colcon.colcon_core.event_handler.log_command:Invoking command in '/home/pavithra/Intelligence_ABAJA-26/ros2_ws/build/abaja_control': AMENT_PREFIX_PATH=/home/pavithra/Intelligence_ABAJA-26/ros2_ws/install/abaja_interfaces:${AMENT_PREFIX_PATH} CMAKE_PREFIX_PATH=/home/pavithra/Intelligence_ABAJA-26/ros2_ws/install/abaja_interfaces:${CMAKE_PREFIX_PATH} DEBUGINFOD_URLS=https://debuginfod.ubuntu.com LD_LIBRARY_PATH=/home/pavithra/Intelligence_ABAJA-26/ros2_ws/install/abaja_interfaces/lib:${LD_LIBRARY_PATH} PYTHONPATH=/home/pavithra/Intelligence_ABAJA-26/ros2_ws/build/abaja_control/prefix_override:/usr/lib/python3/dist-packages/colcon_core/task/python/colcon_distutils_commands:/home/pavithra/Intelligence_ABAJA-26/ros2_ws/install/abaja_control/lib/python3.12/site-packages:/home/pavithra/Intelligence_ABAJA-26/ros2_ws/install/abaja_interfaces/lib/python3.12/site-packages:${PYTHONPATH} /usr/bin/python3 -W ignore:setup.py install is deprecated -W ignore:easy_install command is deprecated setup.py develop --editable --build-directory /home/pavithra/Intelligence_ABAJA-26/ros2_ws/build/abaja_control/build --no-deps symlink_data
[10.639s] DEBUG:colcon.colcon_core.event_handler.log_command:Invoking command in '/home/pavithra/Intelligence_ABAJA-26/ros2_ws/build/abaja_dbw': AMENT_PREFIX_PATH=/home/pavithra/Intelligence_ABAJA-26/ros2_ws/install/abaja_interfaces:${AMENT_PREFIX_PATH} CMAKE_PREFIX_PATH=/home/pavithra/Intelligence_ABAJA-26/ros2_ws/install/abaja_interfaces:${CMAKE_PREFIX_PATH} DEBUGINFOD_URLS=https://debuginfod.ubuntu.com LD_LIBRARY_PATH=/home/pavithra/Intelligence_ABAJA-26/ros2_ws/install/abaja_interfaces/lib:${LD_LIBRARY_PATH} PYTHONPATH=/home/pavithra/Intelligence_ABAJA-26/ros2_ws/build/abaja_dbw/prefix_override:/usr/lib/python3/dist-packages/colcon_core/task/python/colcon_distutils_commands:/home/pavithra/Intelligence_ABAJA-26/ros2_ws/install/abaja_dbw/lib/python3.12/site-packages:/home/pavithra/Intelligence_ABAJA-26/ros2_ws/install/abaja_interfaces/lib/python3.12/site-packages:${PYTHONPATH} /usr/bin/python3 -W ignore:setup.py install is deprecated -W ignore:easy_install command is deprecated setup.py develop --editable --build-directory /home/pavithra/Intelligence_ABAJA-26/ros2_ws/build/abaja_dbw/build --no-deps symlink_data
[10.916s] DEBUG:colcon.colcon_core.event_handler.log_command:Invoking command in '/home/pavithra/Intelligence_ABAJA-26/ros2_ws/build/abaja_planning': AMENT_PREFIX_PATH=/home/pavithra/Intelligence_ABAJA-26/ros2_ws/install/abaja_interfaces:${AMENT_PREFIX_PATH} CMAKE_PREFIX_PATH=/home/pavithra/Intelligence_ABAJA-26/ros2_ws/install/abaja_interfaces:${CMAKE_PREFIX_PATH} DEBUGINFOD_URLS=https://debuginfod.ubuntu.com LD_LIBRARY_PATH=/home/pavithra/Intelligence_ABAJA-26/ros2_ws/install/abaja_interfaces/lib:${LD_LIBRARY_PATH} PYTHONPATH=/home/pavithra/Intelligence_ABAJA-26/ros2_ws/build/abaja_planning/prefix_override:/usr/lib/python3/dist-packages/colcon_core/task/python/colcon_distutils_commands:/home/pavithra/Intelligence_ABAJA-26/ros2_ws/install/abaja_planning/lib/python3.12/site-packages:/home/pavithra/Intelligence_ABAJA-26/ros2_ws/install/abaja_interfaces/lib/python3.12/site-packages:${PYTHONPATH} /usr/bin/python3 -W ignore:setup.py install is deprecated -W ignore:easy_install command is deprecated setup.py develop --editable --build-directory /home/pavithra/Intelligence_ABAJA-26/ros2_ws/build/abaja_planning/build --no-deps symlink_data
[11.159s] Level 1:colcon.colcon_core.shell:create_environment_hook('abaja_control', 'pythonpath_develop')
[11.159s] INFO:colcon.colcon_core.shell:Creating environment hook '/home/pavithra/Intelligence_ABAJA-26/ros2_ws/build/abaja_control/share/abaja_control/hook/pythonpath_develop.ps1'
[11.160s] INFO:colcon.colcon_core.shell:Creating environment descriptor '/home/pavithra/Intelligence_ABAJA-26/ros2_ws/build/abaja_control/share/abaja_control/hook/pythonpath_develop.dsv'
[11.160s] DEBUG:colcon.colcon_core.event_handler.log_command:Invoked command in '/home/pavithra/Intelligence_ABAJA-26/ros2_ws/build/abaja_control' returned '0': AMENT_PREFIX_PATH=/home/pavithra/Intelligence_ABAJA-26/ros2_ws/install/abaja_interfaces:${AMENT_PREFIX_PATH} CMAKE_PREFIX_PATH=/home/pavithra/Intelligence_ABAJA-26/ros2_ws/install/abaja_interfaces:${CMAKE_PREFIX_PATH} DEBUGINFOD_URLS=https://debuginfod.ubuntu.com LD_LIBRARY_PATH=/home/pavithra/Intelligence_ABAJA-26/ros2_ws/install/abaja_interfaces/lib:${LD_LIBRARY_PATH} PYTHONPATH=/home/pavithra/Intelligence_ABAJA-26/ros2_ws/build/abaja_control/prefix_override:/usr/lib/python3/dist-packages/colcon_core/task/python/colcon_distutils_commands:/home/pavithra/Intelligence_ABAJA-26/ros2_ws/install/abaja_control/lib/python3.12/site-packages:/home/pavithra/Intelligence_ABAJA-26/ros2_ws/install/abaja_interfaces/lib/python3.12/site-packages:${PYTHONPATH} /usr/bin/python3 -W ignore:setup.py install is deprecated -W ignore:easy_install command is deprecated setup.py develop --editable --build-directory /home/pavithra/Intelligence_ABAJA-26/ros2_ws/build/abaja_control/build --no-deps symlink_data
[11.160s] INFO:colcon.colcon_core.shell:Creating environment hook '/home/pavithra/Intelligence_ABAJA-26/ros2_ws/build/abaja_control/share/abaja_control/hook/pythonpath_develop.sh'
[11.160s] Level 1:colcon.colcon_core.environment:checking '/home/pavithra/Intelligence_ABAJA-26/ros2_ws/install/abaja_control' for CMake module files
[11.161s] Level 1:colcon.colcon_core.environment:checking '/home/pavithra/Intelligence_ABAJA-26/ros2_ws/install/abaja_control' for CMake config files
[11.161s] Level 1:colcon.colcon_core.environment:checking '/home/pavithra/Intelligence_ABAJA-26/ros2_ws/install/abaja_control/lib'
[11.161s] Level 1:colcon.colcon_core.environment:checking '/home/pavithra/Intelligence_ABAJA-26/ros2_ws/install/abaja_control/bin'
[11.161s] Level 1:colcon.colcon_core.environment:checking '/home/pavithra/Intelligence_ABAJA-26/ros2_ws/install/abaja_control/lib/pkgconfig/abaja_control.pc'
[11.162s] Level 1:colcon.colcon_core.environment:checking '/home/pavithra/Intelligence_ABAJA-26/ros2_ws/install/abaja_control/lib/python3.12/site-packages'
[11.162s] Level 1:colcon.colcon_core.shell:create_environment_hook('abaja_control', 'pythonpath')
[11.162s] INFO:colcon.colcon_core.shell:Creating environment hook '/home/pavithra/Intelligence_ABAJA-26/ros2_ws/install/abaja_control/share/abaja_control/hook/pythonpath.ps1'
[11.162s] INFO:colcon.colcon_core.shell:Creating environment descriptor '/home/pavithra/Intelligence_ABAJA-26/ros2_ws/install/abaja_control/share/abaja_control/hook/pythonpath.dsv'
[11.163s] INFO:colcon.colcon_core.shell:Creating environment hook '/home/pavithra/Intelligence_ABAJA-26/ros2_ws/install/abaja_control/share/abaja_control/hook/pythonpath.sh'
[11.163s] Level 1:colcon.colcon_core.environment:checking '/home/pavithra/Intelligence_ABAJA-26/ros2_ws/install/abaja_control/bin'
[11.163s] Level 1:colcon.colcon_core.environment:create_environment_scripts_only(abaja_control)
[11.163s] INFO:colcon.colcon_core.shell:Creating package script '/home/pavithra/Intelligence_ABAJA-26/ros2_ws/install/abaja_control/share/abaja_control/package.ps1'
[11.164s] INFO:colcon.colcon_core.shell:Creating package descriptor '/home/pavithra/Intelligence_ABAJA-26/ros2_ws/install/abaja_control/share/abaja_control/package.dsv'
[11.164s] INFO:colcon.colcon_core.shell:Creating package script '/home/pavithra/Intelligence_ABAJA-26/ros2_ws/install/abaja_control/share/abaja_control/package.sh'
[11.165s] INFO:colcon.colcon_core.shell:Creating package script '/home/pavithra/Intelligence_ABAJA-26/ros2_ws/install/abaja_control/share/abaja_control/package.bash'
[11.165s] INFO:colcon.colcon_core.shell:Creating package script '/home/pavithra/Intelligence_ABAJA-26/ros2_ws/install/abaja_control/share/abaja_control/package.zsh'
[11.165s] Level 1:colcon.colcon_core.environment:create_file_with_runtime_dependencies(/home/pavithra/Intelligence_ABAJA-26/ros2_ws/install/abaja_control/share/colcon-core/packages/abaja_control)
[11.201s] Level 1:colcon.colcon_core.shell:create_environment_hook('abaja_dbw', 'pythonpath_develop')
[11.202s] INFO:colcon.colcon_core.shell:Creating environment hook '/home/pavithra/Intelligence_ABAJA-26/ros2_ws/build/abaja_dbw/share/abaja_dbw/hook/pythonpath_develop.ps1'
[11.203s] INFO:colcon.colcon_core.shell:Creating environment descriptor '/home/pavithra/Intelligence_ABAJA-26/ros2_ws/build/abaja_dbw/share/abaja_dbw/hook/pythonpath_develop.dsv'
[11.203s] DEBUG:colcon.colcon_core.event_handler.log_command:Invoked command in '/home/pavithra/Intelligence_ABAJA-26/ros2_ws/build/abaja_dbw' returned '0': AMENT_PREFIX_PATH=/home/pavithra/Intelligence_ABAJA-26/ros2_ws/install/abaja_interfaces:${AMENT_PREFIX_PATH} CMAKE_PREFIX_PATH=/home/pavithra/Intelligence_ABAJA-26/ros2_ws/install/abaja_interfaces:${CMAKE_PREFIX_PATH} DEBUGINFOD_URLS=https://debuginfod.ubuntu.com LD_LIBRARY_PATH=/home/pavithra/Intelligence_ABAJA-26/ros2_ws/install/abaja_interfaces/lib:${LD_LIBRARY_PATH} PYTHONPATH=/home/pavithra/Intelligence_ABAJA-26/ros2_ws/build/abaja_dbw/prefix_override:/usr/lib/python3/dist-packages/colcon_core/task/python/colcon_distutils_commands:/home/pavithra/Intelligence_ABAJA-26/ros2_ws/install/abaja_dbw/lib/python3.12/site-packages:/home/pavithra/Intelligence_ABAJA-26/ros2_ws/install/abaja_interfaces/lib/python3.12/site-packages:${PYTHONPATH} /usr/bin/python3 -W ignore:setup.py install is deprecated -W ignore:easy_install command is deprecated setup.py develop --editable --build-directory /home/pavithra/Intelligence_ABAJA-26/ros2_ws/build/abaja_dbw/build --no-deps symlink_data
[11.203s] INFO:colcon.colcon_core.shell:Creating environment hook '/home/pavithra/Intelligence_ABAJA-26/ros2_ws/build/abaja_dbw/share/abaja_dbw/hook/pythonpath_develop.sh'
[11.204s] Level 1:colcon.colcon_core.environment:checking '/home/pavithra/Intelligence_ABAJA-26/ros2_ws/install/abaja_dbw' for CMake module files
[11.204s] Level 1:colcon.colcon_core.environment:checking '/home/pavithra/Intelligence_ABAJA-26/ros2_ws/install/abaja_dbw' for CMake config files
[11.205s] Level 1:colcon.colcon_core.environment:checking '/home/pavithra/Intelligence_ABAJA-26/ros2_ws/install/abaja_dbw/lib'
[11.205s] Level 1:colcon.colcon_core.environment:checking '/home/pavithra/Intelligence_ABAJA-26/ros2_ws/install/abaja_dbw/bin'
[11.205s] Level 1:colcon.colcon_core.environment:checking '/home/pavithra/Intelligence_ABAJA-26/ros2_ws/install/abaja_dbw/lib/pkgconfig/abaja_dbw.pc'
[11.205s] Level 1:colcon.colcon_core.environment:checking '/home/pavithra/Intelligence_ABAJA-26/ros2_ws/install/abaja_dbw/lib/python3.12/site-packages'
[11.205s] Level 1:colcon.colcon_core.shell:create_environment_hook('abaja_dbw', 'pythonpath')
[11.205s] INFO:colcon.colcon_core.shell:Creating environment hook '/home/pavithra/Intelligence_ABAJA-26/ros2_ws/install/abaja_dbw/share/abaja_dbw/hook/pythonpath.ps1'
[11.205s] INFO:colcon.colcon_core.shell:Creating environment descriptor '/home/pavithra/Intelligence_ABAJA-26/ros2_ws/install/abaja_dbw/share/abaja_dbw/hook/pythonpath.dsv'
[11.206s] INFO:colcon.colcon_core.shell:Creating environment hook '/home/pavithra/Intelligence_ABAJA-26/ros2_ws/install/abaja_dbw/share/abaja_dbw/hook/pythonpath.sh'
[11.206s] Level 1:colcon.colcon_core.environment:checking '/home/pavithra/Intelligence_ABAJA-26/ros2_ws/install/abaja_dbw/bin'
[11.206s] Level 1:colcon.colcon_core.environment:create_environment_scripts_only(abaja_dbw)
[11.206s] INFO:colcon.colcon_core.shell:Creating package script '/home/pavithra/Intelligence_ABAJA-26/ros2_ws/install/abaja_dbw/share/abaja_dbw/package.ps1'
[11.207s] INFO:colcon.colcon_core.shell:Creating package descriptor '/home/pavithra/Intelligence_ABAJA-26/ros2_ws/install/abaja_dbw/share/abaja_dbw/package.dsv'
[11.207s] INFO:colcon.colcon_core.shell:Creating package script '/home/pavithra/Intelligence_ABAJA-26/ros2_ws/install/abaja_dbw/share/abaja_dbw/package.sh'
[11.207s] INFO:colcon.colcon_core.shell:Creating package script '/home/pavithra/Intelligence_ABAJA-26/ros2_ws/install/abaja_dbw/share/abaja_dbw/package.bash'
[11.208s] INFO:colcon.colcon_core.shell:Creating package script '/home/pavithra/Intelligence_ABAJA-26/ros2_ws/install/abaja_dbw/share/abaja_dbw/package.zsh'
[11.208s] Level 1:colcon.colcon_core.environment:create_file_with_runtime_dependencies(/home/pavithra/Intelligence_ABAJA-26/ros2_ws/install/abaja_dbw/share/colcon-core/packages/abaja_dbw)
[11.567s] Level 1:colcon.colcon_core.shell:create_environment_hook('abaja_planning', 'pythonpath_develop')
[11.567s] INFO:colcon.colcon_core.shell:Creating environment hook '/home/pavithra/Intelligence_ABAJA-26/ros2_ws/build/abaja_planning/share/abaja_planning/hook/pythonpath_develop.ps1'
[11.567s] DEBUG:colcon.colcon_core.event_handler.log_command:Invoked command in '/home/pavithra/Intelligence_ABAJA-26/ros2_ws/build/abaja_planning' returned '0': AMENT_PREFIX_PATH=/home/pavithra/Intelligence_ABAJA-26/ros2_ws/install/abaja_interfaces:${AMENT_PREFIX_PATH} CMAKE_PREFIX_PATH=/home/pavithra/Intelligence_ABAJA-26/ros2_ws/install/abaja_interfaces:${CMAKE_PREFIX_PATH} DEBUGINFOD_URLS=https://debuginfod.ubuntu.com LD_LIBRARY_PATH=/home/pavithra/Intelligence_ABAJA-26/ros2_ws/install/abaja_interfaces/lib:${LD_LIBRARY_PATH} PYTHONPATH=/home/pavithra/Intelligence_ABAJA-26/ros2_ws/build/abaja_planning/prefix_override:/usr/lib/python3/dist-packages/colcon_core/task/python/colcon_distutils_commands:/home/pavithra/Intelligence_ABAJA-26/ros2_ws/install/abaja_planning/lib/python3.12/site-packages:/home/pavithra/Intelligence_ABAJA-26/ros2_ws/install/abaja_interfaces/lib/python3.12/site-packages:${PYTHONPATH} /usr/bin/python3 -W ignore:setup.py install is deprecated -W ignore:easy_install command is deprecated setup.py develop --editable --build-directory /home/pavithra/Intelligence_ABAJA-26/ros2_ws/build/abaja_planning/build --no-deps symlink_data
[11.568s] INFO:colcon.colcon_core.shell:Creating environment descriptor '/home/pavithra/Intelligence_ABAJA-26/ros2_ws/build/abaja_planning/share/abaja_planning/hook/pythonpath_develop.dsv'
[11.568s] INFO:colcon.colcon_core.shell:Creating environment hook '/home/pavithra/Intelligence_ABAJA-26/ros2_ws/build/abaja_planning/share/abaja_planning/hook/pythonpath_develop.sh'
[11.568s] Level 1:colcon.colcon_core.environment:checking '/home/pavithra/Intelligence_ABAJA-26/ros2_ws/install/abaja_planning' for CMake module files
[11.569s] Level 1:colcon.colcon_core.environment:checking '/home/pavithra/Intelligence_ABAJA-26/ros2_ws/install/abaja_planning' for CMake config files
[11.569s] Level 1:colcon.colcon_core.environment:checking '/home/pavithra/Intelligence_ABAJA-26/ros2_ws/install/abaja_planning/lib'
[11.569s] Level 1:colcon.colcon_core.environment:checking '/home/pavithra/Intelligence_ABAJA-26/ros2_ws/install/abaja_planning/bin'
[11.569s] Level 1:colcon.colcon_core.environment:checking '/home/pavithra/Intelligence_ABAJA-26/ros2_ws/install/abaja_planning/lib/pkgconfig/abaja_planning.pc'
[11.569s] Level 1:colcon.colcon_core.environment:checking '/home/pavithra/Intelligence_ABAJA-26/ros2_ws/install/abaja_planning/lib/python3.12/site-packages'
[11.569s] Level 1:colcon.colcon_core.shell:create_environment_hook('abaja_planning', 'pythonpath')
[11.569s] INFO:colcon.colcon_core.shell:Creating environment hook '/home/pavithra/Intelligence_ABAJA-26/ros2_ws/install/abaja_planning/share/abaja_planning/hook/pythonpath.ps1'
[11.570s] INFO:colcon.colcon_core.shell:Creating environment descriptor '/home/pavithra/Intelligence_ABAJA-26/ros2_ws/install/abaja_planning/share/abaja_planning/hook/pythonpath.dsv'
[11.570s] INFO:colcon.colcon_core.shell:Creating environment hook '/home/pavithra/Intelligence_ABAJA-26/ros2_ws/install/abaja_planning/share/abaja_planning/hook/pythonpath.sh'
[11.570s] Level 1:colcon.colcon_core.environment:checking '/home/pavithra/Intelligence_ABAJA-26/ros2_ws/install/abaja_planning/bin'
[11.571s] Level 1:colcon.colcon_core.environment:create_environment_scripts_only(abaja_planning)
[11.571s] INFO:colcon.colcon_core.shell:Creating package script '/home/pavithra/Intelligence_ABAJA-26/ros2_ws/install/abaja_planning/share/abaja_planning/package.ps1'
[11.571s] INFO:colcon.colcon_core.shell:Creating package descriptor '/home/pavithra/Intelligence_ABAJA-26/ros2_ws/install/abaja_planning/share/abaja_planning/package.dsv'
[11.572s] INFO:colcon.colcon_core.shell:Creating package script '/home/pavithra/Intelligence_ABAJA-26/ros2_ws/install/abaja_planning/share/abaja_planning/package.sh'
[11.572s] INFO:colcon.colcon_core.shell:Creating package script '/home/pavithra/Intelligence_ABAJA-26/ros2_ws/install/abaja_planning/share/abaja_planning/package.bash'
[11.572s] INFO:colcon.colcon_core.shell:Creating package script '/home/pavithra/Intelligence_ABAJA-26/ros2_ws/install/abaja_planning/share/abaja_planning/package.zsh'
[11.572s] Level 1:colcon.colcon_core.environment:create_file_with_runtime_dependencies(/home/pavithra/Intelligence_ABAJA-26/ros2_ws/install/abaja_planning/share/colcon-core/packages/abaja_planning)
[11.573s] INFO:colcon.colcon_ros.task.ament_python.build:Building ROS package in '/home/pavithra/Intelligence_ABAJA-26/ros2_ws/src/abaja_bringup' with build type 'ament_python'
[11.573s] Level 1:colcon.colcon_core.shell:create_environment_hook('abaja_bringup', 'ament_prefix_path')
[11.573s] INFO:colcon.colcon_core.shell:Creating environment hook '/home/pavithra/Intelligence_ABAJA-26/ros2_ws/install/abaja_bringup/share/abaja_bringup/hook/ament_prefix_path.ps1'
[11.574s] INFO:colcon.colcon_core.shell:Creating environment descriptor '/home/pavithra/Intelligence_ABAJA-26/ros2_ws/install/abaja_bringup/share/abaja_bringup/hook/ament_prefix_path.dsv'
[11.574s] INFO:colcon.colcon_core.shell:Creating environment hook '/home/pavithra/Intelligence_ABAJA-26/ros2_ws/install/abaja_bringup/share/abaja_bringup/hook/ament_prefix_path.sh'
[11.574s] INFO:colcon.colcon_core.shell:Skip shell extension 'powershell' for command environment: Not usable outside of PowerShell
[11.575s] DEBUG:colcon.colcon_core.shell:Skip shell extension 'dsv' for command environment
[11.767s] INFO:colcon.colcon_core.task.python.build:Building Python package in '/home/pavithra/Intelligence_ABAJA-26/ros2_ws/src/abaja_bringup'
[11.767s] INFO:colcon.colcon_core.shell:Skip shell extension 'powershell' for command environment: Not usable outside of PowerShell
[11.767s] DEBUG:colcon.colcon_core.shell:Skip shell extension 'dsv' for command environment
[12.194s] DEBUG:colcon.colcon_core.event_handler.log_command:Invoking command in '/home/pavithra/Intelligence_ABAJA-26/ros2_ws/build/abaja_bringup': AMENT_PREFIX_PATH=/home/pavithra/Intelligence_ABAJA-26/ros2_ws/install/abaja_vehicle_state:/home/pavithra/Intelligence_ABAJA-26/ros2_ws/install/abaja_planning:/home/pavithra/Intelligence_ABAJA-26/ros2_ws/install/abaja_logging:/home/pavithra/Intelligence_ABAJA-26/ros2_ws/install/abaja_dbw:/home/pavithra/Intelligence_ABAJA-26/ros2_ws/install/abaja_control:/home/pavithra/Intelligence_ABAJA-26/ros2_ws/install/abaja_teleop:/home/pavithra/Intelligence_ABAJA-26/ros2_ws/install/abaja_safety:/home/pavithra/Intelligence_ABAJA-26/ros2_ws/install/abaja_interfaces:/home/pavithra/Intelligence_ABAJA-26/ros2_ws/install/abaja_description:${AMENT_PREFIX_PATH} CMAKE_PREFIX_PATH=/home/pavithra/Intelligence_ABAJA-26/ros2_ws/install/abaja_interfaces:/home/pavithra/Intelligence_ABAJA-26/ros2_ws/install/abaja_description:${CMAKE_PREFIX_PATH} DEBUGINFOD_URLS=https://debuginfod.ubuntu.com LD_LIBRARY_PATH=/home/pavithra/Intelligence_ABAJA-26/ros2_ws/install/abaja_interfaces/lib:${LD_LIBRARY_PATH} PYTHONPATH=/home/pavithra/Intelligence_ABAJA-26/ros2_ws/build/abaja_bringup/prefix_override:/usr/lib/python3/dist-packages/colcon_core/task/python/colcon_distutils_commands:/home/pavithra/Intelligence_ABAJA-26/ros2_ws/install/abaja_bringup/lib/python3.12/site-packages:/home/pavithra/Intelligence_ABAJA-26/ros2_ws/build/abaja_vehicle_state:/home/pavithra/Intelligence_ABAJA-26/ros2_ws/install/abaja_vehicle_state/lib/python3.12/site-packages:/home/pavithra/Intelligence_ABAJA-26/ros2_ws/build/abaja_planning:/home/pavithra/Intelligence_ABAJA-26/ros2_ws/install/abaja_planning/lib/python3.12/site-packages:/home/pavithra/Intelligence_ABAJA-26/ros2_ws/build/abaja_logging:/home/pavithra/Intelligence_ABAJA-26/ros2_ws/install/abaja_logging/lib/python3.12/site-packages:/home/pavithra/Intelligence_ABAJA-26/ros2_ws/build/abaja_dbw:/home/pavithra/Intelligence_ABAJA-26/ros2_ws/install/abaja_dbw/lib/python3.12/site-packages:/home/pavithra/Intelligence_ABAJA-26/ros2_ws/build/abaja_control:/home/pavithra/Intelligence_ABAJA-26/ros2_ws/install/abaja_control/lib/python3.12/site-packages:/home/pavithra/Intelligence_ABAJA-26/ros2_ws/build/abaja_teleop:/home/pavithra/Intelligence_ABAJA-26/ros2_ws/install/abaja_teleop/lib/python3.12/site-packages:/home/pavithra/Intelligence_ABAJA-26/ros2_ws/build/abaja_safety:/home/pavithra/Intelligence_ABAJA-26/ros2_ws/install/abaja_safety/lib/python3.12/site-packages:/home/pavithra/Intelligence_ABAJA-26/ros2_ws/install/abaja_interfaces/lib/python3.12/site-packages:${PYTHONPATH} /usr/bin/python3 -W ignore:setup.py install is deprecated -W ignore:easy_install command is deprecated setup.py develop --editable --build-directory /home/pavithra/Intelligence_ABAJA-26/ros2_ws/build/abaja_bringup/build --no-deps symlink_data
[12.625s] Level 1:colcon.colcon_core.shell:create_environment_hook('abaja_bringup', 'pythonpath_develop')
[12.625s] INFO:colcon.colcon_core.shell:Creating environment hook '/home/pavithra/Intelligence_ABAJA-26/ros2_ws/build/abaja_bringup/share/abaja_bringup/hook/pythonpath_develop.ps1'
[12.625s] DEBUG:colcon.colcon_core.event_handler.log_command:Invoked command in '/home/pavithra/Intelligence_ABAJA-26/ros2_ws/build/abaja_bringup' returned '0': AMENT_PREFIX_PATH=/home/pavithra/Intelligence_ABAJA-26/ros2_ws/install/abaja_vehicle_state:/home/pavithra/Intelligence_ABAJA-26/ros2_ws/install/abaja_planning:/home/pavithra/Intelligence_ABAJA-26/ros2_ws/install/abaja_logging:/home/pavithra/Intelligence_ABAJA-26/ros2_ws/install/abaja_dbw:/home/pavithra/Intelligence_ABAJA-26/ros2_ws/install/abaja_control:/home/pavithra/Intelligence_ABAJA-26/ros2_ws/install/abaja_teleop:/home/pavithra/Intelligence_ABAJA-26/ros2_ws/install/abaja_safety:/home/pavithra/Intelligence_ABAJA-26/ros2_ws/install/abaja_interfaces:/home/pavithra/Intelligence_ABAJA-26/ros2_ws/install/abaja_description:${AMENT_PREFIX_PATH} CMAKE_PREFIX_PATH=/home/pavithra/Intelligence_ABAJA-26/ros2_ws/install/abaja_interfaces:/home/pavithra/Intelligence_ABAJA-26/ros2_ws/install/abaja_description:${CMAKE_PREFIX_PATH} DEBUGINFOD_URLS=https://debuginfod.ubuntu.com LD_LIBRARY_PATH=/home/pavithra/Intelligence_ABAJA-26/ros2_ws/install/abaja_interfaces/lib:${LD_LIBRARY_PATH} PYTHONPATH=/home/pavithra/Intelligence_ABAJA-26/ros2_ws/build/abaja_bringup/prefix_override:/usr/lib/python3/dist-packages/colcon_core/task/python/colcon_distutils_commands:/home/pavithra/Intelligence_ABAJA-26/ros2_ws/install/abaja_bringup/lib/python3.12/site-packages:/home/pavithra/Intelligence_ABAJA-26/ros2_ws/build/abaja_vehicle_state:/home/pavithra/Intelligence_ABAJA-26/ros2_ws/install/abaja_vehicle_state/lib/python3.12/site-packages:/home/pavithra/Intelligence_ABAJA-26/ros2_ws/build/abaja_planning:/home/pavithra/Intelligence_ABAJA-26/ros2_ws/install/abaja_planning/lib/python3.12/site-packages:/home/pavithra/Intelligence_ABAJA-26/ros2_ws/build/abaja_logging:/home/pavithra/Intelligence_ABAJA-26/ros2_ws/install/abaja_logging/lib/python3.12/site-packages:/home/pavithra/Intelligence_ABAJA-26/ros2_ws/build/abaja_dbw:/home/pavithra/Intelligence_ABAJA-26/ros2_ws/install/abaja_dbw/lib/python3.12/site-packages:/home/pavithra/Intelligence_ABAJA-26/ros2_ws/build/abaja_control:/home/pavithra/Intelligence_ABAJA-26/ros2_ws/install/abaja_control/lib/python3.12/site-packages:/home/pavithra/Intelligence_ABAJA-26/ros2_ws/build/abaja_teleop:/home/pavithra/Intelligence_ABAJA-26/ros2_ws/install/abaja_teleop/lib/python3.12/site-packages:/home/pavithra/Intelligence_ABAJA-26/ros2_ws/build/abaja_safety:/home/pavithra/Intelligence_ABAJA-26/ros2_ws/install/abaja_safety/lib/python3.12/site-packages:/home/pavithra/Intelligence_ABAJA-26/ros2_ws/install/abaja_interfaces/lib/python3.12/site-packages:${PYTHONPATH} /usr/bin/python3 -W ignore:setup.py install is deprecated -W ignore:easy_install command is deprecated setup.py develop --editable --build-directory /home/pavithra/Intelligence_ABAJA-26/ros2_ws/build/abaja_bringup/build --no-deps symlink_data
[12.626s] INFO:colcon.colcon_core.shell:Creating environment descriptor '/home/pavithra/Intelligence_ABAJA-26/ros2_ws/build/abaja_bringup/share/abaja_bringup/hook/pythonpath_develop.dsv'
[12.626s] INFO:colcon.colcon_core.shell:Creating environment hook '/home/pavithra/Intelligence_ABAJA-26/ros2_ws/build/abaja_bringup/share/abaja_bringup/hook/pythonpath_develop.sh'
[12.627s] Level 1:colcon.colcon_core.environment:checking '/home/pavithra/Intelligence_ABAJA-26/ros2_ws/install/abaja_bringup' for CMake module files
[12.627s] Level 1:colcon.colcon_core.environment:checking '/home/pavithra/Intelligence_ABAJA-26/ros2_ws/install/abaja_bringup' for CMake config files
[12.627s] Level 1:colcon.colcon_core.environment:checking '/home/pavithra/Intelligence_ABAJA-26/ros2_ws/install/abaja_bringup/lib'
[12.627s] Level 1:colcon.colcon_core.environment:checking '/home/pavithra/Intelligence_ABAJA-26/ros2_ws/install/abaja_bringup/bin'
[12.627s] Level 1:colcon.colcon_core.environment:checking '/home/pavithra/Intelligence_ABAJA-26/ros2_ws/install/abaja_bringup/lib/pkgconfig/abaja_bringup.pc'
[12.628s] Level 1:colcon.colcon_core.environment:checking '/home/pavithra/Intelligence_ABAJA-26/ros2_ws/install/abaja_bringup/lib/python3.12/site-packages'
[12.628s] Level 1:colcon.colcon_core.shell:create_environment_hook('abaja_bringup', 'pythonpath')
[12.628s] INFO:colcon.colcon_core.shell:Creating environment hook '/home/pavithra/Intelligence_ABAJA-26/ros2_ws/install/abaja_bringup/share/abaja_bringup/hook/pythonpath.ps1'
[12.628s] INFO:colcon.colcon_core.shell:Creating environment descriptor '/home/pavithra/Intelligence_ABAJA-26/ros2_ws/install/abaja_bringup/share/abaja_bringup/hook/pythonpath.dsv'
[12.629s] INFO:colcon.colcon_core.shell:Creating environment hook '/home/pavithra/Intelligence_ABAJA-26/ros2_ws/install/abaja_bringup/share/abaja_bringup/hook/pythonpath.sh'
[12.629s] Level 1:colcon.colcon_core.environment:checking '/home/pavithra/Intelligence_ABAJA-26/ros2_ws/install/abaja_bringup/bin'
[12.629s] Level 1:colcon.colcon_core.environment:create_environment_scripts_only(abaja_bringup)
[12.630s] INFO:colcon.colcon_core.shell:Creating package script '/home/pavithra/Intelligence_ABAJA-26/ros2_ws/install/abaja_bringup/share/abaja_bringup/package.ps1'
[12.630s] INFO:colcon.colcon_core.shell:Creating package descriptor '/home/pavithra/Intelligence_ABAJA-26/ros2_ws/install/abaja_bringup/share/abaja_bringup/package.dsv'
[12.631s] INFO:colcon.colcon_core.shell:Creating package script '/home/pavithra/Intelligence_ABAJA-26/ros2_ws/install/abaja_bringup/share/abaja_bringup/package.sh'
[12.631s] INFO:colcon.colcon_core.shell:Creating package script '/home/pavithra/Intelligence_ABAJA-26/ros2_ws/install/abaja_bringup/share/abaja_bringup/package.bash'
[12.631s] INFO:colcon.colcon_core.shell:Creating package script '/home/pavithra/Intelligence_ABAJA-26/ros2_ws/install/abaja_bringup/share/abaja_bringup/package.zsh'
[12.631s] Level 1:colcon.colcon_core.environment:create_file_with_runtime_dependencies(/home/pavithra/Intelligence_ABAJA-26/ros2_ws/install/abaja_bringup/share/colcon-core/packages/abaja_bringup)
[12.632s] DEBUG:colcon.colcon_parallel_executor.executor.parallel:closing loop
[12.632s] DEBUG:colcon.colcon_parallel_executor.executor.parallel:loop closed
[12.632s] DEBUG:colcon.colcon_parallel_executor.executor.parallel:run_until_complete finished with '0'
[12.632s] DEBUG:colcon.colcon_core.event_reactor:joining thread
[12.638s] INFO:colcon.colcon_core.plugin_system:Skipping extension 'colcon_notification.desktop_notification.terminal_notifier': Not used on non-Darwin systems
[12.638s] INFO:colcon.colcon_core.plugin_system:Skipping extension 'colcon_notification.desktop_notification.win32': Not used on non-Windows systems
[12.638s] INFO:colcon.colcon_notification.desktop_notification:Sending desktop notification using 'notify2'
[12.655s] DEBUG:colcon.colcon_core.event_reactor:joined thread
[12.656s] INFO:colcon.colcon_core.shell:Creating prefix script '/home/pavithra/Intelligence_ABAJA-26/ros2_ws/install/local_setup.ps1'
[12.656s] INFO:colcon.colcon_core.shell:Creating prefix util module '/home/pavithra/Intelligence_ABAJA-26/ros2_ws/install/_local_setup_util_ps1.py'
[12.657s] INFO:colcon.colcon_core.shell:Creating prefix chain script '/home/pavithra/Intelligence_ABAJA-26/ros2_ws/install/setup.ps1'
[12.658s] INFO:colcon.colcon_core.shell:Creating prefix script '/home/pavithra/Intelligence_ABAJA-26/ros2_ws/install/local_setup.sh'
[12.659s] INFO:colcon.colcon_core.shell:Creating prefix util module '/home/pavithra/Intelligence_ABAJA-26/ros2_ws/install/_local_setup_util_sh.py'
[12.659s] INFO:colcon.colcon_core.shell:Creating prefix chain script '/home/pavithra/Intelligence_ABAJA-26/ros2_ws/install/setup.sh'
[12.660s] INFO:colcon.colcon_core.shell:Creating prefix script '/home/pavithra/Intelligence_ABAJA-26/ros2_ws/install/local_setup.bash'
[12.660s] INFO:colcon.colcon_core.shell:Creating prefix chain script '/home/pavithra/Intelligence_ABAJA-26/ros2_ws/install/setup.bash'
[12.661s] INFO:colcon.colcon_core.shell:Creating prefix script '/home/pavithra/Intelligence_ABAJA-26/ros2_ws/install/local_setup.zsh'
[12.661s] INFO:colcon.colcon_core.shell:Creating prefix chain script '/home/pavithra/Intelligence_ABAJA-26/ros2_ws/install/setup.zsh'
