[0.026s] Invoking command in '/home/pavithra/Intelligence_ABAJA-26/ros2_ws/build/abaja_interfaces': CMAKE_PREFIX_PATH=${CMAKE_PREFIX_PATH}:/opt/ros/jazzy DEBUGINFOD_URLS=https://debuginfod.ubuntu.com /usr/bin/cmake /home/pavithra/Intelligence_ABAJA-26/ros2_ws/src/abaja_interfaces -DAMENT_CMAKE_SYMLINK_INSTALL=1 -DCMAKE_INSTALL_PREFIX=/home/pavithra/Intelligence_ABAJA-26/ros2_ws/install/abaja_interfaces
[0.439s] -- Found ament_cmake: 2.5.6 (/opt/ros/jazzy/share/ament_cmake/cmake)
[0.439s] -- Override CMake install command with custom implementation using symlinks instead of copying resources
[0.441s] -- Found rosidl_default_generators: 1.6.0 (/opt/ros/jazzy/share/rosidl_default_generators/cmake)
[0.441s] -- Using all available rosidl_typesupport_c: rosidl_typesupport_fastrtps_c;rosidl_typesupport_introspection_c
[0.442s] -- Using all available rosidl_typesupport_cpp: rosidl_typesupport_fastrtps_cpp;rosidl_typesupport_introspection_cpp
[0.442s] -- Found rosidl_adapter: 4.6.7 (/opt/ros/jazzy/share/rosidl_adapter/cmake)
[0.442s] -- Found std_msgs: 5.3.7 (/opt/ros/jazzy/share/std_msgs/cmake)
[0.737s] -- Found ament_cmake_ros: 0.12.0 (/opt/ros/jazzy/share/ament_cmake_ros/cmake)
[0.927s] -- Using all available rosidl_typesupport_c: rosidl_typesupport_fastrtps_c;rosidl_typesupport_introspection_c
[1.167s] -- Using all available rosidl_typesupport_cpp: rosidl_typesupport_fastrtps_cpp;rosidl_typesupport_introspection_cpp
[1.169s] -- Found python_cmake_module: 0.11.1 (/opt/ros/jazzy/share/python_cmake_module/cmake)
[1.541s] -- Found Python3: /usr/bin/python3 (found version "3.12.3") found components: Interpreter Development NumPy Development.Module Development.Embed 
[1.632s] -- Found Python3: /usr/bin/python3 (found version "3.12.3") found components: Interpreter 
[1.640s] -- Found ament_lint_auto: 0.17.5 (/opt/ros/jazzy/share/ament_lint_auto/cmake)
[1.659s] -- Added test 'lint_cmake' to check CMake code style
[1.661s] -- Added test 'xmllint' to check XML markup files
[1.664s] -- Configuring done (1.6s)
[1.764s] -- Generating done (0.1s)
[1.783s] -- Build files have been written to: /home/pavithra/Intelligence_ABAJA-26/ros2_ws/build/abaja_interfaces
[1.794s] Invoked command in '/home/pavithra/Intelligence_ABAJA-26/ros2_ws/build/abaja_interfaces' returned '0': CMAKE_PREFIX_PATH=${CMAKE_PREFIX_PATH}:/opt/ros/jazzy DEBUGINFOD_URLS=https://debuginfod.ubuntu.com /usr/bin/cmake /home/pavithra/Intelligence_ABAJA-26/ros2_ws/src/abaja_interfaces -DAMENT_CMAKE_SYMLINK_INSTALL=1 -DCMAKE_INSTALL_PREFIX=/home/pavithra/Intelligence_ABAJA-26/ros2_ws/install/abaja_interfaces
[1.795s] Invoking command in '/home/pavithra/Intelligence_ABAJA-26/ros2_ws/build/abaja_interfaces': CMAKE_PREFIX_PATH=${CMAKE_PREFIX_PATH}:/opt/ros/jazzy DEBUGINFOD_URLS=https://debuginfod.ubuntu.com /usr/bin/cmake --build /home/pavithra/Intelligence_ABAJA-26/ros2_ws/build/abaja_interfaces -- -j12 -l12
[1.866s] [  0%] Built target abaja_interfaces__rs
[1.869s] [  0%] Built target abaja_interfaces__rosidl_generator_type_description
[1.874s] [  0%] Built target ament_cmake_python_symlink_abaja_interfaces
[1.899s] [  0%] Built target abaja_interfaces__cpp
[1.931s] [ 27%] Built target abaja_interfaces__rosidl_generator_c
[1.977s] [ 37%] Built target abaja_interfaces__rosidl_typesupport_c
[1.982s] [ 47%] Built target abaja_interfaces__rosidl_typesupport_introspection_c
[1.992s] [ 57%] Built target abaja_interfaces__rosidl_typesupport_cpp
[1.994s] [ 67%] Built target abaja_interfaces__rosidl_typesupport_introspection_cpp
[1.996s] [ 77%] Built target abaja_interfaces__rosidl_typesupport_fastrtps_c
[2.000s] [ 86%] Built target abaja_interfaces__rosidl_typesupport_fastrtps_cpp
[2.025s] [ 86%] Built target abaja_interfaces
[2.053s] [ 87%] Built target abaja_interfaces__py
[2.110s] [ 96%] Built target abaja_interfaces__rosidl_generator_py
[2.139s] [ 97%] Built target abaja_interfaces_s__rosidl_typesupport_c
[2.145s] [ 98%] Built target abaja_interfaces_s__rosidl_typesupport_fastrtps_c
[2.146s] [100%] Built target abaja_interfaces_s__rosidl_typesupport_introspection_c
[2.175s] running egg_info
[2.191s] writing abaja_interfaces.egg-info/PKG-INFO
[2.191s] writing dependency_links to abaja_interfaces.egg-info/dependency_links.txt
[2.192s] writing top-level names to abaja_interfaces.egg-info/top_level.txt
[2.237s] reading manifest file 'abaja_interfaces.egg-info/SOURCES.txt'
[2.237s] writing manifest file 'abaja_interfaces.egg-info/SOURCES.txt'
[2.264s] [100%] Built target ament_cmake_python_build_abaja_interfaces_egg
[2.279s] Invoked command in '/home/pavithra/Intelligence_ABAJA-26/ros2_ws/build/abaja_interfaces' returned '0': CMAKE_PREFIX_PATH=${CMAKE_PREFIX_PATH}:/opt/ros/jazzy DEBUGINFOD_URLS=https://debuginfod.ubuntu.com /usr/bin/cmake --build /home/pavithra/Intelligence_ABAJA-26/ros2_ws/build/abaja_interfaces -- -j12 -l12
[2.280s] Invoking command in '/home/pavithra/Intelligence_ABAJA-26/ros2_ws/build/abaja_interfaces': CMAKE_PREFIX_PATH=${CMAKE_PREFIX_PATH}:/opt/ros/jazzy DEBUGINFOD_URLS=https://debuginfod.ubuntu.com /usr/bin/cmake --install /home/pavithra/Intelligence_ABAJA-26/ros2_ws/build/abaja_interfaces
[2.291s] -- Install configuration: "Release"
[2.292s] -- Execute custom install script
[2.292s] -- Up-to-date symlink: /home/pavithra/Intelligence_ABAJA-26/ros2_ws/install/abaja_interfaces/share/ament_index/resource_index/rosidl_interfaces/abaja_interfaces
[2.293s] -- Up-to-date symlink: /home/pavithra/Intelligence_ABAJA-26/ros2_ws/install/abaja_interfaces/share/abaja_interfaces/msg/ControlCmd.json
[2.293s] -- Up-to-date symlink: /home/pavithra/Intelligence_ABAJA-26/ros2_ws/install/abaja_interfaces/share/abaja_interfaces/msg/VehicleState.json
[2.293s] -- Up-to-date symlink: /home/pavithra/Intelligence_ABAJA-26/ros2_ws/install/abaja_interfaces/share/abaja_interfaces/msg/WheelSpeed.json
[2.294s] -- Up-to-date symlink: /home/pavithra/Intelligence_ABAJA-26/ros2_ws/install/abaja_interfaces/share/abaja_interfaces/msg/SteeringFeedback.json
[2.294s] -- Up-to-date symlink: /home/pavithra/Intelligence_ABAJA-26/ros2_ws/install/abaja_interfaces/share/abaja_interfaces/msg/BatteryStatus.json
[2.294s] -- Up-to-date symlink: /home/pavithra/Intelligence_ABAJA-26/ros2_ws/install/abaja_interfaces/share/abaja_interfaces/msg/ModeStatus.json
[2.294s] -- Up-to-date symlink: /home/pavithra/Intelligence_ABAJA-26/ros2_ws/install/abaja_interfaces/share/abaja_interfaces/msg/DbwCmd.json
[2.295s] -- Up-to-date symlink: /home/pavithra/Intelligence_ABAJA-26/ros2_ws/install/abaja_interfaces/share/abaja_interfaces/msg/DbwStatus.json
[2.295s] -- Up-to-date symlink: /home/pavithra/Intelligence_ABAJA-26/ros2_ws/install/abaja_interfaces/share/abaja_interfaces/msg/DetectedObject.json
[2.295s] -- Up-to-date symlink: /home/pavithra/Intelligence_ABAJA-26/ros2_ws/install/abaja_interfaces/share/abaja_interfaces/msg/DetectedObjectArray.json
[2.295s] -- Up-to-date symlink: /home/pavithra/Intelligence_ABAJA-26/ros2_ws/install/abaja_interfaces/share/abaja_interfaces/msg/LaneMarking.json
[2.296s] -- Up-to-date symlink: /home/pavithra/Intelligence_ABAJA-26/ros2_ws/install/abaja_interfaces/share/abaja_interfaces/msg/LaneState.json
[2.296s] -- Up-to-date symlink: /home/pavithra/Intelligence_ABAJA-26/ros2_ws/install/abaja_interfaces/share/abaja_interfaces/msg/ObjectDistance.json
[2.296s] -- Up-to-date symlink: /home/pavithra/Intelligence_ABAJA-26/ros2_ws/install/abaja_interfaces/share/abaja_interfaces/msg/ObjectDistanceArray.json
[2.296s] -- Up-to-date symlink: /home/pavithra/Intelligence_ABAJA-26/ros2_ws/install/abaja_interfaces/share/abaja_interfaces/msg/TTCStatus.json
[2.297s] -- Up-to-date symlink: /home/pavithra/Intelligence_ABAJA-26/ros2_ws/install/abaja_interfaces/share/abaja_interfaces/msg/AEBStatus.json
[2.297s] -- Up-to-date symlink: /home/pavithra/Intelligence_ABAJA-26/ros2_ws/install/abaja_interfaces/share/abaja_interfaces/msg/SafetyState.json
[2.298s] -- Up-to-date symlink: /home/pavithra/Intelligence_ABAJA-26/ros2_ws/install/abaja_interfaces/include/abaja_interfaces/abaja_interfaces/msg/aeb_status.h
[2.299s] -- Up-to-date symlink: /home/pavithra/Intelligence_ABAJA-26/ros2_ws/install/abaja_interfaces/include/abaja_interfaces/abaja_interfaces/msg/battery_status.h
[2.299s] -- Up-to-date symlink: /home/pavithra/Intelligence_ABAJA-26/ros2_ws/install/abaja_interfaces/include/abaja_interfaces/abaja_interfaces/msg/control_cmd.h
[2.299s] -- Up-to-date symlink: /home/pavithra/Intelligence_ABAJA-26/ros2_ws/install/abaja_interfaces/include/abaja_interfaces/abaja_interfaces/msg/dbw_cmd.h
[2.299s] -- Up-to-date symlink: /home/pavithra/Intelligence_ABAJA-26/ros2_ws/install/abaja_interfaces/include/abaja_interfaces/abaja_interfaces/msg/dbw_status.h
[2.299s] -- Up-to-date symlink: /home/pavithra/Intelligence_ABAJA-26/ros2_ws/install/abaja_interfaces/include/abaja_interfaces/abaja_interfaces/msg/detail/aeb_status__functions.h
[2.300s] -- Up-to-date symlink: /home/pavithra/Intelligence_ABAJA-26/ros2_ws/install/abaja_interfaces/include/abaja_interfaces/abaja_interfaces/msg/detail/aeb_status__struct.h
[2.300s] -- Up-to-date symlink: /home/pavithra/Intelligence_ABAJA-26/ros2_ws/install/abaja_interfaces/include/abaja_interfaces/abaja_interfaces/msg/detail/aeb_status__type_support.h
[2.300s] -- Up-to-date symlink: /home/pavithra/Intelligence_ABAJA-26/ros2_ws/install/abaja_interfaces/include/abaja_interfaces/abaja_interfaces/msg/detail/battery_status__functions.h
[2.300s] -- Up-to-date symlink: /home/pavithra/Intelligence_ABAJA-26/ros2_ws/install/abaja_interfaces/include/abaja_interfaces/abaja_interfaces/msg/detail/battery_status__struct.h
[2.300s] -- Up-to-date symlink: /home/pavithra/Intelligence_ABAJA-26/ros2_ws/install/abaja_interfaces/include/abaja_interfaces/abaja_interfaces/msg/detail/battery_status__type_support.h
[2.301s] -- Up-to-date symlink: /home/pavithra/Intelligence_ABAJA-26/ros2_ws/install/abaja_interfaces/include/abaja_interfaces/abaja_interfaces/msg/detail/control_cmd__functions.h
[2.301s] -- Up-to-date symlink: /home/pavithra/Intelligence_ABAJA-26/ros2_ws/install/abaja_interfaces/include/abaja_interfaces/abaja_interfaces/msg/detail/control_cmd__struct.h
[2.301s] -- Up-to-date symlink: /home/pavithra/Intelligence_ABAJA-26/ros2_ws/install/abaja_interfaces/include/abaja_interfaces/abaja_interfaces/msg/detail/control_cmd__type_support.h
[2.301s] -- Up-to-date symlink: /home/pavithra/Intelligence_ABAJA-26/ros2_ws/install/abaja_interfaces/include/abaja_interfaces/abaja_interfaces/msg/detail/dbw_cmd__functions.h
[2.301s] -- Up-to-date symlink: /home/pavithra/Intelligence_ABAJA-26/ros2_ws/install/abaja_interfaces/include/abaja_interfaces/abaja_interfaces/msg/detail/dbw_cmd__struct.h
[2.301s] -- Up-to-date symlink: /home/pavithra/Intelligence_ABAJA-26/ros2_ws/install/abaja_interfaces/include/abaja_interfaces/abaja_interfaces/msg/detail/dbw_cmd__type_support.h
[2.302s] -- Up-to-date symlink: /home/pavithra/Intelligence_ABAJA-26/ros2_ws/install/abaja_interfaces/include/abaja_interfaces/abaja_interfaces/msg/detail/dbw_status__functions.h
[2.302s] -- Up-to-date symlink: /home/pavithra/Intelligence_ABAJA-26/ros2_ws/install/abaja_interfaces/include/abaja_interfaces/abaja_interfaces/msg/detail/dbw_status__struct.h
[2.302s] -- Up-to-date symlink: /home/pavithra/Intelligence_ABAJA-26/ros2_ws/install/abaja_interfaces/include/abaja_interfaces/abaja_interfaces/msg/detail/dbw_status__type_support.h
[2.302s] -- Up-to-date symlink: /home/pavithra/Intelligence_ABAJA-26/ros2_ws/install/abaja_interfaces/include/abaja_interfaces/abaja_interfaces/msg/detail/detected_object__functions.h
[2.302s] -- Up-to-date symlink: /home/pavithra/Intelligence_ABAJA-26/ros2_ws/install/abaja_interfaces/include/abaja_interfaces/abaja_interfaces/msg/detail/detected_object__struct.h
[2.302s] -- Up-to-date symlink: /home/pavithra/Intelligence_ABAJA-26/ros2_ws/install/abaja_interfaces/include/abaja_interfaces/abaja_interfaces/msg/detail/detected_object__type_support.h
[2.302s] -- Up-to-date symlink: /home/pavithra/Intelligence_ABAJA-26/ros2_ws/install/abaja_interfaces/include/abaja_interfaces/abaja_interfaces/msg/detail/detected_object_array__functions.h
[2.303s] -- Up-to-date symlink: /home/pavithra/Intelligence_ABAJA-26/ros2_ws/install/abaja_interfaces/include/abaja_interfaces/abaja_interfaces/msg/detail/detected_object_array__struct.h
[2.303s] -- Up-to-date symlink: /home/pavithra/Intelligence_ABAJA-26/ros2_ws/install/abaja_interfaces/include/abaja_interfaces/abaja_interfaces/msg/detail/detected_object_array__type_support.h
[2.303s] -- Up-to-date symlink: /home/pavithra/Intelligence_ABAJA-26/ros2_ws/install/abaja_interfaces/include/abaja_interfaces/abaja_interfaces/msg/detail/lane_marking__functions.h
[2.303s] -- Up-to-date symlink: /home/pavithra/Intelligence_ABAJA-26/ros2_ws/install/abaja_interfaces/include/abaja_interfaces/abaja_interfaces/msg/detail/lane_marking__struct.h
[2.303s] -- Up-to-date symlink: /home/pavithra/Intelligence_ABAJA-26/ros2_ws/install/abaja_interfaces/include/abaja_interfaces/abaja_interfaces/msg/detail/lane_marking__type_support.h
[2.303s] -- Up-to-date symlink: /home/pavithra/Intelligence_ABAJA-26/ros2_ws/install/abaja_interfaces/include/abaja_interfaces/abaja_interfaces/msg/detail/lane_state__functions.h
[2.303s] -- Up-to-date symlink: /home/pavithra/Intelligence_ABAJA-26/ros2_ws/install/abaja_interfaces/include/abaja_interfaces/abaja_interfaces/msg/detail/lane_state__struct.h
[2.304s] -- Up-to-date symlink: /home/pavithra/Intelligence_ABAJA-26/ros2_ws/install/abaja_interfaces/include/abaja_interfaces/abaja_interfaces/msg/detail/lane_state__type_support.h
[2.304s] -- Up-to-date symlink: /home/pavithra/Intelligence_ABAJA-26/ros2_ws/install/abaja_interfaces/include/abaja_interfaces/abaja_interfaces/msg/detail/mode_status__functions.h
[2.304s] -- Up-to-date symlink: /home/pavithra/Intelligence_ABAJA-26/ros2_ws/install/abaja_interfaces/include/abaja_interfaces/abaja_interfaces/msg/detail/mode_status__struct.h
[2.304s] -- Up-to-date symlink: /home/pavithra/Intelligence_ABAJA-26/ros2_ws/install/abaja_interfaces/include/abaja_interfaces/abaja_interfaces/msg/detail/mode_status__type_support.h
[2.304s] -- Up-to-date symlink: /home/pavithra/Intelligence_ABAJA-26/ros2_ws/install/abaja_interfaces/include/abaja_interfaces/abaja_interfaces/msg/detail/object_distance__functions.h
[2.304s] -- Up-to-date symlink: /home/pavithra/Intelligence_ABAJA-26/ros2_ws/install/abaja_interfaces/include/abaja_interfaces/abaja_interfaces/msg/detail/object_distance__struct.h
[2.304s] -- Up-to-date symlink: /home/pavithra/Intelligence_ABAJA-26/ros2_ws/install/abaja_interfaces/include/abaja_interfaces/abaja_interfaces/msg/detail/object_distance__type_support.h
[2.305s] -- Up-to-date symlink: /home/pavithra/Intelligence_ABAJA-26/ros2_ws/install/abaja_interfaces/include/abaja_interfaces/abaja_interfaces/msg/detail/object_distance_array__functions.h
[2.305s] -- Up-to-date symlink: /home/pavithra/Intelligence_ABAJA-26/ros2_ws/install/abaja_interfaces/include/abaja_interfaces/abaja_interfaces/msg/detail/object_distance_array__struct.h
[2.305s] -- Up-to-date symlink: /home/pavithra/Intelligence_ABAJA-26/ros2_ws/install/abaja_interfaces/include/abaja_interfaces/abaja_interfaces/msg/detail/object_distance_array__type_support.h
[2.305s] -- Up-to-date symlink: /home/pavithra/Intelligence_ABAJA-26/ros2_ws/install/abaja_interfaces/include/abaja_interfaces/abaja_interfaces/msg/detail/safety_state__functions.h
[2.305s] -- Up-to-date symlink: /home/pavithra/Intelligence_ABAJA-26/ros2_ws/install/abaja_interfaces/include/abaja_interfaces/abaja_interfaces/msg/detail/safety_state__struct.h
[2.306s] -- Up-to-date symlink: /home/pavithra/Intelligence_ABAJA-26/ros2_ws/install/abaja_interfaces/include/abaja_interfaces/abaja_interfaces/msg/detail/safety_state__type_support.h
[2.306s] -- Up-to-date symlink: /home/pavithra/Intelligence_ABAJA-26/ros2_ws/install/abaja_interfaces/include/abaja_interfaces/abaja_interfaces/msg/detail/steering_feedback__functions.h
[2.306s] -- Up-to-date symlink: /home/pavithra/Intelligence_ABAJA-26/ros2_ws/install/abaja_interfaces/include/abaja_interfaces/abaja_interfaces/msg/detail/steering_feedback__struct.h
[2.306s] -- Up-to-date symlink: /home/pavithra/Intelligence_ABAJA-26/ros2_ws/install/abaja_interfaces/include/abaja_interfaces/abaja_interfaces/msg/detail/steering_feedback__type_support.h
[2.307s] -- Up-to-date symlink: /home/pavithra/Intelligence_ABAJA-26/ros2_ws/install/abaja_interfaces/include/abaja_interfaces/abaja_interfaces/msg/detail/ttc_status__functions.h
[2.307s] -- Up-to-date symlink: /home/pavithra/Intelligence_ABAJA-26/ros2_ws/install/abaja_interfaces/include/abaja_interfaces/abaja_interfaces/msg/detail/ttc_status__struct.h
[2.307s] -- Up-to-date symlink: /home/pavithra/Intelligence_ABAJA-26/ros2_ws/install/abaja_interfaces/include/abaja_interfaces/abaja_interfaces/msg/detail/ttc_status__type_support.h
[2.307s] -- Up-to-date symlink: /home/pavithra/Intelligence_ABAJA-26/ros2_ws/install/abaja_interfaces/include/abaja_interfaces/abaja_interfaces/msg/detail/vehicle_state__functions.h
[2.307s] -- Up-to-date symlink: /home/pavithra/Intelligence_ABAJA-26/ros2_ws/install/abaja_interfaces/include/abaja_interfaces/abaja_interfaces/msg/detail/vehicle_state__struct.h
[2.307s] -- Up-to-date symlink: /home/pavithra/Intelligence_ABAJA-26/ros2_ws/install/abaja_interfaces/include/abaja_interfaces/abaja_interfaces/msg/detail/vehicle_state__type_support.h
[2.307s] -- Up-to-date symlink: /home/pavithra/Intelligence_ABAJA-26/ros2_ws/install/abaja_interfaces/include/abaja_interfaces/abaja_interfaces/msg/detail/wheel_speed__functions.h
[2.308s] -- Up-to-date symlink: /home/pavithra/Intelligence_ABAJA-26/ros2_ws/install/abaja_interfaces/include/abaja_interfaces/abaja_interfaces/msg/detail/wheel_speed__struct.h
[2.308s] -- Up-to-date symlink: /home/pavithra/Intelligence_ABAJA-26/ros2_ws/install/abaja_interfaces/include/abaja_interfaces/abaja_interfaces/msg/detail/wheel_speed__type_support.h
[2.308s] -- Up-to-date symlink: /home/pavithra/Intelligence_ABAJA-26/ros2_ws/install/abaja_interfaces/include/abaja_interfaces/abaja_interfaces/msg/detected_object.h
[2.308s] -- Up-to-date symlink: /home/pavithra/Intelligence_ABAJA-26/ros2_ws/install/abaja_interfaces/include/abaja_interfaces/abaja_interfaces/msg/detected_object_array.h
[2.308s] -- Up-to-date symlink: /home/pavithra/Intelligence_ABAJA-26/ros2_ws/install/abaja_interfaces/include/abaja_interfaces/abaja_interfaces/msg/lane_marking.h
[2.308s] -- Up-to-date symlink: /home/pavithra/Intelligence_ABAJA-26/ros2_ws/install/abaja_interfaces/include/abaja_interfaces/abaja_interfaces/msg/lane_state.h
[2.309s] -- Up-to-date symlink: /home/pavithra/Intelligence_ABAJA-26/ros2_ws/install/abaja_interfaces/include/abaja_interfaces/abaja_interfaces/msg/mode_status.h
[2.309s] -- Up-to-date symlink: /home/pavithra/Intelligence_ABAJA-26/ros2_ws/install/abaja_interfaces/include/abaja_interfaces/abaja_interfaces/msg/object_distance.h
[2.309s] -- Up-to-date symlink: /home/pavithra/Intelligence_ABAJA-26/ros2_ws/install/abaja_interfaces/include/abaja_interfaces/abaja_interfaces/msg/object_distance_array.h
[2.309s] -- Up-to-date symlink: /home/pavithra/Intelligence_ABAJA-26/ros2_ws/install/abaja_interfaces/include/abaja_interfaces/abaja_interfaces/msg/rosidl_generator_c__visibility_control.h
[2.309s] -- Up-to-date symlink: /home/pavithra/Intelligence_ABAJA-26/ros2_ws/install/abaja_interfaces/include/abaja_interfaces/abaja_interfaces/msg/safety_state.h
[2.309s] -- Up-to-date symlink: /home/pavithra/Intelligence_ABAJA-26/ros2_ws/install/abaja_interfaces/include/abaja_interfaces/abaja_interfaces/msg/steering_feedback.h
[2.309s] -- Up-to-date symlink: /home/pavithra/Intelligence_ABAJA-26/ros2_ws/install/abaja_interfaces/include/abaja_interfaces/abaja_interfaces/msg/ttc_status.h
[2.310s] -- Up-to-date symlink: /home/pavithra/Intelligence_ABAJA-26/ros2_ws/install/abaja_interfaces/include/abaja_interfaces/abaja_interfaces/msg/vehicle_state.h
[2.310s] -- Up-to-date symlink: /home/pavithra/Intelligence_ABAJA-26/ros2_ws/install/abaja_interfaces/include/abaja_interfaces/abaja_interfaces/msg/wheel_speed.h
[2.310s] -- Up-to-date symlink: /home/pavithra/Intelligence_ABAJA-26/ros2_ws/install/abaja_interfaces/share/abaja_interfaces/environment/library_path.sh
[2.310s] -- Up-to-date symlink: /home/pavithra/Intelligence_ABAJA-26/ros2_ws/install/abaja_interfaces/share/abaja_interfaces/environment/library_path.dsv
[2.310s] -- Up-to-date symlink: /home/pavithra/Intelligence_ABAJA-26/ros2_ws/install/abaja_interfaces/include/abaja_interfaces/abaja_interfaces/msg/detail/aeb_status__rosidl_typesupport_fastrtps_c.h
[2.310s] -- Up-to-date symlink: /home/pavithra/Intelligence_ABAJA-26/ros2_ws/install/abaja_interfaces/include/abaja_interfaces/abaja_interfaces/msg/detail/battery_status__rosidl_typesupport_fastrtps_c.h
[2.310s] -- Up-to-date symlink: /home/pavithra/Intelligence_ABAJA-26/ros2_ws/install/abaja_interfaces/include/abaja_interfaces/abaja_interfaces/msg/detail/control_cmd__rosidl_typesupport_fastrtps_c.h
[2.310s] -- Up-to-date symlink: /home/pavithra/Intelligence_ABAJA-26/ros2_ws/install/abaja_interfaces/include/abaja_interfaces/abaja_interfaces/msg/detail/dbw_cmd__rosidl_typesupport_fastrtps_c.h
[2.311s] -- Up-to-date symlink: /home/pavithra/Intelligence_ABAJA-26/ros2_ws/install/abaja_interfaces/include/abaja_interfaces/abaja_interfaces/msg/detail/dbw_status__rosidl_typesupport_fastrtps_c.h
[2.311s] -- Up-to-date symlink: /home/pavithra/Intelligence_ABAJA-26/ros2_ws/install/abaja_interfaces/include/abaja_interfaces/abaja_interfaces/msg/detail/detected_object__rosidl_typesupport_fastrtps_c.h
[2.311s] -- Up-to-date symlink: /home/pavithra/Intelligence_ABAJA-26/ros2_ws/install/abaja_interfaces/include/abaja_interfaces/abaja_interfaces/msg/detail/detected_object_array__rosidl_typesupport_fastrtps_c.h
[2.311s] -- Up-to-date symlink: /home/pavithra/Intelligence_ABAJA-26/ros2_ws/install/abaja_interfaces/include/abaja_interfaces/abaja_interfaces/msg/detail/lane_marking__rosidl_typesupport_fastrtps_c.h
[2.311s] -- Up-to-date symlink: /home/pavithra/Intelligence_ABAJA-26/ros2_ws/install/abaja_interfaces/include/abaja_interfaces/abaja_interfaces/msg/detail/lane_state__rosidl_typesupport_fastrtps_c.h
[2.311s] -- Up-to-date symlink: /home/pavithra/Intelligence_ABAJA-26/ros2_ws/install/abaja_interfaces/include/abaja_interfaces/abaja_interfaces/msg/detail/mode_status__rosidl_typesupport_fastrtps_c.h
[2.311s] -- Up-to-date symlink: /home/pavithra/Intelligence_ABAJA-26/ros2_ws/install/abaja_interfaces/include/abaja_interfaces/abaja_interfaces/msg/detail/object_distance__rosidl_typesupport_fastrtps_c.h
[2.311s] -- Up-to-date symlink: /home/pavithra/Intelligence_ABAJA-26/ros2_ws/install/abaja_interfaces/include/abaja_interfaces/abaja_interfaces/msg/detail/object_distance_array__rosidl_typesupport_fastrtps_c.h
[2.311s] -- Up-to-date symlink: /home/pavithra/Intelligence_ABAJA-26/ros2_ws/install/abaja_interfaces/include/abaja_interfaces/abaja_interfaces/msg/detail/safety_state__rosidl_typesupport_fastrtps_c.h
[2.312s] -- Up-to-date symlink: /home/pavithra/Intelligence_ABAJA-26/ros2_ws/install/abaja_interfaces/include/abaja_interfaces/abaja_interfaces/msg/detail/steering_feedback__rosidl_typesupport_fastrtps_c.h
[2.312s] -- Up-to-date symlink: /home/pavithra/Intelligence_ABAJA-26/ros2_ws/install/abaja_interfaces/include/abaja_interfaces/abaja_interfaces/msg/detail/ttc_status__rosidl_typesupport_fastrtps_c.h
[2.312s] -- Up-to-date symlink: /home/pavithra/Intelligence_ABAJA-26/ros2_ws/install/abaja_interfaces/include/abaja_interfaces/abaja_interfaces/msg/detail/vehicle_state__rosidl_typesupport_fastrtps_c.h
[2.312s] -- Up-to-date symlink: /home/pavithra/Intelligence_ABAJA-26/ros2_ws/install/abaja_interfaces/include/abaja_interfaces/abaja_interfaces/msg/detail/wheel_speed__rosidl_typesupport_fastrtps_c.h
[2.312s] -- Up-to-date symlink: /home/pavithra/Intelligence_ABAJA-26/ros2_ws/install/abaja_interfaces/include/abaja_interfaces/abaja_interfaces/msg/rosidl_typesupport_fastrtps_c__visibility_control.h
[2.312s] -- Up-to-date symlink: /home/pavithra/Intelligence_ABAJA-26/ros2_ws/install/abaja_interfaces/include/abaja_interfaces/abaja_interfaces/msg/detail/aeb_status__rosidl_typesupport_introspection_c.h
[2.312s] -- Up-to-date symlink: /home/pavithra/Intelligence_ABAJA-26/ros2_ws/install/abaja_interfaces/include/abaja_interfaces/abaja_interfaces/msg/detail/battery_status__rosidl_typesupport_introspection_c.h
[2.313s] -- Up-to-date symlink: /home/pavithra/Intelligence_ABAJA-26/ros2_ws/install/abaja_interfaces/include/abaja_interfaces/abaja_interfaces/msg/detail/control_cmd__rosidl_typesupport_introspection_c.h
[2.313s] -- Up-to-date symlink: /home/pavithra/Intelligence_ABAJA-26/ros2_ws/install/abaja_interfaces/include/abaja_interfaces/abaja_interfaces/msg/detail/dbw_cmd__rosidl_typesupport_introspection_c.h
[2.313s] -- Up-to-date symlink: /home/pavithra/Intelligence_ABAJA-26/ros2_ws/install/abaja_interfaces/include/abaja_interfaces/abaja_interfaces/msg/detail/dbw_status__rosidl_typesupport_introspection_c.h
[2.313s] -- Up-to-date symlink: /home/pavithra/Intelligence_ABAJA-26/ros2_ws/install/abaja_interfaces/include/abaja_interfaces/abaja_interfaces/msg/detail/detected_object__rosidl_typesupport_introspection_c.h
[2.313s] -- Up-to-date symlink: /home/pavithra/Intelligence_ABAJA-26/ros2_ws/install/abaja_interfaces/include/abaja_interfaces/abaja_interfaces/msg/detail/detected_object_array__rosidl_typesupport_introspection_c.h
[2.313s] -- Up-to-date symlink: /home/pavithra/Intelligence_ABAJA-26/ros2_ws/install/abaja_interfaces/include/abaja_interfaces/abaja_interfaces/msg/detail/lane_marking__rosidl_typesupport_introspection_c.h
[2.313s] -- Up-to-date symlink: /home/pavithra/Intelligence_ABAJA-26/ros2_ws/install/abaja_interfaces/include/abaja_interfaces/abaja_interfaces/msg/detail/lane_state__rosidl_typesupport_introspection_c.h
[2.313s] -- Up-to-date symlink: /home/pavithra/Intelligence_ABAJA-26/ros2_ws/install/abaja_interfaces/include/abaja_interfaces/abaja_interfaces/msg/detail/mode_status__rosidl_typesupport_introspection_c.h
[2.314s] -- Up-to-date symlink: /home/pavithra/Intelligence_ABAJA-26/ros2_ws/install/abaja_interfaces/include/abaja_interfaces/abaja_interfaces/msg/detail/object_distance__rosidl_typesupport_introspection_c.h
[2.314s] -- Up-to-date symlink: /home/pavithra/Intelligence_ABAJA-26/ros2_ws/install/abaja_interfaces/include/abaja_interfaces/abaja_interfaces/msg/detail/object_distance_array__rosidl_typesupport_introspection_c.h
[2.314s] -- Up-to-date symlink: /home/pavithra/Intelligence_ABAJA-26/ros2_ws/install/abaja_interfaces/include/abaja_interfaces/abaja_interfaces/msg/detail/safety_state__rosidl_typesupport_introspection_c.h
[2.314s] -- Up-to-date symlink: /home/pavithra/Intelligence_ABAJA-26/ros2_ws/install/abaja_interfaces/include/abaja_interfaces/abaja_interfaces/msg/detail/steering_feedback__rosidl_typesupport_introspection_c.h
[2.314s] -- Up-to-date symlink: /home/pavithra/Intelligence_ABAJA-26/ros2_ws/install/abaja_interfaces/include/abaja_interfaces/abaja_interfaces/msg/detail/ttc_status__rosidl_typesupport_introspection_c.h
[2.314s] -- Up-to-date symlink: /home/pavithra/Intelligence_ABAJA-26/ros2_ws/install/abaja_interfaces/include/abaja_interfaces/abaja_interfaces/msg/detail/vehicle_state__rosidl_typesupport_introspection_c.h
[2.314s] -- Up-to-date symlink: /home/pavithra/Intelligence_ABAJA-26/ros2_ws/install/abaja_interfaces/include/abaja_interfaces/abaja_interfaces/msg/detail/wheel_speed__rosidl_typesupport_introspection_c.h
[2.314s] -- Up-to-date symlink: /home/pavithra/Intelligence_ABAJA-26/ros2_ws/install/abaja_interfaces/include/abaja_interfaces/abaja_interfaces/msg/rosidl_typesupport_introspection_c__visibility_control.h
[2.315s] -- Up-to-date symlink: /home/pavithra/Intelligence_ABAJA-26/ros2_ws/install/abaja_interfaces/include/abaja_interfaces/abaja_interfaces/msg/aeb_status.hpp
[2.315s] -- Up-to-date symlink: /home/pavithra/Intelligence_ABAJA-26/ros2_ws/install/abaja_interfaces/include/abaja_interfaces/abaja_interfaces/msg/battery_status.hpp
[2.315s] -- Up-to-date symlink: /home/pavithra/Intelligence_ABAJA-26/ros2_ws/install/abaja_interfaces/include/abaja_interfaces/abaja_interfaces/msg/control_cmd.hpp
[2.315s] -- Up-to-date symlink: /home/pavithra/Intelligence_ABAJA-26/ros2_ws/install/abaja_interfaces/include/abaja_interfaces/abaja_interfaces/msg/dbw_cmd.hpp
[2.315s] -- Up-to-date symlink: /home/pavithra/Intelligence_ABAJA-26/ros2_ws/install/abaja_interfaces/include/abaja_interfaces/abaja_interfaces/msg/dbw_status.hpp
[2.315s] -- Up-to-date symlink: /home/pavithra/Intelligence_ABAJA-26/ros2_ws/install/abaja_interfaces/include/abaja_interfaces/abaja_interfaces/msg/detail/aeb_status__builder.hpp
[2.315s] -- Up-to-date symlink: /home/pavithra/Intelligence_ABAJA-26/ros2_ws/install/abaja_interfaces/include/abaja_interfaces/abaja_interfaces/msg/detail/aeb_status__struct.hpp
[2.316s] -- Up-to-date symlink: /home/pavithra/Intelligence_ABAJA-26/ros2_ws/install/abaja_interfaces/include/abaja_interfaces/abaja_interfaces/msg/detail/aeb_status__traits.hpp
[2.316s] -- Up-to-date symlink: /home/pavithra/Intelligence_ABAJA-26/ros2_ws/install/abaja_interfaces/include/abaja_interfaces/abaja_interfaces/msg/detail/aeb_status__type_support.hpp
[2.316s] -- Up-to-date symlink: /home/pavithra/Intelligence_ABAJA-26/ros2_ws/install/abaja_interfaces/include/abaja_interfaces/abaja_interfaces/msg/detail/battery_status__builder.hpp
[2.316s] -- Up-to-date symlink: /home/pavithra/Intelligence_ABAJA-26/ros2_ws/install/abaja_interfaces/include/abaja_interfaces/abaja_interfaces/msg/detail/battery_status__struct.hpp
[2.316s] -- Up-to-date symlink: /home/pavithra/Intelligence_ABAJA-26/ros2_ws/install/abaja_interfaces/include/abaja_interfaces/abaja_interfaces/msg/detail/battery_status__traits.hpp
[2.316s] -- Up-to-date symlink: /home/pavithra/Intelligence_ABAJA-26/ros2_ws/install/abaja_interfaces/include/abaja_interfaces/abaja_interfaces/msg/detail/battery_status__type_support.hpp
[2.316s] -- Up-to-date symlink: /home/pavithra/Intelligence_ABAJA-26/ros2_ws/install/abaja_interfaces/include/abaja_interfaces/abaja_interfaces/msg/detail/control_cmd__builder.hpp
[2.317s] -- Up-to-date symlink: /home/pavithra/Intelligence_ABAJA-26/ros2_ws/install/abaja_interfaces/include/abaja_interfaces/abaja_interfaces/msg/detail/control_cmd__struct.hpp
[2.317s] -- Up-to-date symlink: /home/pavithra/Intelligence_ABAJA-26/ros2_ws/install/abaja_interfaces/include/abaja_interfaces/abaja_interfaces/msg/detail/control_cmd__traits.hpp
[2.317s] -- Up-to-date symlink: /home/pavithra/Intelligence_ABAJA-26/ros2_ws/install/abaja_interfaces/include/abaja_interfaces/abaja_interfaces/msg/detail/control_cmd__type_support.hpp
[2.317s] -- Up-to-date symlink: /home/pavithra/Intelligence_ABAJA-26/ros2_ws/install/abaja_interfaces/include/abaja_interfaces/abaja_interfaces/msg/detail/dbw_cmd__builder.hpp
[2.317s] -- Up-to-date symlink: /home/pavithra/Intelligence_ABAJA-26/ros2_ws/install/abaja_interfaces/include/abaja_interfaces/abaja_interfaces/msg/detail/dbw_cmd__struct.hpp
[2.317s] -- Up-to-date symlink: /home/pavithra/Intelligence_ABAJA-26/ros2_ws/install/abaja_interfaces/include/abaja_interfaces/abaja_interfaces/msg/detail/dbw_cmd__traits.hpp
[2.317s] -- Up-to-date symlink: /home/pavithra/Intelligence_ABAJA-26/ros2_ws/install/abaja_interfaces/include/abaja_interfaces/abaja_interfaces/msg/detail/dbw_cmd__type_support.hpp
[2.317s] -- Up-to-date symlink: /home/pavithra/Intelligence_ABAJA-26/ros2_ws/install/abaja_interfaces/include/abaja_interfaces/abaja_interfaces/msg/detail/dbw_status__builder.hpp
[2.318s] -- Up-to-date symlink: /home/pavithra/Intelligence_ABAJA-26/ros2_ws/install/abaja_interfaces/include/abaja_interfaces/abaja_interfaces/msg/detail/dbw_status__struct.hpp
[2.318s] -- Up-to-date symlink: /home/pavithra/Intelligence_ABAJA-26/ros2_ws/install/abaja_interfaces/include/abaja_interfaces/abaja_interfaces/msg/detail/dbw_status__traits.hpp
[2.318s] -- Up-to-date symlink: /home/pavithra/Intelligence_ABAJA-26/ros2_ws/install/abaja_interfaces/include/abaja_interfaces/abaja_interfaces/msg/detail/dbw_status__type_support.hpp
[2.318s] -- Up-to-date symlink: /home/pavithra/Intelligence_ABAJA-26/ros2_ws/install/abaja_interfaces/include/abaja_interfaces/abaja_interfaces/msg/detail/detected_object__builder.hpp
[2.318s] -- Up-to-date symlink: /home/pavithra/Intelligence_ABAJA-26/ros2_ws/install/abaja_interfaces/include/abaja_interfaces/abaja_interfaces/msg/detail/detected_object__struct.hpp
[2.318s] -- Up-to-date symlink: /home/pavithra/Intelligence_ABAJA-26/ros2_ws/install/abaja_interfaces/include/abaja_interfaces/abaja_interfaces/msg/detail/detected_object__traits.hpp
[2.318s] -- Up-to-date symlink: /home/pavithra/Intelligence_ABAJA-26/ros2_ws/install/abaja_interfaces/include/abaja_interfaces/abaja_interfaces/msg/detail/detected_object__type_support.hpp
[2.319s] -- Up-to-date symlink: /home/pavithra/Intelligence_ABAJA-26/ros2_ws/install/abaja_interfaces/include/abaja_interfaces/abaja_interfaces/msg/detail/detected_object_array__builder.hpp
[2.319s] -- Up-to-date symlink: /home/pavithra/Intelligence_ABAJA-26/ros2_ws/install/abaja_interfaces/include/abaja_interfaces/abaja_interfaces/msg/detail/detected_object_array__struct.hpp
[2.319s] -- Up-to-date symlink: /home/pavithra/Intelligence_ABAJA-26/ros2_ws/install/abaja_interfaces/include/abaja_interfaces/abaja_interfaces/msg/detail/detected_object_array__traits.hpp
[2.319s] -- Up-to-date symlink: /home/pavithra/Intelligence_ABAJA-26/ros2_ws/install/abaja_interfaces/include/abaja_interfaces/abaja_interfaces/msg/detail/detected_object_array__type_support.hpp
[2.319s] -- Up-to-date symlink: /home/pavithra/Intelligence_ABAJA-26/ros2_ws/install/abaja_interfaces/include/abaja_interfaces/abaja_interfaces/msg/detail/lane_marking__builder.hpp
[2.319s] -- Up-to-date symlink: /home/pavithra/Intelligence_ABAJA-26/ros2_ws/install/abaja_interfaces/include/abaja_interfaces/abaja_interfaces/msg/detail/lane_marking__struct.hpp
[2.319s] -- Up-to-date symlink: /home/pavithra/Intelligence_ABAJA-26/ros2_ws/install/abaja_interfaces/include/abaja_interfaces/abaja_interfaces/msg/detail/lane_marking__traits.hpp
[2.319s] -- Up-to-date symlink: /home/pavithra/Intelligence_ABAJA-26/ros2_ws/install/abaja_interfaces/include/abaja_interfaces/abaja_interfaces/msg/detail/lane_marking__type_support.hpp
[2.319s] -- Up-to-date symlink: /home/pavithra/Intelligence_ABAJA-26/ros2_ws/install/abaja_interfaces/include/abaja_interfaces/abaja_interfaces/msg/detail/lane_state__builder.hpp
[2.320s] -- Up-to-date symlink: /home/pavithra/Intelligence_ABAJA-26/ros2_ws/install/abaja_interfaces/include/abaja_interfaces/abaja_interfaces/msg/detail/lane_state__struct.hpp
[2.320s] -- Up-to-date symlink: /home/pavithra/Intelligence_ABAJA-26/ros2_ws/install/abaja_interfaces/include/abaja_interfaces/abaja_interfaces/msg/detail/lane_state__traits.hpp
[2.320s] -- Up-to-date symlink: /home/pavithra/Intelligence_ABAJA-26/ros2_ws/install/abaja_interfaces/include/abaja_interfaces/abaja_interfaces/msg/detail/lane_state__type_support.hpp
[2.320s] -- Up-to-date symlink: /home/pavithra/Intelligence_ABAJA-26/ros2_ws/install/abaja_interfaces/include/abaja_interfaces/abaja_interfaces/msg/detail/mode_status__builder.hpp
[2.320s] -- Up-to-date symlink: /home/pavithra/Intelligence_ABAJA-26/ros2_ws/install/abaja_interfaces/include/abaja_interfaces/abaja_interfaces/msg/detail/mode_status__struct.hpp
[2.320s] -- Up-to-date symlink: /home/pavithra/Intelligence_ABAJA-26/ros2_ws/install/abaja_interfaces/include/abaja_interfaces/abaja_interfaces/msg/detail/mode_status__traits.hpp
[2.320s] -- Up-to-date symlink: /home/pavithra/Intelligence_ABAJA-26/ros2_ws/install/abaja_interfaces/include/abaja_interfaces/abaja_interfaces/msg/detail/mode_status__type_support.hpp
[2.320s] -- Up-to-date symlink: /home/pavithra/Intelligence_ABAJA-26/ros2_ws/install/abaja_interfaces/include/abaja_interfaces/abaja_interfaces/msg/detail/object_distance__builder.hpp
[2.321s] -- Up-to-date symlink: /home/pavithra/Intelligence_ABAJA-26/ros2_ws/install/abaja_interfaces/include/abaja_interfaces/abaja_interfaces/msg/detail/object_distance__struct.hpp
[2.321s] -- Up-to-date symlink: /home/pavithra/Intelligence_ABAJA-26/ros2_ws/install/abaja_interfaces/include/abaja_interfaces/abaja_interfaces/msg/detail/object_distance__traits.hpp
[2.321s] -- Up-to-date symlink: /home/pavithra/Intelligence_ABAJA-26/ros2_ws/install/abaja_interfaces/include/abaja_interfaces/abaja_interfaces/msg/detail/object_distance__type_support.hpp
[2.321s] -- Up-to-date symlink: /home/pavithra/Intelligence_ABAJA-26/ros2_ws/install/abaja_interfaces/include/abaja_interfaces/abaja_interfaces/msg/detail/object_distance_array__builder.hpp
[2.321s] -- Up-to-date symlink: /home/pavithra/Intelligence_ABAJA-26/ros2_ws/install/abaja_interfaces/include/abaja_interfaces/abaja_interfaces/msg/detail/object_distance_array__struct.hpp
[2.321s] -- Up-to-date symlink: /home/pavithra/Intelligence_ABAJA-26/ros2_ws/install/abaja_interfaces/include/abaja_interfaces/abaja_interfaces/msg/detail/object_distance_array__traits.hpp
[2.321s] -- Up-to-date symlink: /home/pavithra/Intelligence_ABAJA-26/ros2_ws/install/abaja_interfaces/include/abaja_interfaces/abaja_interfaces/msg/detail/object_distance_array__type_support.hpp
[2.321s] -- Up-to-date symlink: /home/pavithra/Intelligence_ABAJA-26/ros2_ws/install/abaja_interfaces/include/abaja_interfaces/abaja_interfaces/msg/detail/safety_state__builder.hpp
[2.321s] -- Up-to-date symlink: /home/pavithra/Intelligence_ABAJA-26/ros2_ws/install/abaja_interfaces/include/abaja_interfaces/abaja_interfaces/msg/detail/safety_state__struct.hpp
[2.321s] -- Up-to-date symlink: /home/pavithra/Intelligence_ABAJA-26/ros2_ws/install/abaja_interfaces/include/abaja_interfaces/abaja_interfaces/msg/detail/safety_state__traits.hpp
[2.322s] -- Up-to-date symlink: /home/pavithra/Intelligence_ABAJA-26/ros2_ws/install/abaja_interfaces/include/abaja_interfaces/abaja_interfaces/msg/detail/safety_state__type_support.hpp
[2.322s] -- Up-to-date symlink: /home/pavithra/Intelligence_ABAJA-26/ros2_ws/install/abaja_interfaces/include/abaja_interfaces/abaja_interfaces/msg/detail/steering_feedback__builder.hpp
[2.322s] -- Up-to-date symlink: /home/pavithra/Intelligence_ABAJA-26/ros2_ws/install/abaja_interfaces/include/abaja_interfaces/abaja_interfaces/msg/detail/steering_feedback__struct.hpp
[2.322s] -- Up-to-date symlink: /home/pavithra/Intelligence_ABAJA-26/ros2_ws/install/abaja_interfaces/include/abaja_interfaces/abaja_interfaces/msg/detail/steering_feedback__traits.hpp
[2.322s] -- Up-to-date symlink: /home/pavithra/Intelligence_ABAJA-26/ros2_ws/install/abaja_interfaces/include/abaja_interfaces/abaja_interfaces/msg/detail/steering_feedback__type_support.hpp
[2.322s] -- Up-to-date symlink: /home/pavithra/Intelligence_ABAJA-26/ros2_ws/install/abaja_interfaces/include/abaja_interfaces/abaja_interfaces/msg/detail/ttc_status__builder.hpp
[2.323s] -- Up-to-date symlink: /home/pavithra/Intelligence_ABAJA-26/ros2_ws/install/abaja_interfaces/include/abaja_interfaces/abaja_interfaces/msg/detail/ttc_status__struct.hpp
[2.323s] -- Up-to-date symlink: /home/pavithra/Intelligence_ABAJA-26/ros2_ws/install/abaja_interfaces/include/abaja_interfaces/abaja_interfaces/msg/detail/ttc_status__traits.hpp
[2.323s] -- Up-to-date symlink: /home/pavithra/Intelligence_ABAJA-26/ros2_ws/install/abaja_interfaces/include/abaja_interfaces/abaja_interfaces/msg/detail/ttc_status__type_support.hpp
[2.323s] -- Up-to-date symlink: /home/pavithra/Intelligence_ABAJA-26/ros2_ws/install/abaja_interfaces/include/abaja_interfaces/abaja_interfaces/msg/detail/vehicle_state__builder.hpp
[2.323s] -- Up-to-date symlink: /home/pavithra/Intelligence_ABAJA-26/ros2_ws/install/abaja_interfaces/include/abaja_interfaces/abaja_interfaces/msg/detail/vehicle_state__struct.hpp
[2.324s] -- Up-to-date symlink: /home/pavithra/Intelligence_ABAJA-26/ros2_ws/install/abaja_interfaces/include/abaja_interfaces/abaja_interfaces/msg/detail/vehicle_state__traits.hpp
[2.324s] -- Up-to-date symlink: /home/pavithra/Intelligence_ABAJA-26/ros2_ws/install/abaja_interfaces/include/abaja_interfaces/abaja_interfaces/msg/detail/vehicle_state__type_support.hpp
[2.324s] -- Up-to-date symlink: /home/pavithra/Intelligence_ABAJA-26/ros2_ws/install/abaja_interfaces/include/abaja_interfaces/abaja_interfaces/msg/detail/wheel_speed__builder.hpp
[2.324s] -- Up-to-date symlink: /home/pavithra/Intelligence_ABAJA-26/ros2_ws/install/abaja_interfaces/include/abaja_interfaces/abaja_interfaces/msg/detail/wheel_speed__struct.hpp
[2.324s] -- Up-to-date symlink: /home/pavithra/Intelligence_ABAJA-26/ros2_ws/install/abaja_interfaces/include/abaja_interfaces/abaja_interfaces/msg/detail/wheel_speed__traits.hpp
[2.325s] -- Up-to-date symlink: /home/pavithra/Intelligence_ABAJA-26/ros2_ws/install/abaja_interfaces/include/abaja_interfaces/abaja_interfaces/msg/detail/wheel_speed__type_support.hpp
[2.325s] -- Up-to-date symlink: /home/pavithra/Intelligence_ABAJA-26/ros2_ws/install/abaja_interfaces/include/abaja_interfaces/abaja_interfaces/msg/detected_object.hpp
[2.325s] -- Up-to-date symlink: /home/pavithra/Intelligence_ABAJA-26/ros2_ws/install/abaja_interfaces/include/abaja_interfaces/abaja_interfaces/msg/detected_object_array.hpp
[2.325s] -- Up-to-date symlink: /home/pavithra/Intelligence_ABAJA-26/ros2_ws/install/abaja_interfaces/include/abaja_interfaces/abaja_interfaces/msg/lane_marking.hpp
[2.325s] -- Up-to-date symlink: /home/pavithra/Intelligence_ABAJA-26/ros2_ws/install/abaja_interfaces/include/abaja_interfaces/abaja_interfaces/msg/lane_state.hpp
[2.325s] -- Up-to-date symlink: /home/pavithra/Intelligence_ABAJA-26/ros2_ws/install/abaja_interfaces/include/abaja_interfaces/abaja_interfaces/msg/mode_status.hpp
[2.325s] -- Up-to-date symlink: /home/pavithra/Intelligence_ABAJA-26/ros2_ws/install/abaja_interfaces/include/abaja_interfaces/abaja_interfaces/msg/object_distance.hpp
[2.325s] -- Up-to-date symlink: /home/pavithra/Intelligence_ABAJA-26/ros2_ws/install/abaja_interfaces/include/abaja_interfaces/abaja_interfaces/msg/object_distance_array.hpp
[2.326s] -- Up-to-date symlink: /home/pavithra/Intelligence_ABAJA-26/ros2_ws/install/abaja_interfaces/include/abaja_interfaces/abaja_interfaces/msg/rosidl_generator_cpp__visibility_control.hpp
[2.326s] -- Up-to-date symlink: /home/pavithra/Intelligence_ABAJA-26/ros2_ws/install/abaja_interfaces/include/abaja_interfaces/abaja_interfaces/msg/safety_state.hpp
[2.326s] -- Up-to-date symlink: /home/pavithra/Intelligence_ABAJA-26/ros2_ws/install/abaja_interfaces/include/abaja_interfaces/abaja_interfaces/msg/steering_feedback.hpp
[2.326s] -- Up-to-date symlink: /home/pavithra/Intelligence_ABAJA-26/ros2_ws/install/abaja_interfaces/include/abaja_interfaces/abaja_interfaces/msg/ttc_status.hpp
[2.326s] -- Up-to-date symlink: /home/pavithra/Intelligence_ABAJA-26/ros2_ws/install/abaja_interfaces/include/abaja_interfaces/abaja_interfaces/msg/vehicle_state.hpp
[2.326s] -- Up-to-date symlink: /home/pavithra/Intelligence_ABAJA-26/ros2_ws/install/abaja_interfaces/include/abaja_interfaces/abaja_interfaces/msg/wheel_speed.hpp
[2.326s] -- Up-to-date symlink: /home/pavithra/Intelligence_ABAJA-26/ros2_ws/install/abaja_interfaces/include/abaja_interfaces/abaja_interfaces/msg/detail/aeb_status__rosidl_typesupport_fastrtps_cpp.hpp
[2.326s] -- Up-to-date symlink: /home/pavithra/Intelligence_ABAJA-26/ros2_ws/install/abaja_interfaces/include/abaja_interfaces/abaja_interfaces/msg/detail/battery_status__rosidl_typesupport_fastrtps_cpp.hpp
[2.326s] -- Up-to-date symlink: /home/pavithra/Intelligence_ABAJA-26/ros2_ws/install/abaja_interfaces/include/abaja_interfaces/abaja_interfaces/msg/detail/control_cmd__rosidl_typesupport_fastrtps_cpp.hpp
[2.327s] -- Up-to-date symlink: /home/pavithra/Intelligence_ABAJA-26/ros2_ws/install/abaja_interfaces/include/abaja_interfaces/abaja_interfaces/msg/detail/dbw_cmd__rosidl_typesupport_fastrtps_cpp.hpp
[2.327s] -- Up-to-date symlink: /home/pavithra/Intelligence_ABAJA-26/ros2_ws/install/abaja_interfaces/include/abaja_interfaces/abaja_interfaces/msg/detail/dbw_status__rosidl_typesupport_fastrtps_cpp.hpp
[2.327s] -- Up-to-date symlink: /home/pavithra/Intelligence_ABAJA-26/ros2_ws/install/abaja_interfaces/include/abaja_interfaces/abaja_interfaces/msg/detail/detected_object__rosidl_typesupport_fastrtps_cpp.hpp
[2.327s] -- Up-to-date symlink: /home/pavithra/Intelligence_ABAJA-26/ros2_ws/install/abaja_interfaces/include/abaja_interfaces/abaja_interfaces/msg/detail/detected_object_array__rosidl_typesupport_fastrtps_cpp.hpp
[2.327s] -- Up-to-date symlink: /home/pavithra/Intelligence_ABAJA-26/ros2_ws/install/abaja_interfaces/include/abaja_interfaces/abaja_interfaces/msg/detail/lane_marking__rosidl_typesupport_fastrtps_cpp.hpp
[2.327s] -- Up-to-date symlink: /home/pavithra/Intelligence_ABAJA-26/ros2_ws/install/abaja_interfaces/include/abaja_interfaces/abaja_interfaces/msg/detail/lane_state__rosidl_typesupport_fastrtps_cpp.hpp
[2.327s] -- Up-to-date symlink: /home/pavithra/Intelligence_ABAJA-26/ros2_ws/install/abaja_interfaces/include/abaja_interfaces/abaja_interfaces/msg/detail/mode_status__rosidl_typesupport_fastrtps_cpp.hpp
[2.328s] -- Up-to-date symlink: /home/pavithra/Intelligence_ABAJA-26/ros2_ws/install/abaja_interfaces/include/abaja_interfaces/abaja_interfaces/msg/detail/object_distance__rosidl_typesupport_fastrtps_cpp.hpp
[2.328s] -- Up-to-date symlink: /home/pavithra/Intelligence_ABAJA-26/ros2_ws/install/abaja_interfaces/include/abaja_interfaces/abaja_interfaces/msg/detail/object_distance_array__rosidl_typesupport_fastrtps_cpp.hpp
[2.328s] -- Up-to-date symlink: /home/pavithra/Intelligence_ABAJA-26/ros2_ws/install/abaja_interfaces/include/abaja_interfaces/abaja_interfaces/msg/detail/safety_state__rosidl_typesupport_fastrtps_cpp.hpp
[2.328s] -- Up-to-date symlink: /home/pavithra/Intelligence_ABAJA-26/ros2_ws/install/abaja_interfaces/include/abaja_interfaces/abaja_interfaces/msg/detail/steering_feedback__rosidl_typesupport_fastrtps_cpp.hpp
[2.328s] -- Up-to-date symlink: /home/pavithra/Intelligence_ABAJA-26/ros2_ws/install/abaja_interfaces/include/abaja_interfaces/abaja_interfaces/msg/detail/ttc_status__rosidl_typesupport_fastrtps_cpp.hpp
[2.328s] -- Up-to-date symlink: /home/pavithra/Intelligence_ABAJA-26/ros2_ws/install/abaja_interfaces/include/abaja_interfaces/abaja_interfaces/msg/detail/vehicle_state__rosidl_typesupport_fastrtps_cpp.hpp
[2.328s] -- Up-to-date symlink: /home/pavithra/Intelligence_ABAJA-26/ros2_ws/install/abaja_interfaces/include/abaja_interfaces/abaja_interfaces/msg/detail/wheel_speed__rosidl_typesupport_fastrtps_cpp.hpp
[2.328s] -- Up-to-date symlink: /home/pavithra/Intelligence_ABAJA-26/ros2_ws/install/abaja_interfaces/include/abaja_interfaces/abaja_interfaces/msg/rosidl_typesupport_fastrtps_cpp__visibility_control.h
[2.329s] -- Up-to-date symlink: /home/pavithra/Intelligence_ABAJA-26/ros2_ws/install/abaja_interfaces/include/abaja_interfaces/abaja_interfaces/msg/detail/aeb_status__rosidl_typesupport_introspection_cpp.hpp
[2.329s] -- Up-to-date symlink: /home/pavithra/Intelligence_ABAJA-26/ros2_ws/install/abaja_interfaces/include/abaja_interfaces/abaja_interfaces/msg/detail/battery_status__rosidl_typesupport_introspection_cpp.hpp
[2.329s] -- Up-to-date symlink: /home/pavithra/Intelligence_ABAJA-26/ros2_ws/install/abaja_interfaces/include/abaja_interfaces/abaja_interfaces/msg/detail/control_cmd__rosidl_typesupport_introspection_cpp.hpp
[2.329s] -- Up-to-date symlink: /home/pavithra/Intelligence_ABAJA-26/ros2_ws/install/abaja_interfaces/include/abaja_interfaces/abaja_interfaces/msg/detail/dbw_cmd__rosidl_typesupport_introspection_cpp.hpp
[2.329s] -- Up-to-date symlink: /home/pavithra/Intelligence_ABAJA-26/ros2_ws/install/abaja_interfaces/include/abaja_interfaces/abaja_interfaces/msg/detail/dbw_status__rosidl_typesupport_introspection_cpp.hpp
[2.329s] -- Up-to-date symlink: /home/pavithra/Intelligence_ABAJA-26/ros2_ws/install/abaja_interfaces/include/abaja_interfaces/abaja_interfaces/msg/detail/detected_object__rosidl_typesupport_introspection_cpp.hpp
[2.329s] -- Up-to-date symlink: /home/pavithra/Intelligence_ABAJA-26/ros2_ws/install/abaja_interfaces/include/abaja_interfaces/abaja_interfaces/msg/detail/detected_object_array__rosidl_typesupport_introspection_cpp.hpp
[2.329s] -- Up-to-date symlink: /home/pavithra/Intelligence_ABAJA-26/ros2_ws/install/abaja_interfaces/include/abaja_interfaces/abaja_interfaces/msg/detail/lane_marking__rosidl_typesupport_introspection_cpp.hpp
[2.330s] -- Up-to-date symlink: /home/pavithra/Intelligence_ABAJA-26/ros2_ws/install/abaja_interfaces/include/abaja_interfaces/abaja_interfaces/msg/detail/lane_state__rosidl_typesupport_introspection_cpp.hpp
[2.330s] -- Up-to-date symlink: /home/pavithra/Intelligence_ABAJA-26/ros2_ws/install/abaja_interfaces/include/abaja_interfaces/abaja_interfaces/msg/detail/mode_status__rosidl_typesupport_introspection_cpp.hpp
[2.330s] -- Up-to-date symlink: /home/pavithra/Intelligence_ABAJA-26/ros2_ws/install/abaja_interfaces/include/abaja_interfaces/abaja_interfaces/msg/detail/object_distance__rosidl_typesupport_introspection_cpp.hpp
[2.330s] -- Up-to-date symlink: /home/pavithra/Intelligence_ABAJA-26/ros2_ws/install/abaja_interfaces/include/abaja_interfaces/abaja_interfaces/msg/detail/object_distance_array__rosidl_typesupport_introspection_cpp.hpp
[2.330s] -- Up-to-date symlink: /home/pavithra/Intelligence_ABAJA-26/ros2_ws/install/abaja_interfaces/include/abaja_interfaces/abaja_interfaces/msg/detail/safety_state__rosidl_typesupport_introspection_cpp.hpp
[2.330s] -- Up-to-date symlink: /home/pavithra/Intelligence_ABAJA-26/ros2_ws/install/abaja_interfaces/include/abaja_interfaces/abaja_interfaces/msg/detail/steering_feedback__rosidl_typesupport_introspection_cpp.hpp
[2.330s] -- Up-to-date symlink: /home/pavithra/Intelligence_ABAJA-26/ros2_ws/install/abaja_interfaces/include/abaja_interfaces/abaja_interfaces/msg/detail/ttc_status__rosidl_typesupport_introspection_cpp.hpp
[2.331s] -- Up-to-date symlink: /home/pavithra/Intelligence_ABAJA-26/ros2_ws/install/abaja_interfaces/include/abaja_interfaces/abaja_interfaces/msg/detail/vehicle_state__rosidl_typesupport_introspection_cpp.hpp
[2.331s] -- Up-to-date symlink: /home/pavithra/Intelligence_ABAJA-26/ros2_ws/install/abaja_interfaces/include/abaja_interfaces/abaja_interfaces/msg/detail/wheel_speed__rosidl_typesupport_introspection_cpp.hpp
[2.331s] -- Up-to-date symlink: /home/pavithra/Intelligence_ABAJA-26/ros2_ws/install/abaja_interfaces/share/abaja_interfaces/environment/pythonpath.sh
[2.331s] -- Up-to-date symlink: /home/pavithra/Intelligence_ABAJA-26/ros2_ws/install/abaja_interfaces/share/abaja_interfaces/environment/pythonpath.dsv
[2.331s] -- Up-to-date symlink: /home/pavithra/Intelligence_ABAJA-26/ros2_ws/install/abaja_interfaces/lib/python3.12/site-packages/abaja_interfaces-0.0.0-py3.12.egg-info/PKG-INFO
[2.331s] -- Up-to-date symlink: /home/pavithra/Intelligence_ABAJA-26/ros2_ws/install/abaja_interfaces/lib/python3.12/site-packages/abaja_interfaces-0.0.0-py3.12.egg-info/SOURCES.txt
[2.331s] -- Up-to-date symlink: /home/pavithra/Intelligence_ABAJA-26/ros2_ws/install/abaja_interfaces/lib/python3.12/site-packages/abaja_interfaces-0.0.0-py3.12.egg-info/dependency_links.txt
[2.331s] -- Up-to-date symlink: /home/pavithra/Intelligence_ABAJA-26/ros2_ws/install/abaja_interfaces/lib/python3.12/site-packages/abaja_interfaces-0.0.0-py3.12.egg-info/top_level.txt
[2.332s] -- Up-to-date symlink: /home/pavithra/Intelligence_ABAJA-26/ros2_ws/install/abaja_interfaces/lib/python3.12/site-packages/abaja_interfaces/__init__.py
[2.332s] -- Up-to-date symlink: /home/pavithra/Intelligence_ABAJA-26/ros2_ws/install/abaja_interfaces/lib/python3.12/site-packages/abaja_interfaces/_abaja_interfaces_s.ep.rosidl_typesupport_c.c
[2.332s] -- Up-to-date symlink: /home/pavithra/Intelligence_ABAJA-26/ros2_ws/install/abaja_interfaces/lib/python3.12/site-packages/abaja_interfaces/_abaja_interfaces_s.ep.rosidl_typesupport_fastrtps_c.c
[2.332s] -- Up-to-date symlink: /home/pavithra/Intelligence_ABAJA-26/ros2_ws/install/abaja_interfaces/lib/python3.12/site-packages/abaja_interfaces/_abaja_interfaces_s.ep.rosidl_typesupport_introspection_c.c
[2.332s] -- Up-to-date symlink: /home/pavithra/Intelligence_ABAJA-26/ros2_ws/install/abaja_interfaces/lib/python3.12/site-packages/abaja_interfaces/abaja_interfaces_s__rosidl_typesupport_c.so
[2.332s] -- Up-to-date symlink: /home/pavithra/Intelligence_ABAJA-26/ros2_ws/install/abaja_interfaces/lib/python3.12/site-packages/abaja_interfaces/abaja_interfaces_s__rosidl_typesupport_fastrtps_c.so
[2.332s] -- Up-to-date symlink: /home/pavithra/Intelligence_ABAJA-26/ros2_ws/install/abaja_interfaces/lib/python3.12/site-packages/abaja_interfaces/abaja_interfaces_s__rosidl_typesupport_introspection_c.so
[2.332s] -- Up-to-date symlink: /home/pavithra/Intelligence_ABAJA-26/ros2_ws/install/abaja_interfaces/lib/python3.12/site-packages/abaja_interfaces/msg/__init__.py
[2.332s] -- Up-to-date symlink: /home/pavithra/Intelligence_ABAJA-26/ros2_ws/install/abaja_interfaces/lib/python3.12/site-packages/abaja_interfaces/msg/_aeb_status.py
[2.332s] -- Up-to-date symlink: /home/pavithra/Intelligence_ABAJA-26/ros2_ws/install/abaja_interfaces/lib/python3.12/site-packages/abaja_interfaces/msg/_aeb_status_s.c
[2.333s] -- Up-to-date symlink: /home/pavithra/Intelligence_ABAJA-26/ros2_ws/install/abaja_interfaces/lib/python3.12/site-packages/abaja_interfaces/msg/_battery_status.py
[2.333s] -- Up-to-date symlink: /home/pavithra/Intelligence_ABAJA-26/ros2_ws/install/abaja_interfaces/lib/python3.12/site-packages/abaja_interfaces/msg/_battery_status_s.c
[2.333s] -- Up-to-date symlink: /home/pavithra/Intelligence_ABAJA-26/ros2_ws/install/abaja_interfaces/lib/python3.12/site-packages/abaja_interfaces/msg/_control_cmd.py
[2.333s] -- Up-to-date symlink: /home/pavithra/Intelligence_ABAJA-26/ros2_ws/install/abaja_interfaces/lib/python3.12/site-packages/abaja_interfaces/msg/_control_cmd_s.c
[2.333s] -- Up-to-date symlink: /home/pavithra/Intelligence_ABAJA-26/ros2_ws/install/abaja_interfaces/lib/python3.12/site-packages/abaja_interfaces/msg/_dbw_cmd.py
[2.333s] -- Up-to-date symlink: /home/pavithra/Intelligence_ABAJA-26/ros2_ws/install/abaja_interfaces/lib/python3.12/site-packages/abaja_interfaces/msg/_dbw_cmd_s.c
[2.333s] -- Up-to-date symlink: /home/pavithra/Intelligence_ABAJA-26/ros2_ws/install/abaja_interfaces/lib/python3.12/site-packages/abaja_interfaces/msg/_dbw_status.py
[2.333s] -- Up-to-date symlink: /home/pavithra/Intelligence_ABAJA-26/ros2_ws/install/abaja_interfaces/lib/python3.12/site-packages/abaja_interfaces/msg/_dbw_status_s.c
[2.333s] -- Up-to-date symlink: /home/pavithra/Intelligence_ABAJA-26/ros2_ws/install/abaja_interfaces/lib/python3.12/site-packages/abaja_interfaces/msg/_detected_object.py
[2.334s] -- Up-to-date symlink: /home/pavithra/Intelligence_ABAJA-26/ros2_ws/install/abaja_interfaces/lib/python3.12/site-packages/abaja_interfaces/msg/_detected_object_array.py
[2.334s] -- Up-to-date symlink: /home/pavithra/Intelligence_ABAJA-26/ros2_ws/install/abaja_interfaces/lib/python3.12/site-packages/abaja_interfaces/msg/_detected_object_array_s.c
[2.334s] -- Up-to-date symlink: /home/pavithra/Intelligence_ABAJA-26/ros2_ws/install/abaja_interfaces/lib/python3.12/site-packages/abaja_interfaces/msg/_detected_object_s.c
[2.334s] -- Up-to-date symlink: /home/pavithra/Intelligence_ABAJA-26/ros2_ws/install/abaja_interfaces/lib/python3.12/site-packages/abaja_interfaces/msg/_lane_marking.py
[2.334s] -- Up-to-date symlink: /home/pavithra/Intelligence_ABAJA-26/ros2_ws/install/abaja_interfaces/lib/python3.12/site-packages/abaja_interfaces/msg/_lane_marking_s.c
[2.334s] -- Up-to-date symlink: /home/pavithra/Intelligence_ABAJA-26/ros2_ws/install/abaja_interfaces/lib/python3.12/site-packages/abaja_interfaces/msg/_lane_state.py
[2.334s] -- Up-to-date symlink: /home/pavithra/Intelligence_ABAJA-26/ros2_ws/install/abaja_interfaces/lib/python3.12/site-packages/abaja_interfaces/msg/_lane_state_s.c
[2.334s] -- Up-to-date symlink: /home/pavithra/Intelligence_ABAJA-26/ros2_ws/install/abaja_interfaces/lib/python3.12/site-packages/abaja_interfaces/msg/_mode_status.py
[2.335s] -- Up-to-date symlink: /home/pavithra/Intelligence_ABAJA-26/ros2_ws/install/abaja_interfaces/lib/python3.12/site-packages/abaja_interfaces/msg/_mode_status_s.c
[2.335s] -- Up-to-date symlink: /home/pavithra/Intelligence_ABAJA-26/ros2_ws/install/abaja_interfaces/lib/python3.12/site-packages/abaja_interfaces/msg/_object_distance.py
[2.335s] -- Up-to-date symlink: /home/pavithra/Intelligence_ABAJA-26/ros2_ws/install/abaja_interfaces/lib/python3.12/site-packages/abaja_interfaces/msg/_object_distance_array.py
[2.335s] -- Up-to-date symlink: /home/pavithra/Intelligence_ABAJA-26/ros2_ws/install/abaja_interfaces/lib/python3.12/site-packages/abaja_interfaces/msg/_object_distance_array_s.c
[2.335s] -- Up-to-date symlink: /home/pavithra/Intelligence_ABAJA-26/ros2_ws/install/abaja_interfaces/lib/python3.12/site-packages/abaja_interfaces/msg/_object_distance_s.c
[2.335s] -- Up-to-date symlink: /home/pavithra/Intelligence_ABAJA-26/ros2_ws/install/abaja_interfaces/lib/python3.12/site-packages/abaja_interfaces/msg/_safety_state.py
[2.335s] -- Up-to-date symlink: /home/pavithra/Intelligence_ABAJA-26/ros2_ws/install/abaja_interfaces/lib/python3.12/site-packages/abaja_interfaces/msg/_safety_state_s.c
[2.335s] -- Up-to-date symlink: /home/pavithra/Intelligence_ABAJA-26/ros2_ws/install/abaja_interfaces/lib/python3.12/site-packages/abaja_interfaces/msg/_steering_feedback.py
[2.335s] -- Up-to-date symlink: /home/pavithra/Intelligence_ABAJA-26/ros2_ws/install/abaja_interfaces/lib/python3.12/site-packages/abaja_interfaces/msg/_steering_feedback_s.c
[2.335s] -- Up-to-date symlink: /home/pavithra/Intelligence_ABAJA-26/ros2_ws/install/abaja_interfaces/lib/python3.12/site-packages/abaja_interfaces/msg/_ttc_status.py
[2.336s] -- Up-to-date symlink: /home/pavithra/Intelligence_ABAJA-26/ros2_ws/install/abaja_interfaces/lib/python3.12/site-packages/abaja_interfaces/msg/_ttc_status_s.c
[2.336s] -- Up-to-date symlink: /home/pavithra/Intelligence_ABAJA-26/ros2_ws/install/abaja_interfaces/lib/python3.12/site-packages/abaja_interfaces/msg/_vehicle_state.py
[2.336s] -- Up-to-date symlink: /home/pavithra/Intelligence_ABAJA-26/ros2_ws/install/abaja_interfaces/lib/python3.12/site-packages/abaja_interfaces/msg/_vehicle_state_s.c
[2.336s] -- Up-to-date symlink: /home/pavithra/Intelligence_ABAJA-26/ros2_ws/install/abaja_interfaces/lib/python3.12/site-packages/abaja_interfaces/msg/_wheel_speed.py
[2.336s] -- Up-to-date symlink: /home/pavithra/Intelligence_ABAJA-26/ros2_ws/install/abaja_interfaces/lib/python3.12/site-packages/abaja_interfaces/msg/_wheel_speed_s.c
[2.336s] -- Up-to-date symlink: /home/pavithra/Intelligence_ABAJA-26/ros2_ws/install/abaja_interfaces/lib/python3.12/site-packages/abaja_interfaces/abaja_interfaces_s__rosidl_typesupport_fastrtps_c.so
[2.336s] -- Up-to-date symlink: /home/pavithra/Intelligence_ABAJA-26/ros2_ws/install/abaja_interfaces/lib/python3.12/site-packages/abaja_interfaces/abaja_interfaces_s__rosidl_typesupport_introspection_c.so
[2.336s] -- Up-to-date symlink: /home/pavithra/Intelligence_ABAJA-26/ros2_ws/install/abaja_interfaces/lib/python3.12/site-packages/abaja_interfaces/abaja_interfaces_s__rosidl_typesupport_c.so
[2.336s] -- Up-to-date symlink: /home/pavithra/Intelligence_ABAJA-26/ros2_ws/install/abaja_interfaces/share/ament_index/resource_index/rust_packages/abaja_interfaces
[2.336s] -- Up-to-date symlink: /home/pavithra/Intelligence_ABAJA-26/ros2_ws/install/abaja_interfaces/share/abaja_interfaces/rust/Cargo.toml
[2.337s] -- Up-to-date symlink: /home/pavithra/Intelligence_ABAJA-26/ros2_ws/install/abaja_interfaces/share/abaja_interfaces/rust/build.rs
[2.337s] -- Up-to-date symlink: /home/pavithra/Intelligence_ABAJA-26/ros2_ws/install/abaja_interfaces/share/abaja_interfaces/rust/src/lib.rs
[2.337s] -- Up-to-date symlink: /home/pavithra/Intelligence_ABAJA-26/ros2_ws/install/abaja_interfaces/share/abaja_interfaces/rust/src/msg.rs
[2.337s] -- Up-to-date symlink: /home/pavithra/Intelligence_ABAJA-26/ros2_ws/install/abaja_interfaces/share/abaja_interfaces/rust/src/msg/rmw.rs
[2.337s] -- Up-to-date symlink: /home/pavithra/Intelligence_ABAJA-26/ros2_ws/install/abaja_interfaces/share/abaja_interfaces/msg/ControlCmd.idl
[2.337s] -- Up-to-date symlink: /home/pavithra/Intelligence_ABAJA-26/ros2_ws/install/abaja_interfaces/share/abaja_interfaces/msg/VehicleState.idl
[2.337s] -- Up-to-date symlink: /home/pavithra/Intelligence_ABAJA-26/ros2_ws/install/abaja_interfaces/share/abaja_interfaces/msg/WheelSpeed.idl
[2.337s] -- Up-to-date symlink: /home/pavithra/Intelligence_ABAJA-26/ros2_ws/install/abaja_interfaces/share/abaja_interfaces/msg/SteeringFeedback.idl
[2.337s] -- Up-to-date symlink: /home/pavithra/Intelligence_ABAJA-26/ros2_ws/install/abaja_interfaces/share/abaja_interfaces/msg/BatteryStatus.idl
[2.338s] -- Up-to-date symlink: /home/pavithra/Intelligence_ABAJA-26/ros2_ws/install/abaja_interfaces/share/abaja_interfaces/msg/ModeStatus.idl
[2.338s] -- Up-to-date symlink: /home/pavithra/Intelligence_ABAJA-26/ros2_ws/install/abaja_interfaces/share/abaja_interfaces/msg/DbwCmd.idl
[2.338s] -- Up-to-date symlink: /home/pavithra/Intelligence_ABAJA-26/ros2_ws/install/abaja_interfaces/share/abaja_interfaces/msg/DbwStatus.idl
[2.338s] -- Up-to-date symlink: /home/pavithra/Intelligence_ABAJA-26/ros2_ws/install/abaja_interfaces/share/abaja_interfaces/msg/DetectedObject.idl
[2.338s] -- Up-to-date symlink: /home/pavithra/Intelligence_ABAJA-26/ros2_ws/install/abaja_interfaces/share/abaja_interfaces/msg/DetectedObjectArray.idl
[2.338s] -- Up-to-date symlink: /home/pavithra/Intelligence_ABAJA-26/ros2_ws/install/abaja_interfaces/share/abaja_interfaces/msg/LaneMarking.idl
[2.338s] -- Up-to-date symlink: /home/pavithra/Intelligence_ABAJA-26/ros2_ws/install/abaja_interfaces/share/abaja_interfaces/msg/LaneState.idl
[2.338s] -- Up-to-date symlink: /home/pavithra/Intelligence_ABAJA-26/ros2_ws/install/abaja_interfaces/share/abaja_interfaces/msg/ObjectDistance.idl
[2.339s] -- Up-to-date symlink: /home/pavithra/Intelligence_ABAJA-26/ros2_ws/install/abaja_interfaces/share/abaja_interfaces/msg/ObjectDistanceArray.idl
[2.339s] -- Up-to-date symlink: /home/pavithra/Intelligence_ABAJA-26/ros2_ws/install/abaja_interfaces/share/abaja_interfaces/msg/TTCStatus.idl
[2.339s] -- Up-to-date symlink: /home/pavithra/Intelligence_ABAJA-26/ros2_ws/install/abaja_interfaces/share/abaja_interfaces/msg/AEBStatus.idl
[2.339s] -- Up-to-date symlink: /home/pavithra/Intelligence_ABAJA-26/ros2_ws/install/abaja_interfaces/share/abaja_interfaces/msg/SafetyState.idl
[2.339s] -- Up-to-date symlink: /home/pavithra/Intelligence_ABAJA-26/ros2_ws/install/abaja_interfaces/share/abaja_interfaces/msg/ControlCmd.msg
[2.339s] -- Up-to-date symlink: /home/pavithra/Intelligence_ABAJA-26/ros2_ws/install/abaja_interfaces/share/abaja_interfaces/msg/VehicleState.msg
[2.340s] -- Up-to-date symlink: /home/pavithra/Intelligence_ABAJA-26/ros2_ws/install/abaja_interfaces/share/abaja_interfaces/msg/WheelSpeed.msg
[2.340s] -- Up-to-date symlink: /home/pavithra/Intelligence_ABAJA-26/ros2_ws/install/abaja_interfaces/share/abaja_interfaces/msg/SteeringFeedback.msg
[2.340s] -- Up-to-date symlink: /home/pavithra/Intelligence_ABAJA-26/ros2_ws/install/abaja_interfaces/share/abaja_interfaces/msg/BatteryStatus.msg
[2.340s] -- Up-to-date symlink: /home/pavithra/Intelligence_ABAJA-26/ros2_ws/install/abaja_interfaces/share/abaja_interfaces/msg/ModeStatus.msg
[2.340s] -- Up-to-date symlink: /home/pavithra/Intelligence_ABAJA-26/ros2_ws/install/abaja_interfaces/share/abaja_interfaces/msg/DbwCmd.msg
[2.340s] -- Up-to-date symlink: /home/pavithra/Intelligence_ABAJA-26/ros2_ws/install/abaja_interfaces/share/abaja_interfaces/msg/DbwStatus.msg
[2.340s] -- Up-to-date symlink: /home/pavithra/Intelligence_ABAJA-26/ros2_ws/install/abaja_interfaces/share/abaja_interfaces/msg/DetectedObject.msg
[2.340s] -- Up-to-date symlink: /home/pavithra/Intelligence_ABAJA-26/ros2_ws/install/abaja_interfaces/share/abaja_interfaces/msg/DetectedObjectArray.msg
[2.340s] -- Up-to-date symlink: /home/pavithra/Intelligence_ABAJA-26/ros2_ws/install/abaja_interfaces/share/abaja_interfaces/msg/LaneMarking.msg
[2.340s] -- Up-to-date symlink: /home/pavithra/Intelligence_ABAJA-26/ros2_ws/install/abaja_interfaces/share/abaja_interfaces/msg/LaneState.msg
[2.341s] -- Up-to-date symlink: /home/pavithra/Intelligence_ABAJA-26/ros2_ws/install/abaja_interfaces/share/abaja_interfaces/msg/ObjectDistance.msg
[2.341s] -- Up-to-date symlink: /home/pavithra/Intelligence_ABAJA-26/ros2_ws/install/abaja_interfaces/share/abaja_interfaces/msg/ObjectDistanceArray.msg
[2.341s] -- Up-to-date symlink: /home/pavithra/Intelligence_ABAJA-26/ros2_ws/install/abaja_interfaces/share/abaja_interfaces/msg/TTCStatus.msg
[2.341s] -- Up-to-date symlink: /home/pavithra/Intelligence_ABAJA-26/ros2_ws/install/abaja_interfaces/share/abaja_interfaces/msg/AEBStatus.msg
[2.341s] -- Up-to-date symlink: /home/pavithra/Intelligence_ABAJA-26/ros2_ws/install/abaja_interfaces/share/abaja_interfaces/msg/SafetyState.msg
[2.341s] -- Up-to-date symlink: /home/pavithra/Intelligence_ABAJA-26/ros2_ws/install/abaja_interfaces/share/ament_index/resource_index/package_run_dependencies/abaja_interfaces
[2.341s] -- Up-to-date symlink: /home/pavithra/Intelligence_ABAJA-26/ros2_ws/install/abaja_interfaces/share/ament_index/resource_index/parent_prefix_path/abaja_interfaces
[2.341s] -- Up-to-date symlink: /home/pavithra/Intelligence_ABAJA-26/ros2_ws/install/abaja_interfaces/share/abaja_interfaces/environment/ament_prefix_path.sh
[2.342s] -- Up-to-date symlink: /home/pavithra/Intelligence_ABAJA-26/ros2_ws/install/abaja_interfaces/share/abaja_interfaces/environment/ament_prefix_path.dsv
[2.342s] -- Up-to-date symlink: /home/pavithra/Intelligence_ABAJA-26/ros2_ws/install/abaja_interfaces/share/abaja_interfaces/environment/path.sh
[2.342s] -- Up-to-date symlink: /home/pavithra/Intelligence_ABAJA-26/ros2_ws/install/abaja_interfaces/share/abaja_interfaces/environment/path.dsv
[2.342s] -- Up-to-date symlink: /home/pavithra/Intelligence_ABAJA-26/ros2_ws/install/abaja_interfaces/share/abaja_interfaces/local_setup.bash
[2.342s] -- Up-to-date symlink: /home/pavithra/Intelligence_ABAJA-26/ros2_ws/install/abaja_interfaces/share/abaja_interfaces/local_setup.sh
[2.342s] -- Up-to-date symlink: /home/pavithra/Intelligence_ABAJA-26/ros2_ws/install/abaja_interfaces/share/abaja_interfaces/local_setup.zsh
[2.342s] -- Up-to-date symlink: /home/pavithra/Intelligence_ABAJA-26/ros2_ws/install/abaja_interfaces/share/abaja_interfaces/local_setup.dsv
[2.342s] -- Symlinking: /home/pavithra/Intelligence_ABAJA-26/ros2_ws/install/abaja_interfaces/share/abaja_interfaces/package.dsv
[2.342s] -- Up-to-date symlink: /home/pavithra/Intelligence_ABAJA-26/ros2_ws/install/abaja_interfaces/share/ament_index/resource_index/packages/abaja_interfaces
[2.343s] -- Up-to-date symlink: /home/pavithra/Intelligence_ABAJA-26/ros2_ws/install/abaja_interfaces/share/abaja_interfaces/cmake/rosidl_cmake-extras.cmake
[2.343s] -- Up-to-date symlink: /home/pavithra/Intelligence_ABAJA-26/ros2_ws/install/abaja_interfaces/share/abaja_interfaces/cmake/ament_cmake_export_dependencies-extras.cmake
[2.343s] -- Up-to-date symlink: /home/pavithra/Intelligence_ABAJA-26/ros2_ws/install/abaja_interfaces/share/abaja_interfaces/cmake/ament_cmake_export_include_directories-extras.cmake
[2.343s] -- Up-to-date symlink: /home/pavithra/Intelligence_ABAJA-26/ros2_ws/install/abaja_interfaces/share/abaja_interfaces/cmake/ament_cmake_export_libraries-extras.cmake
[2.343s] -- Up-to-date symlink: /home/pavithra/Intelligence_ABAJA-26/ros2_ws/install/abaja_interfaces/share/abaja_interfaces/cmake/ament_cmake_export_targets-extras.cmake
[2.343s] -- Up-to-date symlink: /home/pavithra/Intelligence_ABAJA-26/ros2_ws/install/abaja_interfaces/share/abaja_interfaces/cmake/rosidl_cmake_export_typesupport_targets-extras.cmake
[2.343s] -- Up-to-date symlink: /home/pavithra/Intelligence_ABAJA-26/ros2_ws/install/abaja_interfaces/share/abaja_interfaces/cmake/rosidl_cmake_export_typesupport_libraries-extras.cmake
[2.344s] -- Up-to-date symlink: /home/pavithra/Intelligence_ABAJA-26/ros2_ws/install/abaja_interfaces/share/abaja_interfaces/cmake/abaja_interfacesConfig.cmake
[2.344s] -- Up-to-date symlink: /home/pavithra/Intelligence_ABAJA-26/ros2_ws/install/abaja_interfaces/share/abaja_interfaces/cmake/abaja_interfacesConfig-version.cmake
[2.344s] -- Up-to-date symlink: /home/pavithra/Intelligence_ABAJA-26/ros2_ws/install/abaja_interfaces/share/abaja_interfaces/package.xml
[2.345s] -- Up-to-date: /home/pavithra/Intelligence_ABAJA-26/ros2_ws/install/abaja_interfaces/lib/libabaja_interfaces__rosidl_generator_c.so
[2.345s] -- Up-to-date: /home/pavithra/Intelligence_ABAJA-26/ros2_ws/install/abaja_interfaces/lib/libabaja_interfaces__rosidl_typesupport_fastrtps_c.so
[2.345s] -- Up-to-date: /home/pavithra/Intelligence_ABAJA-26/ros2_ws/install/abaja_interfaces/lib/libabaja_interfaces__rosidl_typesupport_introspection_c.so
[2.346s] -- Up-to-date: /home/pavithra/Intelligence_ABAJA-26/ros2_ws/install/abaja_interfaces/lib/libabaja_interfaces__rosidl_typesupport_c.so
[2.346s] -- Up-to-date: /home/pavithra/Intelligence_ABAJA-26/ros2_ws/install/abaja_interfaces/lib/libabaja_interfaces__rosidl_typesupport_fastrtps_cpp.so
[2.347s] -- Up-to-date: /home/pavithra/Intelligence_ABAJA-26/ros2_ws/install/abaja_interfaces/lib/libabaja_interfaces__rosidl_typesupport_introspection_cpp.so
[2.347s] -- Up-to-date: /home/pavithra/Intelligence_ABAJA-26/ros2_ws/install/abaja_interfaces/lib/libabaja_interfaces__rosidl_typesupport_cpp.so
[2.392s] Listing '/home/pavithra/Intelligence_ABAJA-26/ros2_ws/install/abaja_interfaces/lib/python3.12/site-packages/abaja_interfaces'...
[2.392s] Compiling '/home/pavithra/Intelligence_ABAJA-26/ros2_ws/install/abaja_interfaces/lib/python3.12/site-packages/abaja_interfaces/__init__.py'...
[2.392s] Listing '/home/pavithra/Intelligence_ABAJA-26/ros2_ws/install/abaja_interfaces/lib/python3.12/site-packages/abaja_interfaces/msg'...
[2.397s] -- Up-to-date: /home/pavithra/Intelligence_ABAJA-26/ros2_ws/install/abaja_interfaces/lib/libabaja_interfaces__rosidl_generator_py.so
[2.397s] -- Up-to-date: /home/pavithra/Intelligence_ABAJA-26/ros2_ws/install/abaja_interfaces/share/abaja_interfaces/cmake/export_abaja_interfaces__rosidl_generator_cExport.cmake
[2.397s] -- Up-to-date: /home/pavithra/Intelligence_ABAJA-26/ros2_ws/install/abaja_interfaces/share/abaja_interfaces/cmake/export_abaja_interfaces__rosidl_generator_cExport-release.cmake
[2.398s] -- Up-to-date: /home/pavithra/Intelligence_ABAJA-26/ros2_ws/install/abaja_interfaces/share/abaja_interfaces/cmake/export_abaja_interfaces__rosidl_typesupport_fastrtps_cExport.cmake
[2.398s] -- Up-to-date: /home/pavithra/Intelligence_ABAJA-26/ros2_ws/install/abaja_interfaces/share/abaja_interfaces/cmake/export_abaja_interfaces__rosidl_typesupport_fastrtps_cExport-release.cmake
[2.398s] -- Up-to-date: /home/pavithra/Intelligence_ABAJA-26/ros2_ws/install/abaja_interfaces/share/abaja_interfaces/cmake/abaja_interfaces__rosidl_typesupport_introspection_cExport.cmake
[2.398s] -- Up-to-date: /home/pavithra/Intelligence_ABAJA-26/ros2_ws/install/abaja_interfaces/share/abaja_interfaces/cmake/abaja_interfaces__rosidl_typesupport_introspection_cExport-release.cmake
[2.398s] -- Up-to-date: /home/pavithra/Intelligence_ABAJA-26/ros2_ws/install/abaja_interfaces/share/abaja_interfaces/cmake/abaja_interfaces__rosidl_typesupport_cExport.cmake
[2.398s] -- Up-to-date: /home/pavithra/Intelligence_ABAJA-26/ros2_ws/install/abaja_interfaces/share/abaja_interfaces/cmake/abaja_interfaces__rosidl_typesupport_cExport-release.cmake
[2.398s] -- Up-to-date: /home/pavithra/Intelligence_ABAJA-26/ros2_ws/install/abaja_interfaces/share/abaja_interfaces/cmake/export_abaja_interfaces__rosidl_generator_cppExport.cmake
[2.398s] -- Up-to-date: /home/pavithra/Intelligence_ABAJA-26/ros2_ws/install/abaja_interfaces/share/abaja_interfaces/cmake/export_abaja_interfaces__rosidl_typesupport_fastrtps_cppExport.cmake
[2.398s] -- Up-to-date: /home/pavithra/Intelligence_ABAJA-26/ros2_ws/install/abaja_interfaces/share/abaja_interfaces/cmake/export_abaja_interfaces__rosidl_typesupport_fastrtps_cppExport-release.cmake
[2.399s] -- Up-to-date: /home/pavithra/Intelligence_ABAJA-26/ros2_ws/install/abaja_interfaces/share/abaja_interfaces/cmake/abaja_interfaces__rosidl_typesupport_introspection_cppExport.cmake
[2.399s] -- Up-to-date: /home/pavithra/Intelligence_ABAJA-26/ros2_ws/install/abaja_interfaces/share/abaja_interfaces/cmake/abaja_interfaces__rosidl_typesupport_introspection_cppExport-release.cmake
[2.399s] -- Up-to-date: /home/pavithra/Intelligence_ABAJA-26/ros2_ws/install/abaja_interfaces/share/abaja_interfaces/cmake/abaja_interfaces__rosidl_typesupport_cppExport.cmake
[2.399s] -- Up-to-date: /home/pavithra/Intelligence_ABAJA-26/ros2_ws/install/abaja_interfaces/share/abaja_interfaces/cmake/abaja_interfaces__rosidl_typesupport_cppExport-release.cmake
[2.399s] -- Up-to-date: /home/pavithra/Intelligence_ABAJA-26/ros2_ws/install/abaja_interfaces/share/abaja_interfaces/cmake/export_abaja_interfaces__rosidl_generator_pyExport.cmake
[2.400s] -- Up-to-date: /home/pavithra/Intelligence_ABAJA-26/ros2_ws/install/abaja_interfaces/share/abaja_interfaces/cmake/export_abaja_interfaces__rosidl_generator_pyExport-release.cmake
[2.400s] Invoked command in '/home/pavithra/Intelligence_ABAJA-26/ros2_ws/build/abaja_interfaces' returned '0': CMAKE_PREFIX_PATH=${CMAKE_PREFIX_PATH}:/opt/ros/jazzy DEBUGINFOD_URLS=https://debuginfod.ubuntu.com /usr/bin/cmake --install /home/pavithra/Intelligence_ABAJA-26/ros2_ws/build/abaja_interfaces
