running develop
Removing /home/pavithra/Intelligence_ABAJA-26/ros2_ws/install/abaja_lane_detection/lib/python3.12/site-packages/abaja-lane-detection.egg-link (link to .)
running egg_info
writing ../../build/abaja_lane_detection/abaja_lane_detection.egg-info/PKG-INFO
writing dependency_links to ../../build/abaja_lane_detection/abaja_lane_detection.egg-info/dependency_links.txt
writing entry points to ../../build/abaja_lane_detection/abaja_lane_detection.egg-info/entry_points.txt
writing requirements to ../../build/abaja_lane_detection/abaja_lane_detection.egg-info/requires.txt
writing top-level names to ../../build/abaja_lane_detection/abaja_lane_detection.egg-info/top_level.txt
reading manifest file '../../build/abaja_lane_detection/abaja_lane_detection.egg-info/SOURCES.txt'
writing manifest file '../../build/abaja_lane_detection/abaja_lane_detection.egg-info/SOURCES.txt'
running build
running build_py
creating /home/pavithra/Intelligence_ABAJA-26/ros2_ws/build/abaja_lane_detection/build
creating /home/pavithra/Intelligence_ABAJA-26/ros2_ws/build/abaja_lane_detection/build/lib
creating /home/pavithra/Intelligence_ABAJA-26/ros2_ws/build/abaja_lane_detection/build/lib/abaja_lane_detection
copying abaja_lane_detection/lane_detection_node.py -> /home/pavithra/Intelligence_ABAJA-26/ros2_ws/build/abaja_lane_detection/build/lib/abaja_lane_detection
copying abaja_lane_detection/lane_detector_node.py -> /home/pavithra/Intelligence_ABAJA-26/ros2_ws/build/abaja_lane_detection/build/lib/abaja_lane_detection
copying abaja_lane_detection/__init__.py -> /home/pavithra/Intelligence_ABAJA-26/ros2_ws/build/abaja_lane_detection/build/lib/abaja_lane_detection
copying abaja_lane_detection/lane_tracker_node.py -> /home/pavithra/Intelligence_ABAJA-26/ros2_ws/build/abaja_lane_detection/build/lib/abaja_lane_detection
copying abaja_lane_detection/lka_controller_node.py -> /home/pavithra/Intelligence_ABAJA-26/ros2_ws/build/abaja_lane_detection/build/lib/abaja_lane_detection
running install
running install_lib
creating /home/pavithra/Intelligence_ABAJA-26/ros2_ws/install/abaja_lane_detection/lib/python3.12/site-packages/abaja_lane_detection
copying /home/pavithra/Intelligence_ABAJA-26/ros2_ws/build/abaja_lane_detection/build/lib/abaja_lane_detection/lane_detection_node.py -> /home/pavithra/Intelligence_ABAJA-26/ros2_ws/install/abaja_lane_detection/lib/python3.12/site-packages/abaja_lane_detection
copying /home/pavithra/Intelligence_ABAJA-26/ros2_ws/build/abaja_lane_detection/build/lib/abaja_lane_detection/lane_detector_node.py -> /home/pavithra/Intelligence_ABAJA-26/ros2_ws/install/abaja_lane_detection/lib/python3.12/site-packages/abaja_lane_detection
copying /home/pavithra/Intelligence_ABAJA-26/ros2_ws/build/abaja_lane_detection/build/lib/abaja_lane_detection/__init__.py -> /home/pavithra/Intelligence_ABAJA-26/ros2_ws/install/abaja_lane_detection/lib/python3.12/site-packages/abaja_lane_detection
copying /home/pavithra/Intelligence_ABAJA-26/ros2_ws/build/abaja_lane_detection/build/lib/abaja_lane_detection/lane_tracker_node.py -> /home/pavithra/Intelligence_ABAJA-26/ros2_ws/install/abaja_lane_detection/lib/python3.12/site-packages/abaja_lane_detection
copying /home/pavithra/Intelligence_ABAJA-26/ros2_ws/build/abaja_lane_detection/build/lib/abaja_lane_detection/lka_controller_node.py -> /home/pavithra/Intelligence_ABAJA-26/ros2_ws/install/abaja_lane_detection/lib/python3.12/site-packages/abaja_lane_detection
byte-compiling /home/pavithra/Intelligence_ABAJA-26/ros2_ws/install/abaja_lane_detection/lib/python3.12/site-packages/abaja_lane_detection/lane_detection_node.py to lane_detection_node.cpython-312.pyc
byte-compiling /home/pavithra/Intelligence_ABAJA-26/ros2_ws/install/abaja_lane_detection/lib/python3.12/site-packages/abaja_lane_detection/lane_detector_node.py to lane_detector_node.cpython-312.pyc
byte-compiling /home/pavithra/Intelligence_ABAJA-26/ros2_ws/install/abaja_lane_detection/lib/python3.12/site-packages/abaja_lane_detection/__init__.py to __init__.cpython-312.pyc
byte-compiling /home/pavithra/Intelligence_ABAJA-26/ros2_ws/install/abaja_lane_detection/lib/python3.12/site-packages/abaja_lane_detection/lane_tracker_node.py to lane_tracker_node.cpython-312.pyc
byte-compiling /home/pavithra/Intelligence_ABAJA-26/ros2_ws/install/abaja_lane_detection/lib/python3.12/site-packages/abaja_lane_detection/lka_controller_node.py to lka_controller_node.cpython-312.pyc
running install_data
copying resource/abaja_lane_detection -> /home/pavithra/Intelligence_ABAJA-26/ros2_ws/install/abaja_lane_detection/share/ament_index/resource_index/packages
copying package.xml -> /home/pavithra/Intelligence_ABAJA-26/ros2_ws/install/abaja_lane_detection/share/abaja_lane_detection
running install_egg_info
Copying ../../build/abaja_lane_detection/abaja_lane_detection.egg-info to /home/pavithra/Intelligence_ABAJA-26/ros2_ws/install/abaja_lane_detection/lib/python3.12/site-packages/abaja_lane_detection-0.0.0-py3.12.egg-info
running install_scripts
Installing lane_detection_node script to /home/pavithra/Intelligence_ABAJA-26/ros2_ws/install/abaja_lane_detection/lib/abaja_lane_detection
Installing lane_tracker_node script to /home/pavithra/Intelligence_ABAJA-26/ros2_ws/install/abaja_lane_detection/lib/abaja_lane_detection
Installing lka_controller_node script to /home/pavithra/Intelligence_ABAJA-26/ros2_ws/install/abaja_lane_detection/lib/abaja_lane_detection
writing list of installed files to '/home/pavithra/Intelligence_ABAJA-26/ros2_ws/build/abaja_lane_detection/install.log'
