running develop
Removing /home/pavithra/Intelligence_ABAJA-26/ros2_ws/install/abaja_dbw_bridge/lib/python3.12/site-packages/abaja-dbw-bridge.egg-link (link to .)
running egg_info
writing ../../build/abaja_dbw_bridge/abaja_dbw_bridge.egg-info/PKG-INFO
writing dependency_links to ../../build/abaja_dbw_bridge/abaja_dbw_bridge.egg-info/dependency_links.txt
writing entry points to ../../build/abaja_dbw_bridge/abaja_dbw_bridge.egg-info/entry_points.txt
writing requirements to ../../build/abaja_dbw_bridge/abaja_dbw_bridge.egg-info/requires.txt
writing top-level names to ../../build/abaja_dbw_bridge/abaja_dbw_bridge.egg-info/top_level.txt
reading manifest file '../../build/abaja_dbw_bridge/abaja_dbw_bridge.egg-info/SOURCES.txt'
writing manifest file '../../build/abaja_dbw_bridge/abaja_dbw_bridge.egg-info/SOURCES.txt'
running build
running build_py
creating /home/pavithra/Intelligence_ABAJA-26/ros2_ws/build/abaja_dbw_bridge/build
creating /home/pavithra/Intelligence_ABAJA-26/ros2_ws/build/abaja_dbw_bridge/build/lib
creating /home/pavithra/Intelligence_ABAJA-26/ros2_ws/build/abaja_dbw_bridge/build/lib/abaja_dbw_bridge
copying abaja_dbw_bridge/dbw_interface_node.py -> /home/pavithra/Intelligence_ABAJA-26/ros2_ws/build/abaja_dbw_bridge/build/lib/abaja_dbw_bridge
copying abaja_dbw_bridge/__init__.py -> /home/pavithra/Intelligence_ABAJA-26/ros2_ws/build/abaja_dbw_bridge/build/lib/abaja_dbw_bridge
running install
running install_lib
creating /home/pavithra/Intelligence_ABAJA-26/ros2_ws/install/abaja_dbw_bridge/lib/python3.12/site-packages/abaja_dbw_bridge
copying /home/pavithra/Intelligence_ABAJA-26/ros2_ws/build/abaja_dbw_bridge/build/lib/abaja_dbw_bridge/dbw_interface_node.py -> /home/pavithra/Intelligence_ABAJA-26/ros2_ws/install/abaja_dbw_bridge/lib/python3.12/site-packages/abaja_dbw_bridge
copying /home/pavithra/Intelligence_ABAJA-26/ros2_ws/build/abaja_dbw_bridge/build/lib/abaja_dbw_bridge/__init__.py -> /home/pavithra/Intelligence_ABAJA-26/ros2_ws/install/abaja_dbw_bridge/lib/python3.12/site-packages/abaja_dbw_bridge
byte-compiling /home/pavithra/Intelligence_ABAJA-26/ros2_ws/install/abaja_dbw_bridge/lib/python3.12/site-packages/abaja_dbw_bridge/dbw_interface_node.py to dbw_interface_node.cpython-312.pyc
byte-compiling /home/pavithra/Intelligence_ABAJA-26/ros2_ws/install/abaja_dbw_bridge/lib/python3.12/site-packages/abaja_dbw_bridge/__init__.py to __init__.cpython-312.pyc
running install_data
copying resource/abaja_dbw_bridge -> /home/pavithra/Intelligence_ABAJA-26/ros2_ws/install/abaja_dbw_bridge/share/ament_index/resource_index/packages
copying package.xml -> /home/pavithra/Intelligence_ABAJA-26/ros2_ws/install/abaja_dbw_bridge/share/abaja_dbw_bridge
running install_egg_info
Copying ../../build/abaja_dbw_bridge/abaja_dbw_bridge.egg-info to /home/pavithra/Intelligence_ABAJA-26/ros2_ws/install/abaja_dbw_bridge/lib/python3.12/site-packages/abaja_dbw_bridge-0.0.0-py3.12.egg-info
running install_scripts
Installing dbw_interface_node script to /home/pavithra/Intelligence_ABAJA-26/ros2_ws/install/abaja_dbw_bridge/lib/abaja_dbw_bridge
writing list of installed files to '/home/pavithra/Intelligence_ABAJA-26/ros2_ws/build/abaja_dbw_bridge/install.log'
