[1.815s] Invoking command in '/home/pavithra/ros2_ws/build/abaja_dbw': AMENT_PREFIX_PATH=/home/pavithra/ros2_ws/install/abaja_interfaces:${AMENT_PREFIX_PATH} CMAKE_PREFIX_PATH=/home/pavithra/ros2_ws/install/abaja_interfaces:${CMAKE_PREFIX_PATH} DEBUGINFOD_URLS=https://debuginfod.ubuntu.com LD_LIBRARY_PATH=/home/pavithra/ros2_ws/install/abaja_interfaces/lib:${LD_LIBRARY_PATH} PYTHONPATH=/home/pavithra/ros2_ws/build/abaja_dbw/prefix_override:/usr/lib/python3/dist-packages/colcon_core/task/python/colcon_distutils_commands:/home/pavithra/ros2_ws/install/abaja_dbw/lib/python3.12/site-packages:/home/pavithra/ros2_ws/install/abaja_interfaces/lib/python3.12/site-packages:${PYTHONPATH} /usr/bin/python3 -W ignore:setup.py install is deprecated -W ignore:easy_install command is deprecated setup.py develop --editable --build-directory /home/pavithra/ros2_ws/build/abaja_dbw/build --no-deps symlink_data
[2.141s] running develop
[2.304s] running egg_info
[2.304s] creating abaja_dbw.egg-info
[2.318s] writing abaja_dbw.egg-info/PKG-INFO
[2.319s] writing dependency_links to abaja_dbw.egg-info/dependency_links.txt
[2.319s] writing entry points to abaja_dbw.egg-info/entry_points.txt
[2.319s] writing requirements to abaja_dbw.egg-info/requires.txt
[2.319s] writing top-level names to abaja_dbw.egg-info/top_level.txt
[2.319s] writing manifest file 'abaja_dbw.egg-info/SOURCES.txt'
[2.348s] reading manifest file 'abaja_dbw.egg-info/SOURCES.txt'
[2.349s] writing manifest file 'abaja_dbw.egg-info/SOURCES.txt'
[2.365s] running build_ext
[2.365s] Creating /home/pavithra/ros2_ws/install/abaja_dbw/lib/python3.12/site-packages/abaja-dbw.egg-link (link to .)
[2.365s] Installing brake_by_wire_node script to /home/pavithra/ros2_ws/install/abaja_dbw/lib/abaja_dbw
[2.366s] Installing cmd_vel_to_dbw_node script to /home/pavithra/ros2_ws/install/abaja_dbw/lib/abaja_dbw
[2.366s] Installing dbw_manager_node script to /home/pavithra/ros2_ws/install/abaja_dbw/lib/abaja_dbw
[2.366s] Installing steer_by_wire_node script to /home/pavithra/ros2_ws/install/abaja_dbw/lib/abaja_dbw
[2.367s] Installing throttle_by_wire_node script to /home/pavithra/ros2_ws/install/abaja_dbw/lib/abaja_dbw
[2.367s] 
[2.367s] Installed /home/pavithra/ros2_ws/build/abaja_dbw
[2.367s] running symlink_data
[2.367s] creating /home/pavithra/ros2_ws/install/abaja_dbw/share/ament_index
[2.367s] creating /home/pavithra/ros2_ws/install/abaja_dbw/share/ament_index/resource_index
[2.367s] creating /home/pavithra/ros2_ws/install/abaja_dbw/share/ament_index/resource_index/packages
[2.367s] symbolically linking /home/pavithra/ros2_ws/build/abaja_dbw/resource/abaja_dbw -> /home/pavithra/ros2_ws/install/abaja_dbw/share/ament_index/resource_index/packages
[2.367s] symbolically linking /home/pavithra/ros2_ws/build/abaja_dbw/package.xml -> /home/pavithra/ros2_ws/install/abaja_dbw/share/abaja_dbw
[2.405s] Invoked command in '/home/pavithra/ros2_ws/build/abaja_dbw' returned '0': AMENT_PREFIX_PATH=/home/pavithra/ros2_ws/install/abaja_interfaces:${AMENT_PREFIX_PATH} CMAKE_PREFIX_PATH=/home/pavithra/ros2_ws/install/abaja_interfaces:${CMAKE_PREFIX_PATH} DEBUGINFOD_URLS=https://debuginfod.ubuntu.com LD_LIBRARY_PATH=/home/pavithra/ros2_ws/install/abaja_interfaces/lib:${LD_LIBRARY_PATH} PYTHONPATH=/home/pavithra/ros2_ws/build/abaja_dbw/prefix_override:/usr/lib/python3/dist-packages/colcon_core/task/python/colcon_distutils_commands:/home/pavithra/ros2_ws/install/abaja_dbw/lib/python3.12/site-packages:/home/pavithra/ros2_ws/install/abaja_interfaces/lib/python3.12/site-packages:${PYTHONPATH} /usr/bin/python3 -W ignore:setup.py install is deprecated -W ignore:easy_install command is deprecated setup.py develop --editable --build-directory /home/pavithra/ros2_ws/build/abaja_dbw/build --no-deps symlink_data
