[2.456s] Invoking command in '/home/pavithra/Intelligence_ABAJA-26/ros2_ws/build/abaja_aeb': AMENT_PREFIX_PATH=/home/pavithra/Intelligence_ABAJA-26/ros2_ws/install/abaja_interfaces:${AMENT_PREFIX_PATH} CMAKE_PREFIX_PATH=/home/pavithra/Intelligence_ABAJA-26/ros2_ws/install/abaja_interfaces:${CMAKE_PREFIX_PATH} DEBUGINFOD_URLS=https://debuginfod.ubuntu.com LD_LIBRARY_PATH=/home/pavithra/Intelligence_ABAJA-26/ros2_ws/install/abaja_interfaces/lib:${LD_LIBRARY_PATH} PYTHONPATH=/home/pavithra/Intelligence_ABAJA-26/ros2_ws/build/abaja_aeb/prefix_override:/usr/lib/python3/dist-packages/colcon_core/task/python/colcon_distutils_commands:/home/pavithra/Intelligence_ABAJA-26/ros2_ws/install/abaja_aeb/lib/python3.12/site-packages:/home/pavithra/Intelligence_ABAJA-26/ros2_ws/install/abaja_interfaces/lib/python3.12/site-packages:${PYTHONPATH} /usr/bin/python3 -W ignore:setup.py install is deprecated -W ignore:easy_install command is deprecated setup.py develop --editable --build-directory /home/pavithra/Intelligence_ABAJA-26/ros2_ws/build/abaja_aeb/build --no-deps symlink_data
[2.882s] running develop
[3.106s] running egg_info
[3.124s] writing abaja_aeb.egg-info/PKG-INFO
[3.125s] writing dependency_links to abaja_aeb.egg-info/dependency_links.txt
[3.125s] writing entry points to abaja_aeb.egg-info/entry_points.txt
[3.125s] writing requirements to abaja_aeb.egg-info/requires.txt
[3.125s] writing top-level names to abaja_aeb.egg-info/top_level.txt
[3.181s] reading manifest file 'abaja_aeb.egg-info/SOURCES.txt'
[3.182s] writing manifest file 'abaja_aeb.egg-info/SOURCES.txt'
[3.216s] running build_ext
[3.216s] Creating /home/pavithra/Intelligence_ABAJA-26/ros2_ws/install/abaja_aeb/lib/python3.12/site-packages/abaja-aeb.egg-link (link to .)
[3.217s] Installing aeb_controller_node script to /home/pavithra/Intelligence_ABAJA-26/ros2_ws/install/abaja_aeb/lib/abaja_aeb
[3.219s] Installing mock_object_publisher_node script to /home/pavithra/Intelligence_ABAJA-26/ros2_ws/install/abaja_aeb/lib/abaja_aeb
[3.219s] Installing object_distance_estimator_node script to /home/pavithra/Intelligence_ABAJA-26/ros2_ws/install/abaja_aeb/lib/abaja_aeb
[3.219s] Installing ttc_calculator_node script to /home/pavithra/Intelligence_ABAJA-26/ros2_ws/install/abaja_aeb/lib/abaja_aeb
[3.219s] 
[3.219s] Installed /home/pavithra/Intelligence_ABAJA-26/ros2_ws/build/abaja_aeb
[3.219s] running symlink_data
[3.277s] Invoked command in '/home/pavithra/Intelligence_ABAJA-26/ros2_ws/build/abaja_aeb' returned '0': AMENT_PREFIX_PATH=/home/pavithra/Intelligence_ABAJA-26/ros2_ws/install/abaja_interfaces:${AMENT_PREFIX_PATH} CMAKE_PREFIX_PATH=/home/pavithra/Intelligence_ABAJA-26/ros2_ws/install/abaja_interfaces:${CMAKE_PREFIX_PATH} DEBUGINFOD_URLS=https://debuginfod.ubuntu.com LD_LIBRARY_PATH=/home/pavithra/Intelligence_ABAJA-26/ros2_ws/install/abaja_interfaces/lib:${LD_LIBRARY_PATH} PYTHONPATH=/home/pavithra/Intelligence_ABAJA-26/ros2_ws/build/abaja_aeb/prefix_override:/usr/lib/python3/dist-packages/colcon_core/task/python/colcon_distutils_commands:/home/pavithra/Intelligence_ABAJA-26/ros2_ws/install/abaja_aeb/lib/python3.12/site-packages:/home/pavithra/Intelligence_ABAJA-26/ros2_ws/install/abaja_interfaces/lib/python3.12/site-packages:${PYTHONPATH} /usr/bin/python3 -W ignore:setup.py install is deprecated -W ignore:easy_install command is deprecated setup.py develop --editable --build-directory /home/pavithra/Intelligence_ABAJA-26/ros2_ws/build/abaja_aeb/build --no-deps symlink_data
