[2.149s] Invoking command in '/home/pavithra/Intelligence_ABAJA-26/ros2_ws/build/abaja_control': AMENT_PREFIX_PATH=/home/pavithra/Intelligence_ABAJA-26/ros2_ws/install/abaja_interfaces:${AMENT_PREFIX_PATH} CMAKE_PREFIX_PATH=/home/pavithra/Intelligence_ABAJA-26/ros2_ws/install/abaja_interfaces:${CMAKE_PREFIX_PATH} DEBUGINFOD_URLS=https://debuginfod.ubuntu.com LD_LIBRARY_PATH=/home/pavithra/Intelligence_ABAJA-26/ros2_ws/install/abaja_interfaces/lib:${LD_LIBRARY_PATH} PYTHONPATH=/home/pavithra/Intelligence_ABAJA-26/ros2_ws/build/abaja_control/prefix_override:/usr/lib/python3/dist-packages/colcon_core/task/python/colcon_distutils_commands:/home/pavithra/Intelligence_ABAJA-26/ros2_ws/install/abaja_control/lib/python3.12/site-packages:/home/pavithra/Intelligence_ABAJA-26/ros2_ws/install/abaja_interfaces/lib/python3.12/site-packages:${PYTHONPATH} /usr/bin/python3 -W ignore:setup.py install is deprecated -W ignore:easy_install command is deprecated setup.py develop --editable --build-directory /home/pavithra/Intelligence_ABAJA-26/ros2_ws/build/abaja_control/build --no-deps symlink_data
[2.697s] running develop
[2.889s] running egg_info
[2.889s] creating abaja_control.egg-info
[2.905s] writing abaja_control.egg-info/PKG-INFO
[2.905s] writing dependency_links to abaja_control.egg-info/dependency_links.txt
[2.905s] writing entry points to abaja_control.egg-info/entry_points.txt
[2.906s] writing requirements to abaja_control.egg-info/requires.txt
[2.906s] writing top-level names to abaja_control.egg-info/top_level.txt
[2.906s] writing manifest file 'abaja_control.egg-info/SOURCES.txt'
[2.941s] reading manifest file 'abaja_control.egg-info/SOURCES.txt'
[2.942s] writing manifest file 'abaja_control.egg-info/SOURCES.txt'
[2.960s] running build_ext
[2.960s] Creating /home/pavithra/Intelligence_ABAJA-26/ros2_ws/install/abaja_control/lib/python3.12/site-packages/abaja-control.egg-link (link to .)
[2.961s] Installing control_mux_node script to /home/pavithra/Intelligence_ABAJA-26/ros2_ws/install/abaja_control/lib/abaja_control
[2.961s] 
[2.961s] Installed /home/pavithra/Intelligence_ABAJA-26/ros2_ws/build/abaja_control
[2.962s] running symlink_data
[2.962s] creating /home/pavithra/Intelligence_ABAJA-26/ros2_ws/install/abaja_control/share/ament_index
[2.962s] creating /home/pavithra/Intelligence_ABAJA-26/ros2_ws/install/abaja_control/share/ament_index/resource_index
[2.962s] creating /home/pavithra/Intelligence_ABAJA-26/ros2_ws/install/abaja_control/share/ament_index/resource_index/packages
[2.962s] symbolically linking /home/pavithra/Intelligence_ABAJA-26/ros2_ws/build/abaja_control/resource/abaja_control -> /home/pavithra/Intelligence_ABAJA-26/ros2_ws/install/abaja_control/share/ament_index/resource_index/packages
[2.962s] symbolically linking /home/pavithra/Intelligence_ABAJA-26/ros2_ws/build/abaja_control/package.xml -> /home/pavithra/Intelligence_ABAJA-26/ros2_ws/install/abaja_control/share/abaja_control
[3.012s] Invoked command in '/home/pavithra/Intelligence_ABAJA-26/ros2_ws/build/abaja_control' returned '0': AMENT_PREFIX_PATH=/home/pavithra/Intelligence_ABAJA-26/ros2_ws/install/abaja_interfaces:${AMENT_PREFIX_PATH} CMAKE_PREFIX_PATH=/home/pavithra/Intelligence_ABAJA-26/ros2_ws/install/abaja_interfaces:${CMAKE_PREFIX_PATH} DEBUGINFOD_URLS=https://debuginfod.ubuntu.com LD_LIBRARY_PATH=/home/pavithra/Intelligence_ABAJA-26/ros2_ws/install/abaja_interfaces/lib:${LD_LIBRARY_PATH} PYTHONPATH=/home/pavithra/Intelligence_ABAJA-26/ros2_ws/build/abaja_control/prefix_override:/usr/lib/python3/dist-packages/colcon_core/task/python/colcon_distutils_commands:/home/pavithra/Intelligence_ABAJA-26/ros2_ws/install/abaja_control/lib/python3.12/site-packages:/home/pavithra/Intelligence_ABAJA-26/ros2_ws/install/abaja_interfaces/lib/python3.12/site-packages:${PYTHONPATH} /usr/bin/python3 -W ignore:setup.py install is deprecated -W ignore:easy_install command is deprecated setup.py develop --editable --build-directory /home/pavithra/Intelligence_ABAJA-26/ros2_ws/build/abaja_control/build --no-deps symlink_data
