running develop
Removing /home/pavithra/Intelligence_ABAJA-26/ros2_ws/install/abaja_aeb/lib/python3.12/site-packages/abaja-aeb.egg-link (link to .)
running egg_info
writing ../../build/abaja_aeb/abaja_aeb.egg-info/PKG-INFO
writing dependency_links to ../../build/abaja_aeb/abaja_aeb.egg-info/dependency_links.txt
writing entry points to ../../build/abaja_aeb/abaja_aeb.egg-info/entry_points.txt
writing requirements to ../../build/abaja_aeb/abaja_aeb.egg-info/requires.txt
writing top-level names to ../../build/abaja_aeb/abaja_aeb.egg-info/top_level.txt
reading manifest file '../../build/abaja_aeb/abaja_aeb.egg-info/SOURCES.txt'
writing manifest file '../../build/abaja_aeb/abaja_aeb.egg-info/SOURCES.txt'
running build
running build_py
creating /home/pavithra/Intelligence_ABAJA-26/ros2_ws/build/abaja_aeb/build
creating /home/pavithra/Intelligence_ABAJA-26/ros2_ws/build/abaja_aeb/build/lib
creating /home/pavithra/Intelligence_ABAJA-26/ros2_ws/build/abaja_aeb/build/lib/abaja_aeb
copying abaja_aeb/object_distance_estimator_node.py -> /home/pavithra/Intelligence_ABAJA-26/ros2_ws/build/abaja_aeb/build/lib/abaja_aeb
copying abaja_aeb/ttc_calculator_node.py -> /home/pavithra/Intelligence_ABAJA-26/ros2_ws/build/abaja_aeb/build/lib/abaja_aeb
copying abaja_aeb/__init__.py -> /home/pavithra/Intelligence_ABAJA-26/ros2_ws/build/abaja_aeb/build/lib/abaja_aeb
copying abaja_aeb/aeb_controller_node.py -> /home/pavithra/Intelligence_ABAJA-26/ros2_ws/build/abaja_aeb/build/lib/abaja_aeb
copying abaja_aeb/mock_object_publisher_node.py -> /home/pavithra/Intelligence_ABAJA-26/ros2_ws/build/abaja_aeb/build/lib/abaja_aeb
running install
running install_lib
creating /home/pavithra/Intelligence_ABAJA-26/ros2_ws/install/abaja_aeb/lib/python3.12/site-packages/abaja_aeb
copying /home/pavithra/Intelligence_ABAJA-26/ros2_ws/build/abaja_aeb/build/lib/abaja_aeb/object_distance_estimator_node.py -> /home/pavithra/Intelligence_ABAJA-26/ros2_ws/install/abaja_aeb/lib/python3.12/site-packages/abaja_aeb
copying /home/pavithra/Intelligence_ABAJA-26/ros2_ws/build/abaja_aeb/build/lib/abaja_aeb/ttc_calculator_node.py -> /home/pavithra/Intelligence_ABAJA-26/ros2_ws/install/abaja_aeb/lib/python3.12/site-packages/abaja_aeb
copying /home/pavithra/Intelligence_ABAJA-26/ros2_ws/build/abaja_aeb/build/lib/abaja_aeb/__init__.py -> /home/pavithra/Intelligence_ABAJA-26/ros2_ws/install/abaja_aeb/lib/python3.12/site-packages/abaja_aeb
copying /home/pavithra/Intelligence_ABAJA-26/ros2_ws/build/abaja_aeb/build/lib/abaja_aeb/aeb_controller_node.py -> /home/pavithra/Intelligence_ABAJA-26/ros2_ws/install/abaja_aeb/lib/python3.12/site-packages/abaja_aeb
copying /home/pavithra/Intelligence_ABAJA-26/ros2_ws/build/abaja_aeb/build/lib/abaja_aeb/mock_object_publisher_node.py -> /home/pavithra/Intelligence_ABAJA-26/ros2_ws/install/abaja_aeb/lib/python3.12/site-packages/abaja_aeb
byte-compiling /home/pavithra/Intelligence_ABAJA-26/ros2_ws/install/abaja_aeb/lib/python3.12/site-packages/abaja_aeb/object_distance_estimator_node.py to object_distance_estimator_node.cpython-312.pyc
byte-compiling /home/pavithra/Intelligence_ABAJA-26/ros2_ws/install/abaja_aeb/lib/python3.12/site-packages/abaja_aeb/ttc_calculator_node.py to ttc_calculator_node.cpython-312.pyc
byte-compiling /home/pavithra/Intelligence_ABAJA-26/ros2_ws/install/abaja_aeb/lib/python3.12/site-packages/abaja_aeb/__init__.py to __init__.cpython-312.pyc
byte-compiling /home/pavithra/Intelligence_ABAJA-26/ros2_ws/install/abaja_aeb/lib/python3.12/site-packages/abaja_aeb/aeb_controller_node.py to aeb_controller_node.cpython-312.pyc
byte-compiling /home/pavithra/Intelligence_ABAJA-26/ros2_ws/install/abaja_aeb/lib/python3.12/site-packages/abaja_aeb/mock_object_publisher_node.py to mock_object_publisher_node.cpython-312.pyc
running install_data
copying resource/abaja_aeb -> /home/pavithra/Intelligence_ABAJA-26/ros2_ws/install/abaja_aeb/share/ament_index/resource_index/packages
copying package.xml -> /home/pavithra/Intelligence_ABAJA-26/ros2_ws/install/abaja_aeb/share/abaja_aeb
running install_egg_info
Copying ../../build/abaja_aeb/abaja_aeb.egg-info to /home/pavithra/Intelligence_ABAJA-26/ros2_ws/install/abaja_aeb/lib/python3.12/site-packages/abaja_aeb-0.0.0-py3.12.egg-info
running install_scripts
Installing aeb_controller_node script to /home/pavithra/Intelligence_ABAJA-26/ros2_ws/install/abaja_aeb/lib/abaja_aeb
Installing mock_object_publisher_node script to /home/pavithra/Intelligence_ABAJA-26/ros2_ws/install/abaja_aeb/lib/abaja_aeb
Installing object_distance_estimator_node script to /home/pavithra/Intelligence_ABAJA-26/ros2_ws/install/abaja_aeb/lib/abaja_aeb
Installing ttc_calculator_node script to /home/pavithra/Intelligence_ABAJA-26/ros2_ws/install/abaja_aeb/lib/abaja_aeb
writing list of installed files to '/home/pavithra/Intelligence_ABAJA-26/ros2_ws/build/abaja_aeb/install.log'
