[1.738s] Invoking command in '/home/pavithra/Intelligence_ABAJA-26/ros2_ws/build/abaja_perception': AMENT_PREFIX_PATH=/home/pavithra/Intelligence_ABAJA-26/ros2_ws/install/abaja_interfaces:${AMENT_PREFIX_PATH} CMAKE_PREFIX_PATH=/home/pavithra/Intelligence_ABAJA-26/ros2_ws/install/abaja_interfaces:${CMAKE_PREFIX_PATH} DEBUGINFOD_URLS=https://debuginfod.ubuntu.com LD_LIBRARY_PATH=/home/pavithra/Intelligence_ABAJA-26/ros2_ws/install/abaja_interfaces/lib:${LD_LIBRARY_PATH} PYTHONPATH=/home/pavithra/Intelligence_ABAJA-26/ros2_ws/build/abaja_perception/prefix_override:/usr/lib/python3/dist-packages/colcon_core/task/python/colcon_distutils_commands:/home/pavithra/Intelligence_ABAJA-26/ros2_ws/install/abaja_perception/lib/python3.12/site-packages:/home/pavithra/Intelligence_ABAJA-26/ros2_ws/install/abaja_interfaces/lib/python3.12/site-packages:${PYTHONPATH} /usr/bin/python3 -W ignore:setup.py install is deprecated -W ignore:easy_install command is deprecated setup.py develop --editable --build-directory /home/pavithra/Intelligence_ABAJA-26/ros2_ws/build/abaja_perception/build --no-deps symlink_data
[2.062s] running develop
[2.353s] running egg_info
[2.353s] creating abaja_perception.egg-info
[2.384s] writing abaja_perception.egg-info/PKG-INFO
[2.384s] writing dependency_links to abaja_perception.egg-info/dependency_links.txt
[2.384s] writing entry points to abaja_perception.egg-info/entry_points.txt
[2.384s] writing requirements to abaja_perception.egg-info/requires.txt
[2.384s] writing top-level names to abaja_perception.egg-info/top_level.txt
[2.385s] writing manifest file 'abaja_perception.egg-info/SOURCES.txt'
[2.452s] reading manifest file 'abaja_perception.egg-info/SOURCES.txt'
[2.453s] writing manifest file 'abaja_perception.egg-info/SOURCES.txt'
[2.486s] running build_ext
[2.486s] Creating /home/pavithra/Intelligence_ABAJA-26/ros2_ws/install/abaja_perception/lib/python3.12/site-packages/abaja-perception.egg-link (link to .)
[2.487s] Installing camera_node script to /home/pavithra/Intelligence_ABAJA-26/ros2_ws/install/abaja_perception/lib/abaja_perception
[2.490s] Installing detection_display_node script to /home/pavithra/Intelligence_ABAJA-26/ros2_ws/install/abaja_perception/lib/abaja_perception
[2.490s] Installing detection_recorder_node script to /home/pavithra/Intelligence_ABAJA-26/ros2_ws/install/abaja_perception/lib/abaja_perception
[2.490s] Installing object_detection_node script to /home/pavithra/Intelligence_ABAJA-26/ros2_ws/install/abaja_perception/lib/abaja_perception
[2.490s] 
[2.490s] Installed /home/pavithra/Intelligence_ABAJA-26/ros2_ws/build/abaja_perception
[2.490s] running symlink_data
[2.490s] creating /home/pavithra/Intelligence_ABAJA-26/ros2_ws/install/abaja_perception/share/ament_index
[2.491s] creating /home/pavithra/Intelligence_ABAJA-26/ros2_ws/install/abaja_perception/share/ament_index/resource_index
[2.491s] creating /home/pavithra/Intelligence_ABAJA-26/ros2_ws/install/abaja_perception/share/ament_index/resource_index/packages
[2.491s] symbolically linking /home/pavithra/Intelligence_ABAJA-26/ros2_ws/build/abaja_perception/resource/abaja_perception -> /home/pavithra/Intelligence_ABAJA-26/ros2_ws/install/abaja_perception/share/ament_index/resource_index/packages
[2.491s] symbolically linking /home/pavithra/Intelligence_ABAJA-26/ros2_ws/build/abaja_perception/package.xml -> /home/pavithra/Intelligence_ABAJA-26/ros2_ws/install/abaja_perception/share/abaja_perception
[2.562s] Invoked command in '/home/pavithra/Intelligence_ABAJA-26/ros2_ws/build/abaja_perception' returned '0': AMENT_PREFIX_PATH=/home/pavithra/Intelligence_ABAJA-26/ros2_ws/install/abaja_interfaces:${AMENT_PREFIX_PATH} CMAKE_PREFIX_PATH=/home/pavithra/Intelligence_ABAJA-26/ros2_ws/install/abaja_interfaces:${CMAKE_PREFIX_PATH} DEBUGINFOD_URLS=https://debuginfod.ubuntu.com LD_LIBRARY_PATH=/home/pavithra/Intelligence_ABAJA-26/ros2_ws/install/abaja_interfaces/lib:${LD_LIBRARY_PATH} PYTHONPATH=/home/pavithra/Intelligence_ABAJA-26/ros2_ws/build/abaja_perception/prefix_override:/usr/lib/python3/dist-packages/colcon_core/task/python/colcon_distutils_commands:/home/pavithra/Intelligence_ABAJA-26/ros2_ws/install/abaja_perception/lib/python3.12/site-packages:/home/pavithra/Intelligence_ABAJA-26/ros2_ws/install/abaja_interfaces/lib/python3.12/site-packages:${PYTHONPATH} /usr/bin/python3 -W ignore:setup.py install is deprecated -W ignore:easy_install command is deprecated setup.py develop --editable --build-directory /home/pavithra/Intelligence_ABAJA-26/ros2_ws/build/abaja_perception/build --no-deps symlink_data
