[1.823s] Invoking command in '/home/pavithra/Intelligence_ABAJA-26/ros2_ws/build/abaja_planning': DEBUGINFOD_URLS=https://debuginfod.ubuntu.com PYTHONPATH=/home/pavithra/Intelligence_ABAJA-26/ros2_ws/build/abaja_planning/prefix_override:/usr/lib/python3/dist-packages/colcon_core/task/python/colcon_distutils_commands:/home/pavithra/Intelligence_ABAJA-26/ros2_ws/install/abaja_planning/lib/python3.12/site-packages:${PYTHONPATH} /usr/bin/python3 -W ignore:setup.py install is deprecated -W ignore:easy_install command is deprecated setup.py develop --editable --build-directory /home/pavithra/Intelligence_ABAJA-26/ros2_ws/build/abaja_planning/build --no-deps symlink_data
[2.168s] running develop
[2.329s] running egg_info
[2.330s] creating abaja_planning.egg-info
[2.345s] writing abaja_planning.egg-info/PKG-INFO
[2.346s] writing dependency_links to abaja_planning.egg-info/dependency_links.txt
[2.346s] writing entry points to abaja_planning.egg-info/entry_points.txt
[2.346s] writing requirements to abaja_planning.egg-info/requires.txt
[2.346s] writing top-level names to abaja_planning.egg-info/top_level.txt
[2.346s] writing manifest file 'abaja_planning.egg-info/SOURCES.txt'
[2.394s] reading manifest file 'abaja_planning.egg-info/SOURCES.txt'
[2.394s] writing manifest file 'abaja_planning.egg-info/SOURCES.txt'
[2.424s] running build_ext
[2.425s] Creating /home/pavithra/Intelligence_ABAJA-26/ros2_ws/install/abaja_planning/lib/python3.12/site-packages/abaja-planning.egg-link (link to .)
[2.426s] Installing path_planner_node script to /home/pavithra/Intelligence_ABAJA-26/ros2_ws/install/abaja_planning/lib/abaja_planning
[2.426s] 
[2.427s] Installed /home/pavithra/Intelligence_ABAJA-26/ros2_ws/build/abaja_planning
[2.427s] running symlink_data
[2.427s] creating /home/pavithra/Intelligence_ABAJA-26/ros2_ws/install/abaja_planning/share/ament_index
[2.427s] creating /home/pavithra/Intelligence_ABAJA-26/ros2_ws/install/abaja_planning/share/ament_index/resource_index
[2.427s] creating /home/pavithra/Intelligence_ABAJA-26/ros2_ws/install/abaja_planning/share/ament_index/resource_index/packages
[2.428s] symbolically linking /home/pavithra/Intelligence_ABAJA-26/ros2_ws/build/abaja_planning/resource/abaja_planning -> /home/pavithra/Intelligence_ABAJA-26/ros2_ws/install/abaja_planning/share/ament_index/resource_index/packages
[2.428s] symbolically linking /home/pavithra/Intelligence_ABAJA-26/ros2_ws/build/abaja_planning/package.xml -> /home/pavithra/Intelligence_ABAJA-26/ros2_ws/install/abaja_planning/share/abaja_planning
[2.504s] Invoked command in '/home/pavithra/Intelligence_ABAJA-26/ros2_ws/build/abaja_planning' returned '0': DEBUGINFOD_URLS=https://debuginfod.ubuntu.com PYTHONPATH=/home/pavithra/Intelligence_ABAJA-26/ros2_ws/build/abaja_planning/prefix_override:/usr/lib/python3/dist-packages/colcon_core/task/python/colcon_distutils_commands:/home/pavithra/Intelligence_ABAJA-26/ros2_ws/install/abaja_planning/lib/python3.12/site-packages:${PYTHONPATH} /usr/bin/python3 -W ignore:setup.py install is deprecated -W ignore:easy_install command is deprecated setup.py develop --editable --build-directory /home/pavithra/Intelligence_ABAJA-26/ros2_ws/build/abaja_planning/build --no-deps symlink_data
