running develop
running egg_info
creating abaja_control.egg-info
writing abaja_control.egg-info/PKG-INFO
writing dependency_links to abaja_control.egg-info/dependency_links.txt
writing entry points to abaja_control.egg-info/entry_points.txt
writing requirements to abaja_control.egg-info/requires.txt
writing top-level names to abaja_control.egg-info/top_level.txt
writing manifest file 'abaja_control.egg-info/SOURCES.txt'
reading manifest file 'abaja_control.egg-info/SOURCES.txt'
writing manifest file 'abaja_control.egg-info/SOURCES.txt'
running build_ext
Creating /home/pavithra/ros2_ws/install/abaja_control/lib/python3.12/site-packages/abaja-control.egg-link (link to .)
Installing vehicle_controller_node script to /home/pavithra/ros2_ws/install/abaja_control/lib/abaja_control

Installed /home/pavithra/ros2_ws/build/abaja_control
running symlink_data
creating /home/pavithra/ros2_ws/install/abaja_control/share/ament_index
creating /home/pavithra/ros2_ws/install/abaja_control/share/ament_index/resource_index
creating /home/pavithra/ros2_ws/install/abaja_control/share/ament_index/resource_index/packages
symbolically linking /home/pavithra/ros2_ws/build/abaja_control/resource/abaja_control -> /home/pavithra/ros2_ws/install/abaja_control/share/ament_index/resource_index/packages
symbolically linking /home/pavithra/ros2_ws/build/abaja_control/package.xml -> /home/pavithra/ros2_ws/install/abaja_control/share/abaja_control
