[0.061s] DEBUG:colcon:Command line arguments: ['/usr/bin/colcon', 'build']
[0.061s] DEBUG:colcon:Parsed command line arguments: Namespace(log_base=None, log_level=None, verb_name='build', build_base='build', install_base='install', merge_install=False, symlink_install=False, test_result_base=None, continue_on_error=False, executor='parallel', parallel_workers=12, event_handlers=None, ignore_user_meta=False, metas=['./colcon.meta'], base_paths=['.'], packages_ignore=None, packages_ignore_regex=None, paths=None, packages_up_to=None, packages_up_to_regex=None, packages_above=None, packages_above_and_dependencies=None, packages_above_depth=None, packages_select_by_dep=None, packages_skip_by_dep=None, packages_skip_up_to=None, packages_select_build_failed=False, packages_skip_build_finished=False, packages_select_test_failures=False, packages_skip_test_passed=False, packages_select=None, packages_skip=None, packages_select_regex=None, packages_skip_regex=None, packages_start=None, packages_end=None, allow_overriding=[], cmake_args=None, cmake_target=None, cmake_target_skip_unavailable=False, cmake_clean_cache=False, cmake_clean_first=False, cmake_force_configure=False, ament_cmake_args=None, catkin_cmake_args=None, catkin_skip_building_tests=False, mixin_files=None, mixin=None, verb_parser=<colcon_mixin.mixin.mixin_argument.MixinArgumentDecorator object at 0x7822b6798890>, verb_extension=<colcon_core.verb.build.BuildVerb object at 0x7822b6798260>, main=<bound method BuildVerb.main of <colcon_core.verb.build.BuildVerb object at 0x7822b6798260>>, mixin_verb=('build',))
[0.083s] Level 1:colcon.colcon_core.package_discovery:discover_packages(colcon_meta) check parameters
[0.083s] Level 1:colcon.colcon_core.package_discovery:discover_packages(recursive) check parameters
[0.083s] Level 1:colcon.colcon_core.package_discovery:discover_packages(ignore) check parameters
[0.083s] Level 1:colcon.colcon_core.package_discovery:discover_packages(path) check parameters
[0.083s] Level 1:colcon.colcon_core.package_discovery:discover_packages(colcon_meta) discover
[0.083s] Level 1:colcon.colcon_core.package_discovery:discover_packages(recursive) discover
[0.083s] INFO:colcon.colcon_core.package_discovery:Crawling recursively for packages in '/home/pavithra/ros2_ws'
[0.083s] Level 1:colcon.colcon_core.package_identification:_identify(.) by extensions ['ignore', 'ignore_ament_install']
[0.083s] Level 1:colcon.colcon_core.package_identification:_identify(.) by extension 'ignore'
[0.084s] Level 1:colcon.colcon_core.package_identification:_identify(.) by extension 'ignore_ament_install'
[0.084s] Level 1:colcon.colcon_core.package_identification:_identify(.) by extensions ['colcon_pkg']
[0.084s] Level 1:colcon.colcon_core.package_identification:_identify(.) by extension 'colcon_pkg'
[0.084s] Level 1:colcon.colcon_core.package_identification:_identify(.) by extensions ['colcon_meta']
[0.084s] Level 1:colcon.colcon_core.package_identification:_identify(.) by extension 'colcon_meta'
[0.084s] Level 1:colcon.colcon_core.package_identification:_identify(.) by extensions ['ros']
[0.084s] Level 1:colcon.colcon_core.package_identification:_identify(.) by extension 'ros'
[0.099s] Level 1:colcon.colcon_core.package_identification:_identify(.) by extensions ['cmake', 'python']
[0.099s] Level 1:colcon.colcon_core.package_identification:_identify(.) by extension 'cmake'
[0.099s] Level 1:colcon.colcon_core.package_identification:_identify(.) by extension 'python'
[0.099s] Level 1:colcon.colcon_core.package_identification:_identify(.) by extensions ['python_setup_py']
[0.099s] Level 1:colcon.colcon_core.package_identification:_identify(.) by extension 'python_setup_py'
[0.099s] Level 1:colcon.colcon_core.package_identification:_identify(build) by extensions ['ignore', 'ignore_ament_install']
[0.100s] Level 1:colcon.colcon_core.package_identification:_identify(build) by extension 'ignore'
[0.100s] Level 1:colcon.colcon_core.package_identification:_identify(build) ignored
[0.100s] Level 1:colcon.colcon_core.package_identification:_identify(install) by extensions ['ignore', 'ignore_ament_install']
[0.100s] Level 1:colcon.colcon_core.package_identification:_identify(install) by extension 'ignore'
[0.100s] Level 1:colcon.colcon_core.package_identification:_identify(install) ignored
[0.100s] Level 1:colcon.colcon_core.package_identification:_identify(log) by extensions ['ignore', 'ignore_ament_install']
[0.100s] Level 1:colcon.colcon_core.package_identification:_identify(log) by extension 'ignore'
[0.100s] Level 1:colcon.colcon_core.package_identification:_identify(log) ignored
[0.100s] Level 1:colcon.colcon_core.package_identification:_identify(src) by extensions ['ignore', 'ignore_ament_install']
[0.100s] Level 1:colcon.colcon_core.package_identification:_identify(src) by extension 'ignore'
[0.100s] Level 1:colcon.colcon_core.package_identification:_identify(src) by extension 'ignore_ament_install'
[0.100s] Level 1:colcon.colcon_core.package_identification:_identify(src) by extensions ['colcon_pkg']
[0.100s] Level 1:colcon.colcon_core.package_identification:_identify(src) by extension 'colcon_pkg'
[0.100s] Level 1:colcon.colcon_core.package_identification:_identify(src) by extensions ['colcon_meta']
[0.100s] Level 1:colcon.colcon_core.package_identification:_identify(src) by extension 'colcon_meta'
[0.100s] Level 1:colcon.colcon_core.package_identification:_identify(src) by extensions ['ros']
[0.100s] Level 1:colcon.colcon_core.package_identification:_identify(src) by extension 'ros'
[0.100s] Level 1:colcon.colcon_core.package_identification:_identify(src) by extensions ['cmake', 'python']
[0.100s] Level 1:colcon.colcon_core.package_identification:_identify(src) by extension 'cmake'
[0.100s] Level 1:colcon.colcon_core.package_identification:_identify(src) by extension 'python'
[0.100s] Level 1:colcon.colcon_core.package_identification:_identify(src) by extensions ['python_setup_py']
[0.100s] Level 1:colcon.colcon_core.package_identification:_identify(src) by extension 'python_setup_py'
[0.100s] Level 1:colcon.colcon_core.package_identification:_identify(src/abaja_bringup) by extensions ['ignore', 'ignore_ament_install']
[0.100s] Level 1:colcon.colcon_core.package_identification:_identify(src/abaja_bringup) by extension 'ignore'
[0.100s] Level 1:colcon.colcon_core.package_identification:_identify(src/abaja_bringup) by extension 'ignore_ament_install'
[0.100s] Level 1:colcon.colcon_core.package_identification:_identify(src/abaja_bringup) by extensions ['colcon_pkg']
[0.100s] Level 1:colcon.colcon_core.package_identification:_identify(src/abaja_bringup) by extension 'colcon_pkg'
[0.100s] Level 1:colcon.colcon_core.package_identification:_identify(src/abaja_bringup) by extensions ['colcon_meta']
[0.100s] Level 1:colcon.colcon_core.package_identification:_identify(src/abaja_bringup) by extension 'colcon_meta'
[0.101s] Level 1:colcon.colcon_core.package_identification:_identify(src/abaja_bringup) by extensions ['ros']
[0.101s] Level 1:colcon.colcon_core.package_identification:_identify(src/abaja_bringup) by extension 'ros'
[0.102s] DEBUG:colcon.colcon_core.package_identification:Package 'src/abaja_bringup' with type 'ros.ament_python' and name 'abaja_bringup'
[0.102s] Level 1:colcon.colcon_core.package_identification:_identify(src/abaja_description) by extensions ['ignore', 'ignore_ament_install']
[0.102s] Level 1:colcon.colcon_core.package_identification:_identify(src/abaja_description) by extension 'ignore'
[0.102s] Level 1:colcon.colcon_core.package_identification:_identify(src/abaja_description) by extension 'ignore_ament_install'
[0.102s] Level 1:colcon.colcon_core.package_identification:_identify(src/abaja_description) by extensions ['colcon_pkg']
[0.102s] Level 1:colcon.colcon_core.package_identification:_identify(src/abaja_description) by extension 'colcon_pkg'
[0.102s] Level 1:colcon.colcon_core.package_identification:_identify(src/abaja_description) by extensions ['colcon_meta']
[0.102s] Level 1:colcon.colcon_core.package_identification:_identify(src/abaja_description) by extension 'colcon_meta'
[0.102s] Level 1:colcon.colcon_core.package_identification:_identify(src/abaja_description) by extensions ['ros']
[0.102s] Level 1:colcon.colcon_core.package_identification:_identify(src/abaja_description) by extension 'ros'
[0.103s] DEBUG:colcon.colcon_core.package_identification:Package 'src/abaja_description' with type 'ros.ament_cmake' and name 'abaja_description'
[0.103s] Level 1:colcon.colcon_core.package_identification:_identify(src/abaja_teleop) by extensions ['ignore', 'ignore_ament_install']
[0.103s] Level 1:colcon.colcon_core.package_identification:_identify(src/abaja_teleop) by extension 'ignore'
[0.103s] Level 1:colcon.colcon_core.package_identification:_identify(src/abaja_teleop) by extension 'ignore_ament_install'
[0.103s] Level 1:colcon.colcon_core.package_identification:_identify(src/abaja_teleop) by extensions ['colcon_pkg']
[0.103s] Level 1:colcon.colcon_core.package_identification:_identify(src/abaja_teleop) by extension 'colcon_pkg'
[0.103s] Level 1:colcon.colcon_core.package_identification:_identify(src/abaja_teleop) by extensions ['colcon_meta']
[0.103s] Level 1:colcon.colcon_core.package_identification:_identify(src/abaja_teleop) by extension 'colcon_meta'
[0.103s] Level 1:colcon.colcon_core.package_identification:_identify(src/abaja_teleop) by extensions ['ros']
[0.103s] Level 1:colcon.colcon_core.package_identification:_identify(src/abaja_teleop) by extension 'ros'
[0.103s] DEBUG:colcon.colcon_core.package_identification:Package 'src/abaja_teleop' with type 'ros.ament_python' and name 'abaja_teleop'
[0.103s] Level 1:colcon.colcon_core.package_discovery:discover_packages(recursive) using defaults
[0.103s] Level 1:colcon.colcon_core.package_discovery:discover_packages(ignore) discover
[0.103s] Level 1:colcon.colcon_core.package_discovery:discover_packages(ignore) using defaults
[0.103s] Level 1:colcon.colcon_core.package_discovery:discover_packages(path) discover
[0.103s] Level 1:colcon.colcon_core.package_discovery:discover_packages(path) using defaults
[0.114s] Level 1:colcon.colcon_core.package_discovery:discover_packages(prefix_path) check parameters
[0.114s] Level 1:colcon.colcon_core.package_discovery:discover_packages(prefix_path) discover
[0.115s] DEBUG:colcon.colcon_installed_package_information.package_discovery:Found 3 installed packages in /home/pavithra/ros2_ws/install
[0.116s] DEBUG:colcon.colcon_installed_package_information.package_discovery:Found 313 installed packages in /opt/ros/jazzy
[0.117s] Level 1:colcon.colcon_core.package_discovery:discover_packages(prefix_path) using defaults
[0.142s] Level 5:colcon.colcon_core.verb:set package 'abaja_description' build argument 'cmake_args' from command line to 'None'
[0.142s] Level 5:colcon.colcon_core.verb:set package 'abaja_description' build argument 'cmake_target' from command line to 'None'
[0.142s] Level 5:colcon.colcon_core.verb:set package 'abaja_description' build argument 'cmake_target_skip_unavailable' from command line to 'False'
[0.142s] Level 5:colcon.colcon_core.verb:set package 'abaja_description' build argument 'cmake_clean_cache' from command line to 'False'
[0.142s] Level 5:colcon.colcon_core.verb:set package 'abaja_description' build argument 'cmake_clean_first' from command line to 'False'
[0.142s] Level 5:colcon.colcon_core.verb:set package 'abaja_description' build argument 'cmake_force_configure' from command line to 'False'
[0.142s] Level 5:colcon.colcon_core.verb:set package 'abaja_description' build argument 'ament_cmake_args' from command line to 'None'
[0.142s] Level 5:colcon.colcon_core.verb:set package 'abaja_description' build argument 'catkin_cmake_args' from command line to 'None'
[0.142s] Level 5:colcon.colcon_core.verb:set package 'abaja_description' build argument 'catkin_skip_building_tests' from command line to 'False'
[0.142s] DEBUG:colcon.colcon_core.verb:Building package 'abaja_description' with the following arguments: {'ament_cmake_args': None, 'build_base': '/home/pavithra/ros2_ws/build/abaja_description', 'catkin_cmake_args': None, 'catkin_skip_building_tests': False, 'cmake_args': None, 'cmake_clean_cache': False, 'cmake_clean_first': False, 'cmake_force_configure': False, 'cmake_target': None, 'cmake_target_skip_unavailable': False, 'install_base': '/home/pavithra/ros2_ws/install/abaja_description', 'merge_install': False, 'path': '/home/pavithra/ros2_ws/src/abaja_description', 'symlink_install': False, 'test_result_base': None}
[0.142s] Level 5:colcon.colcon_core.verb:set package 'abaja_teleop' build argument 'cmake_args' from command line to 'None'
[0.142s] Level 5:colcon.colcon_core.verb:set package 'abaja_teleop' build argument 'cmake_target' from command line to 'None'
[0.142s] Level 5:colcon.colcon_core.verb:set package 'abaja_teleop' build argument 'cmake_target_skip_unavailable' from command line to 'False'
[0.143s] Level 5:colcon.colcon_core.verb:set package 'abaja_teleop' build argument 'cmake_clean_cache' from command line to 'False'
[0.143s] Level 5:colcon.colcon_core.verb:set package 'abaja_teleop' build argument 'cmake_clean_first' from command line to 'False'
[0.143s] Level 5:colcon.colcon_core.verb:set package 'abaja_teleop' build argument 'cmake_force_configure' from command line to 'False'
[0.143s] Level 5:colcon.colcon_core.verb:set package 'abaja_teleop' build argument 'ament_cmake_args' from command line to 'None'
[0.143s] Level 5:colcon.colcon_core.verb:set package 'abaja_teleop' build argument 'catkin_cmake_args' from command line to 'None'
[0.143s] Level 5:colcon.colcon_core.verb:set package 'abaja_teleop' build argument 'catkin_skip_building_tests' from command line to 'False'
[0.143s] DEBUG:colcon.colcon_core.verb:Building package 'abaja_teleop' with the following arguments: {'ament_cmake_args': None, 'build_base': '/home/pavithra/ros2_ws/build/abaja_teleop', 'catkin_cmake_args': None, 'catkin_skip_building_tests': False, 'cmake_args': None, 'cmake_clean_cache': False, 'cmake_clean_first': False, 'cmake_force_configure': False, 'cmake_target': None, 'cmake_target_skip_unavailable': False, 'install_base': '/home/pavithra/ros2_ws/install/abaja_teleop', 'merge_install': False, 'path': '/home/pavithra/ros2_ws/src/abaja_teleop', 'symlink_install': False, 'test_result_base': None}
[0.143s] Level 5:colcon.colcon_core.verb:set package 'abaja_bringup' build argument 'cmake_args' from command line to 'None'
[0.143s] Level 5:colcon.colcon_core.verb:set package 'abaja_bringup' build argument 'cmake_target' from command line to 'None'
[0.143s] Level 5:colcon.colcon_core.verb:set package 'abaja_bringup' build argument 'cmake_target_skip_unavailable' from command line to 'False'
[0.143s] Level 5:colcon.colcon_core.verb:set package 'abaja_bringup' build argument 'cmake_clean_cache' from command line to 'False'
[0.143s] Level 5:colcon.colcon_core.verb:set package 'abaja_bringup' build argument 'cmake_clean_first' from command line to 'False'
[0.143s] Level 5:colcon.colcon_core.verb:set package 'abaja_bringup' build argument 'cmake_force_configure' from command line to 'False'
[0.143s] Level 5:colcon.colcon_core.verb:set package 'abaja_bringup' build argument 'ament_cmake_args' from command line to 'None'
[0.143s] Level 5:colcon.colcon_core.verb:set package 'abaja_bringup' build argument 'catkin_cmake_args' from command line to 'None'
[0.143s] Level 5:colcon.colcon_core.verb:set package 'abaja_bringup' build argument 'catkin_skip_building_tests' from command line to 'False'
[0.143s] DEBUG:colcon.colcon_core.verb:Building package 'abaja_bringup' with the following arguments: {'ament_cmake_args': None, 'build_base': '/home/pavithra/ros2_ws/build/abaja_bringup', 'catkin_cmake_args': None, 'catkin_skip_building_tests': False, 'cmake_args': None, 'cmake_clean_cache': False, 'cmake_clean_first': False, 'cmake_force_configure': False, 'cmake_target': None, 'cmake_target_skip_unavailable': False, 'install_base': '/home/pavithra/ros2_ws/install/abaja_bringup', 'merge_install': False, 'path': '/home/pavithra/ros2_ws/src/abaja_bringup', 'symlink_install': False, 'test_result_base': None}
[0.143s] INFO:colcon.colcon_core.executor:Executing jobs using 'parallel' executor
[0.143s] DEBUG:colcon.colcon_parallel_executor.executor.parallel:run_until_complete
[0.144s] INFO:colcon.colcon_ros.task.ament_cmake.build:Building ROS package in '/home/pavithra/ros2_ws/src/abaja_description' with build type 'ament_cmake'
[0.144s] INFO:colcon.colcon_cmake.task.cmake.build:Building CMake package in '/home/pavithra/ros2_ws/src/abaja_description'
[0.145s] INFO:colcon.colcon_core.plugin_system:Skipping extension 'colcon_core.shell.bat': Not used on non-Windows systems
[0.145s] INFO:colcon.colcon_core.shell:Skip shell extension 'powershell' for command environment: Not usable outside of PowerShell
[0.145s] DEBUG:colcon.colcon_core.shell:Skip shell extension 'dsv' for command environment
[0.148s] INFO:colcon.colcon_ros.task.ament_python.build:Building ROS package in '/home/pavithra/ros2_ws/src/abaja_teleop' with build type 'ament_python'
[0.148s] Level 1:colcon.colcon_core.shell:create_environment_hook('abaja_teleop', 'ament_prefix_path')
[0.148s] INFO:colcon.colcon_core.shell:Creating environment hook '/home/pavithra/ros2_ws/install/abaja_teleop/share/abaja_teleop/hook/ament_prefix_path.ps1'
[0.149s] INFO:colcon.colcon_core.shell:Creating environment descriptor '/home/pavithra/ros2_ws/install/abaja_teleop/share/abaja_teleop/hook/ament_prefix_path.dsv'
[0.149s] INFO:colcon.colcon_core.shell:Creating environment hook '/home/pavithra/ros2_ws/install/abaja_teleop/share/abaja_teleop/hook/ament_prefix_path.sh'
[0.150s] INFO:colcon.colcon_core.shell:Skip shell extension 'powershell' for command environment: Not usable outside of PowerShell
[0.150s] DEBUG:colcon.colcon_core.shell:Skip shell extension 'dsv' for command environment
[0.157s] DEBUG:colcon.colcon_core.event_handler.log_command:Invoking command in '/home/pavithra/ros2_ws/build/abaja_description': CMAKE_PREFIX_PATH=${CMAKE_PREFIX_PATH}:/home/pavithra/ros2_ws/install/abaja_bringup:/home/pavithra/ros2_ws/install/abaja_teleop:/opt/ros/jazzy DEBUGINFOD_URLS=https://debuginfod.ubuntu.com /usr/bin/cmake --build /home/pavithra/ros2_ws/build/abaja_description -- -j12 -l12
[0.303s] INFO:colcon.colcon_core.task.python.build:Building Python package in '/home/pavithra/ros2_ws/src/abaja_teleop'
[0.303s] INFO:colcon.colcon_core.shell:Skip shell extension 'powershell' for command environment: Not usable outside of PowerShell
[0.303s] DEBUG:colcon.colcon_core.shell:Skip shell extension 'dsv' for command environment
[0.307s] DEBUG:colcon.colcon_core.event_handler.log_command:Invoked command in '/home/pavithra/ros2_ws/build/abaja_description' returned '0': CMAKE_PREFIX_PATH=${CMAKE_PREFIX_PATH}:/home/pavithra/ros2_ws/install/abaja_bringup:/home/pavithra/ros2_ws/install/abaja_teleop:/opt/ros/jazzy DEBUGINFOD_URLS=https://debuginfod.ubuntu.com /usr/bin/cmake --build /home/pavithra/ros2_ws/build/abaja_description -- -j12 -l12
[0.317s] DEBUG:colcon.colcon_core.event_handler.log_command:Invoking command in '/home/pavithra/ros2_ws/build/abaja_description': CMAKE_PREFIX_PATH=${CMAKE_PREFIX_PATH}:/home/pavithra/ros2_ws/install/abaja_bringup:/home/pavithra/ros2_ws/install/abaja_teleop:/opt/ros/jazzy DEBUGINFOD_URLS=https://debuginfod.ubuntu.com /usr/bin/cmake --install /home/pavithra/ros2_ws/build/abaja_description
[0.328s] Level 1:colcon.colcon_core.environment:create_environment_scripts_only(abaja_description)
[0.329s] DEBUG:colcon.colcon_core.event_handler.log_command:Invoked command in '/home/pavithra/ros2_ws/build/abaja_description' returned '0': CMAKE_PREFIX_PATH=${CMAKE_PREFIX_PATH}:/home/pavithra/ros2_ws/install/abaja_bringup:/home/pavithra/ros2_ws/install/abaja_teleop:/opt/ros/jazzy DEBUGINFOD_URLS=https://debuginfod.ubuntu.com /usr/bin/cmake --install /home/pavithra/ros2_ws/build/abaja_description
[0.331s] Level 1:colcon.colcon_core.environment:checking '/home/pavithra/ros2_ws/install/abaja_description' for CMake module files
[0.331s] Level 1:colcon.colcon_core.environment:checking '/home/pavithra/ros2_ws/install/abaja_description' for CMake config files
[0.332s] Level 1:colcon.colcon_core.shell:create_environment_hook('abaja_description', 'cmake_prefix_path')
[0.332s] INFO:colcon.colcon_core.shell:Creating environment hook '/home/pavithra/ros2_ws/install/abaja_description/share/abaja_description/hook/cmake_prefix_path.ps1'
[0.332s] INFO:colcon.colcon_core.shell:Creating environment descriptor '/home/pavithra/ros2_ws/install/abaja_description/share/abaja_description/hook/cmake_prefix_path.dsv'
[0.333s] INFO:colcon.colcon_core.shell:Creating environment hook '/home/pavithra/ros2_ws/install/abaja_description/share/abaja_description/hook/cmake_prefix_path.sh'
[0.333s] Level 1:colcon.colcon_core.environment:checking '/home/pavithra/ros2_ws/install/abaja_description/bin'
[0.333s] Level 1:colcon.colcon_core.environment:checking '/home/pavithra/ros2_ws/install/abaja_description/lib/pkgconfig/abaja_description.pc'
[0.334s] Level 1:colcon.colcon_core.environment:checking '/home/pavithra/ros2_ws/install/abaja_description/lib/python3.12/site-packages'
[0.334s] Level 1:colcon.colcon_core.environment:checking '/home/pavithra/ros2_ws/install/abaja_description/bin'
[0.334s] INFO:colcon.colcon_core.shell:Creating package script '/home/pavithra/ros2_ws/install/abaja_description/share/abaja_description/package.ps1'
[0.335s] INFO:colcon.colcon_core.shell:Creating package descriptor '/home/pavithra/ros2_ws/install/abaja_description/share/abaja_description/package.dsv'
[0.335s] INFO:colcon.colcon_core.shell:Creating package script '/home/pavithra/ros2_ws/install/abaja_description/share/abaja_description/package.sh'
[0.336s] INFO:colcon.colcon_core.shell:Creating package script '/home/pavithra/ros2_ws/install/abaja_description/share/abaja_description/package.bash'
[0.336s] INFO:colcon.colcon_core.shell:Creating package script '/home/pavithra/ros2_ws/install/abaja_description/share/abaja_description/package.zsh'
[0.337s] Level 1:colcon.colcon_core.environment:create_file_with_runtime_dependencies(/home/pavithra/ros2_ws/install/abaja_description/share/colcon-core/packages/abaja_description)
[0.337s] Level 1:colcon.colcon_core.environment:create_environment_scripts_only(abaja_description)
[0.337s] Level 1:colcon.colcon_core.environment:checking '/home/pavithra/ros2_ws/install/abaja_description' for CMake module files
[0.338s] Level 1:colcon.colcon_core.environment:checking '/home/pavithra/ros2_ws/install/abaja_description' for CMake config files
[0.338s] Level 1:colcon.colcon_core.shell:create_environment_hook('abaja_description', 'cmake_prefix_path')
[0.338s] INFO:colcon.colcon_core.shell:Creating environment hook '/home/pavithra/ros2_ws/install/abaja_description/share/abaja_description/hook/cmake_prefix_path.ps1'
[0.338s] INFO:colcon.colcon_core.shell:Creating environment descriptor '/home/pavithra/ros2_ws/install/abaja_description/share/abaja_description/hook/cmake_prefix_path.dsv'
[0.339s] INFO:colcon.colcon_core.shell:Creating environment hook '/home/pavithra/ros2_ws/install/abaja_description/share/abaja_description/hook/cmake_prefix_path.sh'
[0.339s] Level 1:colcon.colcon_core.environment:checking '/home/pavithra/ros2_ws/install/abaja_description/bin'
[0.339s] Level 1:colcon.colcon_core.environment:checking '/home/pavithra/ros2_ws/install/abaja_description/lib/pkgconfig/abaja_description.pc'
[0.339s] Level 1:colcon.colcon_core.environment:checking '/home/pavithra/ros2_ws/install/abaja_description/lib/python3.12/site-packages'
[0.339s] Level 1:colcon.colcon_core.environment:checking '/home/pavithra/ros2_ws/install/abaja_description/bin'
[0.339s] INFO:colcon.colcon_core.shell:Creating package script '/home/pavithra/ros2_ws/install/abaja_description/share/abaja_description/package.ps1'
[0.340s] INFO:colcon.colcon_core.shell:Creating package descriptor '/home/pavithra/ros2_ws/install/abaja_description/share/abaja_description/package.dsv'
[0.340s] INFO:colcon.colcon_core.shell:Creating package script '/home/pavithra/ros2_ws/install/abaja_description/share/abaja_description/package.sh'
[0.340s] INFO:colcon.colcon_core.shell:Creating package script '/home/pavithra/ros2_ws/install/abaja_description/share/abaja_description/package.bash'
[0.341s] INFO:colcon.colcon_core.shell:Creating package script '/home/pavithra/ros2_ws/install/abaja_description/share/abaja_description/package.zsh'
[0.341s] Level 1:colcon.colcon_core.environment:create_file_with_runtime_dependencies(/home/pavithra/ros2_ws/install/abaja_description/share/colcon-core/packages/abaja_description)
[0.696s] DEBUG:colcon.colcon_core.event_handler.log_command:Invoking command in '/home/pavithra/ros2_ws/src/abaja_teleop': DEBUGINFOD_URLS=https://debuginfod.ubuntu.com PYTHONPATH=/home/pavithra/ros2_ws/build/abaja_teleop/prefix_override:/usr/lib/python3/dist-packages/colcon_core/task/python/colcon_distutils_commands:/home/pavithra/ros2_ws/install/abaja_teleop/lib/python3.12/site-packages:${PYTHONPATH} /usr/bin/python3 -W ignore:setup.py install is deprecated -W ignore:easy_install command is deprecated setup.py egg_info --egg-base ../../build/abaja_teleop build --build-base /home/pavithra/ros2_ws/build/abaja_teleop/build install --record /home/pavithra/ros2_ws/build/abaja_teleop/install.log --single-version-externally-managed install_data
[1.013s] Level 1:colcon.colcon_core.environment:checking '/home/pavithra/ros2_ws/install/abaja_teleop' for CMake module files
[1.014s] DEBUG:colcon.colcon_core.event_handler.log_command:Invoked command in '/home/pavithra/ros2_ws/src/abaja_teleop' returned '0': DEBUGINFOD_URLS=https://debuginfod.ubuntu.com PYTHONPATH=/home/pavithra/ros2_ws/build/abaja_teleop/prefix_override:/usr/lib/python3/dist-packages/colcon_core/task/python/colcon_distutils_commands:/home/pavithra/ros2_ws/install/abaja_teleop/lib/python3.12/site-packages:${PYTHONPATH} /usr/bin/python3 -W ignore:setup.py install is deprecated -W ignore:easy_install command is deprecated setup.py egg_info --egg-base ../../build/abaja_teleop build --build-base /home/pavithra/ros2_ws/build/abaja_teleop/build install --record /home/pavithra/ros2_ws/build/abaja_teleop/install.log --single-version-externally-managed install_data
[1.014s] Level 1:colcon.colcon_core.environment:checking '/home/pavithra/ros2_ws/install/abaja_teleop' for CMake config files
[1.014s] Level 1:colcon.colcon_core.environment:checking '/home/pavithra/ros2_ws/install/abaja_teleop/lib'
[1.015s] Level 1:colcon.colcon_core.environment:checking '/home/pavithra/ros2_ws/install/abaja_teleop/bin'
[1.015s] Level 1:colcon.colcon_core.environment:checking '/home/pavithra/ros2_ws/install/abaja_teleop/lib/pkgconfig/abaja_teleop.pc'
[1.015s] Level 1:colcon.colcon_core.environment:checking '/home/pavithra/ros2_ws/install/abaja_teleop/lib/python3.12/site-packages'
[1.015s] Level 1:colcon.colcon_core.shell:create_environment_hook('abaja_teleop', 'pythonpath')
[1.015s] INFO:colcon.colcon_core.shell:Creating environment hook '/home/pavithra/ros2_ws/install/abaja_teleop/share/abaja_teleop/hook/pythonpath.ps1'
[1.015s] INFO:colcon.colcon_core.shell:Creating environment descriptor '/home/pavithra/ros2_ws/install/abaja_teleop/share/abaja_teleop/hook/pythonpath.dsv'
[1.016s] INFO:colcon.colcon_core.shell:Creating environment hook '/home/pavithra/ros2_ws/install/abaja_teleop/share/abaja_teleop/hook/pythonpath.sh'
[1.016s] Level 1:colcon.colcon_core.environment:checking '/home/pavithra/ros2_ws/install/abaja_teleop/bin'
[1.016s] Level 1:colcon.colcon_core.environment:create_environment_scripts_only(abaja_teleop)
[1.016s] INFO:colcon.colcon_core.shell:Creating package script '/home/pavithra/ros2_ws/install/abaja_teleop/share/abaja_teleop/package.ps1'
[1.017s] INFO:colcon.colcon_core.shell:Creating package descriptor '/home/pavithra/ros2_ws/install/abaja_teleop/share/abaja_teleop/package.dsv'
[1.017s] INFO:colcon.colcon_core.shell:Creating package script '/home/pavithra/ros2_ws/install/abaja_teleop/share/abaja_teleop/package.sh'
[1.017s] INFO:colcon.colcon_core.shell:Creating package script '/home/pavithra/ros2_ws/install/abaja_teleop/share/abaja_teleop/package.bash'
[1.017s] INFO:colcon.colcon_core.shell:Creating package script '/home/pavithra/ros2_ws/install/abaja_teleop/share/abaja_teleop/package.zsh'
[1.018s] Level 1:colcon.colcon_core.environment:create_file_with_runtime_dependencies(/home/pavithra/ros2_ws/install/abaja_teleop/share/colcon-core/packages/abaja_teleop)
[1.018s] INFO:colcon.colcon_ros.task.ament_python.build:Building ROS package in '/home/pavithra/ros2_ws/src/abaja_bringup' with build type 'ament_python'
[1.018s] Level 1:colcon.colcon_core.shell:create_environment_hook('abaja_bringup', 'ament_prefix_path')
[1.018s] INFO:colcon.colcon_core.shell:Creating environment hook '/home/pavithra/ros2_ws/install/abaja_bringup/share/abaja_bringup/hook/ament_prefix_path.ps1'
[1.019s] INFO:colcon.colcon_core.shell:Creating environment descriptor '/home/pavithra/ros2_ws/install/abaja_bringup/share/abaja_bringup/hook/ament_prefix_path.dsv'
[1.019s] INFO:colcon.colcon_core.shell:Creating environment hook '/home/pavithra/ros2_ws/install/abaja_bringup/share/abaja_bringup/hook/ament_prefix_path.sh'
[1.019s] INFO:colcon.colcon_core.shell:Skip shell extension 'powershell' for command environment: Not usable outside of PowerShell
[1.019s] DEBUG:colcon.colcon_core.shell:Skip shell extension 'dsv' for command environment
[1.168s] INFO:colcon.colcon_core.task.python.build:Building Python package in '/home/pavithra/ros2_ws/src/abaja_bringup'
[1.169s] INFO:colcon.colcon_core.shell:Skip shell extension 'powershell' for command environment: Not usable outside of PowerShell
[1.169s] DEBUG:colcon.colcon_core.shell:Skip shell extension 'dsv' for command environment
[1.518s] DEBUG:colcon.colcon_core.event_handler.log_command:Invoking command in '/home/pavithra/ros2_ws/src/abaja_bringup': AMENT_PREFIX_PATH=/home/pavithra/ros2_ws/install/abaja_teleop:/home/pavithra/ros2_ws/install/abaja_bringup:/home/pavithra/ros2_ws/install/abaja_description:/opt/ros/jazzy CMAKE_PREFIX_PATH=/home/pavithra/ros2_ws/install/abaja_description:/opt/ros/jazzy/opt/gz_sim_vendor:/opt/ros/jazzy/opt/gz_sensors_vendor:/opt/ros/jazzy/opt/gz_physics_vendor:/opt/ros/jazzy/opt/sdformat_vendor:/opt/ros/jazzy/opt/gz_gui_vendor:/opt/ros/jazzy/opt/gz_transport_vendor:/opt/ros/jazzy/opt/gz_rendering_vendor:/opt/ros/jazzy/opt/gz_plugin_vendor:/opt/ros/jazzy/opt/gz_fuel_tools_vendor:/opt/ros/jazzy/opt/gz_msgs_vendor:/opt/ros/jazzy/opt/gz_common_vendor:/opt/ros/jazzy/opt/gz_tools_vendor:/opt/ros/jazzy/opt/gz_ogre_next_vendor:/opt/ros/jazzy/opt/gz_dartsim_vendor:/opt/ros/jazzy/opt/gz_math_vendor:/opt/ros/jazzy/opt/gz_utils_vendor:/opt/ros/jazzy/opt/gz_cmake_vendor DEBUGINFOD_URLS=https://debuginfod.ubuntu.com PYTHONPATH=/home/pavithra/ros2_ws/build/abaja_bringup/prefix_override:/usr/lib/python3/dist-packages/colcon_core/task/python/colcon_distutils_commands:/home/pavithra/ros2_ws/install/abaja_bringup/lib/python3.12/site-packages:/home/pavithra/ros2_ws/install/abaja_teleop/lib/python3.12/site-packages:/home/pavithra/ros2_ws/install/abaja_bringup/lib/python3.12/site-packages:/opt/ros/jazzy/lib/python3.12/site-packages /usr/bin/python3 -W ignore:setup.py install is deprecated -W ignore:easy_install command is deprecated setup.py egg_info --egg-base ../../build/abaja_bringup build --build-base /home/pavithra/ros2_ws/build/abaja_bringup/build install --record /home/pavithra/ros2_ws/build/abaja_bringup/install.log --single-version-externally-managed install_data
[1.910s] Level 1:colcon.colcon_core.environment:checking '/home/pavithra/ros2_ws/install/abaja_bringup' for CMake module files
[1.910s] DEBUG:colcon.colcon_core.event_handler.log_command:Invoked command in '/home/pavithra/ros2_ws/src/abaja_bringup' returned '0': AMENT_PREFIX_PATH=/home/pavithra/ros2_ws/install/abaja_teleop:/home/pavithra/ros2_ws/install/abaja_bringup:/home/pavithra/ros2_ws/install/abaja_description:/opt/ros/jazzy CMAKE_PREFIX_PATH=/home/pavithra/ros2_ws/install/abaja_description:/opt/ros/jazzy/opt/gz_sim_vendor:/opt/ros/jazzy/opt/gz_sensors_vendor:/opt/ros/jazzy/opt/gz_physics_vendor:/opt/ros/jazzy/opt/sdformat_vendor:/opt/ros/jazzy/opt/gz_gui_vendor:/opt/ros/jazzy/opt/gz_transport_vendor:/opt/ros/jazzy/opt/gz_rendering_vendor:/opt/ros/jazzy/opt/gz_plugin_vendor:/opt/ros/jazzy/opt/gz_fuel_tools_vendor:/opt/ros/jazzy/opt/gz_msgs_vendor:/opt/ros/jazzy/opt/gz_common_vendor:/opt/ros/jazzy/opt/gz_tools_vendor:/opt/ros/jazzy/opt/gz_ogre_next_vendor:/opt/ros/jazzy/opt/gz_dartsim_vendor:/opt/ros/jazzy/opt/gz_math_vendor:/opt/ros/jazzy/opt/gz_utils_vendor:/opt/ros/jazzy/opt/gz_cmake_vendor DEBUGINFOD_URLS=https://debuginfod.ubuntu.com PYTHONPATH=/home/pavithra/ros2_ws/build/abaja_bringup/prefix_override:/usr/lib/python3/dist-packages/colcon_core/task/python/colcon_distutils_commands:/home/pavithra/ros2_ws/install/abaja_bringup/lib/python3.12/site-packages:/home/pavithra/ros2_ws/install/abaja_teleop/lib/python3.12/site-packages:/home/pavithra/ros2_ws/install/abaja_bringup/lib/python3.12/site-packages:/opt/ros/jazzy/lib/python3.12/site-packages /usr/bin/python3 -W ignore:setup.py install is deprecated -W ignore:easy_install command is deprecated setup.py egg_info --egg-base ../../build/abaja_bringup build --build-base /home/pavithra/ros2_ws/build/abaja_bringup/build install --record /home/pavithra/ros2_ws/build/abaja_bringup/install.log --single-version-externally-managed install_data
[1.911s] Level 1:colcon.colcon_core.environment:checking '/home/pavithra/ros2_ws/install/abaja_bringup' for CMake config files
[1.911s] Level 1:colcon.colcon_core.environment:checking '/home/pavithra/ros2_ws/install/abaja_bringup/lib'
[1.911s] Level 1:colcon.colcon_core.environment:checking '/home/pavithra/ros2_ws/install/abaja_bringup/bin'
[1.911s] Level 1:colcon.colcon_core.environment:checking '/home/pavithra/ros2_ws/install/abaja_bringup/lib/pkgconfig/abaja_bringup.pc'
[1.912s] Level 1:colcon.colcon_core.environment:checking '/home/pavithra/ros2_ws/install/abaja_bringup/lib/python3.12/site-packages'
[1.912s] Level 1:colcon.colcon_core.shell:create_environment_hook('abaja_bringup', 'pythonpath')
[1.912s] INFO:colcon.colcon_core.shell:Creating environment hook '/home/pavithra/ros2_ws/install/abaja_bringup/share/abaja_bringup/hook/pythonpath.ps1'
[1.912s] INFO:colcon.colcon_core.shell:Creating environment descriptor '/home/pavithra/ros2_ws/install/abaja_bringup/share/abaja_bringup/hook/pythonpath.dsv'
[1.913s] INFO:colcon.colcon_core.shell:Creating environment hook '/home/pavithra/ros2_ws/install/abaja_bringup/share/abaja_bringup/hook/pythonpath.sh'
[1.913s] Level 1:colcon.colcon_core.environment:checking '/home/pavithra/ros2_ws/install/abaja_bringup/bin'
[1.913s] Level 1:colcon.colcon_core.environment:create_environment_scripts_only(abaja_bringup)
[1.914s] INFO:colcon.colcon_core.shell:Creating package script '/home/pavithra/ros2_ws/install/abaja_bringup/share/abaja_bringup/package.ps1'
[1.914s] INFO:colcon.colcon_core.shell:Creating package descriptor '/home/pavithra/ros2_ws/install/abaja_bringup/share/abaja_bringup/package.dsv'
[1.915s] INFO:colcon.colcon_core.shell:Creating package script '/home/pavithra/ros2_ws/install/abaja_bringup/share/abaja_bringup/package.sh'
[1.915s] INFO:colcon.colcon_core.shell:Creating package script '/home/pavithra/ros2_ws/install/abaja_bringup/share/abaja_bringup/package.bash'
[1.915s] INFO:colcon.colcon_core.shell:Creating package script '/home/pavithra/ros2_ws/install/abaja_bringup/share/abaja_bringup/package.zsh'
[1.916s] Level 1:colcon.colcon_core.environment:create_file_with_runtime_dependencies(/home/pavithra/ros2_ws/install/abaja_bringup/share/colcon-core/packages/abaja_bringup)
[1.916s] DEBUG:colcon.colcon_parallel_executor.executor.parallel:closing loop
[1.916s] DEBUG:colcon.colcon_parallel_executor.executor.parallel:loop closed
[1.916s] DEBUG:colcon.colcon_parallel_executor.executor.parallel:run_until_complete finished with '0'
[1.917s] DEBUG:colcon.colcon_core.event_reactor:joining thread
[1.922s] INFO:colcon.colcon_core.plugin_system:Skipping extension 'colcon_notification.desktop_notification.terminal_notifier': Not used on non-Darwin systems
[1.922s] INFO:colcon.colcon_core.plugin_system:Skipping extension 'colcon_notification.desktop_notification.win32': Not used on non-Windows systems
[1.923s] INFO:colcon.colcon_notification.desktop_notification:Sending desktop notification using 'notify2'
[1.932s] DEBUG:colcon.colcon_core.event_reactor:joined thread
[1.932s] INFO:colcon.colcon_core.shell:Creating prefix script '/home/pavithra/ros2_ws/install/local_setup.ps1'
[1.933s] INFO:colcon.colcon_core.shell:Creating prefix util module '/home/pavithra/ros2_ws/install/_local_setup_util_ps1.py'
[1.935s] INFO:colcon.colcon_core.shell:Creating prefix chain script '/home/pavithra/ros2_ws/install/setup.ps1'
[1.937s] INFO:colcon.colcon_core.shell:Creating prefix script '/home/pavithra/ros2_ws/install/local_setup.sh'
[1.937s] INFO:colcon.colcon_core.shell:Creating prefix util module '/home/pavithra/ros2_ws/install/_local_setup_util_sh.py'
[1.938s] INFO:colcon.colcon_core.shell:Creating prefix chain script '/home/pavithra/ros2_ws/install/setup.sh'
[1.939s] INFO:colcon.colcon_core.shell:Creating prefix script '/home/pavithra/ros2_ws/install/local_setup.bash'
[1.939s] INFO:colcon.colcon_core.shell:Creating prefix chain script '/home/pavithra/ros2_ws/install/setup.bash'
[1.940s] INFO:colcon.colcon_core.shell:Creating prefix script '/home/pavithra/ros2_ws/install/local_setup.zsh'
[1.940s] INFO:colcon.colcon_core.shell:Creating prefix chain script '/home/pavithra/ros2_ws/install/setup.zsh'
