[0.233s] DEBUG:colcon:Command line arguments: ['/usr/bin/colcon', 'build', '--symlink-install', '--packages-select', 'abaja_logging']
[0.233s] DEBUG:colcon:Parsed command line arguments: Namespace(log_base=None, log_level=None, verb_name='build', build_base='build', install_base='install', merge_install=False, symlink_install=True, test_result_base=None, continue_on_error=False, executor='parallel', parallel_workers=12, event_handlers=None, ignore_user_meta=False, metas=['./colcon.meta'], base_paths=['.'], packages_ignore=None, packages_ignore_regex=None, paths=None, packages_up_to=None, packages_up_to_regex=None, packages_above=None, packages_above_and_dependencies=None, packages_above_depth=None, packages_select_by_dep=None, packages_skip_by_dep=None, packages_skip_up_to=None, packages_select_build_failed=False, packages_skip_build_finished=False, packages_select_test_failures=False, packages_skip_test_passed=False, packages_select=['abaja_logging'], packages_skip=None, packages_select_regex=None, packages_skip_regex=None, packages_start=None, packages_end=None, allow_overriding=[], cmake_args=None, cmake_target=None, cmake_target_skip_unavailable=False, cmake_clean_cache=False, cmake_clean_first=False, cmake_force_configure=False, ament_cmake_args=None, catkin_cmake_args=None, catkin_skip_building_tests=False, mixin_files=None, mixin=None, verb_parser=<colcon_mixin.mixin.mixin_argument.MixinArgumentDecorator object at 0x71b1648eb1a0>, verb_extension=<colcon_core.verb.build.BuildVerb object at 0x71b1647942f0>, main=<bound method BuildVerb.main of <colcon_core.verb.build.BuildVerb object at 0x71b1647942f0>>, mixin_verb=('build',))
[0.295s] Level 1:colcon.colcon_core.package_discovery:discover_packages(colcon_meta) check parameters
[0.295s] Level 1:colcon.colcon_core.package_discovery:discover_packages(recursive) check parameters
[0.295s] Level 1:colcon.colcon_core.package_discovery:discover_packages(ignore) check parameters
[0.295s] Level 1:colcon.colcon_core.package_discovery:discover_packages(path) check parameters
[0.295s] Level 1:colcon.colcon_core.package_discovery:discover_packages(colcon_meta) discover
[0.295s] Level 1:colcon.colcon_core.package_discovery:discover_packages(recursive) discover
[0.296s] INFO:colcon.colcon_core.package_discovery:Crawling recursively for packages in '/home/pavithra/ros2_ws'
[0.296s] Level 1:colcon.colcon_core.package_identification:_identify(.) by extensions ['ignore', 'ignore_ament_install']
[0.296s] Level 1:colcon.colcon_core.package_identification:_identify(.) by extension 'ignore'
[0.296s] Level 1:colcon.colcon_core.package_identification:_identify(.) by extension 'ignore_ament_install'
[0.296s] Level 1:colcon.colcon_core.package_identification:_identify(.) by extensions ['colcon_pkg']
[0.296s] Level 1:colcon.colcon_core.package_identification:_identify(.) by extension 'colcon_pkg'
[0.296s] Level 1:colcon.colcon_core.package_identification:_identify(.) by extensions ['colcon_meta']
[0.296s] Level 1:colcon.colcon_core.package_identification:_identify(.) by extension 'colcon_meta'
[0.296s] Level 1:colcon.colcon_core.package_identification:_identify(.) by extensions ['ros']
[0.296s] Level 1:colcon.colcon_core.package_identification:_identify(.) by extension 'ros'
[0.345s] Level 1:colcon.colcon_core.package_identification:_identify(.) by extensions ['cmake', 'python']
[0.345s] Level 1:colcon.colcon_core.package_identification:_identify(.) by extension 'cmake'
[0.345s] Level 1:colcon.colcon_core.package_identification:_identify(.) by extension 'python'
[0.346s] Level 1:colcon.colcon_core.package_identification:_identify(.) by extensions ['python_setup_py']
[0.346s] Level 1:colcon.colcon_core.package_identification:_identify(.) by extension 'python_setup_py'
[0.346s] Level 1:colcon.colcon_core.package_identification:_identify(build) by extensions ['ignore', 'ignore_ament_install']
[0.346s] Level 1:colcon.colcon_core.package_identification:_identify(build) by extension 'ignore'
[0.346s] Level 1:colcon.colcon_core.package_identification:_identify(build) ignored
[0.346s] Level 1:colcon.colcon_core.package_identification:_identify(install) by extensions ['ignore', 'ignore_ament_install']
[0.347s] Level 1:colcon.colcon_core.package_identification:_identify(install) by extension 'ignore'
[0.347s] Level 1:colcon.colcon_core.package_identification:_identify(install) ignored
[0.347s] Level 1:colcon.colcon_core.package_identification:_identify(log) by extensions ['ignore', 'ignore_ament_install']
[0.347s] Level 1:colcon.colcon_core.package_identification:_identify(log) by extension 'ignore'
[0.347s] Level 1:colcon.colcon_core.package_identification:_identify(log) ignored
[0.347s] Level 1:colcon.colcon_core.package_identification:_identify(logs) by extensions ['ignore', 'ignore_ament_install']
[0.348s] Level 1:colcon.colcon_core.package_identification:_identify(logs) by extension 'ignore'
[0.348s] Level 1:colcon.colcon_core.package_identification:_identify(logs) by extension 'ignore_ament_install'
[0.348s] Level 1:colcon.colcon_core.package_identification:_identify(logs) by extensions ['colcon_pkg']
[0.348s] Level 1:colcon.colcon_core.package_identification:_identify(logs) by extension 'colcon_pkg'
[0.348s] Level 1:colcon.colcon_core.package_identification:_identify(logs) by extensions ['colcon_meta']
[0.348s] Level 1:colcon.colcon_core.package_identification:_identify(logs) by extension 'colcon_meta'
[0.348s] Level 1:colcon.colcon_core.package_identification:_identify(logs) by extensions ['ros']
[0.348s] Level 1:colcon.colcon_core.package_identification:_identify(logs) by extension 'ros'
[0.348s] Level 1:colcon.colcon_core.package_identification:_identify(logs) by extensions ['cmake', 'python']
[0.348s] Level 1:colcon.colcon_core.package_identification:_identify(logs) by extension 'cmake'
[0.348s] Level 1:colcon.colcon_core.package_identification:_identify(logs) by extension 'python'
[0.349s] Level 1:colcon.colcon_core.package_identification:_identify(logs) by extensions ['python_setup_py']
[0.349s] Level 1:colcon.colcon_core.package_identification:_identify(logs) by extension 'python_setup_py'
[0.349s] Level 1:colcon.colcon_core.package_identification:_identify(src) by extensions ['ignore', 'ignore_ament_install']
[0.349s] Level 1:colcon.colcon_core.package_identification:_identify(src) by extension 'ignore'
[0.349s] Level 1:colcon.colcon_core.package_identification:_identify(src) by extension 'ignore_ament_install'
[0.349s] Level 1:colcon.colcon_core.package_identification:_identify(src) by extensions ['colcon_pkg']
[0.349s] Level 1:colcon.colcon_core.package_identification:_identify(src) by extension 'colcon_pkg'
[0.349s] Level 1:colcon.colcon_core.package_identification:_identify(src) by extensions ['colcon_meta']
[0.350s] Level 1:colcon.colcon_core.package_identification:_identify(src) by extension 'colcon_meta'
[0.350s] Level 1:colcon.colcon_core.package_identification:_identify(src) by extensions ['ros']
[0.350s] Level 1:colcon.colcon_core.package_identification:_identify(src) by extension 'ros'
[0.350s] Level 1:colcon.colcon_core.package_identification:_identify(src) by extensions ['cmake', 'python']
[0.350s] Level 1:colcon.colcon_core.package_identification:_identify(src) by extension 'cmake'
[0.350s] Level 1:colcon.colcon_core.package_identification:_identify(src) by extension 'python'
[0.350s] Level 1:colcon.colcon_core.package_identification:_identify(src) by extensions ['python_setup_py']
[0.350s] Level 1:colcon.colcon_core.package_identification:_identify(src) by extension 'python_setup_py'
[0.351s] Level 1:colcon.colcon_core.package_identification:_identify(src/abaja_aeb) by extensions ['ignore', 'ignore_ament_install']
[0.352s] Level 1:colcon.colcon_core.package_identification:_identify(src/abaja_aeb) by extension 'ignore'
[0.352s] Level 1:colcon.colcon_core.package_identification:_identify(src/abaja_aeb) by extension 'ignore_ament_install'
[0.352s] Level 1:colcon.colcon_core.package_identification:_identify(src/abaja_aeb) by extensions ['colcon_pkg']
[0.352s] Level 1:colcon.colcon_core.package_identification:_identify(src/abaja_aeb) by extension 'colcon_pkg'
[0.352s] Level 1:colcon.colcon_core.package_identification:_identify(src/abaja_aeb) by extensions ['colcon_meta']
[0.352s] Level 1:colcon.colcon_core.package_identification:_identify(src/abaja_aeb) by extension 'colcon_meta'
[0.352s] Level 1:colcon.colcon_core.package_identification:_identify(src/abaja_aeb) by extensions ['ros']
[0.352s] Level 1:colcon.colcon_core.package_identification:_identify(src/abaja_aeb) by extension 'ros'
[0.358s] DEBUG:colcon.colcon_core.package_identification:Package 'src/abaja_aeb' with type 'ros.ament_python' and name 'abaja_aeb'
[0.359s] Level 1:colcon.colcon_core.package_identification:_identify(src/abaja_bringup) by extensions ['ignore', 'ignore_ament_install']
[0.359s] Level 1:colcon.colcon_core.package_identification:_identify(src/abaja_bringup) by extension 'ignore'
[0.359s] Level 1:colcon.colcon_core.package_identification:_identify(src/abaja_bringup) by extension 'ignore_ament_install'
[0.359s] Level 1:colcon.colcon_core.package_identification:_identify(src/abaja_bringup) by extensions ['colcon_pkg']
[0.359s] Level 1:colcon.colcon_core.package_identification:_identify(src/abaja_bringup) by extension 'colcon_pkg'
[0.359s] Level 1:colcon.colcon_core.package_identification:_identify(src/abaja_bringup) by extensions ['colcon_meta']
[0.359s] Level 1:colcon.colcon_core.package_identification:_identify(src/abaja_bringup) by extension 'colcon_meta'
[0.359s] Level 1:colcon.colcon_core.package_identification:_identify(src/abaja_bringup) by extensions ['ros']
[0.360s] Level 1:colcon.colcon_core.package_identification:_identify(src/abaja_bringup) by extension 'ros'
[0.361s] DEBUG:colcon.colcon_core.package_identification:Package 'src/abaja_bringup' with type 'ros.ament_python' and name 'abaja_bringup'
[0.361s] Level 1:colcon.colcon_core.package_identification:_identify(src/abaja_control) by extensions ['ignore', 'ignore_ament_install']
[0.361s] Level 1:colcon.colcon_core.package_identification:_identify(src/abaja_control) by extension 'ignore'
[0.362s] Level 1:colcon.colcon_core.package_identification:_identify(src/abaja_control) by extension 'ignore_ament_install'
[0.362s] Level 1:colcon.colcon_core.package_identification:_identify(src/abaja_control) by extensions ['colcon_pkg']
[0.362s] Level 1:colcon.colcon_core.package_identification:_identify(src/abaja_control) by extension 'colcon_pkg'
[0.362s] Level 1:colcon.colcon_core.package_identification:_identify(src/abaja_control) by extensions ['colcon_meta']
[0.362s] Level 1:colcon.colcon_core.package_identification:_identify(src/abaja_control) by extension 'colcon_meta'
[0.362s] Level 1:colcon.colcon_core.package_identification:_identify(src/abaja_control) by extensions ['ros']
[0.362s] Level 1:colcon.colcon_core.package_identification:_identify(src/abaja_control) by extension 'ros'
[0.362s] DEBUG:colcon.colcon_core.package_identification:Package 'src/abaja_control' with type 'ros.ament_python' and name 'abaja_control'
[0.363s] Level 1:colcon.colcon_core.package_identification:_identify(src/abaja_dbw) by extensions ['ignore', 'ignore_ament_install']
[0.363s] Level 1:colcon.colcon_core.package_identification:_identify(src/abaja_dbw) by extension 'ignore'
[0.363s] Level 1:colcon.colcon_core.package_identification:_identify(src/abaja_dbw) by extension 'ignore_ament_install'
[0.363s] Level 1:colcon.colcon_core.package_identification:_identify(src/abaja_dbw) by extensions ['colcon_pkg']
[0.363s] Level 1:colcon.colcon_core.package_identification:_identify(src/abaja_dbw) by extension 'colcon_pkg'
[0.363s] Level 1:colcon.colcon_core.package_identification:_identify(src/abaja_dbw) by extensions ['colcon_meta']
[0.363s] Level 1:colcon.colcon_core.package_identification:_identify(src/abaja_dbw) by extension 'colcon_meta'
[0.363s] Level 1:colcon.colcon_core.package_identification:_identify(src/abaja_dbw) by extensions ['ros']
[0.363s] Level 1:colcon.colcon_core.package_identification:_identify(src/abaja_dbw) by extension 'ros'
[0.364s] DEBUG:colcon.colcon_core.package_identification:Package 'src/abaja_dbw' with type 'ros.ament_python' and name 'abaja_dbw'
[0.364s] Level 1:colcon.colcon_core.package_identification:_identify(src/abaja_dbw_bridge) by extensions ['ignore', 'ignore_ament_install']
[0.364s] Level 1:colcon.colcon_core.package_identification:_identify(src/abaja_dbw_bridge) by extension 'ignore'
[0.364s] Level 1:colcon.colcon_core.package_identification:_identify(src/abaja_dbw_bridge) by extension 'ignore_ament_install'
[0.364s] Level 1:colcon.colcon_core.package_identification:_identify(src/abaja_dbw_bridge) by extensions ['colcon_pkg']
[0.364s] Level 1:colcon.colcon_core.package_identification:_identify(src/abaja_dbw_bridge) by extension 'colcon_pkg'
[0.364s] Level 1:colcon.colcon_core.package_identification:_identify(src/abaja_dbw_bridge) by extensions ['colcon_meta']
[0.364s] Level 1:colcon.colcon_core.package_identification:_identify(src/abaja_dbw_bridge) by extension 'colcon_meta'
[0.364s] Level 1:colcon.colcon_core.package_identification:_identify(src/abaja_dbw_bridge) by extensions ['ros']
[0.364s] Level 1:colcon.colcon_core.package_identification:_identify(src/abaja_dbw_bridge) by extension 'ros'
[0.365s] DEBUG:colcon.colcon_core.package_identification:Package 'src/abaja_dbw_bridge' with type 'ros.ament_python' and name 'abaja_dbw_bridge'
[0.365s] Level 1:colcon.colcon_core.package_identification:_identify(src/abaja_description) by extensions ['ignore', 'ignore_ament_install']
[0.365s] Level 1:colcon.colcon_core.package_identification:_identify(src/abaja_description) by extension 'ignore'
[0.365s] Level 1:colcon.colcon_core.package_identification:_identify(src/abaja_description) by extension 'ignore_ament_install'
[0.365s] Level 1:colcon.colcon_core.package_identification:_identify(src/abaja_description) by extensions ['colcon_pkg']
[0.365s] Level 1:colcon.colcon_core.package_identification:_identify(src/abaja_description) by extension 'colcon_pkg'
[0.365s] Level 1:colcon.colcon_core.package_identification:_identify(src/abaja_description) by extensions ['colcon_meta']
[0.365s] Level 1:colcon.colcon_core.package_identification:_identify(src/abaja_description) by extension 'colcon_meta'
[0.365s] Level 1:colcon.colcon_core.package_identification:_identify(src/abaja_description) by extensions ['ros']
[0.365s] Level 1:colcon.colcon_core.package_identification:_identify(src/abaja_description) by extension 'ros'
[0.366s] DEBUG:colcon.colcon_core.package_identification:Package 'src/abaja_description' with type 'ros.ament_cmake' and name 'abaja_description'
[0.367s] Level 1:colcon.colcon_core.package_identification:_identify(src/abaja_interfaces) by extensions ['ignore', 'ignore_ament_install']
[0.367s] Level 1:colcon.colcon_core.package_identification:_identify(src/abaja_interfaces) by extension 'ignore'
[0.367s] Level 1:colcon.colcon_core.package_identification:_identify(src/abaja_interfaces) by extension 'ignore_ament_install'
[0.367s] Level 1:colcon.colcon_core.package_identification:_identify(src/abaja_interfaces) by extensions ['colcon_pkg']
[0.367s] Level 1:colcon.colcon_core.package_identification:_identify(src/abaja_interfaces) by extension 'colcon_pkg'
[0.367s] Level 1:colcon.colcon_core.package_identification:_identify(src/abaja_interfaces) by extensions ['colcon_meta']
[0.367s] Level 1:colcon.colcon_core.package_identification:_identify(src/abaja_interfaces) by extension 'colcon_meta'
[0.367s] Level 1:colcon.colcon_core.package_identification:_identify(src/abaja_interfaces) by extensions ['ros']
[0.367s] Level 1:colcon.colcon_core.package_identification:_identify(src/abaja_interfaces) by extension 'ros'
[0.368s] DEBUG:colcon.colcon_core.package_identification:Package 'src/abaja_interfaces' with type 'ros.ament_cmake' and name 'abaja_interfaces'
[0.368s] Level 1:colcon.colcon_core.package_identification:_identify(src/abaja_lane_detection) by extensions ['ignore', 'ignore_ament_install']
[0.368s] Level 1:colcon.colcon_core.package_identification:_identify(src/abaja_lane_detection) by extension 'ignore'
[0.368s] Level 1:colcon.colcon_core.package_identification:_identify(src/abaja_lane_detection) by extension 'ignore_ament_install'
[0.368s] Level 1:colcon.colcon_core.package_identification:_identify(src/abaja_lane_detection) by extensions ['colcon_pkg']
[0.368s] Level 1:colcon.colcon_core.package_identification:_identify(src/abaja_lane_detection) by extension 'colcon_pkg'
[0.368s] Level 1:colcon.colcon_core.package_identification:_identify(src/abaja_lane_detection) by extensions ['colcon_meta']
[0.368s] Level 1:colcon.colcon_core.package_identification:_identify(src/abaja_lane_detection) by extension 'colcon_meta'
[0.368s] Level 1:colcon.colcon_core.package_identification:_identify(src/abaja_lane_detection) by extensions ['ros']
[0.368s] Level 1:colcon.colcon_core.package_identification:_identify(src/abaja_lane_detection) by extension 'ros'
[0.369s] DEBUG:colcon.colcon_core.package_identification:Package 'src/abaja_lane_detection' with type 'ros.ament_python' and name 'abaja_lane_detection'
[0.369s] Level 1:colcon.colcon_core.package_identification:_identify(src/abaja_logging) by extensions ['ignore', 'ignore_ament_install']
[0.369s] Level 1:colcon.colcon_core.package_identification:_identify(src/abaja_logging) by extension 'ignore'
[0.369s] Level 1:colcon.colcon_core.package_identification:_identify(src/abaja_logging) by extension 'ignore_ament_install'
[0.369s] Level 1:colcon.colcon_core.package_identification:_identify(src/abaja_logging) by extensions ['colcon_pkg']
[0.369s] Level 1:colcon.colcon_core.package_identification:_identify(src/abaja_logging) by extension 'colcon_pkg'
[0.369s] Level 1:colcon.colcon_core.package_identification:_identify(src/abaja_logging) by extensions ['colcon_meta']
[0.370s] Level 1:colcon.colcon_core.package_identification:_identify(src/abaja_logging) by extension 'colcon_meta'
[0.370s] Level 1:colcon.colcon_core.package_identification:_identify(src/abaja_logging) by extensions ['ros']
[0.370s] Level 1:colcon.colcon_core.package_identification:_identify(src/abaja_logging) by extension 'ros'
[0.370s] DEBUG:colcon.colcon_core.package_identification:Package 'src/abaja_logging' with type 'ros.ament_python' and name 'abaja_logging'
[0.370s] Level 1:colcon.colcon_core.package_identification:_identify(src/abaja_perception) by extensions ['ignore', 'ignore_ament_install']
[0.370s] Level 1:colcon.colcon_core.package_identification:_identify(src/abaja_perception) by extension 'ignore'
[0.371s] Level 1:colcon.colcon_core.package_identification:_identify(src/abaja_perception) by extension 'ignore_ament_install'
[0.371s] Level 1:colcon.colcon_core.package_identification:_identify(src/abaja_perception) by extensions ['colcon_pkg']
[0.371s] Level 1:colcon.colcon_core.package_identification:_identify(src/abaja_perception) by extension 'colcon_pkg'
[0.371s] Level 1:colcon.colcon_core.package_identification:_identify(src/abaja_perception) by extensions ['colcon_meta']
[0.371s] Level 1:colcon.colcon_core.package_identification:_identify(src/abaja_perception) by extension 'colcon_meta'
[0.371s] Level 1:colcon.colcon_core.package_identification:_identify(src/abaja_perception) by extensions ['ros']
[0.371s] Level 1:colcon.colcon_core.package_identification:_identify(src/abaja_perception) by extension 'ros'
[0.372s] DEBUG:colcon.colcon_core.package_identification:Package 'src/abaja_perception' with type 'ros.ament_python' and name 'abaja_perception'
[0.372s] Level 1:colcon.colcon_core.package_identification:_identify(src/abaja_planning) by extensions ['ignore', 'ignore_ament_install']
[0.373s] Level 1:colcon.colcon_core.package_identification:_identify(src/abaja_planning) by extension 'ignore'
[0.373s] Level 1:colcon.colcon_core.package_identification:_identify(src/abaja_planning) by extension 'ignore_ament_install'
[0.373s] Level 1:colcon.colcon_core.package_identification:_identify(src/abaja_planning) by extensions ['colcon_pkg']
[0.373s] Level 1:colcon.colcon_core.package_identification:_identify(src/abaja_planning) by extension 'colcon_pkg'
[0.373s] Level 1:colcon.colcon_core.package_identification:_identify(src/abaja_planning) by extensions ['colcon_meta']
[0.373s] Level 1:colcon.colcon_core.package_identification:_identify(src/abaja_planning) by extension 'colcon_meta'
[0.373s] Level 1:colcon.colcon_core.package_identification:_identify(src/abaja_planning) by extensions ['ros']
[0.373s] Level 1:colcon.colcon_core.package_identification:_identify(src/abaja_planning) by extension 'ros'
[0.374s] DEBUG:colcon.colcon_core.package_identification:Package 'src/abaja_planning' with type 'ros.ament_python' and name 'abaja_planning'
[0.374s] Level 1:colcon.colcon_core.package_identification:_identify(src/abaja_safety) by extensions ['ignore', 'ignore_ament_install']
[0.374s] Level 1:colcon.colcon_core.package_identification:_identify(src/abaja_safety) by extension 'ignore'
[0.374s] Level 1:colcon.colcon_core.package_identification:_identify(src/abaja_safety) by extension 'ignore_ament_install'
[0.374s] Level 1:colcon.colcon_core.package_identification:_identify(src/abaja_safety) by extensions ['colcon_pkg']
[0.374s] Level 1:colcon.colcon_core.package_identification:_identify(src/abaja_safety) by extension 'colcon_pkg'
[0.374s] Level 1:colcon.colcon_core.package_identification:_identify(src/abaja_safety) by extensions ['colcon_meta']
[0.374s] Level 1:colcon.colcon_core.package_identification:_identify(src/abaja_safety) by extension 'colcon_meta'
[0.374s] Level 1:colcon.colcon_core.package_identification:_identify(src/abaja_safety) by extensions ['ros']
[0.374s] Level 1:colcon.colcon_core.package_identification:_identify(src/abaja_safety) by extension 'ros'
[0.375s] DEBUG:colcon.colcon_core.package_identification:Package 'src/abaja_safety' with type 'ros.ament_python' and name 'abaja_safety'
[0.375s] Level 1:colcon.colcon_core.package_identification:_identify(src/abaja_teleop) by extensions ['ignore', 'ignore_ament_install']
[0.375s] Level 1:colcon.colcon_core.package_identification:_identify(src/abaja_teleop) by extension 'ignore'
[0.375s] Level 1:colcon.colcon_core.package_identification:_identify(src/abaja_teleop) by extension 'ignore_ament_install'
[0.375s] Level 1:colcon.colcon_core.package_identification:_identify(src/abaja_teleop) by extensions ['colcon_pkg']
[0.375s] Level 1:colcon.colcon_core.package_identification:_identify(src/abaja_teleop) by extension 'colcon_pkg'
[0.375s] Level 1:colcon.colcon_core.package_identification:_identify(src/abaja_teleop) by extensions ['colcon_meta']
[0.375s] Level 1:colcon.colcon_core.package_identification:_identify(src/abaja_teleop) by extension 'colcon_meta'
[0.375s] Level 1:colcon.colcon_core.package_identification:_identify(src/abaja_teleop) by extensions ['ros']
[0.375s] Level 1:colcon.colcon_core.package_identification:_identify(src/abaja_teleop) by extension 'ros'
[0.376s] DEBUG:colcon.colcon_core.package_identification:Package 'src/abaja_teleop' with type 'ros.ament_python' and name 'abaja_teleop'
[0.376s] Level 1:colcon.colcon_core.package_identification:_identify(src/abaja_vehicle_state) by extensions ['ignore', 'ignore_ament_install']
[0.377s] Level 1:colcon.colcon_core.package_identification:_identify(src/abaja_vehicle_state) by extension 'ignore'
[0.377s] Level 1:colcon.colcon_core.package_identification:_identify(src/abaja_vehicle_state) by extension 'ignore_ament_install'
[0.377s] Level 1:colcon.colcon_core.package_identification:_identify(src/abaja_vehicle_state) by extensions ['colcon_pkg']
[0.377s] Level 1:colcon.colcon_core.package_identification:_identify(src/abaja_vehicle_state) by extension 'colcon_pkg'
[0.377s] Level 1:colcon.colcon_core.package_identification:_identify(src/abaja_vehicle_state) by extensions ['colcon_meta']
[0.377s] Level 1:colcon.colcon_core.package_identification:_identify(src/abaja_vehicle_state) by extension 'colcon_meta'
[0.377s] Level 1:colcon.colcon_core.package_identification:_identify(src/abaja_vehicle_state) by extensions ['ros']
[0.377s] Level 1:colcon.colcon_core.package_identification:_identify(src/abaja_vehicle_state) by extension 'ros'
[0.378s] DEBUG:colcon.colcon_core.package_identification:Package 'src/abaja_vehicle_state' with type 'ros.ament_python' and name 'abaja_vehicle_state'
[0.378s] Level 1:colcon.colcon_core.package_discovery:discover_packages(recursive) using defaults
[0.378s] Level 1:colcon.colcon_core.package_discovery:discover_packages(ignore) discover
[0.378s] Level 1:colcon.colcon_core.package_discovery:discover_packages(ignore) using defaults
[0.378s] Level 1:colcon.colcon_core.package_discovery:discover_packages(path) discover
[0.379s] Level 1:colcon.colcon_core.package_discovery:discover_packages(path) using defaults
[0.420s] INFO:colcon.colcon_core.package_selection:Skipping not selected package 'abaja_dbw_bridge' in 'src/abaja_dbw_bridge'
[0.420s] INFO:colcon.colcon_core.package_selection:Skipping not selected package 'abaja_description' in 'src/abaja_description'
[0.420s] INFO:colcon.colcon_core.package_selection:Skipping not selected package 'abaja_interfaces' in 'src/abaja_interfaces'
[0.420s] INFO:colcon.colcon_core.package_selection:Skipping not selected package 'abaja_planning' in 'src/abaja_planning'
[0.420s] INFO:colcon.colcon_core.package_selection:Skipping not selected package 'abaja_safety' in 'src/abaja_safety'
[0.420s] INFO:colcon.colcon_core.package_selection:Skipping not selected package 'abaja_teleop' in 'src/abaja_teleop'
[0.420s] INFO:colcon.colcon_core.package_selection:Skipping not selected package 'abaja_aeb' in 'src/abaja_aeb'
[0.420s] INFO:colcon.colcon_core.package_selection:Skipping not selected package 'abaja_bringup' in 'src/abaja_bringup'
[0.421s] INFO:colcon.colcon_core.package_selection:Skipping not selected package 'abaja_control' in 'src/abaja_control'
[0.421s] INFO:colcon.colcon_core.package_selection:Skipping not selected package 'abaja_dbw' in 'src/abaja_dbw'
[0.421s] INFO:colcon.colcon_core.package_selection:Skipping not selected package 'abaja_lane_detection' in 'src/abaja_lane_detection'
[0.421s] INFO:colcon.colcon_core.package_selection:Skipping not selected package 'abaja_perception' in 'src/abaja_perception'
[0.421s] INFO:colcon.colcon_core.package_selection:Skipping not selected package 'abaja_vehicle_state' in 'src/abaja_vehicle_state'
[0.422s] Level 1:colcon.colcon_core.package_discovery:discover_packages(prefix_path) check parameters
[0.422s] Level 1:colcon.colcon_core.package_discovery:discover_packages(prefix_path) discover
[0.429s] DEBUG:colcon.colcon_installed_package_information.package_discovery:Found 313 installed packages in /opt/ros/jazzy
[0.431s] Level 1:colcon.colcon_core.package_discovery:discover_packages(prefix_path) using defaults
[0.543s] Level 5:colcon.colcon_core.verb:set package 'abaja_logging' build argument 'cmake_args' from command line to 'None'
[0.543s] Level 5:colcon.colcon_core.verb:set package 'abaja_logging' build argument 'cmake_target' from command line to 'None'
[0.543s] Level 5:colcon.colcon_core.verb:set package 'abaja_logging' build argument 'cmake_target_skip_unavailable' from command line to 'False'
[0.543s] Level 5:colcon.colcon_core.verb:set package 'abaja_logging' build argument 'cmake_clean_cache' from command line to 'False'
[0.543s] Level 5:colcon.colcon_core.verb:set package 'abaja_logging' build argument 'cmake_clean_first' from command line to 'False'
[0.544s] Level 5:colcon.colcon_core.verb:set package 'abaja_logging' build argument 'cmake_force_configure' from command line to 'False'
[0.544s] Level 5:colcon.colcon_core.verb:set package 'abaja_logging' build argument 'ament_cmake_args' from command line to 'None'
[0.544s] Level 5:colcon.colcon_core.verb:set package 'abaja_logging' build argument 'catkin_cmake_args' from command line to 'None'
[0.544s] Level 5:colcon.colcon_core.verb:set package 'abaja_logging' build argument 'catkin_skip_building_tests' from command line to 'False'
[0.544s] DEBUG:colcon.colcon_core.verb:Building package 'abaja_logging' with the following arguments: {'ament_cmake_args': None, 'build_base': '/home/pavithra/ros2_ws/build/abaja_logging', 'catkin_cmake_args': None, 'catkin_skip_building_tests': False, 'cmake_args': None, 'cmake_clean_cache': False, 'cmake_clean_first': False, 'cmake_force_configure': False, 'cmake_target': None, 'cmake_target_skip_unavailable': False, 'install_base': '/home/pavithra/ros2_ws/install/abaja_logging', 'merge_install': False, 'path': '/home/pavithra/ros2_ws/src/abaja_logging', 'symlink_install': True, 'test_result_base': None}
[0.544s] INFO:colcon.colcon_core.executor:Executing jobs using 'parallel' executor
[0.545s] DEBUG:colcon.colcon_parallel_executor.executor.parallel:run_until_complete
[0.546s] INFO:colcon.colcon_ros.task.ament_python.build:Building ROS package in '/home/pavithra/ros2_ws/src/abaja_logging' with build type 'ament_python'
[0.546s] Level 1:colcon.colcon_core.shell:create_environment_hook('abaja_logging', 'ament_prefix_path')
[0.550s] INFO:colcon.colcon_core.plugin_system:Skipping extension 'colcon_core.shell.bat': Not used on non-Windows systems
[0.550s] INFO:colcon.colcon_core.shell:Creating environment hook '/home/pavithra/ros2_ws/install/abaja_logging/share/abaja_logging/hook/ament_prefix_path.ps1'
[0.551s] INFO:colcon.colcon_core.shell:Creating environment descriptor '/home/pavithra/ros2_ws/install/abaja_logging/share/abaja_logging/hook/ament_prefix_path.dsv'
[0.552s] INFO:colcon.colcon_core.shell:Creating environment hook '/home/pavithra/ros2_ws/install/abaja_logging/share/abaja_logging/hook/ament_prefix_path.sh'
[0.553s] INFO:colcon.colcon_core.shell:Skip shell extension 'powershell' for command environment: Not usable outside of PowerShell
[0.553s] DEBUG:colcon.colcon_core.shell:Skip shell extension 'dsv' for command environment
[0.784s] INFO:colcon.colcon_core.task.python.build:Building Python package in '/home/pavithra/ros2_ws/src/abaja_logging'
[0.784s] INFO:colcon.colcon_core.shell:Skip shell extension 'powershell' for command environment: Not usable outside of PowerShell
[0.785s] DEBUG:colcon.colcon_core.shell:Skip shell extension 'dsv' for command environment
[1.588s] DEBUG:colcon.colcon_core.event_handler.log_command:Invoking command in '/home/pavithra/ros2_ws/build/abaja_logging': AMENT_PREFIX_PATH=/home/pavithra/ros2_ws/install/abaja_interfaces:${AMENT_PREFIX_PATH} CMAKE_PREFIX_PATH=/home/pavithra/ros2_ws/install/abaja_interfaces:${CMAKE_PREFIX_PATH} DEBUGINFOD_URLS=https://debuginfod.ubuntu.com LD_LIBRARY_PATH=/home/pavithra/ros2_ws/install/abaja_interfaces/lib:${LD_LIBRARY_PATH} PYTHONPATH=/home/pavithra/ros2_ws/build/abaja_logging/prefix_override:/usr/lib/python3/dist-packages/colcon_core/task/python/colcon_distutils_commands:/home/pavithra/ros2_ws/install/abaja_logging/lib/python3.12/site-packages:/home/pavithra/ros2_ws/install/abaja_interfaces/lib/python3.12/site-packages:${PYTHONPATH} /usr/bin/python3 -W ignore:setup.py install is deprecated -W ignore:easy_install command is deprecated setup.py develop --editable --build-directory /home/pavithra/ros2_ws/build/abaja_logging/build --no-deps symlink_data
[2.194s] Level 1:colcon.colcon_core.shell:create_environment_hook('abaja_logging', 'pythonpath_develop')
[2.195s] INFO:colcon.colcon_core.shell:Creating environment hook '/home/pavithra/ros2_ws/build/abaja_logging/share/abaja_logging/hook/pythonpath_develop.ps1'
[2.195s] DEBUG:colcon.colcon_core.event_handler.log_command:Invoked command in '/home/pavithra/ros2_ws/build/abaja_logging' returned '0': AMENT_PREFIX_PATH=/home/pavithra/ros2_ws/install/abaja_interfaces:${AMENT_PREFIX_PATH} CMAKE_PREFIX_PATH=/home/pavithra/ros2_ws/install/abaja_interfaces:${CMAKE_PREFIX_PATH} DEBUGINFOD_URLS=https://debuginfod.ubuntu.com LD_LIBRARY_PATH=/home/pavithra/ros2_ws/install/abaja_interfaces/lib:${LD_LIBRARY_PATH} PYTHONPATH=/home/pavithra/ros2_ws/build/abaja_logging/prefix_override:/usr/lib/python3/dist-packages/colcon_core/task/python/colcon_distutils_commands:/home/pavithra/ros2_ws/install/abaja_logging/lib/python3.12/site-packages:/home/pavithra/ros2_ws/install/abaja_interfaces/lib/python3.12/site-packages:${PYTHONPATH} /usr/bin/python3 -W ignore:setup.py install is deprecated -W ignore:easy_install command is deprecated setup.py develop --editable --build-directory /home/pavithra/ros2_ws/build/abaja_logging/build --no-deps symlink_data
[2.196s] INFO:colcon.colcon_core.shell:Creating environment descriptor '/home/pavithra/ros2_ws/build/abaja_logging/share/abaja_logging/hook/pythonpath_develop.dsv'
[2.196s] INFO:colcon.colcon_core.shell:Creating environment hook '/home/pavithra/ros2_ws/build/abaja_logging/share/abaja_logging/hook/pythonpath_develop.sh'
[2.200s] Level 1:colcon.colcon_core.environment:checking '/home/pavithra/ros2_ws/install/abaja_logging' for CMake module files
[2.201s] Level 1:colcon.colcon_core.environment:checking '/home/pavithra/ros2_ws/install/abaja_logging' for CMake config files
[2.203s] Level 1:colcon.colcon_core.environment:checking '/home/pavithra/ros2_ws/install/abaja_logging/lib'
[2.204s] Level 1:colcon.colcon_core.environment:checking '/home/pavithra/ros2_ws/install/abaja_logging/bin'
[2.204s] Level 1:colcon.colcon_core.environment:checking '/home/pavithra/ros2_ws/install/abaja_logging/lib/pkgconfig/abaja_logging.pc'
[2.204s] Level 1:colcon.colcon_core.environment:checking '/home/pavithra/ros2_ws/install/abaja_logging/lib/python3.12/site-packages'
[2.204s] Level 1:colcon.colcon_core.shell:create_environment_hook('abaja_logging', 'pythonpath')
[2.205s] INFO:colcon.colcon_core.shell:Creating environment hook '/home/pavithra/ros2_ws/install/abaja_logging/share/abaja_logging/hook/pythonpath.ps1'
[2.205s] INFO:colcon.colcon_core.shell:Creating environment descriptor '/home/pavithra/ros2_ws/install/abaja_logging/share/abaja_logging/hook/pythonpath.dsv'
[2.206s] INFO:colcon.colcon_core.shell:Creating environment hook '/home/pavithra/ros2_ws/install/abaja_logging/share/abaja_logging/hook/pythonpath.sh'
[2.208s] Level 1:colcon.colcon_core.environment:checking '/home/pavithra/ros2_ws/install/abaja_logging/bin'
[2.208s] Level 1:colcon.colcon_core.environment:create_environment_scripts_only(abaja_logging)
[2.208s] INFO:colcon.colcon_core.shell:Creating package script '/home/pavithra/ros2_ws/install/abaja_logging/share/abaja_logging/package.ps1'
[2.209s] INFO:colcon.colcon_core.shell:Creating package descriptor '/home/pavithra/ros2_ws/install/abaja_logging/share/abaja_logging/package.dsv'
[2.210s] INFO:colcon.colcon_core.shell:Creating package script '/home/pavithra/ros2_ws/install/abaja_logging/share/abaja_logging/package.sh'
[2.211s] INFO:colcon.colcon_core.shell:Creating package script '/home/pavithra/ros2_ws/install/abaja_logging/share/abaja_logging/package.bash'
[2.212s] INFO:colcon.colcon_core.shell:Creating package script '/home/pavithra/ros2_ws/install/abaja_logging/share/abaja_logging/package.zsh'
[2.213s] Level 1:colcon.colcon_core.environment:create_file_with_runtime_dependencies(/home/pavithra/ros2_ws/install/abaja_logging/share/colcon-core/packages/abaja_logging)
[2.213s] DEBUG:colcon.colcon_parallel_executor.executor.parallel:closing loop
[2.214s] DEBUG:colcon.colcon_parallel_executor.executor.parallel:loop closed
[2.214s] DEBUG:colcon.colcon_parallel_executor.executor.parallel:run_until_complete finished with '0'
[2.214s] DEBUG:colcon.colcon_core.event_reactor:joining thread
[2.223s] INFO:colcon.colcon_core.plugin_system:Skipping extension 'colcon_notification.desktop_notification.terminal_notifier': Not used on non-Darwin systems
[2.223s] INFO:colcon.colcon_core.plugin_system:Skipping extension 'colcon_notification.desktop_notification.win32': Not used on non-Windows systems
[2.223s] INFO:colcon.colcon_notification.desktop_notification:Sending desktop notification using 'notify2'
[2.234s] DEBUG:colcon.colcon_core.event_reactor:joined thread
[2.235s] INFO:colcon.colcon_core.shell:Creating prefix script '/home/pavithra/ros2_ws/install/local_setup.ps1'
[2.237s] INFO:colcon.colcon_core.shell:Creating prefix util module '/home/pavithra/ros2_ws/install/_local_setup_util_ps1.py'
[2.239s] INFO:colcon.colcon_core.shell:Creating prefix chain script '/home/pavithra/ros2_ws/install/setup.ps1'
[2.241s] INFO:colcon.colcon_core.shell:Creating prefix script '/home/pavithra/ros2_ws/install/local_setup.sh'
[2.242s] INFO:colcon.colcon_core.shell:Creating prefix util module '/home/pavithra/ros2_ws/install/_local_setup_util_sh.py'
[2.243s] INFO:colcon.colcon_core.shell:Creating prefix chain script '/home/pavithra/ros2_ws/install/setup.sh'
[2.244s] INFO:colcon.colcon_core.shell:Creating prefix script '/home/pavithra/ros2_ws/install/local_setup.bash'
[2.245s] INFO:colcon.colcon_core.shell:Creating prefix chain script '/home/pavithra/ros2_ws/install/setup.bash'
[2.245s] INFO:colcon.colcon_core.shell:Creating prefix script '/home/pavithra/ros2_ws/install/local_setup.zsh'
[2.246s] INFO:colcon.colcon_core.shell:Creating prefix chain script '/home/pavithra/ros2_ws/install/setup.zsh'
