running develop
Removing /home/pavithra/Intelligence_ABAJA-26/ros2_ws/install/abaja_vehicle_state/lib/python3.12/site-packages/abaja-vehicle-state.egg-link (link to .)
running egg_info
writing ../../build/abaja_vehicle_state/abaja_vehicle_state.egg-info/PKG-INFO
writing dependency_links to ../../build/abaja_vehicle_state/abaja_vehicle_state.egg-info/dependency_links.txt
writing entry points to ../../build/abaja_vehicle_state/abaja_vehicle_state.egg-info/entry_points.txt
writing requirements to ../../build/abaja_vehicle_state/abaja_vehicle_state.egg-info/requires.txt
writing top-level names to ../../build/abaja_vehicle_state/abaja_vehicle_state.egg-info/top_level.txt
reading manifest file '../../build/abaja_vehicle_state/abaja_vehicle_state.egg-info/SOURCES.txt'
writing manifest file '../../build/abaja_vehicle_state/abaja_vehicle_state.egg-info/SOURCES.txt'
running build
running build_py
creating /home/pavithra/Intelligence_ABAJA-26/ros2_ws/build/abaja_vehicle_state/build
creating /home/pavithra/Intelligence_ABAJA-26/ros2_ws/build/abaja_vehicle_state/build/lib
creating /home/pavithra/Intelligence_ABAJA-26/ros2_ws/build/abaja_vehicle_state/build/lib/abaja_vehicle_state
copying abaja_vehicle_state/wheel_speed_node.py -> /home/pavithra/Intelligence_ABAJA-26/ros2_ws/build/abaja_vehicle_state/build/lib/abaja_vehicle_state
copying abaja_vehicle_state/vehicle_dashboard_node.py -> /home/pavithra/Intelligence_ABAJA-26/ros2_ws/build/abaja_vehicle_state/build/lib/abaja_vehicle_state
copying abaja_vehicle_state/battery_monitor_node.py -> /home/pavithra/Intelligence_ABAJA-26/ros2_ws/build/abaja_vehicle_state/build/lib/abaja_vehicle_state
copying abaja_vehicle_state/state_estimator_node.py -> /home/pavithra/Intelligence_ABAJA-26/ros2_ws/build/abaja_vehicle_state/build/lib/abaja_vehicle_state
copying abaja_vehicle_state/__init__.py -> /home/pavithra/Intelligence_ABAJA-26/ros2_ws/build/abaja_vehicle_state/build/lib/abaja_vehicle_state
copying abaja_vehicle_state/mode_status_node.py -> /home/pavithra/Intelligence_ABAJA-26/ros2_ws/build/abaja_vehicle_state/build/lib/abaja_vehicle_state
copying abaja_vehicle_state/vehicle_state_node.py -> /home/pavithra/Intelligence_ABAJA-26/ros2_ws/build/abaja_vehicle_state/build/lib/abaja_vehicle_state
copying abaja_vehicle_state/steering_feedback_node.py -> /home/pavithra/Intelligence_ABAJA-26/ros2_ws/build/abaja_vehicle_state/build/lib/abaja_vehicle_state
running install
running install_lib
creating /home/pavithra/Intelligence_ABAJA-26/ros2_ws/install/abaja_vehicle_state/lib/python3.12/site-packages/abaja_vehicle_state
copying /home/pavithra/Intelligence_ABAJA-26/ros2_ws/build/abaja_vehicle_state/build/lib/abaja_vehicle_state/wheel_speed_node.py -> /home/pavithra/Intelligence_ABAJA-26/ros2_ws/install/abaja_vehicle_state/lib/python3.12/site-packages/abaja_vehicle_state
copying /home/pavithra/Intelligence_ABAJA-26/ros2_ws/build/abaja_vehicle_state/build/lib/abaja_vehicle_state/vehicle_dashboard_node.py -> /home/pavithra/Intelligence_ABAJA-26/ros2_ws/install/abaja_vehicle_state/lib/python3.12/site-packages/abaja_vehicle_state
copying /home/pavithra/Intelligence_ABAJA-26/ros2_ws/build/abaja_vehicle_state/build/lib/abaja_vehicle_state/battery_monitor_node.py -> /home/pavithra/Intelligence_ABAJA-26/ros2_ws/install/abaja_vehicle_state/lib/python3.12/site-packages/abaja_vehicle_state
copying /home/pavithra/Intelligence_ABAJA-26/ros2_ws/build/abaja_vehicle_state/build/lib/abaja_vehicle_state/state_estimator_node.py -> /home/pavithra/Intelligence_ABAJA-26/ros2_ws/install/abaja_vehicle_state/lib/python3.12/site-packages/abaja_vehicle_state
copying /home/pavithra/Intelligence_ABAJA-26/ros2_ws/build/abaja_vehicle_state/build/lib/abaja_vehicle_state/__init__.py -> /home/pavithra/Intelligence_ABAJA-26/ros2_ws/install/abaja_vehicle_state/lib/python3.12/site-packages/abaja_vehicle_state
copying /home/pavithra/Intelligence_ABAJA-26/ros2_ws/build/abaja_vehicle_state/build/lib/abaja_vehicle_state/mode_status_node.py -> /home/pavithra/Intelligence_ABAJA-26/ros2_ws/install/abaja_vehicle_state/lib/python3.12/site-packages/abaja_vehicle_state
copying /home/pavithra/Intelligence_ABAJA-26/ros2_ws/build/abaja_vehicle_state/build/lib/abaja_vehicle_state/vehicle_state_node.py -> /home/pavithra/Intelligence_ABAJA-26/ros2_ws/install/abaja_vehicle_state/lib/python3.12/site-packages/abaja_vehicle_state
copying /home/pavithra/Intelligence_ABAJA-26/ros2_ws/build/abaja_vehicle_state/build/lib/abaja_vehicle_state/steering_feedback_node.py -> /home/pavithra/Intelligence_ABAJA-26/ros2_ws/install/abaja_vehicle_state/lib/python3.12/site-packages/abaja_vehicle_state
byte-compiling /home/pavithra/Intelligence_ABAJA-26/ros2_ws/install/abaja_vehicle_state/lib/python3.12/site-packages/abaja_vehicle_state/wheel_speed_node.py to wheel_speed_node.cpython-312.pyc
byte-compiling /home/pavithra/Intelligence_ABAJA-26/ros2_ws/install/abaja_vehicle_state/lib/python3.12/site-packages/abaja_vehicle_state/vehicle_dashboard_node.py to vehicle_dashboard_node.cpython-312.pyc
byte-compiling /home/pavithra/Intelligence_ABAJA-26/ros2_ws/install/abaja_vehicle_state/lib/python3.12/site-packages/abaja_vehicle_state/battery_monitor_node.py to battery_monitor_node.cpython-312.pyc
byte-compiling /home/pavithra/Intelligence_ABAJA-26/ros2_ws/install/abaja_vehicle_state/lib/python3.12/site-packages/abaja_vehicle_state/state_estimator_node.py to state_estimator_node.cpython-312.pyc
byte-compiling /home/pavithra/Intelligence_ABAJA-26/ros2_ws/install/abaja_vehicle_state/lib/python3.12/site-packages/abaja_vehicle_state/__init__.py to __init__.cpython-312.pyc
byte-compiling /home/pavithra/Intelligence_ABAJA-26/ros2_ws/install/abaja_vehicle_state/lib/python3.12/site-packages/abaja_vehicle_state/mode_status_node.py to mode_status_node.cpython-312.pyc
byte-compiling /home/pavithra/Intelligence_ABAJA-26/ros2_ws/install/abaja_vehicle_state/lib/python3.12/site-packages/abaja_vehicle_state/vehicle_state_node.py to vehicle_state_node.cpython-312.pyc
byte-compiling /home/pavithra/Intelligence_ABAJA-26/ros2_ws/install/abaja_vehicle_state/lib/python3.12/site-packages/abaja_vehicle_state/steering_feedback_node.py to steering_feedback_node.cpython-312.pyc
running install_data
copying resource/abaja_vehicle_state -> /home/pavithra/Intelligence_ABAJA-26/ros2_ws/install/abaja_vehicle_state/share/ament_index/resource_index/packages
copying package.xml -> /home/pavithra/Intelligence_ABAJA-26/ros2_ws/install/abaja_vehicle_state/share/abaja_vehicle_state
running install_egg_info
Copying ../../build/abaja_vehicle_state/abaja_vehicle_state.egg-info to /home/pavithra/Intelligence_ABAJA-26/ros2_ws/install/abaja_vehicle_state/lib/python3.12/site-packages/abaja_vehicle_state-0.0.0-py3.12.egg-info
running install_scripts
Installing battery_monitor_node script to /home/pavithra/Intelligence_ABAJA-26/ros2_ws/install/abaja_vehicle_state/lib/abaja_vehicle_state
Installing mode_status_node script to /home/pavithra/Intelligence_ABAJA-26/ros2_ws/install/abaja_vehicle_state/lib/abaja_vehicle_state
Installing steering_feedback_node script to /home/pavithra/Intelligence_ABAJA-26/ros2_ws/install/abaja_vehicle_state/lib/abaja_vehicle_state
Installing vehicle_dashboard_node script to /home/pavithra/Intelligence_ABAJA-26/ros2_ws/install/abaja_vehicle_state/lib/abaja_vehicle_state
Installing vehicle_state_node script to /home/pavithra/Intelligence_ABAJA-26/ros2_ws/install/abaja_vehicle_state/lib/abaja_vehicle_state
Installing wheel_speed_node script to /home/pavithra/Intelligence_ABAJA-26/ros2_ws/install/abaja_vehicle_state/lib/abaja_vehicle_state
writing list of installed files to '/home/pavithra/Intelligence_ABAJA-26/ros2_ws/build/abaja_vehicle_state/install.log'
