/home/pavithra/Intelligence_ABAJA-26/ros2_ws/install/abaja_logging/lib/python3.12/site-packages/abaja_logging/__init__.py
/home/pavithra/Intelligence_ABAJA-26/ros2_ws/install/abaja_logging/lib/python3.12/site-packages/abaja_logging/safety_supervisor_node.py
/home/pavithra/Intelligence_ABAJA-26/ros2_ws/install/abaja_logging/lib/python3.12/site-packages/abaja_logging/data_logger_node.py
/home/pavithra/Intelligence_ABAJA-26/ros2_ws/install/abaja_logging/lib/python3.12/site-packages/abaja_logging/system_dashboard_node.py
/home/pavithra/Intelligence_ABAJA-26/ros2_ws/install/abaja_logging/lib/python3.12/site-packages/abaja_logging/__pycache__/__init__.cpython-312.pyc
/home/pavithra/Intelligence_ABAJA-26/ros2_ws/install/abaja_logging/lib/python3.12/site-packages/abaja_logging/__pycache__/safety_supervisor_node.cpython-312.pyc
/home/pavithra/Intelligence_ABAJA-26/ros2_ws/install/abaja_logging/lib/python3.12/site-packages/abaja_logging/__pycache__/data_logger_node.cpython-312.pyc
/home/pavithra/Intelligence_ABAJA-26/ros2_ws/install/abaja_logging/lib/python3.12/site-packages/abaja_logging/__pycache__/system_dashboard_node.cpython-312.pyc
/home/pavithra/Intelligence_ABAJA-26/ros2_ws/install/abaja_logging/share/ament_index/resource_index/packages/abaja_logging
/home/pavithra/Intelligence_ABAJA-26/ros2_ws/install/abaja_logging/share/abaja_logging/package.xml
/home/pavithra/Intelligence_ABAJA-26/ros2_ws/install/abaja_logging/lib/python3.12/site-packages/abaja_logging-0.0.0-py3.12.egg-info/entry_points.txt
/home/pavithra/Intelligence_ABAJA-26/ros2_ws/install/abaja_logging/lib/python3.12/site-packages/abaja_logging-0.0.0-py3.12.egg-info/zip-safe
/home/pavithra/Intelligence_ABAJA-26/ros2_ws/install/abaja_logging/lib/python3.12/site-packages/abaja_logging-0.0.0-py3.12.egg-info/top_level.txt
/home/pavithra/Intelligence_ABAJA-26/ros2_ws/install/abaja_logging/lib/python3.12/site-packages/abaja_logging-0.0.0-py3.12.egg-info/requires.txt
/home/pavithra/Intelligence_ABAJA-26/ros2_ws/install/abaja_logging/lib/python3.12/site-packages/abaja_logging-0.0.0-py3.12.egg-info/dependency_links.txt
/home/pavithra/Intelligence_ABAJA-26/ros2_ws/install/abaja_logging/lib/python3.12/site-packages/abaja_logging-0.0.0-py3.12.egg-info/PKG-INFO
/home/pavithra/Intelligence_ABAJA-26/ros2_ws/install/abaja_logging/lib/python3.12/site-packages/abaja_logging-0.0.0-py3.12.egg-info/SOURCES.txt
/home/pavithra/Intelligence_ABAJA-26/ros2_ws/install/abaja_logging/lib/abaja_logging/data_logger_node
/home/pavithra/Intelligence_ABAJA-26/ros2_ws/install/abaja_logging/lib/abaja_logging/safety_supervisor_node
/home/pavithra/Intelligence_ABAJA-26/ros2_ws/install/abaja_logging/lib/abaja_logging/system_dashboard_node
