[0.008s] Invoking command in '/home/pavithra/Intelligence_ABAJA-26/ros2_ws/build/abaja_description': CMAKE_PREFIX_PATH=${CMAKE_PREFIX_PATH}:/home/pavithra/Intelligence_ABAJA-26/ros2_ws/install/abaja_vehicle_state:/home/pavithra/Intelligence_ABAJA-26/ros2_ws/install/abaja_bringup:/home/pavithra/Intelligence_ABAJA-26/ros2_ws/install/abaja_teleop:/home/pavithra/Intelligence_ABAJA-26/ros2_ws/install/abaja_safety:/home/pavithra/Intelligence_ABAJA-26/ros2_ws/install/abaja_planning:/home/pavithra/Intelligence_ABAJA-26/ros2_ws/install/abaja_perception:/home/pavithra/Intelligence_ABAJA-26/ros2_ws/install/abaja_logging:/home/pavithra/Intelligence_ABAJA-26/ros2_ws/install/abaja_lane_detection:/home/pavithra/Intelligence_ABAJA-26/ros2_ws/install/abaja_dbw:/home/pavithra/Intelligence_ABAJA-26/ros2_ws/install/abaja_control:/home/pavithra/Intelligence_ABAJA-26/ros2_ws/install/abaja_aeb:/home/pavithra/Intelligence_ABAJA-26/ros2_ws/install/abaja_dbw_bridge:/opt/ros/jazzy DEBUGINFOD_URLS=https://debuginfod.ubuntu.com /usr/bin/cmake --build /home/pavithra/Intelligence_ABAJA-26/ros2_ws/build/abaja_description -- -j12 -l12
[0.054s] Invoked command in '/home/pavithra/Intelligence_ABAJA-26/ros2_ws/build/abaja_description' returned '0': CMAKE_PREFIX_PATH=${CMAKE_PREFIX_PATH}:/home/pavithra/Intelligence_ABAJA-26/ros2_ws/install/abaja_vehicle_state:/home/pavithra/Intelligence_ABAJA-26/ros2_ws/install/abaja_bringup:/home/pavithra/Intelligence_ABAJA-26/ros2_ws/install/abaja_teleop:/home/pavithra/Intelligence_ABAJA-26/ros2_ws/install/abaja_safety:/home/pavithra/Intelligence_ABAJA-26/ros2_ws/install/abaja_planning:/home/pavithra/Intelligence_ABAJA-26/ros2_ws/install/abaja_perception:/home/pavithra/Intelligence_ABAJA-26/ros2_ws/install/abaja_logging:/home/pavithra/Intelligence_ABAJA-26/ros2_ws/install/abaja_lane_detection:/home/pavithra/Intelligence_ABAJA-26/ros2_ws/install/abaja_dbw:/home/pavithra/Intelligence_ABAJA-26/ros2_ws/install/abaja_control:/home/pavithra/Intelligence_ABAJA-26/ros2_ws/install/abaja_aeb:/home/pavithra/Intelligence_ABAJA-26/ros2_ws/install/abaja_dbw_bridge:/opt/ros/jazzy DEBUGINFOD_URLS=https://debuginfod.ubuntu.com /usr/bin/cmake --build /home/pavithra/Intelligence_ABAJA-26/ros2_ws/build/abaja_description -- -j12 -l12
[0.074s] Invoking command in '/home/pavithra/Intelligence_ABAJA-26/ros2_ws/build/abaja_description': CMAKE_PREFIX_PATH=${CMAKE_PREFIX_PATH}:/home/pavithra/Intelligence_ABAJA-26/ros2_ws/install/abaja_vehicle_state:/home/pavithra/Intelligence_ABAJA-26/ros2_ws/install/abaja_bringup:/home/pavithra/Intelligence_ABAJA-26/ros2_ws/install/abaja_teleop:/home/pavithra/Intelligence_ABAJA-26/ros2_ws/install/abaja_safety:/home/pavithra/Intelligence_ABAJA-26/ros2_ws/install/abaja_planning:/home/pavithra/Intelligence_ABAJA-26/ros2_ws/install/abaja_perception:/home/pavithra/Intelligence_ABAJA-26/ros2_ws/install/abaja_logging:/home/pavithra/Intelligence_ABAJA-26/ros2_ws/install/abaja_lane_detection:/home/pavithra/Intelligence_ABAJA-26/ros2_ws/install/abaja_dbw:/home/pavithra/Intelligence_ABAJA-26/ros2_ws/install/abaja_control:/home/pavithra/Intelligence_ABAJA-26/ros2_ws/install/abaja_aeb:/home/pavithra/Intelligence_ABAJA-26/ros2_ws/install/abaja_dbw_bridge:/opt/ros/jazzy DEBUGINFOD_URLS=https://debuginfod.ubuntu.com /usr/bin/cmake --install /home/pavithra/Intelligence_ABAJA-26/ros2_ws/build/abaja_description
[0.089s] -- Install configuration: ""
[0.090s] -- Execute custom install script
[0.091s] -- Up-to-date symlink: /home/pavithra/Intelligence_ABAJA-26/ros2_ws/install/abaja_description/share/abaja_description/urdf/abaja_buggy.urdf.xacro
[0.091s] -- Up-to-date symlink: /home/pavithra/Intelligence_ABAJA-26/ros2_ws/install/abaja_description/share/abaja_description/urdf/chassis.xacro
[0.091s] -- Up-to-date symlink: /home/pavithra/Intelligence_ABAJA-26/ros2_ws/install/abaja_description/share/abaja_description/urdf/materials.xacro
[0.092s] -- Up-to-date symlink: /home/pavithra/Intelligence_ABAJA-26/ros2_ws/install/abaja_description/share/abaja_description/urdf/sensors.xacro
[0.092s] -- Up-to-date symlink: /home/pavithra/Intelligence_ABAJA-26/ros2_ws/install/abaja_description/share/abaja_description/urdf/wheels.xacro
[0.092s] -- Up-to-date symlink: /home/pavithra/Intelligence_ABAJA-26/ros2_ws/install/abaja_description/share/abaja_description/launch/display.launch.py
[0.092s] -- Up-to-date symlink: /home/pavithra/Intelligence_ABAJA-26/ros2_ws/install/abaja_description/share/abaja_description/launch/gazebo.launch.py
[0.093s] -- Up-to-date symlink: /home/pavithra/Intelligence_ABAJA-26/ros2_ws/install/abaja_description/share/abaja_description/rviz/abaja_display.rviz
[0.093s] -- Up-to-date symlink: /home/pavithra/Intelligence_ABAJA-26/ros2_ws/install/abaja_description/share/abaja_description/meshes/README.md
[0.093s] -- Up-to-date symlink: /home/pavithra/Intelligence_ABAJA-26/ros2_ws/install/abaja_description/share/abaja_description/worlds/abaja_track.sdf
[0.093s] -- Up-to-date symlink: /home/pavithra/Intelligence_ABAJA-26/ros2_ws/install/abaja_description/share/ament_index/resource_index/package_run_dependencies/abaja_description
[0.094s] -- Up-to-date symlink: /home/pavithra/Intelligence_ABAJA-26/ros2_ws/install/abaja_description/share/ament_index/resource_index/parent_prefix_path/abaja_description
[0.094s] -- Up-to-date symlink: /home/pavithra/Intelligence_ABAJA-26/ros2_ws/install/abaja_description/share/abaja_description/environment/ament_prefix_path.sh
[0.094s] -- Up-to-date symlink: /home/pavithra/Intelligence_ABAJA-26/ros2_ws/install/abaja_description/share/abaja_description/environment/ament_prefix_path.dsv
[0.095s] -- Up-to-date symlink: /home/pavithra/Intelligence_ABAJA-26/ros2_ws/install/abaja_description/share/abaja_description/environment/path.sh
[0.095s] -- Up-to-date symlink: /home/pavithra/Intelligence_ABAJA-26/ros2_ws/install/abaja_description/share/abaja_description/environment/path.dsv
[0.095s] -- Up-to-date symlink: /home/pavithra/Intelligence_ABAJA-26/ros2_ws/install/abaja_description/share/abaja_description/local_setup.bash
[0.095s] -- Up-to-date symlink: /home/pavithra/Intelligence_ABAJA-26/ros2_ws/install/abaja_description/share/abaja_description/local_setup.sh
[0.096s] -- Up-to-date symlink: /home/pavithra/Intelligence_ABAJA-26/ros2_ws/install/abaja_description/share/abaja_description/local_setup.zsh
[0.096s] -- Up-to-date symlink: /home/pavithra/Intelligence_ABAJA-26/ros2_ws/install/abaja_description/share/abaja_description/local_setup.dsv
[0.096s] -- Symlinking: /home/pavithra/Intelligence_ABAJA-26/ros2_ws/install/abaja_description/share/abaja_description/package.dsv
[0.114s] -- Up-to-date symlink: /home/pavithra/Intelligence_ABAJA-26/ros2_ws/install/abaja_description/share/ament_index/resource_index/packages/abaja_description
[0.114s] -- Up-to-date symlink: /home/pavithra/Intelligence_ABAJA-26/ros2_ws/install/abaja_description/share/abaja_description/cmake/abaja_descriptionConfig.cmake
[0.115s] -- Up-to-date symlink: /home/pavithra/Intelligence_ABAJA-26/ros2_ws/install/abaja_description/share/abaja_description/cmake/abaja_descriptionConfig-version.cmake
[0.115s] -- Up-to-date symlink: /home/pavithra/Intelligence_ABAJA-26/ros2_ws/install/abaja_description/share/abaja_description/package.xml
[0.117s] Invoked command in '/home/pavithra/Intelligence_ABAJA-26/ros2_ws/build/abaja_description' returned '0': CMAKE_PREFIX_PATH=${CMAKE_PREFIX_PATH}:/home/pavithra/Intelligence_ABAJA-26/ros2_ws/install/abaja_vehicle_state:/home/pavithra/Intelligence_ABAJA-26/ros2_ws/install/abaja_bringup:/home/pavithra/Intelligence_ABAJA-26/ros2_ws/install/abaja_teleop:/home/pavithra/Intelligence_ABAJA-26/ros2_ws/install/abaja_safety:/home/pavithra/Intelligence_ABAJA-26/ros2_ws/install/abaja_planning:/home/pavithra/Intelligence_ABAJA-26/ros2_ws/install/abaja_perception:/home/pavithra/Intelligence_ABAJA-26/ros2_ws/install/abaja_logging:/home/pavithra/Intelligence_ABAJA-26/ros2_ws/install/abaja_lane_detection:/home/pavithra/Intelligence_ABAJA-26/ros2_ws/install/abaja_dbw:/home/pavithra/Intelligence_ABAJA-26/ros2_ws/install/abaja_control:/home/pavithra/Intelligence_ABAJA-26/ros2_ws/install/abaja_aeb:/home/pavithra/Intelligence_ABAJA-26/ros2_ws/install/abaja_dbw_bridge:/opt/ros/jazzy DEBUGINFOD_URLS=https://debuginfod.ubuntu.com /usr/bin/cmake --install /home/pavithra/Intelligence_ABAJA-26/ros2_ws/build/abaja_description
