running develop
Removing /home/pavithra/Intelligence_ABAJA-26/ros2_ws/install/abaja_control/lib/python3.12/site-packages/abaja-control.egg-link (link to .)
running egg_info
writing ../../build/abaja_control/abaja_control.egg-info/PKG-INFO
writing dependency_links to ../../build/abaja_control/abaja_control.egg-info/dependency_links.txt
writing entry points to ../../build/abaja_control/abaja_control.egg-info/entry_points.txt
writing requirements to ../../build/abaja_control/abaja_control.egg-info/requires.txt
writing top-level names to ../../build/abaja_control/abaja_control.egg-info/top_level.txt
reading manifest file '../../build/abaja_control/abaja_control.egg-info/SOURCES.txt'
writing manifest file '../../build/abaja_control/abaja_control.egg-info/SOURCES.txt'
running build
running build_py
creating /home/pavithra/Intelligence_ABAJA-26/ros2_ws/build/abaja_control/build
creating /home/pavithra/Intelligence_ABAJA-26/ros2_ws/build/abaja_control/build/lib
creating /home/pavithra/Intelligence_ABAJA-26/ros2_ws/build/abaja_control/build/lib/abaja_control
copying abaja_control/vehicle_controller_node.py -> /home/pavithra/Intelligence_ABAJA-26/ros2_ws/build/abaja_control/build/lib/abaja_control
copying abaja_control/__init__.py -> /home/pavithra/Intelligence_ABAJA-26/ros2_ws/build/abaja_control/build/lib/abaja_control
copying abaja_control/control_mux_node.py -> /home/pavithra/Intelligence_ABAJA-26/ros2_ws/build/abaja_control/build/lib/abaja_control
running install
running install_lib
creating /home/pavithra/Intelligence_ABAJA-26/ros2_ws/install/abaja_control/lib/python3.12/site-packages/abaja_control
copying /home/pavithra/Intelligence_ABAJA-26/ros2_ws/build/abaja_control/build/lib/abaja_control/vehicle_controller_node.py -> /home/pavithra/Intelligence_ABAJA-26/ros2_ws/install/abaja_control/lib/python3.12/site-packages/abaja_control
copying /home/pavithra/Intelligence_ABAJA-26/ros2_ws/build/abaja_control/build/lib/abaja_control/__init__.py -> /home/pavithra/Intelligence_ABAJA-26/ros2_ws/install/abaja_control/lib/python3.12/site-packages/abaja_control
copying /home/pavithra/Intelligence_ABAJA-26/ros2_ws/build/abaja_control/build/lib/abaja_control/control_mux_node.py -> /home/pavithra/Intelligence_ABAJA-26/ros2_ws/install/abaja_control/lib/python3.12/site-packages/abaja_control
byte-compiling /home/pavithra/Intelligence_ABAJA-26/ros2_ws/install/abaja_control/lib/python3.12/site-packages/abaja_control/vehicle_controller_node.py to vehicle_controller_node.cpython-312.pyc
byte-compiling /home/pavithra/Intelligence_ABAJA-26/ros2_ws/install/abaja_control/lib/python3.12/site-packages/abaja_control/__init__.py to __init__.cpython-312.pyc
byte-compiling /home/pavithra/Intelligence_ABAJA-26/ros2_ws/install/abaja_control/lib/python3.12/site-packages/abaja_control/control_mux_node.py to control_mux_node.cpython-312.pyc
running install_data
copying resource/abaja_control -> /home/pavithra/Intelligence_ABAJA-26/ros2_ws/install/abaja_control/share/ament_index/resource_index/packages
copying package.xml -> /home/pavithra/Intelligence_ABAJA-26/ros2_ws/install/abaja_control/share/abaja_control
running install_egg_info
Copying ../../build/abaja_control/abaja_control.egg-info to /home/pavithra/Intelligence_ABAJA-26/ros2_ws/install/abaja_control/lib/python3.12/site-packages/abaja_control-0.0.0-py3.12.egg-info
running install_scripts
Installing control_mux_node script to /home/pavithra/Intelligence_ABAJA-26/ros2_ws/install/abaja_control/lib/abaja_control
writing list of installed files to '/home/pavithra/Intelligence_ABAJA-26/ros2_ws/build/abaja_control/install.log'
