[1.889s] Invoking command in '/home/pavithra/Intelligence_ABAJA-26/ros2_ws/build/abaja_dbw_bridge': DEBUGINFOD_URLS=https://debuginfod.ubuntu.com PYTHONPATH=/home/pavithra/Intelligence_ABAJA-26/ros2_ws/build/abaja_dbw_bridge/prefix_override:/usr/lib/python3/dist-packages/colcon_core/task/python/colcon_distutils_commands:/home/pavithra/Intelligence_ABAJA-26/ros2_ws/install/abaja_dbw_bridge/lib/python3.12/site-packages:${PYTHONPATH} /usr/bin/python3 -W ignore:setup.py install is deprecated -W ignore:easy_install command is deprecated setup.py develop --editable --build-directory /home/pavithra/Intelligence_ABAJA-26/ros2_ws/build/abaja_dbw_bridge/build --no-deps symlink_data
[2.193s] running develop
[2.355s] running egg_info
[2.355s] creating abaja_dbw_bridge.egg-info
[2.392s] writing abaja_dbw_bridge.egg-info/PKG-INFO
[2.392s] writing dependency_links to abaja_dbw_bridge.egg-info/dependency_links.txt
[2.392s] writing entry points to abaja_dbw_bridge.egg-info/entry_points.txt
[2.392s] writing requirements to abaja_dbw_bridge.egg-info/requires.txt
[2.392s] writing top-level names to abaja_dbw_bridge.egg-info/top_level.txt
[2.393s] writing manifest file 'abaja_dbw_bridge.egg-info/SOURCES.txt'
[2.462s] reading manifest file 'abaja_dbw_bridge.egg-info/SOURCES.txt'
[2.463s] writing manifest file 'abaja_dbw_bridge.egg-info/SOURCES.txt'
[2.502s] running build_ext
[2.502s] Creating /home/pavithra/Intelligence_ABAJA-26/ros2_ws/install/abaja_dbw_bridge/lib/python3.12/site-packages/abaja-dbw-bridge.egg-link (link to .)
[2.503s] Installing dbw_interface_node script to /home/pavithra/Intelligence_ABAJA-26/ros2_ws/install/abaja_dbw_bridge/lib/abaja_dbw_bridge
[2.503s] 
[2.503s] Installed /home/pavithra/Intelligence_ABAJA-26/ros2_ws/build/abaja_dbw_bridge
[2.504s] running symlink_data
[2.504s] creating /home/pavithra/Intelligence_ABAJA-26/ros2_ws/install/abaja_dbw_bridge/share/ament_index
[2.504s] creating /home/pavithra/Intelligence_ABAJA-26/ros2_ws/install/abaja_dbw_bridge/share/ament_index/resource_index
[2.504s] creating /home/pavithra/Intelligence_ABAJA-26/ros2_ws/install/abaja_dbw_bridge/share/ament_index/resource_index/packages
[2.504s] symbolically linking /home/pavithra/Intelligence_ABAJA-26/ros2_ws/build/abaja_dbw_bridge/resource/abaja_dbw_bridge -> /home/pavithra/Intelligence_ABAJA-26/ros2_ws/install/abaja_dbw_bridge/share/ament_index/resource_index/packages
[2.504s] symbolically linking /home/pavithra/Intelligence_ABAJA-26/ros2_ws/build/abaja_dbw_bridge/package.xml -> /home/pavithra/Intelligence_ABAJA-26/ros2_ws/install/abaja_dbw_bridge/share/abaja_dbw_bridge
[2.565s] Invoked command in '/home/pavithra/Intelligence_ABAJA-26/ros2_ws/build/abaja_dbw_bridge' returned '0': DEBUGINFOD_URLS=https://debuginfod.ubuntu.com PYTHONPATH=/home/pavithra/Intelligence_ABAJA-26/ros2_ws/build/abaja_dbw_bridge/prefix_override:/usr/lib/python3/dist-packages/colcon_core/task/python/colcon_distutils_commands:/home/pavithra/Intelligence_ABAJA-26/ros2_ws/install/abaja_dbw_bridge/lib/python3.12/site-packages:${PYTHONPATH} /usr/bin/python3 -W ignore:setup.py install is deprecated -W ignore:easy_install command is deprecated setup.py develop --editable --build-directory /home/pavithra/Intelligence_ABAJA-26/ros2_ws/build/abaja_dbw_bridge/build --no-deps symlink_data
