[1.024s] Invoking command in '/home/pavithra/Intelligence_ABAJA-26/ros2_ws/build/abaja_dbw': AMENT_PREFIX_PATH=/home/pavithra/Intelligence_ABAJA-26/ros2_ws/install/abaja_interfaces:${AMENT_PREFIX_PATH} CMAKE_PREFIX_PATH=/home/pavithra/Intelligence_ABAJA-26/ros2_ws/install/abaja_interfaces:${CMAKE_PREFIX_PATH} DEBUGINFOD_URLS=https://debuginfod.ubuntu.com LD_LIBRARY_PATH=/home/pavithra/Intelligence_ABAJA-26/ros2_ws/install/abaja_interfaces/lib:${LD_LIBRARY_PATH} PYTHONPATH=/home/pavithra/Intelligence_ABAJA-26/ros2_ws/build/abaja_dbw/prefix_override:/usr/lib/python3/dist-packages/colcon_core/task/python/colcon_distutils_commands:/home/pavithra/Intelligence_ABAJA-26/ros2_ws/install/abaja_dbw/lib/python3.12/site-packages:/home/pavithra/Intelligence_ABAJA-26/ros2_ws/install/abaja_interfaces/lib/python3.12/site-packages:${PYTHONPATH} /usr/bin/python3 -W ignore:setup.py install is deprecated -W ignore:easy_install command is deprecated setup.py develop --editable --build-directory /home/pavithra/Intelligence_ABAJA-26/ros2_ws/build/abaja_dbw/build --no-deps symlink_data
[1.325s] running develop
[1.490s] running egg_info
[1.505s] writing abaja_dbw.egg-info/PKG-INFO
[1.505s] writing dependency_links to abaja_dbw.egg-info/dependency_links.txt
[1.506s] writing entry points to abaja_dbw.egg-info/entry_points.txt
[1.506s] writing requirements to abaja_dbw.egg-info/requires.txt
[1.506s] writing top-level names to abaja_dbw.egg-info/top_level.txt
[1.538s] reading manifest file 'abaja_dbw.egg-info/SOURCES.txt'
[1.539s] writing manifest file 'abaja_dbw.egg-info/SOURCES.txt'
[1.556s] running build_ext
[1.556s] Creating /home/pavithra/Intelligence_ABAJA-26/ros2_ws/install/abaja_dbw/lib/python3.12/site-packages/abaja-dbw.egg-link (link to .)
[1.557s] Installing brake_by_wire_node script to /home/pavithra/Intelligence_ABAJA-26/ros2_ws/install/abaja_dbw/lib/abaja_dbw
[1.557s] Installing cmd_vel_to_dbw_node script to /home/pavithra/Intelligence_ABAJA-26/ros2_ws/install/abaja_dbw/lib/abaja_dbw
[1.557s] Installing dbw_manager_node script to /home/pavithra/Intelligence_ABAJA-26/ros2_ws/install/abaja_dbw/lib/abaja_dbw
[1.557s] Installing dbw_to_cmd_vel_node script to /home/pavithra/Intelligence_ABAJA-26/ros2_ws/install/abaja_dbw/lib/abaja_dbw
[1.557s] Installing steer_by_wire_node script to /home/pavithra/Intelligence_ABAJA-26/ros2_ws/install/abaja_dbw/lib/abaja_dbw
[1.558s] Installing throttle_by_wire_node script to /home/pavithra/Intelligence_ABAJA-26/ros2_ws/install/abaja_dbw/lib/abaja_dbw
[1.558s] 
[1.558s] Installed /home/pavithra/Intelligence_ABAJA-26/ros2_ws/build/abaja_dbw
[1.558s] running symlink_data
[1.588s] Invoked command in '/home/pavithra/Intelligence_ABAJA-26/ros2_ws/build/abaja_dbw' returned '0': AMENT_PREFIX_PATH=/home/pavithra/Intelligence_ABAJA-26/ros2_ws/install/abaja_interfaces:${AMENT_PREFIX_PATH} CMAKE_PREFIX_PATH=/home/pavithra/Intelligence_ABAJA-26/ros2_ws/install/abaja_interfaces:${CMAKE_PREFIX_PATH} DEBUGINFOD_URLS=https://debuginfod.ubuntu.com LD_LIBRARY_PATH=/home/pavithra/Intelligence_ABAJA-26/ros2_ws/install/abaja_interfaces/lib:${LD_LIBRARY_PATH} PYTHONPATH=/home/pavithra/Intelligence_ABAJA-26/ros2_ws/build/abaja_dbw/prefix_override:/usr/lib/python3/dist-packages/colcon_core/task/python/colcon_distutils_commands:/home/pavithra/Intelligence_ABAJA-26/ros2_ws/install/abaja_dbw/lib/python3.12/site-packages:/home/pavithra/Intelligence_ABAJA-26/ros2_ws/install/abaja_interfaces/lib/python3.12/site-packages:${PYTHONPATH} /usr/bin/python3 -W ignore:setup.py install is deprecated -W ignore:easy_install command is deprecated setup.py develop --editable --build-directory /home/pavithra/Intelligence_ABAJA-26/ros2_ws/build/abaja_dbw/build --no-deps symlink_data
