[2.313s] Invoking command in '/home/pavithra/ros2_ws/build/abaja_dbw': AMENT_PREFIX_PATH=/home/pavithra/ros2_ws/install/abaja_interfaces:${AMENT_PREFIX_PATH} CMAKE_PREFIX_PATH=/home/pavithra/ros2_ws/install/abaja_interfaces:${CMAKE_PREFIX_PATH} DEBUGINFOD_URLS=https://debuginfod.ubuntu.com LD_LIBRARY_PATH=/home/pavithra/ros2_ws/install/abaja_interfaces/lib:${LD_LIBRARY_PATH} PYTHONPATH=/home/pavithra/ros2_ws/build/abaja_dbw/prefix_override:/usr/lib/python3/dist-packages/colcon_core/task/python/colcon_distutils_commands:/home/pavithra/ros2_ws/install/abaja_dbw/lib/python3.12/site-packages:/home/pavithra/ros2_ws/install/abaja_interfaces/lib/python3.12/site-packages:${PYTHONPATH} /usr/bin/python3 -W ignore:setup.py install is deprecated -W ignore:easy_install command is deprecated setup.py develop --editable --build-directory /home/pavithra/ros2_ws/build/abaja_dbw/build --no-deps symlink_data
[2.842s] running develop
[3.105s] running egg_info
[3.132s] writing abaja_dbw.egg-info/PKG-INFO
[3.133s] writing dependency_links to abaja_dbw.egg-info/dependency_links.txt
[3.134s] writing entry points to abaja_dbw.egg-info/entry_points.txt
[3.134s] writing requirements to abaja_dbw.egg-info/requires.txt
[3.134s] writing top-level names to abaja_dbw.egg-info/top_level.txt
[3.172s] reading manifest file 'abaja_dbw.egg-info/SOURCES.txt'
[3.173s] writing manifest file 'abaja_dbw.egg-info/SOURCES.txt'
[3.202s] running build_ext
[3.203s] Creating /home/pavithra/ros2_ws/install/abaja_dbw/lib/python3.12/site-packages/abaja-dbw.egg-link (link to .)
[3.204s] Installing brake_by_wire_node script to /home/pavithra/ros2_ws/install/abaja_dbw/lib/abaja_dbw
[3.204s] Installing cmd_vel_to_dbw_node script to /home/pavithra/ros2_ws/install/abaja_dbw/lib/abaja_dbw
[3.204s] Installing dbw_manager_node script to /home/pavithra/ros2_ws/install/abaja_dbw/lib/abaja_dbw
[3.204s] Installing steer_by_wire_node script to /home/pavithra/ros2_ws/install/abaja_dbw/lib/abaja_dbw
[3.205s] Installing throttle_by_wire_node script to /home/pavithra/ros2_ws/install/abaja_dbw/lib/abaja_dbw
[3.205s] 
[3.205s] Installed /home/pavithra/ros2_ws/build/abaja_dbw
[3.206s] running symlink_data
[3.259s] Invoked command in '/home/pavithra/ros2_ws/build/abaja_dbw' returned '0': AMENT_PREFIX_PATH=/home/pavithra/ros2_ws/install/abaja_interfaces:${AMENT_PREFIX_PATH} CMAKE_PREFIX_PATH=/home/pavithra/ros2_ws/install/abaja_interfaces:${CMAKE_PREFIX_PATH} DEBUGINFOD_URLS=https://debuginfod.ubuntu.com LD_LIBRARY_PATH=/home/pavithra/ros2_ws/install/abaja_interfaces/lib:${LD_LIBRARY_PATH} PYTHONPATH=/home/pavithra/ros2_ws/build/abaja_dbw/prefix_override:/usr/lib/python3/dist-packages/colcon_core/task/python/colcon_distutils_commands:/home/pavithra/ros2_ws/install/abaja_dbw/lib/python3.12/site-packages:/home/pavithra/ros2_ws/install/abaja_interfaces/lib/python3.12/site-packages:${PYTHONPATH} /usr/bin/python3 -W ignore:setup.py install is deprecated -W ignore:easy_install command is deprecated setup.py develop --editable --build-directory /home/pavithra/ros2_ws/build/abaja_dbw/build --no-deps symlink_data
