[0.103s] Invoking command in '/home/pavithra/Intelligence_ABAJA-26/ros2_ws/build/abaja_description': CMAKE_PREFIX_PATH=${CMAKE_PREFIX_PATH}:/home/pavithra/Intelligence_ABAJA-26/ros2_ws/install/abaja_bringup:/home/pavithra/Intelligence_ABAJA-26/ros2_ws/install/abaja_vehicle_state:/home/pavithra/Intelligence_ABAJA-26/ros2_ws/install/abaja_teleop:/home/pavithra/Intelligence_ABAJA-26/ros2_ws/install/abaja_safety:/home/pavithra/Intelligence_ABAJA-26/ros2_ws/install/abaja_planning:/home/pavithra/Intelligence_ABAJA-26/ros2_ws/install/abaja_perception:/home/pavithra/Intelligence_ABAJA-26/ros2_ws/install/abaja_logging:/home/pavithra/Intelligence_ABAJA-26/ros2_ws/install/abaja_lane_detection:/home/pavithra/Intelligence_ABAJA-26/ros2_ws/install/abaja_dbw:/home/pavithra/Intelligence_ABAJA-26/ros2_ws/install/abaja_control:/home/pavithra/Intelligence_ABAJA-26/ros2_ws/install/abaja_aeb:/home/pavithra/Intelligence_ABAJA-26/ros2_ws/install/abaja_dbw_bridge:/opt/ros/jazzy DEBUGINFOD_URLS=https://debuginfod.ubuntu.com /usr/bin/cmake /home/pavithra/Intelligence_ABAJA-26/ros2_ws/src/abaja_description -DCMAKE_INSTALL_PREFIX=/home/pavithra/Intelligence_ABAJA-26/ros2_ws/install/abaja_description
[0.960s] -- Found ament_cmake: 2.5.6 (/opt/ros/jazzy/share/ament_cmake/cmake)
[0.961s] -- Override CMake install command with custom implementation using symlinks instead of copying resources
[0.961s] -- Configuring done (0.6s)
[0.961s] -- Generating done (0.0s)
[0.961s] -- Build files have been written to: /home/pavithra/Intelligence_ABAJA-26/ros2_ws/build/abaja_description
[1.298s] Invoked command in '/home/pavithra/Intelligence_ABAJA-26/ros2_ws/build/abaja_description' returned '0': CMAKE_PREFIX_PATH=${CMAKE_PREFIX_PATH}:/home/pavithra/Intelligence_ABAJA-26/ros2_ws/install/abaja_bringup:/home/pavithra/Intelligence_ABAJA-26/ros2_ws/install/abaja_vehicle_state:/home/pavithra/Intelligence_ABAJA-26/ros2_ws/install/abaja_teleop:/home/pavithra/Intelligence_ABAJA-26/ros2_ws/install/abaja_safety:/home/pavithra/Intelligence_ABAJA-26/ros2_ws/install/abaja_planning:/home/pavithra/Intelligence_ABAJA-26/ros2_ws/install/abaja_perception:/home/pavithra/Intelligence_ABAJA-26/ros2_ws/install/abaja_logging:/home/pavithra/Intelligence_ABAJA-26/ros2_ws/install/abaja_lane_detection:/home/pavithra/Intelligence_ABAJA-26/ros2_ws/install/abaja_dbw:/home/pavithra/Intelligence_ABAJA-26/ros2_ws/install/abaja_control:/home/pavithra/Intelligence_ABAJA-26/ros2_ws/install/abaja_aeb:/home/pavithra/Intelligence_ABAJA-26/ros2_ws/install/abaja_dbw_bridge:/opt/ros/jazzy DEBUGINFOD_URLS=https://debuginfod.ubuntu.com /usr/bin/cmake /home/pavithra/Intelligence_ABAJA-26/ros2_ws/src/abaja_description -DCMAKE_INSTALL_PREFIX=/home/pavithra/Intelligence_ABAJA-26/ros2_ws/install/abaja_description
[1.300s] Invoking command in '/home/pavithra/Intelligence_ABAJA-26/ros2_ws/build/abaja_description': CMAKE_PREFIX_PATH=${CMAKE_PREFIX_PATH}:/home/pavithra/Intelligence_ABAJA-26/ros2_ws/install/abaja_bringup:/home/pavithra/Intelligence_ABAJA-26/ros2_ws/install/abaja_vehicle_state:/home/pavithra/Intelligence_ABAJA-26/ros2_ws/install/abaja_teleop:/home/pavithra/Intelligence_ABAJA-26/ros2_ws/install/abaja_safety:/home/pavithra/Intelligence_ABAJA-26/ros2_ws/install/abaja_planning:/home/pavithra/Intelligence_ABAJA-26/ros2_ws/install/abaja_perception:/home/pavithra/Intelligence_ABAJA-26/ros2_ws/install/abaja_logging:/home/pavithra/Intelligence_ABAJA-26/ros2_ws/install/abaja_lane_detection:/home/pavithra/Intelligence_ABAJA-26/ros2_ws/install/abaja_dbw:/home/pavithra/Intelligence_ABAJA-26/ros2_ws/install/abaja_control:/home/pavithra/Intelligence_ABAJA-26/ros2_ws/install/abaja_aeb:/home/pavithra/Intelligence_ABAJA-26/ros2_ws/install/abaja_dbw_bridge:/opt/ros/jazzy DEBUGINFOD_URLS=https://debuginfod.ubuntu.com /usr/bin/cmake --build /home/pavithra/Intelligence_ABAJA-26/ros2_ws/build/abaja_description -- -j12 -l12
[1.399s] Invoked command in '/home/pavithra/Intelligence_ABAJA-26/ros2_ws/build/abaja_description' returned '0': CMAKE_PREFIX_PATH=${CMAKE_PREFIX_PATH}:/home/pavithra/Intelligence_ABAJA-26/ros2_ws/install/abaja_bringup:/home/pavithra/Intelligence_ABAJA-26/ros2_ws/install/abaja_vehicle_state:/home/pavithra/Intelligence_ABAJA-26/ros2_ws/install/abaja_teleop:/home/pavithra/Intelligence_ABAJA-26/ros2_ws/install/abaja_safety:/home/pavithra/Intelligence_ABAJA-26/ros2_ws/install/abaja_planning:/home/pavithra/Intelligence_ABAJA-26/ros2_ws/install/abaja_perception:/home/pavithra/Intelligence_ABAJA-26/ros2_ws/install/abaja_logging:/home/pavithra/Intelligence_ABAJA-26/ros2_ws/install/abaja_lane_detection:/home/pavithra/Intelligence_ABAJA-26/ros2_ws/install/abaja_dbw:/home/pavithra/Intelligence_ABAJA-26/ros2_ws/install/abaja_control:/home/pavithra/Intelligence_ABAJA-26/ros2_ws/install/abaja_aeb:/home/pavithra/Intelligence_ABAJA-26/ros2_ws/install/abaja_dbw_bridge:/opt/ros/jazzy DEBUGINFOD_URLS=https://debuginfod.ubuntu.com /usr/bin/cmake --build /home/pavithra/Intelligence_ABAJA-26/ros2_ws/build/abaja_description -- -j12 -l12
[1.433s] Invoking command in '/home/pavithra/Intelligence_ABAJA-26/ros2_ws/build/abaja_description': CMAKE_PREFIX_PATH=${CMAKE_PREFIX_PATH}:/home/pavithra/Intelligence_ABAJA-26/ros2_ws/install/abaja_bringup:/home/pavithra/Intelligence_ABAJA-26/ros2_ws/install/abaja_vehicle_state:/home/pavithra/Intelligence_ABAJA-26/ros2_ws/install/abaja_teleop:/home/pavithra/Intelligence_ABAJA-26/ros2_ws/install/abaja_safety:/home/pavithra/Intelligence_ABAJA-26/ros2_ws/install/abaja_planning:/home/pavithra/Intelligence_ABAJA-26/ros2_ws/install/abaja_perception:/home/pavithra/Intelligence_ABAJA-26/ros2_ws/install/abaja_logging:/home/pavithra/Intelligence_ABAJA-26/ros2_ws/install/abaja_lane_detection:/home/pavithra/Intelligence_ABAJA-26/ros2_ws/install/abaja_dbw:/home/pavithra/Intelligence_ABAJA-26/ros2_ws/install/abaja_control:/home/pavithra/Intelligence_ABAJA-26/ros2_ws/install/abaja_aeb:/home/pavithra/Intelligence_ABAJA-26/ros2_ws/install/abaja_dbw_bridge:/opt/ros/jazzy DEBUGINFOD_URLS=https://debuginfod.ubuntu.com /usr/bin/cmake --install /home/pavithra/Intelligence_ABAJA-26/ros2_ws/build/abaja_description
[1.449s] -- Install configuration: ""
[1.450s] -- Execute custom install script
[1.450s] -- Up-to-date symlink: /home/pavithra/Intelligence_ABAJA-26/ros2_ws/install/abaja_description/share/abaja_description/urdf/abaja_buggy.urdf.xacro
[1.450s] -- Up-to-date symlink: /home/pavithra/Intelligence_ABAJA-26/ros2_ws/install/abaja_description/share/abaja_description/urdf/chassis.xacro
[1.450s] -- Up-to-date symlink: /home/pavithra/Intelligence_ABAJA-26/ros2_ws/install/abaja_description/share/abaja_description/urdf/materials.xacro
[1.451s] -- Up-to-date symlink: /home/pavithra/Intelligence_ABAJA-26/ros2_ws/install/abaja_description/share/abaja_description/urdf/sensors.xacro
[1.451s] -- Up-to-date symlink: /home/pavithra/Intelligence_ABAJA-26/ros2_ws/install/abaja_description/share/abaja_description/urdf/wheels.xacro
[1.451s] -- Up-to-date symlink: /home/pavithra/Intelligence_ABAJA-26/ros2_ws/install/abaja_description/share/abaja_description/launch/display.launch.py
[1.452s] -- Up-to-date symlink: /home/pavithra/Intelligence_ABAJA-26/ros2_ws/install/abaja_description/share/abaja_description/launch/gazebo.launch.py
[1.452s] -- Up-to-date symlink: /home/pavithra/Intelligence_ABAJA-26/ros2_ws/install/abaja_description/share/abaja_description/rviz/abaja_display.rviz
[1.452s] -- Up-to-date symlink: /home/pavithra/Intelligence_ABAJA-26/ros2_ws/install/abaja_description/share/abaja_description/rviz/abaja_nav.rviz
[1.452s] -- Up-to-date symlink: /home/pavithra/Intelligence_ABAJA-26/ros2_ws/install/abaja_description/share/abaja_description/meshes/README.md
[1.453s] -- Up-to-date symlink: /home/pavithra/Intelligence_ABAJA-26/ros2_ws/install/abaja_description/share/abaja_description/worlds/abaja_lane_track.sdf
[1.453s] -- Up-to-date symlink: /home/pavithra/Intelligence_ABAJA-26/ros2_ws/install/abaja_description/share/abaja_description/worlds/abaja_track.sdf
[1.453s] -- Up-to-date symlink: /home/pavithra/Intelligence_ABAJA-26/ros2_ws/install/abaja_description/share/ament_index/resource_index/package_run_dependencies/abaja_description
[1.454s] -- Up-to-date symlink: /home/pavithra/Intelligence_ABAJA-26/ros2_ws/install/abaja_description/share/ament_index/resource_index/parent_prefix_path/abaja_description
[1.455s] -- Up-to-date symlink: /home/pavithra/Intelligence_ABAJA-26/ros2_ws/install/abaja_description/share/abaja_description/environment/ament_prefix_path.sh
[1.455s] -- Up-to-date symlink: /home/pavithra/Intelligence_ABAJA-26/ros2_ws/install/abaja_description/share/abaja_description/environment/ament_prefix_path.dsv
[1.455s] -- Up-to-date symlink: /home/pavithra/Intelligence_ABAJA-26/ros2_ws/install/abaja_description/share/abaja_description/environment/path.sh
[1.456s] -- Up-to-date symlink: /home/pavithra/Intelligence_ABAJA-26/ros2_ws/install/abaja_description/share/abaja_description/environment/path.dsv
[1.456s] -- Up-to-date symlink: /home/pavithra/Intelligence_ABAJA-26/ros2_ws/install/abaja_description/share/abaja_description/local_setup.bash
[1.456s] -- Up-to-date symlink: /home/pavithra/Intelligence_ABAJA-26/ros2_ws/install/abaja_description/share/abaja_description/local_setup.sh
[1.457s] -- Up-to-date symlink: /home/pavithra/Intelligence_ABAJA-26/ros2_ws/install/abaja_description/share/abaja_description/local_setup.zsh
[1.457s] -- Up-to-date symlink: /home/pavithra/Intelligence_ABAJA-26/ros2_ws/install/abaja_description/share/abaja_description/local_setup.dsv
[1.458s] -- Symlinking: /home/pavithra/Intelligence_ABAJA-26/ros2_ws/install/abaja_description/share/abaja_description/package.dsv
[1.471s] -- Up-to-date symlink: /home/pavithra/Intelligence_ABAJA-26/ros2_ws/install/abaja_description/share/ament_index/resource_index/packages/abaja_description
[1.472s] -- Up-to-date symlink: /home/pavithra/Intelligence_ABAJA-26/ros2_ws/install/abaja_description/share/abaja_description/cmake/abaja_descriptionConfig.cmake
[1.472s] -- Up-to-date symlink: /home/pavithra/Intelligence_ABAJA-26/ros2_ws/install/abaja_description/share/abaja_description/cmake/abaja_descriptionConfig-version.cmake
[1.472s] -- Up-to-date symlink: /home/pavithra/Intelligence_ABAJA-26/ros2_ws/install/abaja_description/share/abaja_description/package.xml
[1.475s] Invoked command in '/home/pavithra/Intelligence_ABAJA-26/ros2_ws/build/abaja_description' returned '0': CMAKE_PREFIX_PATH=${CMAKE_PREFIX_PATH}:/home/pavithra/Intelligence_ABAJA-26/ros2_ws/install/abaja_bringup:/home/pavithra/Intelligence_ABAJA-26/ros2_ws/install/abaja_vehicle_state:/home/pavithra/Intelligence_ABAJA-26/ros2_ws/install/abaja_teleop:/home/pavithra/Intelligence_ABAJA-26/ros2_ws/install/abaja_safety:/home/pavithra/Intelligence_ABAJA-26/ros2_ws/install/abaja_planning:/home/pavithra/Intelligence_ABAJA-26/ros2_ws/install/abaja_perception:/home/pavithra/Intelligence_ABAJA-26/ros2_ws/install/abaja_logging:/home/pavithra/Intelligence_ABAJA-26/ros2_ws/install/abaja_lane_detection:/home/pavithra/Intelligence_ABAJA-26/ros2_ws/install/abaja_dbw:/home/pavithra/Intelligence_ABAJA-26/ros2_ws/install/abaja_control:/home/pavithra/Intelligence_ABAJA-26/ros2_ws/install/abaja_aeb:/home/pavithra/Intelligence_ABAJA-26/ros2_ws/install/abaja_dbw_bridge:/opt/ros/jazzy DEBUGINFOD_URLS=https://debuginfod.ubuntu.com /usr/bin/cmake --install /home/pavithra/Intelligence_ABAJA-26/ros2_ws/build/abaja_description
