[0.181s] DEBUG:colcon:Command line arguments: ['/usr/bin/colcon', 'build', '--symlink-install', '--packages-select', 'abaja_interfaces', 'abaja_vehicle_state', 'abaja_dbw', 'abaja_description', 'abaja_bringup', 'abaja_control']
[0.181s] DEBUG:colcon:Parsed command line arguments: Namespace(log_base=None, log_level=None, verb_name='build', build_base='build', install_base='install', merge_install=False, symlink_install=True, test_result_base=None, continue_on_error=False, executor='parallel', parallel_workers=12, event_handlers=None, ignore_user_meta=False, metas=['./colcon.meta'], base_paths=['.'], packages_ignore=None, packages_ignore_regex=None, paths=None, packages_up_to=None, packages_up_to_regex=None, packages_above=None, packages_above_and_dependencies=None, packages_above_depth=None, packages_select_by_dep=None, packages_skip_by_dep=None, packages_skip_up_to=None, packages_select_build_failed=False, packages_skip_build_finished=False, packages_select_test_failures=False, packages_skip_test_passed=False, packages_select=['abaja_interfaces', 'abaja_vehicle_state', 'abaja_dbw', 'abaja_description', 'abaja_bringup', 'abaja_control'], packages_skip=None, packages_select_regex=None, packages_skip_regex=None, packages_start=None, packages_end=None, allow_overriding=[], cmake_args=None, cmake_target=None, cmake_target_skip_unavailable=False, cmake_clean_cache=False, cmake_clean_first=False, cmake_force_configure=False, ament_cmake_args=None, catkin_cmake_args=None, catkin_skip_building_tests=False, mixin_files=None, mixin=None, verb_parser=<colcon_mixin.mixin.mixin_argument.MixinArgumentDecorator object at 0x7846c0780b30>, verb_extension=<colcon_core.verb.build.BuildVerb object at 0x7846c0780650>, main=<bound method BuildVerb.main of <colcon_core.verb.build.BuildVerb object at 0x7846c0780650>>, mixin_verb=('build',))
[0.225s] Level 1:colcon.colcon_core.package_discovery:discover_packages(colcon_meta) check parameters
[0.225s] Level 1:colcon.colcon_core.package_discovery:discover_packages(recursive) check parameters
[0.225s] Level 1:colcon.colcon_core.package_discovery:discover_packages(ignore) check parameters
[0.225s] Level 1:colcon.colcon_core.package_discovery:discover_packages(path) check parameters
[0.225s] Level 1:colcon.colcon_core.package_discovery:discover_packages(colcon_meta) discover
[0.225s] Level 1:colcon.colcon_core.package_discovery:discover_packages(recursive) discover
[0.225s] INFO:colcon.colcon_core.package_discovery:Crawling recursively for packages in '/home/pavithra/Intelligence_ABAJA-26/ros2_ws'
[0.226s] Level 1:colcon.colcon_core.package_identification:_identify(.) by extensions ['ignore', 'ignore_ament_install']
[0.226s] Level 1:colcon.colcon_core.package_identification:_identify(.) by extension 'ignore'
[0.226s] Level 1:colcon.colcon_core.package_identification:_identify(.) by extension 'ignore_ament_install'
[0.226s] Level 1:colcon.colcon_core.package_identification:_identify(.) by extensions ['colcon_pkg']
[0.226s] Level 1:colcon.colcon_core.package_identification:_identify(.) by extension 'colcon_pkg'
[0.226s] Level 1:colcon.colcon_core.package_identification:_identify(.) by extensions ['colcon_meta']
[0.226s] Level 1:colcon.colcon_core.package_identification:_identify(.) by extension 'colcon_meta'
[0.226s] Level 1:colcon.colcon_core.package_identification:_identify(.) by extensions ['ros']
[0.226s] Level 1:colcon.colcon_core.package_identification:_identify(.) by extension 'ros'
[0.252s] Level 1:colcon.colcon_core.package_identification:_identify(.) by extensions ['cmake', 'python']
[0.252s] Level 1:colcon.colcon_core.package_identification:_identify(.) by extension 'cmake'
[0.252s] Level 1:colcon.colcon_core.package_identification:_identify(.) by extension 'python'
[0.252s] Level 1:colcon.colcon_core.package_identification:_identify(.) by extensions ['python_setup_py']
[0.252s] Level 1:colcon.colcon_core.package_identification:_identify(.) by extension 'python_setup_py'
[0.253s] Level 1:colcon.colcon_core.package_identification:_identify(build) by extensions ['ignore', 'ignore_ament_install']
[0.253s] Level 1:colcon.colcon_core.package_identification:_identify(build) by extension 'ignore'
[0.253s] Level 1:colcon.colcon_core.package_identification:_identify(build) ignored
[0.253s] Level 1:colcon.colcon_core.package_identification:_identify(install) by extensions ['ignore', 'ignore_ament_install']
[0.253s] Level 1:colcon.colcon_core.package_identification:_identify(install) by extension 'ignore'
[0.253s] Level 1:colcon.colcon_core.package_identification:_identify(install) ignored
[0.253s] Level 1:colcon.colcon_core.package_identification:_identify(log) by extensions ['ignore', 'ignore_ament_install']
[0.253s] Level 1:colcon.colcon_core.package_identification:_identify(log) by extension 'ignore'
[0.253s] Level 1:colcon.colcon_core.package_identification:_identify(log) ignored
[0.253s] Level 1:colcon.colcon_core.package_identification:_identify(logs) by extensions ['ignore', 'ignore_ament_install']
[0.253s] Level 1:colcon.colcon_core.package_identification:_identify(logs) by extension 'ignore'
[0.253s] Level 1:colcon.colcon_core.package_identification:_identify(logs) by extension 'ignore_ament_install'
[0.253s] Level 1:colcon.colcon_core.package_identification:_identify(logs) by extensions ['colcon_pkg']
[0.253s] Level 1:colcon.colcon_core.package_identification:_identify(logs) by extension 'colcon_pkg'
[0.253s] Level 1:colcon.colcon_core.package_identification:_identify(logs) by extensions ['colcon_meta']
[0.253s] Level 1:colcon.colcon_core.package_identification:_identify(logs) by extension 'colcon_meta'
[0.253s] Level 1:colcon.colcon_core.package_identification:_identify(logs) by extensions ['ros']
[0.253s] Level 1:colcon.colcon_core.package_identification:_identify(logs) by extension 'ros'
[0.253s] Level 1:colcon.colcon_core.package_identification:_identify(logs) by extensions ['cmake', 'python']
[0.253s] Level 1:colcon.colcon_core.package_identification:_identify(logs) by extension 'cmake'
[0.253s] Level 1:colcon.colcon_core.package_identification:_identify(logs) by extension 'python'
[0.253s] Level 1:colcon.colcon_core.package_identification:_identify(logs) by extensions ['python_setup_py']
[0.254s] Level 1:colcon.colcon_core.package_identification:_identify(logs) by extension 'python_setup_py'
[0.254s] Level 1:colcon.colcon_core.package_identification:_identify(src) by extensions ['ignore', 'ignore_ament_install']
[0.254s] Level 1:colcon.colcon_core.package_identification:_identify(src) by extension 'ignore'
[0.254s] Level 1:colcon.colcon_core.package_identification:_identify(src) by extension 'ignore_ament_install'
[0.254s] Level 1:colcon.colcon_core.package_identification:_identify(src) by extensions ['colcon_pkg']
[0.254s] Level 1:colcon.colcon_core.package_identification:_identify(src) by extension 'colcon_pkg'
[0.254s] Level 1:colcon.colcon_core.package_identification:_identify(src) by extensions ['colcon_meta']
[0.254s] Level 1:colcon.colcon_core.package_identification:_identify(src) by extension 'colcon_meta'
[0.254s] Level 1:colcon.colcon_core.package_identification:_identify(src) by extensions ['ros']
[0.254s] Level 1:colcon.colcon_core.package_identification:_identify(src) by extension 'ros'
[0.254s] Level 1:colcon.colcon_core.package_identification:_identify(src) by extensions ['cmake', 'python']
[0.254s] Level 1:colcon.colcon_core.package_identification:_identify(src) by extension 'cmake'
[0.254s] Level 1:colcon.colcon_core.package_identification:_identify(src) by extension 'python'
[0.254s] Level 1:colcon.colcon_core.package_identification:_identify(src) by extensions ['python_setup_py']
[0.254s] Level 1:colcon.colcon_core.package_identification:_identify(src) by extension 'python_setup_py'
[0.254s] Level 1:colcon.colcon_core.package_identification:_identify(src/abaja_aeb) by extensions ['ignore', 'ignore_ament_install']
[0.254s] Level 1:colcon.colcon_core.package_identification:_identify(src/abaja_aeb) by extension 'ignore'
[0.254s] Level 1:colcon.colcon_core.package_identification:_identify(src/abaja_aeb) by extension 'ignore_ament_install'
[0.254s] Level 1:colcon.colcon_core.package_identification:_identify(src/abaja_aeb) by extensions ['colcon_pkg']
[0.254s] Level 1:colcon.colcon_core.package_identification:_identify(src/abaja_aeb) by extension 'colcon_pkg'
[0.254s] Level 1:colcon.colcon_core.package_identification:_identify(src/abaja_aeb) by extensions ['colcon_meta']
[0.254s] Level 1:colcon.colcon_core.package_identification:_identify(src/abaja_aeb) by extension 'colcon_meta'
[0.255s] Level 1:colcon.colcon_core.package_identification:_identify(src/abaja_aeb) by extensions ['ros']
[0.255s] Level 1:colcon.colcon_core.package_identification:_identify(src/abaja_aeb) by extension 'ros'
[0.258s] DEBUG:colcon.colcon_core.package_identification:Package 'src/abaja_aeb' with type 'ros.ament_python' and name 'abaja_aeb'
[0.258s] Level 1:colcon.colcon_core.package_identification:_identify(src/abaja_bringup) by extensions ['ignore', 'ignore_ament_install']
[0.258s] Level 1:colcon.colcon_core.package_identification:_identify(src/abaja_bringup) by extension 'ignore'
[0.258s] Level 1:colcon.colcon_core.package_identification:_identify(src/abaja_bringup) by extension 'ignore_ament_install'
[0.258s] Level 1:colcon.colcon_core.package_identification:_identify(src/abaja_bringup) by extensions ['colcon_pkg']
[0.258s] Level 1:colcon.colcon_core.package_identification:_identify(src/abaja_bringup) by extension 'colcon_pkg'
[0.258s] Level 1:colcon.colcon_core.package_identification:_identify(src/abaja_bringup) by extensions ['colcon_meta']
[0.258s] Level 1:colcon.colcon_core.package_identification:_identify(src/abaja_bringup) by extension 'colcon_meta'
[0.259s] Level 1:colcon.colcon_core.package_identification:_identify(src/abaja_bringup) by extensions ['ros']
[0.259s] Level 1:colcon.colcon_core.package_identification:_identify(src/abaja_bringup) by extension 'ros'
[0.259s] DEBUG:colcon.colcon_core.package_identification:Package 'src/abaja_bringup' with type 'ros.ament_python' and name 'abaja_bringup'
[0.260s] Level 1:colcon.colcon_core.package_identification:_identify(src/abaja_control) by extensions ['ignore', 'ignore_ament_install']
[0.260s] Level 1:colcon.colcon_core.package_identification:_identify(src/abaja_control) by extension 'ignore'
[0.260s] Level 1:colcon.colcon_core.package_identification:_identify(src/abaja_control) by extension 'ignore_ament_install'
[0.260s] Level 1:colcon.colcon_core.package_identification:_identify(src/abaja_control) by extensions ['colcon_pkg']
[0.260s] Level 1:colcon.colcon_core.package_identification:_identify(src/abaja_control) by extension 'colcon_pkg'
[0.260s] Level 1:colcon.colcon_core.package_identification:_identify(src/abaja_control) by extensions ['colcon_meta']
[0.260s] Level 1:colcon.colcon_core.package_identification:_identify(src/abaja_control) by extension 'colcon_meta'
[0.260s] Level 1:colcon.colcon_core.package_identification:_identify(src/abaja_control) by extensions ['ros']
[0.260s] Level 1:colcon.colcon_core.package_identification:_identify(src/abaja_control) by extension 'ros'
[0.261s] DEBUG:colcon.colcon_core.package_identification:Package 'src/abaja_control' with type 'ros.ament_python' and name 'abaja_control'
[0.261s] Level 1:colcon.colcon_core.package_identification:_identify(src/abaja_dbw) by extensions ['ignore', 'ignore_ament_install']
[0.261s] Level 1:colcon.colcon_core.package_identification:_identify(src/abaja_dbw) by extension 'ignore'
[0.261s] Level 1:colcon.colcon_core.package_identification:_identify(src/abaja_dbw) by extension 'ignore_ament_install'
[0.261s] Level 1:colcon.colcon_core.package_identification:_identify(src/abaja_dbw) by extensions ['colcon_pkg']
[0.261s] Level 1:colcon.colcon_core.package_identification:_identify(src/abaja_dbw) by extension 'colcon_pkg'
[0.261s] Level 1:colcon.colcon_core.package_identification:_identify(src/abaja_dbw) by extensions ['colcon_meta']
[0.261s] Level 1:colcon.colcon_core.package_identification:_identify(src/abaja_dbw) by extension 'colcon_meta'
[0.261s] Level 1:colcon.colcon_core.package_identification:_identify(src/abaja_dbw) by extensions ['ros']
[0.261s] Level 1:colcon.colcon_core.package_identification:_identify(src/abaja_dbw) by extension 'ros'
[0.261s] DEBUG:colcon.colcon_core.package_identification:Package 'src/abaja_dbw' with type 'ros.ament_python' and name 'abaja_dbw'
[0.261s] Level 1:colcon.colcon_core.package_identification:_identify(src/abaja_dbw_bridge) by extensions ['ignore', 'ignore_ament_install']
[0.261s] Level 1:colcon.colcon_core.package_identification:_identify(src/abaja_dbw_bridge) by extension 'ignore'
[0.261s] Level 1:colcon.colcon_core.package_identification:_identify(src/abaja_dbw_bridge) by extension 'ignore_ament_install'
[0.262s] Level 1:colcon.colcon_core.package_identification:_identify(src/abaja_dbw_bridge) by extensions ['colcon_pkg']
[0.262s] Level 1:colcon.colcon_core.package_identification:_identify(src/abaja_dbw_bridge) by extension 'colcon_pkg'
[0.262s] Level 1:colcon.colcon_core.package_identification:_identify(src/abaja_dbw_bridge) by extensions ['colcon_meta']
[0.262s] Level 1:colcon.colcon_core.package_identification:_identify(src/abaja_dbw_bridge) by extension 'colcon_meta'
[0.262s] Level 1:colcon.colcon_core.package_identification:_identify(src/abaja_dbw_bridge) by extensions ['ros']
[0.262s] Level 1:colcon.colcon_core.package_identification:_identify(src/abaja_dbw_bridge) by extension 'ros'
[0.262s] DEBUG:colcon.colcon_core.package_identification:Package 'src/abaja_dbw_bridge' with type 'ros.ament_python' and name 'abaja_dbw_bridge'
[0.262s] Level 1:colcon.colcon_core.package_identification:_identify(src/abaja_description) by extensions ['ignore', 'ignore_ament_install']
[0.262s] Level 1:colcon.colcon_core.package_identification:_identify(src/abaja_description) by extension 'ignore'
[0.262s] Level 1:colcon.colcon_core.package_identification:_identify(src/abaja_description) by extension 'ignore_ament_install'
[0.262s] Level 1:colcon.colcon_core.package_identification:_identify(src/abaja_description) by extensions ['colcon_pkg']
[0.262s] Level 1:colcon.colcon_core.package_identification:_identify(src/abaja_description) by extension 'colcon_pkg'
[0.262s] Level 1:colcon.colcon_core.package_identification:_identify(src/abaja_description) by extensions ['colcon_meta']
[0.262s] Level 1:colcon.colcon_core.package_identification:_identify(src/abaja_description) by extension 'colcon_meta'
[0.262s] Level 1:colcon.colcon_core.package_identification:_identify(src/abaja_description) by extensions ['ros']
[0.262s] Level 1:colcon.colcon_core.package_identification:_identify(src/abaja_description) by extension 'ros'
[0.263s] DEBUG:colcon.colcon_core.package_identification:Package 'src/abaja_description' with type 'ros.ament_cmake' and name 'abaja_description'
[0.263s] Level 1:colcon.colcon_core.package_identification:_identify(src/abaja_interfaces) by extensions ['ignore', 'ignore_ament_install']
[0.263s] Level 1:colcon.colcon_core.package_identification:_identify(src/abaja_interfaces) by extension 'ignore'
[0.263s] Level 1:colcon.colcon_core.package_identification:_identify(src/abaja_interfaces) by extension 'ignore_ament_install'
[0.263s] Level 1:colcon.colcon_core.package_identification:_identify(src/abaja_interfaces) by extensions ['colcon_pkg']
[0.263s] Level 1:colcon.colcon_core.package_identification:_identify(src/abaja_interfaces) by extension 'colcon_pkg'
[0.263s] Level 1:colcon.colcon_core.package_identification:_identify(src/abaja_interfaces) by extensions ['colcon_meta']
[0.263s] Level 1:colcon.colcon_core.package_identification:_identify(src/abaja_interfaces) by extension 'colcon_meta'
[0.263s] Level 1:colcon.colcon_core.package_identification:_identify(src/abaja_interfaces) by extensions ['ros']
[0.263s] Level 1:colcon.colcon_core.package_identification:_identify(src/abaja_interfaces) by extension 'ros'
[0.264s] DEBUG:colcon.colcon_core.package_identification:Package 'src/abaja_interfaces' with type 'ros.ament_cmake' and name 'abaja_interfaces'
[0.264s] Level 1:colcon.colcon_core.package_identification:_identify(src/abaja_lane_detection) by extensions ['ignore', 'ignore_ament_install']
[0.264s] Level 1:colcon.colcon_core.package_identification:_identify(src/abaja_lane_detection) by extension 'ignore'
[0.264s] Level 1:colcon.colcon_core.package_identification:_identify(src/abaja_lane_detection) by extension 'ignore_ament_install'
[0.264s] Level 1:colcon.colcon_core.package_identification:_identify(src/abaja_lane_detection) by extensions ['colcon_pkg']
[0.264s] Level 1:colcon.colcon_core.package_identification:_identify(src/abaja_lane_detection) by extension 'colcon_pkg'
[0.264s] Level 1:colcon.colcon_core.package_identification:_identify(src/abaja_lane_detection) by extensions ['colcon_meta']
[0.264s] Level 1:colcon.colcon_core.package_identification:_identify(src/abaja_lane_detection) by extension 'colcon_meta'
[0.264s] Level 1:colcon.colcon_core.package_identification:_identify(src/abaja_lane_detection) by extensions ['ros']
[0.264s] Level 1:colcon.colcon_core.package_identification:_identify(src/abaja_lane_detection) by extension 'ros'
[0.265s] DEBUG:colcon.colcon_core.package_identification:Package 'src/abaja_lane_detection' with type 'ros.ament_python' and name 'abaja_lane_detection'
[0.265s] Level 1:colcon.colcon_core.package_identification:_identify(src/abaja_logging) by extensions ['ignore', 'ignore_ament_install']
[0.265s] Level 1:colcon.colcon_core.package_identification:_identify(src/abaja_logging) by extension 'ignore'
[0.265s] Level 1:colcon.colcon_core.package_identification:_identify(src/abaja_logging) by extension 'ignore_ament_install'
[0.265s] Level 1:colcon.colcon_core.package_identification:_identify(src/abaja_logging) by extensions ['colcon_pkg']
[0.265s] Level 1:colcon.colcon_core.package_identification:_identify(src/abaja_logging) by extension 'colcon_pkg'
[0.265s] Level 1:colcon.colcon_core.package_identification:_identify(src/abaja_logging) by extensions ['colcon_meta']
[0.265s] Level 1:colcon.colcon_core.package_identification:_identify(src/abaja_logging) by extension 'colcon_meta'
[0.265s] Level 1:colcon.colcon_core.package_identification:_identify(src/abaja_logging) by extensions ['ros']
[0.265s] Level 1:colcon.colcon_core.package_identification:_identify(src/abaja_logging) by extension 'ros'
[0.265s] DEBUG:colcon.colcon_core.package_identification:Package 'src/abaja_logging' with type 'ros.ament_python' and name 'abaja_logging'
[0.265s] Level 1:colcon.colcon_core.package_identification:_identify(src/abaja_perception) by extensions ['ignore', 'ignore_ament_install']
[0.265s] Level 1:colcon.colcon_core.package_identification:_identify(src/abaja_perception) by extension 'ignore'
[0.265s] Level 1:colcon.colcon_core.package_identification:_identify(src/abaja_perception) by extension 'ignore_ament_install'
[0.265s] Level 1:colcon.colcon_core.package_identification:_identify(src/abaja_perception) by extensions ['colcon_pkg']
[0.265s] Level 1:colcon.colcon_core.package_identification:_identify(src/abaja_perception) by extension 'colcon_pkg'
[0.266s] Level 1:colcon.colcon_core.package_identification:_identify(src/abaja_perception) by extensions ['colcon_meta']
[0.266s] Level 1:colcon.colcon_core.package_identification:_identify(src/abaja_perception) by extension 'colcon_meta'
[0.266s] Level 1:colcon.colcon_core.package_identification:_identify(src/abaja_perception) by extensions ['ros']
[0.266s] Level 1:colcon.colcon_core.package_identification:_identify(src/abaja_perception) by extension 'ros'
[0.266s] DEBUG:colcon.colcon_core.package_identification:Package 'src/abaja_perception' with type 'ros.ament_python' and name 'abaja_perception'
[0.266s] Level 1:colcon.colcon_core.package_identification:_identify(src/abaja_planning) by extensions ['ignore', 'ignore_ament_install']
[0.266s] Level 1:colcon.colcon_core.package_identification:_identify(src/abaja_planning) by extension 'ignore'
[0.266s] Level 1:colcon.colcon_core.package_identification:_identify(src/abaja_planning) by extension 'ignore_ament_install'
[0.266s] Level 1:colcon.colcon_core.package_identification:_identify(src/abaja_planning) by extensions ['colcon_pkg']
[0.266s] Level 1:colcon.colcon_core.package_identification:_identify(src/abaja_planning) by extension 'colcon_pkg'
[0.266s] Level 1:colcon.colcon_core.package_identification:_identify(src/abaja_planning) by extensions ['colcon_meta']
[0.266s] Level 1:colcon.colcon_core.package_identification:_identify(src/abaja_planning) by extension 'colcon_meta'
[0.266s] Level 1:colcon.colcon_core.package_identification:_identify(src/abaja_planning) by extensions ['ros']
[0.266s] Level 1:colcon.colcon_core.package_identification:_identify(src/abaja_planning) by extension 'ros'
[0.267s] DEBUG:colcon.colcon_core.package_identification:Package 'src/abaja_planning' with type 'ros.ament_python' and name 'abaja_planning'
[0.267s] Level 1:colcon.colcon_core.package_identification:_identify(src/abaja_safety) by extensions ['ignore', 'ignore_ament_install']
[0.267s] Level 1:colcon.colcon_core.package_identification:_identify(src/abaja_safety) by extension 'ignore'
[0.267s] Level 1:colcon.colcon_core.package_identification:_identify(src/abaja_safety) by extension 'ignore_ament_install'
[0.267s] Level 1:colcon.colcon_core.package_identification:_identify(src/abaja_safety) by extensions ['colcon_pkg']
[0.267s] Level 1:colcon.colcon_core.package_identification:_identify(src/abaja_safety) by extension 'colcon_pkg'
[0.267s] Level 1:colcon.colcon_core.package_identification:_identify(src/abaja_safety) by extensions ['colcon_meta']
[0.267s] Level 1:colcon.colcon_core.package_identification:_identify(src/abaja_safety) by extension 'colcon_meta'
[0.267s] Level 1:colcon.colcon_core.package_identification:_identify(src/abaja_safety) by extensions ['ros']
[0.267s] Level 1:colcon.colcon_core.package_identification:_identify(src/abaja_safety) by extension 'ros'
[0.268s] DEBUG:colcon.colcon_core.package_identification:Package 'src/abaja_safety' with type 'ros.ament_python' and name 'abaja_safety'
[0.268s] Level 1:colcon.colcon_core.package_identification:_identify(src/abaja_teleop) by extensions ['ignore', 'ignore_ament_install']
[0.268s] Level 1:colcon.colcon_core.package_identification:_identify(src/abaja_teleop) by extension 'ignore'
[0.268s] Level 1:colcon.colcon_core.package_identification:_identify(src/abaja_teleop) by extension 'ignore_ament_install'
[0.268s] Level 1:colcon.colcon_core.package_identification:_identify(src/abaja_teleop) by extensions ['colcon_pkg']
[0.268s] Level 1:colcon.colcon_core.package_identification:_identify(src/abaja_teleop) by extension 'colcon_pkg'
[0.268s] Level 1:colcon.colcon_core.package_identification:_identify(src/abaja_teleop) by extensions ['colcon_meta']
[0.268s] Level 1:colcon.colcon_core.package_identification:_identify(src/abaja_teleop) by extension 'colcon_meta'
[0.268s] Level 1:colcon.colcon_core.package_identification:_identify(src/abaja_teleop) by extensions ['ros']
[0.268s] Level 1:colcon.colcon_core.package_identification:_identify(src/abaja_teleop) by extension 'ros'
[0.269s] DEBUG:colcon.colcon_core.package_identification:Package 'src/abaja_teleop' with type 'ros.ament_python' and name 'abaja_teleop'
[0.269s] Level 1:colcon.colcon_core.package_identification:_identify(src/abaja_vehicle_state) by extensions ['ignore', 'ignore_ament_install']
[0.269s] Level 1:colcon.colcon_core.package_identification:_identify(src/abaja_vehicle_state) by extension 'ignore'
[0.269s] Level 1:colcon.colcon_core.package_identification:_identify(src/abaja_vehicle_state) by extension 'ignore_ament_install'
[0.269s] Level 1:colcon.colcon_core.package_identification:_identify(src/abaja_vehicle_state) by extensions ['colcon_pkg']
[0.269s] Level 1:colcon.colcon_core.package_identification:_identify(src/abaja_vehicle_state) by extension 'colcon_pkg'
[0.269s] Level 1:colcon.colcon_core.package_identification:_identify(src/abaja_vehicle_state) by extensions ['colcon_meta']
[0.269s] Level 1:colcon.colcon_core.package_identification:_identify(src/abaja_vehicle_state) by extension 'colcon_meta'
[0.269s] Level 1:colcon.colcon_core.package_identification:_identify(src/abaja_vehicle_state) by extensions ['ros']
[0.269s] Level 1:colcon.colcon_core.package_identification:_identify(src/abaja_vehicle_state) by extension 'ros'
[0.269s] DEBUG:colcon.colcon_core.package_identification:Package 'src/abaja_vehicle_state' with type 'ros.ament_python' and name 'abaja_vehicle_state'
[0.270s] Level 1:colcon.colcon_core.package_discovery:discover_packages(recursive) using defaults
[0.270s] Level 1:colcon.colcon_core.package_discovery:discover_packages(ignore) discover
[0.270s] Level 1:colcon.colcon_core.package_discovery:discover_packages(ignore) using defaults
[0.270s] Level 1:colcon.colcon_core.package_discovery:discover_packages(path) discover
[0.270s] Level 1:colcon.colcon_core.package_discovery:discover_packages(path) using defaults
[0.291s] INFO:colcon.colcon_core.package_selection:Skipping not selected package 'abaja_dbw_bridge' in 'src/abaja_dbw_bridge'
[0.291s] INFO:colcon.colcon_core.package_selection:Skipping not selected package 'abaja_planning' in 'src/abaja_planning'
[0.291s] INFO:colcon.colcon_core.package_selection:Skipping not selected package 'abaja_safety' in 'src/abaja_safety'
[0.291s] INFO:colcon.colcon_core.package_selection:Skipping not selected package 'abaja_teleop' in 'src/abaja_teleop'
[0.291s] INFO:colcon.colcon_core.package_selection:Skipping not selected package 'abaja_aeb' in 'src/abaja_aeb'
[0.291s] INFO:colcon.colcon_core.package_selection:Skipping not selected package 'abaja_lane_detection' in 'src/abaja_lane_detection'
[0.291s] INFO:colcon.colcon_core.package_selection:Skipping not selected package 'abaja_logging' in 'src/abaja_logging'
[0.291s] INFO:colcon.colcon_core.package_selection:Skipping not selected package 'abaja_perception' in 'src/abaja_perception'
[0.292s] Level 1:colcon.colcon_core.package_discovery:discover_packages(prefix_path) check parameters
[0.292s] Level 1:colcon.colcon_core.package_discovery:discover_packages(prefix_path) discover
[0.294s] DEBUG:colcon.colcon_installed_package_information.package_discovery:Found 373 installed packages in /opt/ros/jazzy
[0.296s] Level 1:colcon.colcon_core.package_discovery:discover_packages(prefix_path) using defaults
[0.328s] Level 5:colcon.colcon_core.verb:set package 'abaja_description' build argument 'cmake_args' from command line to 'None'
[0.328s] Level 5:colcon.colcon_core.verb:set package 'abaja_description' build argument 'cmake_target' from command line to 'None'
[0.328s] Level 5:colcon.colcon_core.verb:set package 'abaja_description' build argument 'cmake_target_skip_unavailable' from command line to 'False'
[0.328s] Level 5:colcon.colcon_core.verb:set package 'abaja_description' build argument 'cmake_clean_cache' from command line to 'False'
[0.328s] Level 5:colcon.colcon_core.verb:set package 'abaja_description' build argument 'cmake_clean_first' from command line to 'False'
[0.328s] Level 5:colcon.colcon_core.verb:set package 'abaja_description' build argument 'cmake_force_configure' from command line to 'False'
[0.328s] Level 5:colcon.colcon_core.verb:set package 'abaja_description' build argument 'ament_cmake_args' from command line to 'None'
[0.328s] Level 5:colcon.colcon_core.verb:set package 'abaja_description' build argument 'catkin_cmake_args' from command line to 'None'
[0.328s] Level 5:colcon.colcon_core.verb:set package 'abaja_description' build argument 'catkin_skip_building_tests' from command line to 'False'
[0.328s] DEBUG:colcon.colcon_core.verb:Building package 'abaja_description' with the following arguments: {'ament_cmake_args': None, 'build_base': '/home/pavithra/Intelligence_ABAJA-26/ros2_ws/build/abaja_description', 'catkin_cmake_args': None, 'catkin_skip_building_tests': False, 'cmake_args': None, 'cmake_clean_cache': False, 'cmake_clean_first': False, 'cmake_force_configure': False, 'cmake_target': None, 'cmake_target_skip_unavailable': False, 'install_base': '/home/pavithra/Intelligence_ABAJA-26/ros2_ws/install/abaja_description', 'merge_install': False, 'path': '/home/pavithra/Intelligence_ABAJA-26/ros2_ws/src/abaja_description', 'symlink_install': True, 'test_result_base': None}
[0.328s] Level 5:colcon.colcon_core.verb:set package 'abaja_interfaces' build argument 'cmake_args' from command line to 'None'
[0.328s] Level 5:colcon.colcon_core.verb:set package 'abaja_interfaces' build argument 'cmake_target' from command line to 'None'
[0.329s] Level 5:colcon.colcon_core.verb:set package 'abaja_interfaces' build argument 'cmake_target_skip_unavailable' from command line to 'False'
[0.329s] Level 5:colcon.colcon_core.verb:set package 'abaja_interfaces' build argument 'cmake_clean_cache' from command line to 'False'
[0.329s] Level 5:colcon.colcon_core.verb:set package 'abaja_interfaces' build argument 'cmake_clean_first' from command line to 'False'
[0.329s] Level 5:colcon.colcon_core.verb:set package 'abaja_interfaces' build argument 'cmake_force_configure' from command line to 'False'
[0.329s] Level 5:colcon.colcon_core.verb:set package 'abaja_interfaces' build argument 'ament_cmake_args' from command line to 'None'
[0.329s] Level 5:colcon.colcon_core.verb:set package 'abaja_interfaces' build argument 'catkin_cmake_args' from command line to 'None'
[0.329s] Level 5:colcon.colcon_core.verb:set package 'abaja_interfaces' build argument 'catkin_skip_building_tests' from command line to 'False'
[0.329s] DEBUG:colcon.colcon_core.verb:Building package 'abaja_interfaces' with the following arguments: {'ament_cmake_args': None, 'build_base': '/home/pavithra/Intelligence_ABAJA-26/ros2_ws/build/abaja_interfaces', 'catkin_cmake_args': None, 'catkin_skip_building_tests': False, 'cmake_args': None, 'cmake_clean_cache': False, 'cmake_clean_first': False, 'cmake_force_configure': False, 'cmake_target': None, 'cmake_target_skip_unavailable': False, 'install_base': '/home/pavithra/Intelligence_ABAJA-26/ros2_ws/install/abaja_interfaces', 'merge_install': False, 'path': '/home/pavithra/Intelligence_ABAJA-26/ros2_ws/src/abaja_interfaces', 'symlink_install': True, 'test_result_base': None}
[0.329s] Level 5:colcon.colcon_core.verb:set package 'abaja_bringup' build argument 'cmake_args' from command line to 'None'
[0.329s] Level 5:colcon.colcon_core.verb:set package 'abaja_bringup' build argument 'cmake_target' from command line to 'None'
[0.329s] Level 5:colcon.colcon_core.verb:set package 'abaja_bringup' build argument 'cmake_target_skip_unavailable' from command line to 'False'
[0.329s] Level 5:colcon.colcon_core.verb:set package 'abaja_bringup' build argument 'cmake_clean_cache' from command line to 'False'
[0.329s] Level 5:colcon.colcon_core.verb:set package 'abaja_bringup' build argument 'cmake_clean_first' from command line to 'False'
[0.329s] Level 5:colcon.colcon_core.verb:set package 'abaja_bringup' build argument 'cmake_force_configure' from command line to 'False'
[0.329s] Level 5:colcon.colcon_core.verb:set package 'abaja_bringup' build argument 'ament_cmake_args' from command line to 'None'
[0.329s] Level 5:colcon.colcon_core.verb:set package 'abaja_bringup' build argument 'catkin_cmake_args' from command line to 'None'
[0.329s] Level 5:colcon.colcon_core.verb:set package 'abaja_bringup' build argument 'catkin_skip_building_tests' from command line to 'False'
[0.329s] DEBUG:colcon.colcon_core.verb:Building package 'abaja_bringup' with the following arguments: {'ament_cmake_args': None, 'build_base': '/home/pavithra/Intelligence_ABAJA-26/ros2_ws/build/abaja_bringup', 'catkin_cmake_args': None, 'catkin_skip_building_tests': False, 'cmake_args': None, 'cmake_clean_cache': False, 'cmake_clean_first': False, 'cmake_force_configure': False, 'cmake_target': None, 'cmake_target_skip_unavailable': False, 'install_base': '/home/pavithra/Intelligence_ABAJA-26/ros2_ws/install/abaja_bringup', 'merge_install': False, 'path': '/home/pavithra/Intelligence_ABAJA-26/ros2_ws/src/abaja_bringup', 'symlink_install': True, 'test_result_base': None}
[0.329s] Level 5:colcon.colcon_core.verb:set package 'abaja_control' build argument 'cmake_args' from command line to 'None'
[0.329s] Level 5:colcon.colcon_core.verb:set package 'abaja_control' build argument 'cmake_target' from command line to 'None'
[0.329s] Level 5:colcon.colcon_core.verb:set package 'abaja_control' build argument 'cmake_target_skip_unavailable' from command line to 'False'
[0.329s] Level 5:colcon.colcon_core.verb:set package 'abaja_control' build argument 'cmake_clean_cache' from command line to 'False'
[0.329s] Level 5:colcon.colcon_core.verb:set package 'abaja_control' build argument 'cmake_clean_first' from command line to 'False'
[0.329s] Level 5:colcon.colcon_core.verb:set package 'abaja_control' build argument 'cmake_force_configure' from command line to 'False'
[0.329s] Level 5:colcon.colcon_core.verb:set package 'abaja_control' build argument 'ament_cmake_args' from command line to 'None'
[0.329s] Level 5:colcon.colcon_core.verb:set package 'abaja_control' build argument 'catkin_cmake_args' from command line to 'None'
[0.329s] Level 5:colcon.colcon_core.verb:set package 'abaja_control' build argument 'catkin_skip_building_tests' from command line to 'False'
[0.329s] DEBUG:colcon.colcon_core.verb:Building package 'abaja_control' with the following arguments: {'ament_cmake_args': None, 'build_base': '/home/pavithra/Intelligence_ABAJA-26/ros2_ws/build/abaja_control', 'catkin_cmake_args': None, 'catkin_skip_building_tests': False, 'cmake_args': None, 'cmake_clean_cache': False, 'cmake_clean_first': False, 'cmake_force_configure': False, 'cmake_target': None, 'cmake_target_skip_unavailable': False, 'install_base': '/home/pavithra/Intelligence_ABAJA-26/ros2_ws/install/abaja_control', 'merge_install': False, 'path': '/home/pavithra/Intelligence_ABAJA-26/ros2_ws/src/abaja_control', 'symlink_install': True, 'test_result_base': None}
[0.329s] Level 5:colcon.colcon_core.verb:set package 'abaja_dbw' build argument 'cmake_args' from command line to 'None'
[0.329s] Level 5:colcon.colcon_core.verb:set package 'abaja_dbw' build argument 'cmake_target' from command line to 'None'
[0.329s] Level 5:colcon.colcon_core.verb:set package 'abaja_dbw' build argument 'cmake_target_skip_unavailable' from command line to 'False'
[0.329s] Level 5:colcon.colcon_core.verb:set package 'abaja_dbw' build argument 'cmake_clean_cache' from command line to 'False'
[0.329s] Level 5:colcon.colcon_core.verb:set package 'abaja_dbw' build argument 'cmake_clean_first' from command line to 'False'
[0.329s] Level 5:colcon.colcon_core.verb:set package 'abaja_dbw' build argument 'cmake_force_configure' from command line to 'False'
[0.329s] Level 5:colcon.colcon_core.verb:set package 'abaja_dbw' build argument 'ament_cmake_args' from command line to 'None'
[0.329s] Level 5:colcon.colcon_core.verb:set package 'abaja_dbw' build argument 'catkin_cmake_args' from command line to 'None'
[0.329s] Level 5:colcon.colcon_core.verb:set package 'abaja_dbw' build argument 'catkin_skip_building_tests' from command line to 'False'
[0.329s] DEBUG:colcon.colcon_core.verb:Building package 'abaja_dbw' with the following arguments: {'ament_cmake_args': None, 'build_base': '/home/pavithra/Intelligence_ABAJA-26/ros2_ws/build/abaja_dbw', 'catkin_cmake_args': None, 'catkin_skip_building_tests': False, 'cmake_args': None, 'cmake_clean_cache': False, 'cmake_clean_first': False, 'cmake_force_configure': False, 'cmake_target': None, 'cmake_target_skip_unavailable': False, 'install_base': '/home/pavithra/Intelligence_ABAJA-26/ros2_ws/install/abaja_dbw', 'merge_install': False, 'path': '/home/pavithra/Intelligence_ABAJA-26/ros2_ws/src/abaja_dbw', 'symlink_install': True, 'test_result_base': None}
[0.330s] Level 5:colcon.colcon_core.verb:set package 'abaja_vehicle_state' build argument 'cmake_args' from command line to 'None'
[0.330s] Level 5:colcon.colcon_core.verb:set package 'abaja_vehicle_state' build argument 'cmake_target' from command line to 'None'
[0.330s] Level 5:colcon.colcon_core.verb:set package 'abaja_vehicle_state' build argument 'cmake_target_skip_unavailable' from command line to 'False'
[0.330s] Level 5:colcon.colcon_core.verb:set package 'abaja_vehicle_state' build argument 'cmake_clean_cache' from command line to 'False'
[0.330s] Level 5:colcon.colcon_core.verb:set package 'abaja_vehicle_state' build argument 'cmake_clean_first' from command line to 'False'
[0.330s] Level 5:colcon.colcon_core.verb:set package 'abaja_vehicle_state' build argument 'cmake_force_configure' from command line to 'False'
[0.330s] Level 5:colcon.colcon_core.verb:set package 'abaja_vehicle_state' build argument 'ament_cmake_args' from command line to 'None'
[0.330s] Level 5:colcon.colcon_core.verb:set package 'abaja_vehicle_state' build argument 'catkin_cmake_args' from command line to 'None'
[0.330s] Level 5:colcon.colcon_core.verb:set package 'abaja_vehicle_state' build argument 'catkin_skip_building_tests' from command line to 'False'
[0.330s] DEBUG:colcon.colcon_core.verb:Building package 'abaja_vehicle_state' with the following arguments: {'ament_cmake_args': None, 'build_base': '/home/pavithra/Intelligence_ABAJA-26/ros2_ws/build/abaja_vehicle_state', 'catkin_cmake_args': None, 'catkin_skip_building_tests': False, 'cmake_args': None, 'cmake_clean_cache': False, 'cmake_clean_first': False, 'cmake_force_configure': False, 'cmake_target': None, 'cmake_target_skip_unavailable': False, 'install_base': '/home/pavithra/Intelligence_ABAJA-26/ros2_ws/install/abaja_vehicle_state', 'merge_install': False, 'path': '/home/pavithra/Intelligence_ABAJA-26/ros2_ws/src/abaja_vehicle_state', 'symlink_install': True, 'test_result_base': None}
[0.330s] INFO:colcon.colcon_core.executor:Executing jobs using 'parallel' executor
[0.331s] DEBUG:colcon.colcon_parallel_executor.executor.parallel:run_until_complete
[0.331s] INFO:colcon.colcon_ros.task.ament_cmake.build:Building ROS package in '/home/pavithra/Intelligence_ABAJA-26/ros2_ws/src/abaja_interfaces' with build type 'ament_cmake'
[0.331s] INFO:colcon.colcon_cmake.task.cmake.build:Building CMake package in '/home/pavithra/Intelligence_ABAJA-26/ros2_ws/src/abaja_interfaces'
[0.335s] INFO:colcon.colcon_core.plugin_system:Skipping extension 'colcon_core.shell.bat': Not used on non-Windows systems
[0.335s] INFO:colcon.colcon_core.shell:Skip shell extension 'powershell' for command environment: Not usable outside of PowerShell
[0.335s] DEBUG:colcon.colcon_core.shell:Skip shell extension 'dsv' for command environment
[0.340s] INFO:colcon.colcon_ros.task.ament_cmake.build:Building ROS package in '/home/pavithra/Intelligence_ABAJA-26/ros2_ws/src/abaja_description' with build type 'ament_cmake'
[0.340s] INFO:colcon.colcon_cmake.task.cmake.build:Building CMake package in '/home/pavithra/Intelligence_ABAJA-26/ros2_ws/src/abaja_description'
[0.340s] INFO:colcon.colcon_core.shell:Skip shell extension 'powershell' for command environment: Not usable outside of PowerShell
[0.340s] DEBUG:colcon.colcon_core.shell:Skip shell extension 'dsv' for command environment
[0.348s] DEBUG:colcon.colcon_core.event_handler.log_command:Invoking command in '/home/pavithra/Intelligence_ABAJA-26/ros2_ws/build/abaja_interfaces': CMAKE_PREFIX_PATH=${CMAKE_PREFIX_PATH}:/opt/ros/jazzy DEBUGINFOD_URLS=https://debuginfod.ubuntu.com /usr/bin/cmake --build /home/pavithra/Intelligence_ABAJA-26/ros2_ws/build/abaja_interfaces -- -j12 -l12
[0.354s] DEBUG:colcon.colcon_core.event_handler.log_command:Invoking command in '/home/pavithra/Intelligence_ABAJA-26/ros2_ws/build/abaja_description': CMAKE_PREFIX_PATH=${CMAKE_PREFIX_PATH}:/opt/ros/jazzy DEBUGINFOD_URLS=https://debuginfod.ubuntu.com /usr/bin/cmake --build /home/pavithra/Intelligence_ABAJA-26/ros2_ws/build/abaja_description -- -j12 -l12
[0.399s] DEBUG:colcon.colcon_core.event_handler.log_command:Invoked command in '/home/pavithra/Intelligence_ABAJA-26/ros2_ws/build/abaja_description' returned '2': CMAKE_PREFIX_PATH=${CMAKE_PREFIX_PATH}:/opt/ros/jazzy DEBUGINFOD_URLS=https://debuginfod.ubuntu.com /usr/bin/cmake --build /home/pavithra/Intelligence_ABAJA-26/ros2_ws/build/abaja_description -- -j12 -l12
[0.400s] Level 1:colcon.colcon_core.environment:create_environment_scripts_only(abaja_description)
[0.402s] Level 1:colcon.colcon_core.environment:checking '/home/pavithra/Intelligence_ABAJA-26/ros2_ws/install/abaja_description' for CMake module files
[0.403s] Level 1:colcon.colcon_core.environment:checking '/home/pavithra/Intelligence_ABAJA-26/ros2_ws/install/abaja_description' for CMake config files
[0.403s] Level 1:colcon.colcon_core.shell:create_environment_hook('abaja_description', 'cmake_prefix_path')
[0.403s] INFO:colcon.colcon_core.shell:Creating environment hook '/home/pavithra/Intelligence_ABAJA-26/ros2_ws/install/abaja_description/share/abaja_description/hook/cmake_prefix_path.ps1'
[0.404s] INFO:colcon.colcon_core.shell:Creating environment descriptor '/home/pavithra/Intelligence_ABAJA-26/ros2_ws/install/abaja_description/share/abaja_description/hook/cmake_prefix_path.dsv'
[0.404s] INFO:colcon.colcon_core.shell:Creating environment hook '/home/pavithra/Intelligence_ABAJA-26/ros2_ws/install/abaja_description/share/abaja_description/hook/cmake_prefix_path.sh'
[0.405s] Level 1:colcon.colcon_core.environment:checking '/home/pavithra/Intelligence_ABAJA-26/ros2_ws/install/abaja_description/bin'
[0.405s] Level 1:colcon.colcon_core.environment:checking '/home/pavithra/Intelligence_ABAJA-26/ros2_ws/install/abaja_description/lib/pkgconfig/abaja_description.pc'
[0.405s] Level 1:colcon.colcon_core.environment:checking '/home/pavithra/Intelligence_ABAJA-26/ros2_ws/install/abaja_description/lib/python3.12/site-packages'
[0.406s] Level 1:colcon.colcon_core.environment:checking '/home/pavithra/Intelligence_ABAJA-26/ros2_ws/install/abaja_description/bin'
[0.406s] INFO:colcon.colcon_core.shell:Creating package script '/home/pavithra/Intelligence_ABAJA-26/ros2_ws/install/abaja_description/share/abaja_description/package.ps1'
[0.407s] INFO:colcon.colcon_core.shell:Creating package descriptor '/home/pavithra/Intelligence_ABAJA-26/ros2_ws/install/abaja_description/share/abaja_description/package.dsv'
[0.409s] INFO:colcon.colcon_core.shell:Creating package script '/home/pavithra/Intelligence_ABAJA-26/ros2_ws/install/abaja_description/share/abaja_description/package.sh'
[0.410s] INFO:colcon.colcon_core.shell:Creating package script '/home/pavithra/Intelligence_ABAJA-26/ros2_ws/install/abaja_description/share/abaja_description/package.bash'
[0.411s] INFO:colcon.colcon_core.shell:Creating package script '/home/pavithra/Intelligence_ABAJA-26/ros2_ws/install/abaja_description/share/abaja_description/package.zsh'
[0.412s] Level 1:colcon.colcon_core.environment:create_file_with_runtime_dependencies(/home/pavithra/Intelligence_ABAJA-26/ros2_ws/install/abaja_description/share/colcon-core/packages/abaja_description)
[0.423s] DEBUG:colcon.colcon_parallel_executor.executor.parallel:closing loop
[0.424s] DEBUG:colcon.colcon_parallel_executor.executor.parallel:loop closed
[0.424s] DEBUG:colcon.colcon_parallel_executor.executor.parallel:run_until_complete finished with '2'
[0.424s] DEBUG:colcon.colcon_core.event_reactor:joining thread
[0.432s] INFO:colcon.colcon_core.plugin_system:Skipping extension 'colcon_notification.desktop_notification.terminal_notifier': Not used on non-Darwin systems
[0.433s] INFO:colcon.colcon_core.plugin_system:Skipping extension 'colcon_notification.desktop_notification.win32': Not used on non-Windows systems
[0.433s] INFO:colcon.colcon_notification.desktop_notification:Sending desktop notification using 'notify2'
[0.461s] DEBUG:colcon.colcon_core.event_reactor:joined thread
[0.461s] INFO:colcon.colcon_core.shell:Creating prefix script '/home/pavithra/Intelligence_ABAJA-26/ros2_ws/install/local_setup.ps1'
[0.462s] INFO:colcon.colcon_core.shell:Creating prefix util module '/home/pavithra/Intelligence_ABAJA-26/ros2_ws/install/_local_setup_util_ps1.py'
[0.464s] INFO:colcon.colcon_core.shell:Creating prefix chain script '/home/pavithra/Intelligence_ABAJA-26/ros2_ws/install/setup.ps1'
[0.465s] INFO:colcon.colcon_core.shell:Creating prefix script '/home/pavithra/Intelligence_ABAJA-26/ros2_ws/install/local_setup.sh'
[0.466s] INFO:colcon.colcon_core.shell:Creating prefix util module '/home/pavithra/Intelligence_ABAJA-26/ros2_ws/install/_local_setup_util_sh.py'
[0.467s] INFO:colcon.colcon_core.shell:Creating prefix chain script '/home/pavithra/Intelligence_ABAJA-26/ros2_ws/install/setup.sh'
[0.469s] INFO:colcon.colcon_core.shell:Creating prefix script '/home/pavithra/Intelligence_ABAJA-26/ros2_ws/install/local_setup.bash'
[0.470s] INFO:colcon.colcon_core.shell:Creating prefix chain script '/home/pavithra/Intelligence_ABAJA-26/ros2_ws/install/setup.bash'
[0.471s] INFO:colcon.colcon_core.shell:Creating prefix script '/home/pavithra/Intelligence_ABAJA-26/ros2_ws/install/local_setup.zsh'
[0.472s] INFO:colcon.colcon_core.shell:Creating prefix chain script '/home/pavithra/Intelligence_ABAJA-26/ros2_ws/install/setup.zsh'
